2023-07-22 12:13:56.923 INFO  org.hibernate.validator.internal.util.Version     :21   [32m                  [0;39m HV000001: Hibernate Validator 8.0.0.Final
2023-07-22 12:13:57.076 INFO  com.jktickets.BatchApplication                    :51   [32m                  [0;39m Starting BatchApplication using Java 17.0.3 with PID 11504 (D:\Project\java\jk-tickets\batch-service\target\classes started by Administrator in D:\Project\java\jk-tickets)
2023-07-22 12:13:57.080 INFO  com.jktickets.BatchApplication                    :630  [32m                  [0;39m No active profile set, falling back to 1 default profile: "default"
2023-07-22 12:13:57.159 INFO  o.s.b.d.env.DevToolsPropertyDefaultsPostProcessor :250  [32m                  [0;39m Devtools property defaults active! Set 'spring.devtools.add-properties' to 'false' to disable
2023-07-22 12:13:57.160 INFO  o.s.b.d.env.DevToolsPropertyDefaultsPostProcessor :250  [32m                  [0;39m For additional web related logging consider setting the 'logging.level.web' property to 'DEBUG'
2023-07-22 12:13:58.458 WARN  org.mybatis.spring.mapper.ClassPathMapperScanner  :44   [32m                  [0;39m No MyBatis mapper was found in '[com.jktickets]' package. Please check your configuration.
2023-07-22 12:13:58.583 INFO  o.springframework.cloud.context.scope.GenericScope:282  [32m                  [0;39m BeanFactory id=1bedfdc6-bc76-3cfc-ba1b-14b17af324d7
2023-07-22 12:13:59.775 INFO  o.s.boot.web.embedded.tomcat.TomcatWebServer      :114  [32m                  [0;39m Tomcat initialized with port(s): 8003 (http)
2023-07-22 12:13:59.790 INFO  org.apache.coyote.http11.Http11NioProtocol        :173  [32m                  [0;39m Initializing ProtocolHandler ["http-nio-8003"]
2023-07-22 12:13:59.791 INFO  org.apache.catalina.core.StandardService          :173  [32m                  [0;39m Starting service [Tomcat]
2023-07-22 12:13:59.792 INFO  org.apache.catalina.core.StandardEngine           :173  [32m                  [0;39m Starting Servlet engine: [Apache Tomcat/10.1.1]
2023-07-22 12:13:59.873 INFO  o.a.c.c.C.[Tomcat].[localhost].[/batch]           :173  [32m                  [0;39m Initializing Spring embedded WebApplicationContext
2023-07-22 12:13:59.874 INFO  o.s.b.w.s.c.ServletWebServerApplicationContext    :291  [32m                  [0;39m Root WebApplicationContext: initialization completed in 2713 ms
2023-07-22 12:14:00.144 INFO  org.quartz.impl.StdSchedulerFactory               :1220 [32m                  [0;39m Using default implementation for ThreadExecutor
2023-07-22 12:14:00.158 INFO  org.quartz.core.SchedulerSignalerImpl             :61   [32m                  [0;39m Initialized Scheduler Signaller of type: class org.quartz.core.SchedulerSignalerImpl
2023-07-22 12:14:00.158 INFO  org.quartz.core.QuartzScheduler                   :229  [32m                  [0;39m Quartz Scheduler v.2.3.2 created.
2023-07-22 12:14:00.171 INFO  com.zaxxer.hikari.HikariDataSource                :110  [32m                  [0;39m HikariPool-1 - Starting...
2023-07-22 12:14:00.640 INFO  com.zaxxer.hikari.pool.HikariPool                 :565  [32m                  [0;39m HikariPool-1 - Added connection com.mysql.cj.jdbc.ConnectionImpl@3e53cbfd
2023-07-22 12:14:00.643 INFO  com.zaxxer.hikari.HikariDataSource                :123  [32m                  [0;39m HikariPool-1 - Start completed.
2023-07-22 12:14:00.656 INFO  o.s.scheduling.quartz.LocalDataSourceJobStore     :672  [32m                  [0;39m Using db table-based data access locking (synchronization).
2023-07-22 12:14:00.659 INFO  o.s.scheduling.quartz.LocalDataSourceJobStore     :145  [32m                  [0;39m JobStoreCMT initialized.
2023-07-22 12:14:00.661 INFO  org.quartz.core.QuartzScheduler                   :294  [32m                  [0;39m Scheduler meta-data: Quartz Scheduler (v2.3.2) 'schedulerFactoryBean' with instanceId 'NON_CLUSTERED'
  Scheduler class: 'org.quartz.core.QuartzScheduler' - running locally.
  NOT STARTED.
  Currently in standby mode.
  Number of jobs executed: 0
  Using thread pool 'org.quartz.simpl.SimpleThreadPool' - with 10 threads.
  Using job-store 'org.springframework.scheduling.quartz.LocalDataSourceJobStore' - which supports persistence. and is not clustered.

2023-07-22 12:14:00.661 INFO  org.quartz.impl.StdSchedulerFactory               :1374 [32m                  [0;39m Quartz scheduler 'schedulerFactoryBean' initialized from an externally provided properties instance.
2023-07-22 12:14:00.662 INFO  org.quartz.impl.StdSchedulerFactory               :1378 [32m                  [0;39m Quartz scheduler version: 2.3.2
2023-07-22 12:14:00.662 INFO  org.quartz.core.QuartzScheduler                   :2293 [32m                  [0;39m JobFactory set to: com.jktickets.job.sql.MyJobFactory@5befe2de
2023-07-22 12:14:00.997 WARN  o.s.b.d.autoconfigure.OptionalLiveReloadServer    :62   [32m                  [0;39m Unable to start LiveReload server
2023-07-22 12:14:01.793 WARN  o.s.core.LocalVariableTableParameterNameDiscoverer:123  [32m                  [0;39m Using deprecated '-debug' fallback for parameter name resolution. Compile the affected code with '-parameters' instead or avoid its introspection: com.github.pagehelper.autoconfigure.PageHelperStandardProperties
2023-07-22 12:14:02.601 WARN  o.s.c.l.c.LoadBalancerCacheAutoConfiguration$LoadBalancerCaffeineWarnLogger:81   [32m                  [0;39m Spring Cloud LoadBalancer is currently working with the default cache. While this cache implementation is useful for development and tests, it's recommended to use Caffeine cache in production.You can switch to using Caffeine cache, by adding it and org.springframework.cache.caffeine.CaffeineCacheManager to the classpath.
2023-07-22 12:14:02.674 INFO  org.apache.coyote.http11.Http11NioProtocol        :173  [32m                  [0;39m Starting ProtocolHandler ["http-nio-8003"]
2023-07-22 12:14:02.717 INFO  o.s.boot.web.embedded.tomcat.TomcatWebServer      :226  [32m                  [0;39m Tomcat started on port(s): 8003 (http) with context path '/batch'
2023-07-22 12:14:03.101 INFO  o.s.scheduling.quartz.SchedulerFactoryBean        :734  [32m                  [0;39m Will start Quartz Scheduler [schedulerFactoryBean] in 2 seconds
2023-07-22 12:14:03.112 INFO  com.jktickets.BatchApplication                    :57   [32m                  [0;39m Started BatchApplication in 7.478 seconds (process running for 8.606)
2023-07-22 12:14:03.117 INFO  com.jktickets.BatchApplication                    :26   [32m                  [0;39m 启动成功！！
2023-07-22 12:14:03.117 INFO  com.jktickets.BatchApplication                    :28   [32m                  [0;39m 测试地址: 	http://127.0.0.1:8003/batch/hello
2023-07-22 12:14:05.116 INFO  o.s.scheduling.quartz.SchedulerFactoryBean        :750  [32m                  [0;39m Starting Quartz Scheduler now, after delay of 2 seconds
2023-07-22 12:14:05.241 INFO  o.s.scheduling.quartz.LocalDataSourceJobStore     :866  [32m                  [0;39m Freed 0 triggers from 'acquired' / 'blocked' state.
2023-07-22 12:14:05.277 INFO  o.s.scheduling.quartz.LocalDataSourceJobStore     :876  [32m                  [0;39m Recovering 0 jobs that were in-progress at the time of the last shut-down.
2023-07-22 12:14:05.278 INFO  o.s.scheduling.quartz.LocalDataSourceJobStore     :889  [32m                  [0;39m Recovery complete.
2023-07-22 12:14:05.294 INFO  o.s.scheduling.quartz.LocalDataSourceJobStore     :896  [32m                  [0;39m Removed 0 'complete' triggers.
2023-07-22 12:14:05.311 INFO  o.s.scheduling.quartz.LocalDataSourceJobStore     :901  [32m                  [0;39m Removed 0 stale fired job entries.
2023-07-22 12:14:05.378 INFO  org.quartz.core.QuartzScheduler                   :547  [32m                  [0;39m Scheduler schedulerFactoryBean_$_NON_CLUSTERED started.
2023-07-22 18:27:07.430 WARN  com.zaxxer.hikari.pool.PoolBase                   :179  [32m                  [0;39m HikariPool-1 - Failed to validate connection com.mysql.cj.jdbc.ConnectionImpl@6571f864 (No operations allowed after connection closed.). Possibly consider using a shorter maxLifetime value.
2023-07-22 18:28:06.335 WARN  com.zaxxer.hikari.pool.PoolBase                   :179  [32m                  [0;39m HikariPool-1 - Failed to validate connection com.mysql.cj.jdbc.ConnectionImpl@5972928f (No operations allowed after connection closed.). Possibly consider using a shorter maxLifetime value.
2023-07-22 18:28:10.930 WARN  com.zaxxer.hikari.pool.PoolBase                   :179  [32m                  [0;39m HikariPool-1 - Failed to validate connection com.mysql.cj.jdbc.ConnectionImpl@2da99acd (No operations allowed after connection closed.). Possibly consider using a shorter maxLifetime value.
2023-07-22 18:28:11.348 WARN  com.zaxxer.hikari.pool.PoolBase                   :179  [32m                  [0;39m HikariPool-1 - Failed to validate connection com.mysql.cj.jdbc.ConnectionImpl@461fe1a3 (No operations allowed after connection closed.). Possibly consider using a shorter maxLifetime value.
2023-07-22 18:28:15.932 WARN  com.zaxxer.hikari.pool.PoolBase                   :179  [32m                  [0;39m HikariPool-1 - Failed to validate connection com.mysql.cj.jdbc.ConnectionImpl@2cf87d8a (No operations allowed after connection closed.). Possibly consider using a shorter maxLifetime value.
2023-07-22 18:28:16.354 WARN  com.zaxxer.hikari.pool.PoolBase                   :179  [32m                  [0;39m HikariPool-1 - Failed to validate connection com.mysql.cj.jdbc.ConnectionImpl@22a3ef68 (No operations allowed after connection closed.). Possibly consider using a shorter maxLifetime value.
2023-07-22 18:28:20.934 WARN  com.zaxxer.hikari.pool.PoolBase                   :179  [32m                  [0;39m HikariPool-1 - Failed to validate connection com.mysql.cj.jdbc.ConnectionImpl@2dc69c15 (No operations allowed after connection closed.). Possibly consider using a shorter maxLifetime value.
2023-07-22 18:28:21.356 WARN  com.zaxxer.hikari.pool.PoolBase                   :179  [32m                  [0;39m HikariPool-1 - Failed to validate connection com.mysql.cj.jdbc.ConnectionImpl@6f88f759 (No operations allowed after connection closed.). Possibly consider using a shorter maxLifetime value.
2023-07-22 18:28:25.945 WARN  com.zaxxer.hikari.pool.PoolBase                   :179  [32m                  [0;39m HikariPool-1 - Failed to validate connection com.mysql.cj.jdbc.ConnectionImpl@56b73453 (No operations allowed after connection closed.). Possibly consider using a shorter maxLifetime value.
2023-07-22 18:28:26.360 WARN  com.zaxxer.hikari.pool.PoolBase                   :179  [32m                  [0;39m HikariPool-1 - Failed to validate connection com.mysql.cj.jdbc.ConnectionImpl@3782854a (No operations allowed after connection closed.). Possibly consider using a shorter maxLifetime value.
2023-07-22 18:28:30.958 WARN  com.zaxxer.hikari.pool.PoolBase                   :179  [32m                  [0;39m HikariPool-1 - Failed to validate connection com.mysql.cj.jdbc.ConnectionImpl@37a9a3ba (No operations allowed after connection closed.). Possibly consider using a shorter maxLifetime value.
