2023-07-26 22:51:52.477 INFO  org.hibernate.validator.internal.util.Version     :21   [32m                  [0;39m HV000001: Hibernate Validator 8.0.0.Final
2023-07-26 22:51:52.571 INFO  com.jktickets.MemberApplication                   :51   [32m                  [0;39m Starting MemberApplication using Java 17.0.3 with PID 16388 (D:\Project\java\jk-tickets\member-service\target\classes started by Administrator in D:\Project\java\jk-tickets)
2023-07-26 22:51:52.573 INFO  com.jktickets.MemberApplication                   :630  [32m                  [0;39m No active profile set, falling back to 1 default profile: "default"
2023-07-26 22:51:52.647 INFO  o.s.b.d.env.DevToolsPropertyDefaultsPostProcessor :250  [32m                  [0;39m Devtools property defaults active! Set 'spring.devtools.add-properties' to 'false' to disable
2023-07-26 22:51:52.648 INFO  o.s.b.d.env.DevToolsPropertyDefaultsPostProcessor :250  [32m                  [0;39m For additional web related logging consider setting the 'logging.level.web' property to 'DEBUG'
2023-07-26 22:51:55.172 INFO  o.springframework.cloud.context.scope.GenericScope:282  [32m                  [0;39m BeanFactory id=52ef56ae-ef40-39b4-a425-4bd1c816e46f
2023-07-26 22:52:00.052 INFO  o.s.boot.web.embedded.tomcat.TomcatWebServer      :114  [32m                  [0;39m Tomcat initialized with port(s): 8001 (http)
2023-07-26 22:52:00.134 INFO  org.apache.coyote.http11.Http11NioProtocol        :173  [32m                  [0;39m Initializing ProtocolHandler ["http-nio-8001"]
2023-07-26 22:52:00.136 INFO  org.apache.catalina.core.StandardService          :173  [32m                  [0;39m Starting service [Tomcat]
2023-07-26 22:52:00.136 INFO  org.apache.catalina.core.StandardEngine           :173  [32m                  [0;39m Starting Servlet engine: [Apache Tomcat/10.1.1]
2023-07-26 22:52:00.405 INFO  o.a.c.c.C.[Tomcat].[localhost].[/member]          :173  [32m                  [0;39m Initializing Spring embedded WebApplicationContext
2023-07-26 22:52:00.405 INFO  o.s.b.w.s.c.ServletWebServerApplicationContext    :291  [32m                  [0;39m Root WebApplicationContext: initialization completed in 7756 ms
2023-07-26 22:52:03.294 WARN  o.s.core.LocalVariableTableParameterNameDiscoverer:123  [32m                  [0;39m Using deprecated '-debug' fallback for parameter name resolution. Compile the affected code with '-parameters' instead or avoid its introspection: com.github.pagehelper.autoconfigure.PageHelperStandardProperties
2023-07-26 22:52:03.912 WARN  o.s.b.d.autoconfigure.OptionalLiveReloadServer    :62   [32m                  [0;39m Unable to start LiveReload server
2023-07-26 22:52:04.519 INFO  org.apache.coyote.http11.Http11NioProtocol        :173  [32m                  [0;39m Starting ProtocolHandler ["http-nio-8001"]
2023-07-26 22:52:04.573 INFO  o.s.boot.web.embedded.tomcat.TomcatWebServer      :226  [32m                  [0;39m Tomcat started on port(s): 8001 (http) with context path '/member'
2023-07-26 22:52:05.083 INFO  com.jktickets.MemberApplication                   :57   [32m                  [0;39m Started MemberApplication in 13.799 seconds (process running for 14.968)
2023-07-26 22:52:05.088 INFO  com.jktickets.MemberApplication                   :22   [32m                  [0;39m å¯åŠ¨æˆåŠŸï¼ï¼
2023-07-26 22:52:05.089 INFO  com.jktickets.MemberApplication                   :24   [32m                  [0;39m æµ‹è¯•åœ°å€: 	http://127.0.0.1:8001/member/hello
2023-07-26 22:54:22.118 INFO  o.a.c.c.C.[Tomcat].[localhost].[/member]          :173  [32m                  [0;39m Initializing Spring DispatcherServlet 'dispatcherServlet'
2023-07-26 22:54:22.119 INFO  org.springframework.web.servlet.DispatcherServlet :525  [32m                  [0;39m Initializing Servlet 'dispatcherServlet'
2023-07-26 22:54:22.121 INFO  org.springframework.web.servlet.DispatcherServlet :547  [32m                  [0;39m Completed initialization in 2 ms
2023-07-26 22:54:22.382 INFO  com.jktickets.aspect.LogAspect                    :57   [32m1690383262169681  [0;39m ------------- å¼€å§‹ -------------
2023-07-26 22:54:22.383 INFO  com.jktickets.aspect.LogAspect                    :58   [32m1690383262169681  [0;39m è¯·æ±‚åœ°å€: http://127.0.0.1:8001/member/member/sendCode POST
2023-07-26 22:54:22.384 INFO  com.jktickets.aspect.LogAspect                    :59   [32m1690383262169681  [0;39m ç±»åæ–¹æ³•: com.jktickets.controller.MemberController.sendCode
2023-07-26 22:54:22.385 INFO  com.jktickets.aspect.LogAspect                    :60   [32m1690383262169681  [0;39m è¿œç¨‹åœ°å€: 127.0.0.1
2023-07-26 22:54:22.561 INFO  com.jktickets.aspect.LogAspect                    :82   [32m1690383262169681  [0;39m è¯·æ±‚å‚æ•°: [{"mobile":"13000000000"}]
2023-07-26 22:54:22.563 INFO  com.jktickets.aspect.LogAspect                    :106  [32m1690383262169681  [0;39m æ‰§è¡ŒSQL:  selectByExample | execution(List com.jktickets.mapper.MemberMapper.selectByExample(MemberExample))
2023-07-26 22:54:22.564 INFO  com.jktickets.aspect.LogAspect                    :111  [32m1690383262169681  [0;39m å‚æ•°å€¼: com.jktickets.domain.MemberExample@2561715
2023-07-26 22:54:22.686 INFO  com.zaxxer.hikari.HikariDataSource                :110  [32m1690383262169681  [0;39m HikariPool-1 - Starting...
2023-07-26 22:54:23.006 INFO  com.zaxxer.hikari.pool.HikariPool                 :565  [32m1690383262169681  [0;39m HikariPool-1 - Added connection com.mysql.cj.jdbc.ConnectionImpl@12829733
2023-07-26 22:54:23.009 INFO  com.zaxxer.hikari.HikariDataSource                :123  [32m1690383262169681  [0;39m HikariPool-1 - Start completed.
2023-07-26 22:54:23.116 INFO  com.jktickets.aspect.LogAspect                    :120  [32m1690383262169681  [0;39m SQLæ‰§è¡Œå®Œæˆ: selectByExample | execution(List com.jktickets.mapper.MemberMapper.selectByExample(MemberExample))
2023-07-26 22:54:23.135 INFO  com.jktickets.service.MemberService               :90   [32m1690383262169681  [0;39m æ‰‹æœºå·å­˜åœ¨,ä¸æ’å…¥æ•°æ®
2023-07-26 22:54:23.136 INFO  com.jktickets.service.MemberService               :97   [32m1690383262169681  [0;39m ç”ŸæˆçŸ­ä¿¡éªŒè¯ç :go1b
2023-07-26 22:54:23.136 INFO  com.jktickets.service.MemberService               :100  [32m1690383262169681  [0;39m ä¿å­˜çŸ­ä¿¡è®°å½•è¡¨
2023-07-26 22:54:23.136 INFO  com.jktickets.service.MemberService               :103  [32m1690383262169681  [0;39m å¯¹æ¥çŸ­ä¿¡é€šé“
2023-07-26 22:54:23.141 INFO  com.jktickets.aspect.LogAspect                    :94   [32m1690383262169681  [0;39m è¿”å›ç»“æœ: {"code":0,"message":"","result":"çŸ­ä¿¡å‘é€æˆåŠŸ","success":true}
2023-07-26 22:54:23.141 INFO  com.jktickets.aspect.LogAspect                    :95   [32m1690383262169681  [0;39m ------------- ç»“æŸ è€—æ—¶ï¼š760 ms -------------
2023-07-26 22:54:23.995 INFO  com.jktickets.aspect.LogAspect                    :57   [32m1690383263990k6n  [0;39m ------------- å¼€å§‹ -------------
2023-07-26 22:54:23.995 INFO  com.jktickets.aspect.LogAspect                    :58   [32m1690383263990k6n  [0;39m è¯·æ±‚åœ°å€: http://127.0.0.1:8001/member/member/login POST
2023-07-26 22:54:23.996 INFO  com.jktickets.aspect.LogAspect                    :59   [32m1690383263990k6n  [0;39m ç±»åæ–¹æ³•: com.jktickets.controller.MemberController.sendCode
2023-07-26 22:54:23.996 INFO  com.jktickets.aspect.LogAspect                    :60   [32m1690383263990k6n  [0;39m è¿œç¨‹åœ°å€: 127.0.0.1
2023-07-26 22:54:23.998 INFO  com.jktickets.aspect.LogAspect                    :82   [32m1690383263990k6n  [0;39m è¯·æ±‚å‚æ•°: [{"code":"8888","mobile":"13000000000"}]
2023-07-26 22:54:23.999 INFO  com.jktickets.aspect.LogAspect                    :106  [32m1690383263990k6n  [0;39m æ‰§è¡ŒSQL:  selectByExample | execution(List com.jktickets.mapper.MemberMapper.selectByExample(MemberExample))
2023-07-26 22:54:23.999 INFO  com.jktickets.aspect.LogAspect                    :111  [32m1690383263990k6n  [0;39m å‚æ•°å€¼: com.jktickets.domain.MemberExample@13d87510
2023-07-26 22:54:24.026 INFO  com.jktickets.aspect.LogAspect                    :120  [32m1690383263990k6n  [0;39m SQLæ‰§è¡Œå®Œæˆ: selectByExample | execution(List com.jktickets.mapper.MemberMapper.selectByExample(MemberExample))
2023-07-26 22:54:24.797 INFO  com.jktickets.utils.JwtUtil                       :37   [32m1690383263990k6n  [0;39m ç”ŸæˆJWT tokenï¼šeyJ0eXAiOiJKV1QiLCJhbGciOiJIUzI1NiJ9.eyJuYmYiOjE2OTAzODMyNjQsIm1vYmlsZSI6IjEzMDAwMDAwMDAwIiwiaWQiOjE2ODA5MzI5MDI3OTc0NDcxNjgsImV4cCI6MTY5MDQ2OTY2NCwiaWF0IjoxNjkwMzgzMjY0fQ.48VDaoJA-5rbFeMUX7MpYb7gwu7gTOW423LQ953khZs
2023-07-26 22:54:24.800 INFO  com.jktickets.aspect.LogAspect                    :94   [32m1690383263990k6n  [0;39m è¿”å›ç»“æœ: {"code":0,"message":"","result":{"id":1680932902797447168,"mobile":"13000000000","token":"eyJ0eXAiOiJKV1QiLCJhbGciOiJIUzI1NiJ9.eyJuYmYiOjE2OTAzODMyNjQsIm1vYmlsZSI6IjEzMDAwMDAwMDAwIiwiaWQiOjE2ODA5MzI5MDI3OTc0NDcxNjgsImV4cCI6MTY5MDQ2OTY2NCwiaWF0IjoxNjkwMzgzMjY0fQ.48VDaoJA-5rbFeMUX7MpYb7gwu7gTOW423LQ953khZs"},"success":true}
2023-07-26 22:54:24.800 INFO  com.jktickets.aspect.LogAspect                    :95   [32m1690383263990k6n  [0;39m ------------- ç»“æŸ è€—æ—¶ï¼š805 ms -------------
2023-07-26 22:54:49.897 INFO  com.jktickets.interceptor.MemberInterceptor       :32   [32m1690383289897cu4  [0;39m è·å–ä¼šå‘˜ç™»å½•tokenï¼šeyJ0eXAiOiJKV1QiLCJhbGciOiJIUzI1NiJ9.eyJuYmYiOjE2OTAzODMyNjQsIm1vYmlsZSI6IjEzMDAwMDAwMDAwIiwiaWQiOjE2ODA5MzI5MDI3OTc0NDcxNjgsImV4cCI6MTY5MDQ2OTY2NCwiaWF0IjoxNjkwMzgzMjY0fQ.48VDaoJA-5rbFeMUX7MpYb7gwu7gTOW423LQ953khZs
2023-07-26 22:54:49.911 INFO  com.jktickets.utils.JwtUtil                       :64   [32m1690383289897cu4  [0;39m æ ¹æ®tokenè·å–åŸå§‹å†…å®¹ï¼š{"mobile":"13000000000","id":1680932902797447168}
2023-07-26 22:54:49.911 INFO  com.jktickets.interceptor.MemberInterceptor       :35   [32m1690383289897cu4  [0;39m å½“å‰ç™»å½•ä¼šå‘˜ï¼š{"mobile":"13000000000","id":1680932902797447168}
2023-07-26 22:54:49.917 INFO  com.jktickets.aspect.LogAspect                    :57   [32m1690383289897cu4  [0;39m ------------- å¼€å§‹ -------------
2023-07-26 22:54:49.918 INFO  com.jktickets.aspect.LogAspect                    :58   [32m1690383289897cu4  [0;39m è¯·æ±‚åœ°å€: http://127.0.0.1:8001/member/passenger/queryMine GET
2023-07-26 22:54:49.918 INFO  com.jktickets.aspect.LogAspect                    :59   [32m1690383289897cu4  [0;39m ç±»åæ–¹æ³•: com.jktickets.controller.PassengerController.queryMine
2023-07-26 22:54:49.919 INFO  com.jktickets.aspect.LogAspect                    :60   [32m1690383289897cu4  [0;39m è¿œç¨‹åœ°å€: 127.0.0.1
2023-07-26 22:54:49.919 INFO  com.jktickets.aspect.LogAspect                    :82   [32m1690383289897cu4  [0;39m è¯·æ±‚å‚æ•°: []
2023-07-26 22:54:49.922 INFO  com.jktickets.aspect.LogAspect                    :106  [32m1690383289897cu4  [0;39m æ‰§è¡ŒSQL:  selectByExample | execution(List com.jktickets.mapper.PassengerMapper.selectByExample(PassengerExample))
2023-07-26 22:54:49.923 INFO  com.jktickets.aspect.LogAspect                    :111  [32m1690383289897cu4  [0;39m å‚æ•°å€¼: com.jktickets.domain.PassengerExample@6cd02639
2023-07-26 22:54:49.952 INFO  com.jktickets.aspect.LogAspect                    :120  [32m1690383289897cu4  [0;39m SQLæ‰§è¡Œå®Œæˆ: selectByExample | execution(List com.jktickets.mapper.PassengerMapper.selectByExample(PassengerExample))
2023-07-26 22:54:49.962 INFO  com.jktickets.aspect.LogAspect                    :94   [32m1690383289897cu4  [0;39m è¿”å›ç»“æœ: {"code":0,"message":"","result":[{"createTime":1689679955003,"id":1681265704667582464,"idCard":"1","memberId":1680932902797447168,"name":"æµ‹è¯•","type":"1","updateTime":1689679955003},{"createTime":1689679968035,"id":1681265759105454080,"idCard":"123","memberId":1680932902797447168,"name":"æµ‹è¯•33","type":"2","updateTime":1689679968035}],"success":true}
2023-07-26 22:54:49.963 INFO  com.jktickets.aspect.LogAspect                    :95   [32m1690383289897cu4  [0;39m ------------- ç»“æŸ è€—æ—¶ï¼š46 ms -------------
2023-07-26 23:25:35.148 INFO  com.zaxxer.hikari.HikariDataSource                :350  [32m                  [0;39m HikariPool-1 - Shutdown initiated...
2023-07-26 23:25:35.153 INFO  com.zaxxer.hikari.HikariDataSource                :352  [32m                  [0;39m HikariPool-1 - Shutdown completed.
