2023-07-28 21:09:16.994 INFO  org.hibernate.validator.internal.util.Version     :21   [32m                  [0;39m HV000001: Hibernate Validator 8.0.0.Final
2023-07-28 21:09:17.255 INFO  com.jktickets.MemberApplication                   :51   [32m                  [0;39m Starting MemberApplication using Java 17.0.3 with PID 1328 (D:\Project\java\jk-tickets\member-service\target\classes started by Administrator in D:\Project\java\jk-tickets)
2023-07-28 21:09:17.257 INFO  com.jktickets.MemberApplication                   :630  [32m                  [0;39m No active profile set, falling back to 1 default profile: "default"
2023-07-28 21:09:17.645 INFO  o.s.b.d.env.DevToolsPropertyDefaultsPostProcessor :250  [32m                  [0;39m Devtools property defaults active! Set 'spring.devtools.add-properties' to 'false' to disable
2023-07-28 21:09:17.646 INFO  o.s.b.d.env.DevToolsPropertyDefaultsPostProcessor :250  [32m                  [0;39m For additional web related logging consider setting the 'logging.level.web' property to 'DEBUG'
2023-07-28 21:09:22.656 INFO  o.springframework.cloud.context.scope.GenericScope:282  [32m                  [0;39m BeanFactory id=52ef56ae-ef40-39b4-a425-4bd1c816e46f
2023-07-28 21:09:27.063 INFO  o.s.boot.web.embedded.tomcat.TomcatWebServer      :114  [32m                  [0;39m Tomcat initialized with port(s): 8001 (http)
2023-07-28 21:09:27.149 INFO  org.apache.coyote.http11.Http11NioProtocol        :173  [32m                  [0;39m Initializing ProtocolHandler ["http-nio-8001"]
2023-07-28 21:09:27.150 INFO  org.apache.catalina.core.StandardService          :173  [32m                  [0;39m Starting service [Tomcat]
2023-07-28 21:09:27.151 INFO  org.apache.catalina.core.StandardEngine           :173  [32m                  [0;39m Starting Servlet engine: [Apache Tomcat/10.1.1]
2023-07-28 21:09:27.439 INFO  o.a.c.c.C.[Tomcat].[localhost].[/member]          :173  [32m                  [0;39m Initializing Spring embedded WebApplicationContext
2023-07-28 21:09:27.440 INFO  o.s.b.w.s.c.ServletWebServerApplicationContext    :291  [32m                  [0;39m Root WebApplicationContext: initialization completed in 9792 ms
2023-07-28 21:09:31.406 WARN  o.s.core.LocalVariableTableParameterNameDiscoverer:123  [32m                  [0;39m Using deprecated '-debug' fallback for parameter name resolution. Compile the affected code with '-parameters' instead or avoid its introspection: com.github.pagehelper.autoconfigure.PageHelperStandardProperties
2023-07-28 21:09:31.920 WARN  o.s.b.d.autoconfigure.OptionalLiveReloadServer    :62   [32m                  [0;39m Unable to start LiveReload server
2023-07-28 21:09:32.469 INFO  org.apache.coyote.http11.Http11NioProtocol        :173  [32m                  [0;39m Starting ProtocolHandler ["http-nio-8001"]
2023-07-28 21:09:32.519 INFO  o.s.boot.web.embedded.tomcat.TomcatWebServer      :226  [32m                  [0;39m Tomcat started on port(s): 8001 (http) with context path '/member'
2023-07-28 21:09:32.938 INFO  com.jktickets.MemberApplication                   :57   [32m                  [0;39m Started MemberApplication in 17.774 seconds (process running for 19.029)
2023-07-28 21:09:32.943 INFO  com.jktickets.MemberApplication                   :22   [32m                  [0;39m å¯åŠ¨æˆåŠŸï¼ï¼
2023-07-28 21:09:32.943 INFO  com.jktickets.MemberApplication                   :24   [32m                  [0;39m æµ‹è¯•åœ°å€: 	http://127.0.0.1:8001/member/hello
2023-07-28 21:10:47.342 INFO  o.a.c.c.C.[Tomcat].[localhost].[/member]          :173  [32m                  [0;39m Initializing Spring DispatcherServlet 'dispatcherServlet'
2023-07-28 21:10:47.343 INFO  org.springframework.web.servlet.DispatcherServlet :525  [32m                  [0;39m Initializing Servlet 'dispatcherServlet'
2023-07-28 21:10:47.344 INFO  org.springframework.web.servlet.DispatcherServlet :547  [32m                  [0;39m Completed initialization in 1 ms
2023-07-28 21:10:47.571 INFO  com.jktickets.aspect.LogAspect                    :57   [32m169054984739289c  [0;39m ------------- å¼€å§‹ -------------
2023-07-28 21:10:47.573 INFO  com.jktickets.aspect.LogAspect                    :58   [32m169054984739289c  [0;39m è¯·æ±‚åœ°å€: http://127.0.0.1:8001/member/member/sendCode POST
2023-07-28 21:10:47.573 INFO  com.jktickets.aspect.LogAspect                    :59   [32m169054984739289c  [0;39m ç±»åæ–¹æ³•: com.jktickets.controller.MemberController.sendCode
2023-07-28 21:10:47.573 INFO  com.jktickets.aspect.LogAspect                    :60   [32m169054984739289c  [0;39m è¿œç¨‹åœ°å€: 127.0.0.1
2023-07-28 21:10:47.730 INFO  com.jktickets.aspect.LogAspect                    :82   [32m169054984739289c  [0;39m è¯·æ±‚å‚æ•°: [{"mobile":"13000000000"}]
2023-07-28 21:10:47.733 INFO  com.jktickets.aspect.LogAspect                    :106  [32m169054984739289c  [0;39m æ‰§è¡ŒSQL:  selectByExample | execution(List com.jktickets.mapper.MemberMapper.selectByExample(MemberExample))
2023-07-28 21:10:47.734 INFO  com.jktickets.aspect.LogAspect                    :111  [32m169054984739289c  [0;39m å‚æ•°å€¼: com.jktickets.domain.MemberExample@6e4c042e
2023-07-28 21:10:47.831 INFO  com.zaxxer.hikari.HikariDataSource                :110  [32m169054984739289c  [0;39m HikariPool-1 - Starting...
2023-07-28 21:10:48.204 INFO  com.zaxxer.hikari.pool.HikariPool                 :565  [32m169054984739289c  [0;39m HikariPool-1 - Added connection com.mysql.cj.jdbc.ConnectionImpl@500d7e00
2023-07-28 21:10:48.206 INFO  com.zaxxer.hikari.HikariDataSource                :123  [32m169054984739289c  [0;39m HikariPool-1 - Start completed.
2023-07-28 21:10:48.306 INFO  com.jktickets.aspect.LogAspect                    :120  [32m169054984739289c  [0;39m SQLæ‰§è¡Œå®Œæˆ: selectByExample | execution(List com.jktickets.mapper.MemberMapper.selectByExample(MemberExample))
2023-07-28 21:10:48.324 INFO  com.jktickets.service.MemberService               :90   [32m169054984739289c  [0;39m æ‰‹æœºå·å­˜åœ¨,ä¸æ’å…¥æ•°æ®
2023-07-28 21:10:48.325 INFO  com.jktickets.service.MemberService               :97   [32m169054984739289c  [0;39m ç”ŸæˆçŸ­ä¿¡éªŒè¯ç :0ybj
2023-07-28 21:10:48.325 INFO  com.jktickets.service.MemberService               :100  [32m169054984739289c  [0;39m ä¿å­˜çŸ­ä¿¡è®°å½•è¡¨
2023-07-28 21:10:48.326 INFO  com.jktickets.service.MemberService               :103  [32m169054984739289c  [0;39m å¯¹æ¥çŸ­ä¿¡é€šé“
2023-07-28 21:10:48.337 INFO  com.jktickets.aspect.LogAspect                    :94   [32m169054984739289c  [0;39m è¿”å›ç»“æœ: {"code":0,"message":"","result":"çŸ­ä¿¡å‘é€æˆåŠŸ","success":true}
2023-07-28 21:10:48.338 INFO  com.jktickets.aspect.LogAspect                    :95   [32m169054984739289c  [0;39m ------------- ç»“æŸ è€—æ—¶ï¼š768 ms -------------
2023-07-28 21:10:49.305 INFO  com.jktickets.aspect.LogAspect                    :57   [32m16905498493010pl  [0;39m ------------- å¼€å§‹ -------------
2023-07-28 21:10:49.306 INFO  com.jktickets.aspect.LogAspect                    :58   [32m16905498493010pl  [0;39m è¯·æ±‚åœ°å€: http://127.0.0.1:8001/member/member/login POST
2023-07-28 21:10:49.306 INFO  com.jktickets.aspect.LogAspect                    :59   [32m16905498493010pl  [0;39m ç±»åæ–¹æ³•: com.jktickets.controller.MemberController.sendCode
2023-07-28 21:10:49.306 INFO  com.jktickets.aspect.LogAspect                    :60   [32m16905498493010pl  [0;39m è¿œç¨‹åœ°å€: 127.0.0.1
2023-07-28 21:10:49.309 INFO  com.jktickets.aspect.LogAspect                    :82   [32m16905498493010pl  [0;39m è¯·æ±‚å‚æ•°: [{"code":"8888","mobile":"13000000000"}]
2023-07-28 21:10:49.310 INFO  com.jktickets.aspect.LogAspect                    :106  [32m16905498493010pl  [0;39m æ‰§è¡ŒSQL:  selectByExample | execution(List com.jktickets.mapper.MemberMapper.selectByExample(MemberExample))
2023-07-28 21:10:49.311 INFO  com.jktickets.aspect.LogAspect                    :111  [32m16905498493010pl  [0;39m å‚æ•°å€¼: com.jktickets.domain.MemberExample@6c7fbe8b
2023-07-28 21:10:49.341 INFO  com.jktickets.aspect.LogAspect                    :120  [32m16905498493010pl  [0;39m SQLæ‰§è¡Œå®Œæˆ: selectByExample | execution(List com.jktickets.mapper.MemberMapper.selectByExample(MemberExample))
2023-07-28 21:10:50.176 INFO  com.jktickets.utils.JwtUtil                       :37   [32m16905498493010pl  [0;39m ç”ŸæˆJWT tokenï¼šeyJ0eXAiOiJKV1QiLCJhbGciOiJIUzI1NiJ9.eyJuYmYiOjE2OTA1NDk4NDksIm1vYmlsZSI6IjEzMDAwMDAwMDAwIiwiaWQiOjE2ODA5MzI5MDI3OTc0NDcxNjgsImV4cCI6MTY5MDYzNjI0OSwiaWF0IjoxNjkwNTQ5ODQ5fQ.lUGeSFGbaulnlDqpLqKQU69BiTHJkwf6kAajSIwJzcc
2023-07-28 21:10:50.180 INFO  com.jktickets.aspect.LogAspect                    :94   [32m16905498493010pl  [0;39m è¿”å›ç»“æœ: {"code":0,"message":"","result":{"id":1680932902797447168,"mobile":"13000000000","token":"eyJ0eXAiOiJKV1QiLCJhbGciOiJIUzI1NiJ9.eyJuYmYiOjE2OTA1NDk4NDksIm1vYmlsZSI6IjEzMDAwMDAwMDAwIiwiaWQiOjE2ODA5MzI5MDI3OTc0NDcxNjgsImV4cCI6MTY5MDYzNjI0OSwiaWF0IjoxNjkwNTQ5ODQ5fQ.lUGeSFGbaulnlDqpLqKQU69BiTHJkwf6kAajSIwJzcc"},"success":true}
2023-07-28 21:10:50.181 INFO  com.jktickets.aspect.LogAspect                    :95   [32m16905498493010pl  [0;39m ------------- ç»“æŸ è€—æ—¶ï¼š876 ms -------------
2023-07-28 21:11:37.151 INFO  com.jktickets.interceptor.MemberInterceptor       :32   [32m1690549897151mtz  [0;39m è·å–ä¼šå‘˜ç™»å½•tokenï¼šeyJ0eXAiOiJKV1QiLCJhbGciOiJIUzI1NiJ9.eyJuYmYiOjE2OTA1NDk4NDksIm1vYmlsZSI6IjEzMDAwMDAwMDAwIiwiaWQiOjE2ODA5MzI5MDI3OTc0NDcxNjgsImV4cCI6MTY5MDYzNjI0OSwiaWF0IjoxNjkwNTQ5ODQ5fQ.lUGeSFGbaulnlDqpLqKQU69BiTHJkwf6kAajSIwJzcc
2023-07-28 21:11:37.165 INFO  com.jktickets.utils.JwtUtil                       :64   [32m1690549897151mtz  [0;39m æ ¹æ®tokenè·å–åŸå§‹å†…å®¹ï¼š{"mobile":"13000000000","id":1680932902797447168}
2023-07-28 21:11:37.165 INFO  com.jktickets.interceptor.MemberInterceptor       :35   [32m1690549897151mtz  [0;39m å½“å‰ç™»å½•ä¼šå‘˜ï¼š{"mobile":"13000000000","id":1680932902797447168}
2023-07-28 21:11:37.171 INFO  com.jktickets.aspect.LogAspect                    :57   [32m1690549897151mtz  [0;39m ------------- å¼€å§‹ -------------
2023-07-28 21:11:37.172 INFO  com.jktickets.aspect.LogAspect                    :58   [32m1690549897151mtz  [0;39m è¯·æ±‚åœ°å€: http://127.0.0.1:8001/member/passenger/queryMine GET
2023-07-28 21:11:37.172 INFO  com.jktickets.aspect.LogAspect                    :59   [32m1690549897151mtz  [0;39m ç±»åæ–¹æ³•: com.jktickets.controller.PassengerController.queryMine
2023-07-28 21:11:37.173 INFO  com.jktickets.aspect.LogAspect                    :60   [32m1690549897151mtz  [0;39m è¿œç¨‹åœ°å€: 127.0.0.1
2023-07-28 21:11:37.173 INFO  com.jktickets.aspect.LogAspect                    :82   [32m1690549897151mtz  [0;39m è¯·æ±‚å‚æ•°: []
2023-07-28 21:11:37.176 INFO  com.jktickets.aspect.LogAspect                    :106  [32m1690549897151mtz  [0;39m æ‰§è¡ŒSQL:  selectByExample | execution(List com.jktickets.mapper.PassengerMapper.selectByExample(PassengerExample))
2023-07-28 21:11:37.176 INFO  com.jktickets.aspect.LogAspect                    :111  [32m1690549897151mtz  [0;39m å‚æ•°å€¼: com.jktickets.domain.PassengerExample@7e1fbcda
2023-07-28 21:11:37.207 INFO  com.jktickets.aspect.LogAspect                    :120  [32m1690549897151mtz  [0;39m SQLæ‰§è¡Œå®Œæˆ: selectByExample | execution(List com.jktickets.mapper.PassengerMapper.selectByExample(PassengerExample))
2023-07-28 21:11:37.220 INFO  com.jktickets.aspect.LogAspect                    :94   [32m1690549897151mtz  [0;39m è¿”å›ç»“æœ: {"code":0,"message":"","result":[{"createTime":1689679955003,"id":1681265704667582464,"idCard":"1","memberId":1680932902797447168,"name":"æµ‹è¯•","type":"1","updateTime":1689679955003},{"createTime":1689679968035,"id":1681265759105454080,"idCard":"123","memberId":1680932902797447168,"name":"æµ‹è¯•33","type":"2","updateTime":1689679968035}],"success":true}
2023-07-28 21:11:37.220 INFO  com.jktickets.aspect.LogAspect                    :95   [32m1690549897151mtz  [0;39m ------------- ç»“æŸ è€—æ—¶ï¼š49 ms -------------
2023-07-28 21:28:55.072 INFO  com.jktickets.interceptor.MemberInterceptor       :32   [32m1690550935072pua  [0;39m è·å–ä¼šå‘˜ç™»å½•tokenï¼šeyJ0eXAiOiJKV1QiLCJhbGciOiJIUzI1NiJ9.eyJuYmYiOjE2OTA1NDk4NDksIm1vYmlsZSI6IjEzMDAwMDAwMDAwIiwiaWQiOjE2ODA5MzI5MDI3OTc0NDcxNjgsImV4cCI6MTY5MDYzNjI0OSwiaWF0IjoxNjkwNTQ5ODQ5fQ.lUGeSFGbaulnlDqpLqKQU69BiTHJkwf6kAajSIwJzcc
2023-07-28 21:28:55.080 INFO  com.jktickets.utils.JwtUtil                       :64   [32m1690550935072pua  [0;39m æ ¹æ®tokenè·å–åŸå§‹å†…å®¹ï¼š{"mobile":"13000000000","id":1680932902797447168}
2023-07-28 21:28:55.080 INFO  com.jktickets.interceptor.MemberInterceptor       :35   [32m1690550935072pua  [0;39m å½“å‰ç™»å½•ä¼šå‘˜ï¼š{"mobile":"13000000000","id":1680932902797447168}
2023-07-28 21:28:55.083 INFO  com.jktickets.aspect.LogAspect                    :57   [32m1690550935072pua  [0;39m ------------- å¼€å§‹ -------------
2023-07-28 21:28:55.084 INFO  com.jktickets.aspect.LogAspect                    :58   [32m1690550935072pua  [0;39m è¯·æ±‚åœ°å€: http://127.0.0.1:8001/member/passenger/queryMine GET
2023-07-28 21:28:55.084 INFO  com.jktickets.aspect.LogAspect                    :59   [32m1690550935072pua  [0;39m ç±»åæ–¹æ³•: com.jktickets.controller.PassengerController.queryMine
2023-07-28 21:28:55.085 INFO  com.jktickets.aspect.LogAspect                    :60   [32m1690550935072pua  [0;39m è¿œç¨‹åœ°å€: 127.0.0.1
2023-07-28 21:28:55.086 INFO  com.jktickets.aspect.LogAspect                    :82   [32m1690550935072pua  [0;39m è¯·æ±‚å‚æ•°: []
2023-07-28 21:28:55.086 INFO  com.jktickets.aspect.LogAspect                    :106  [32m1690550935072pua  [0;39m æ‰§è¡ŒSQL:  selectByExample | execution(List com.jktickets.mapper.PassengerMapper.selectByExample(PassengerExample))
2023-07-28 21:28:55.087 INFO  com.jktickets.aspect.LogAspect                    :111  [32m1690550935072pua  [0;39m å‚æ•°å€¼: com.jktickets.domain.PassengerExample@2535e635
2023-07-28 21:28:55.121 INFO  com.jktickets.aspect.LogAspect                    :120  [32m1690550935072pua  [0;39m SQLæ‰§è¡Œå®Œæˆ: selectByExample | execution(List com.jktickets.mapper.PassengerMapper.selectByExample(PassengerExample))
2023-07-28 21:28:55.123 INFO  com.jktickets.aspect.LogAspect                    :94   [32m1690550935072pua  [0;39m è¿”å›ç»“æœ: {"code":0,"message":"","result":[{"createTime":1689679955003,"id":1681265704667582464,"idCard":"1","memberId":1680932902797447168,"name":"æµ‹è¯•","type":"1","updateTime":1689679955003},{"createTime":1689679968035,"id":1681265759105454080,"idCard":"123","memberId":1680932902797447168,"name":"æµ‹è¯•33","type":"2","updateTime":1689679968035}],"success":true}
2023-07-28 21:28:55.124 INFO  com.jktickets.aspect.LogAspect                    :95   [32m1690550935072pua  [0;39m ------------- ç»“æŸ è€—æ—¶ï¼š41 ms -------------
2023-07-28 21:35:05.112 INFO  com.jktickets.interceptor.MemberInterceptor       :32   [32m1690551305112z14  [0;39m è·å–ä¼šå‘˜ç™»å½•tokenï¼šeyJ0eXAiOiJKV1QiLCJhbGciOiJIUzI1NiJ9.eyJuYmYiOjE2OTA1NDk4NDksIm1vYmlsZSI6IjEzMDAwMDAwMDAwIiwiaWQiOjE2ODA5MzI5MDI3OTc0NDcxNjgsImV4cCI6MTY5MDYzNjI0OSwiaWF0IjoxNjkwNTQ5ODQ5fQ.lUGeSFGbaulnlDqpLqKQU69BiTHJkwf6kAajSIwJzcc
2023-07-28 21:35:05.114 INFO  com.jktickets.utils.JwtUtil                       :64   [32m1690551305112z14  [0;39m æ ¹æ®tokenè·å–åŸå§‹å†…å®¹ï¼š{"mobile":"13000000000","id":1680932902797447168}
2023-07-28 21:35:05.114 INFO  com.jktickets.interceptor.MemberInterceptor       :35   [32m1690551305112z14  [0;39m å½“å‰ç™»å½•ä¼šå‘˜ï¼š{"mobile":"13000000000","id":1680932902797447168}
2023-07-28 21:35:05.115 INFO  com.jktickets.aspect.LogAspect                    :57   [32m1690551305112z14  [0;39m ------------- å¼€å§‹ -------------
2023-07-28 21:35:05.116 INFO  com.jktickets.aspect.LogAspect                    :58   [32m1690551305112z14  [0;39m è¯·æ±‚åœ°å€: http://127.0.0.1:8001/member/passenger/queryMine GET
2023-07-28 21:35:05.117 INFO  com.jktickets.aspect.LogAspect                    :59   [32m1690551305112z14  [0;39m ç±»åæ–¹æ³•: com.jktickets.controller.PassengerController.queryMine
2023-07-28 21:35:05.117 INFO  com.jktickets.aspect.LogAspect                    :60   [32m1690551305112z14  [0;39m è¿œç¨‹åœ°å€: 127.0.0.1
2023-07-28 21:35:05.117 INFO  com.jktickets.aspect.LogAspect                    :82   [32m1690551305112z14  [0;39m è¯·æ±‚å‚æ•°: []
2023-07-28 21:35:05.118 INFO  com.jktickets.aspect.LogAspect                    :106  [32m1690551305112z14  [0;39m æ‰§è¡ŒSQL:  selectByExample | execution(List com.jktickets.mapper.PassengerMapper.selectByExample(PassengerExample))
2023-07-28 21:35:05.118 INFO  com.jktickets.aspect.LogAspect                    :111  [32m1690551305112z14  [0;39m å‚æ•°å€¼: com.jktickets.domain.PassengerExample@1b18e71c
2023-07-28 21:35:05.145 INFO  com.jktickets.aspect.LogAspect                    :120  [32m1690551305112z14  [0;39m SQLæ‰§è¡Œå®Œæˆ: selectByExample | execution(List com.jktickets.mapper.PassengerMapper.selectByExample(PassengerExample))
2023-07-28 21:35:05.146 INFO  com.jktickets.aspect.LogAspect                    :94   [32m1690551305112z14  [0;39m è¿”å›ç»“æœ: {"code":0,"message":"","result":[{"createTime":1689679955003,"id":1681265704667582464,"idCard":"1","memberId":1680932902797447168,"name":"æµ‹è¯•","type":"1","updateTime":1689679955003},{"createTime":1689679968035,"id":1681265759105454080,"idCard":"123","memberId":1680932902797447168,"name":"æµ‹è¯•33","type":"2","updateTime":1689679968035}],"success":true}
2023-07-28 21:35:05.146 INFO  com.jktickets.aspect.LogAspect                    :95   [32m1690551305112z14  [0;39m ------------- ç»“æŸ è€—æ—¶ï¼š31 ms -------------
