2023-08-11 21:01:16.665 ERROR c.jktickets.exception.ControllerExceptionHandler  :62   [32m1691758875668qvg  [0;39m ä¸šåŠ¡å¼‚å¸¸:ä½™ç¥¨ä¸è¶³
2023-08-11 21:01:23.022 ERROR c.jktickets.exception.ControllerExceptionHandler  :62   [32m1691758882899jcf  [0;39m ä¸šåŠ¡å¼‚å¸¸:ä½™ç¥¨ä¸è¶³
2023-08-11 21:01:23.196 ERROR c.jktickets.exception.ControllerExceptionHandler  :62   [32m1691758883105q6p  [0;39m ä¸šåŠ¡å¼‚å¸¸:ä½™ç¥¨ä¸è¶³
2023-08-11 21:01:23.394 ERROR c.jktickets.exception.ControllerExceptionHandler  :62   [32m16917588832982wn  [0;39m ä¸šåŠ¡å¼‚å¸¸:ä½™ç¥¨ä¸è¶³
2023-08-11 21:01:23.590 ERROR c.jktickets.exception.ControllerExceptionHandler  :62   [32m16917588834994sy  [0;39m ä¸šåŠ¡å¼‚å¸¸:ä½™ç¥¨ä¸è¶³
2023-08-11 21:01:23.795 ERROR c.jktickets.exception.ControllerExceptionHandler  :62   [32m16917588837010k6  [0;39m ä¸šåŠ¡å¼‚å¸¸:ä½™ç¥¨ä¸è¶³
2023-08-11 21:01:37.901 ERROR c.jktickets.exception.ControllerExceptionHandler  :62   [32m1691758897786pyr  [0;39m ä¸šåŠ¡å¼‚å¸¸:ä½™ç¥¨ä¸è¶³
2023-08-11 21:01:38.103 ERROR c.jktickets.exception.ControllerExceptionHandler  :62   [32m16917588979974ko  [0;39m ä¸šåŠ¡å¼‚å¸¸:ä½™ç¥¨ä¸è¶³
2023-08-11 21:01:38.283 ERROR c.jktickets.exception.ControllerExceptionHandler  :62   [32m1691758898189p81  [0;39m ä¸šåŠ¡å¼‚å¸¸:ä½™ç¥¨ä¸è¶³
2023-08-11 21:01:38.499 ERROR c.jktickets.exception.ControllerExceptionHandler  :62   [32m16917588983903ux  [0;39m ä¸šåŠ¡å¼‚å¸¸:ä½™ç¥¨ä¸è¶³
2023-08-11 21:01:38.678 ERROR c.jktickets.exception.ControllerExceptionHandler  :62   [32m1691758898590hkd  [0;39m ä¸šåŠ¡å¼‚å¸¸:ä½™ç¥¨ä¸è¶³
2023-08-11 21:02:01.905 ERROR c.jktickets.exception.ControllerExceptionHandler  :62   [32m1691758921806lra  [0;39m ä¸šåŠ¡å¼‚å¸¸:ä½™ç¥¨ä¸è¶³
2023-08-11 21:02:02.107 ERROR c.jktickets.exception.ControllerExceptionHandler  :62   [32m1691758922004bwn  [0;39m ä¸šåŠ¡å¼‚å¸¸:ä½™ç¥¨ä¸è¶³
2023-08-11 21:02:02.314 ERROR c.jktickets.exception.ControllerExceptionHandler  :62   [32m1691758922204jo3  [0;39m ä¸šåŠ¡å¼‚å¸¸:ä½™ç¥¨ä¸è¶³
2023-08-11 21:02:02.523 ERROR c.jktickets.exception.ControllerExceptionHandler  :62   [32m1691758922404jht  [0;39m ä¸šåŠ¡å¼‚å¸¸:ä½™ç¥¨ä¸è¶³
2023-08-11 21:02:02.734 ERROR c.jktickets.exception.ControllerExceptionHandler  :62   [32m1691758922604dqq  [0;39m ä¸šåŠ¡å¼‚å¸¸:ä½™ç¥¨ä¸è¶³
2023-08-11 21:02:20.057 ERROR c.jktickets.exception.ControllerExceptionHandler  :62   [32m1691758939957bww  [0;39m ä¸šåŠ¡å¼‚å¸¸:ä½™ç¥¨ä¸è¶³
2023-08-11 21:02:20.180 ERROR c.jktickets.exception.ControllerExceptionHandler  :62   [32m1691758940056tqp  [0;39m ä¸šåŠ¡å¼‚å¸¸:ä½™ç¥¨ä¸è¶³
2023-08-11 21:02:20.274 ERROR c.jktickets.exception.ControllerExceptionHandler  :62   [32m16917589401568lh  [0;39m ä¸šåŠ¡å¼‚å¸¸:ä½™ç¥¨ä¸è¶³
2023-08-11 21:02:20.362 ERROR c.jktickets.exception.ControllerExceptionHandler  :62   [32m1691758940256v9p  [0;39m ä¸šåŠ¡å¼‚å¸¸:ä½™ç¥¨ä¸è¶³
2023-08-11 21:02:20.452 ERROR c.jktickets.exception.ControllerExceptionHandler  :62   [32m16917589403582vt  [0;39m ä¸šåŠ¡å¼‚å¸¸:ä½™ç¥¨ä¸è¶³
2023-08-11 21:02:20.550 ERROR c.jktickets.exception.ControllerExceptionHandler  :62   [32m1691758940454tuv  [0;39m ä¸šåŠ¡å¼‚å¸¸:ä½™ç¥¨ä¸è¶³
2023-08-11 21:02:20.641 ERROR c.jktickets.exception.ControllerExceptionHandler  :62   [32m1691758940554xlx  [0;39m ä¸šåŠ¡å¼‚å¸¸:ä½™ç¥¨ä¸è¶³
2023-08-11 21:02:20.740 ERROR c.jktickets.exception.ControllerExceptionHandler  :62   [32m1691758940655ttv  [0;39m ä¸šåŠ¡å¼‚å¸¸:ä½™ç¥¨ä¸è¶³
2023-08-11 21:02:20.837 ERROR c.jktickets.exception.ControllerExceptionHandler  :62   [32m1691758940754mi0  [0;39m ä¸šåŠ¡å¼‚å¸¸:ä½™ç¥¨ä¸è¶³
2023-08-11 21:02:20.942 ERROR c.jktickets.exception.ControllerExceptionHandler  :62   [32m1691758940855qpf  [0;39m ä¸šåŠ¡å¼‚å¸¸:ä½™ç¥¨ä¸è¶³
2023-08-11 21:02:33.704 ERROR c.jktickets.exception.ControllerExceptionHandler  :62   [32m1691758953580zwx  [0;39m ä¸šåŠ¡å¼‚å¸¸:ä½™ç¥¨ä¸è¶³
2023-08-11 21:02:33.786 ERROR c.jktickets.exception.ControllerExceptionHandler  :62   [32m1691758953687t8n  [0;39m ä¸šåŠ¡å¼‚å¸¸:ä½™ç¥¨ä¸è¶³
2023-08-11 21:02:33.866 ERROR c.jktickets.exception.ControllerExceptionHandler  :62   [32m1691758953780ctt  [0;39m ä¸šåŠ¡å¼‚å¸¸:ä½™ç¥¨ä¸è¶³
2023-08-11 21:02:33.966 ERROR c.jktickets.exception.ControllerExceptionHandler  :62   [32m1691758953883wqd  [0;39m ä¸šåŠ¡å¼‚å¸¸:ä½™ç¥¨ä¸è¶³
2023-08-11 21:02:34.095 ERROR c.jktickets.exception.ControllerExceptionHandler  :62   [32m1691758953980p3y  [0;39m ä¸šåŠ¡å¼‚å¸¸:ä½™ç¥¨ä¸è¶³
2023-08-11 21:02:34.186 ERROR c.jktickets.exception.ControllerExceptionHandler  :62   [32m16917589540812oz  [0;39m ä¸šåŠ¡å¼‚å¸¸:ä½™ç¥¨ä¸è¶³
2023-08-11 21:02:34.267 ERROR c.jktickets.exception.ControllerExceptionHandler  :62   [32m1691758954180kz2  [0;39m ä¸šåŠ¡å¼‚å¸¸:ä½™ç¥¨ä¸è¶³
2023-08-11 21:02:34.368 ERROR c.jktickets.exception.ControllerExceptionHandler  :62   [32m16917589542810zl  [0;39m ä¸šåŠ¡å¼‚å¸¸:ä½™ç¥¨ä¸è¶³
2023-08-11 21:02:34.469 ERROR c.jktickets.exception.ControllerExceptionHandler  :62   [32m1691758954379in6  [0;39m ä¸šåŠ¡å¼‚å¸¸:ä½™ç¥¨ä¸è¶³
2023-08-11 21:02:34.558 ERROR c.jktickets.exception.ControllerExceptionHandler  :62   [32m16917589544801mu  [0;39m ä¸šåŠ¡å¼‚å¸¸:ä½™ç¥¨ä¸è¶³
2023-08-11 21:02:37.956 ERROR c.jktickets.exception.ControllerExceptionHandler  :62   [32m1691758957853daa  [0;39m ä¸šåŠ¡å¼‚å¸¸:ä½™ç¥¨ä¸è¶³
2023-08-11 21:02:38.044 ERROR c.jktickets.exception.ControllerExceptionHandler  :62   [32m1691758957952rp0  [0;39m ä¸šåŠ¡å¼‚å¸¸:ä½™ç¥¨ä¸è¶³
2023-08-11 21:02:38.171 ERROR c.jktickets.exception.ControllerExceptionHandler  :62   [32m1691758958055rwv  [0;39m ä¸šåŠ¡å¼‚å¸¸:ä½™ç¥¨ä¸è¶³
2023-08-11 21:02:38.266 ERROR c.jktickets.exception.ControllerExceptionHandler  :62   [32m1691758958153jfc  [0;39m ä¸šåŠ¡å¼‚å¸¸:ä½™ç¥¨ä¸è¶³
2023-08-11 21:02:38.347 ERROR c.jktickets.exception.ControllerExceptionHandler  :62   [32m1691758958256jp9  [0;39m ä¸šåŠ¡å¼‚å¸¸:ä½™ç¥¨ä¸è¶³
2023-08-11 21:02:38.460 ERROR c.jktickets.exception.ControllerExceptionHandler  :62   [32m1691758958358e4j  [0;39m ä¸šåŠ¡å¼‚å¸¸:ä½™ç¥¨ä¸è¶³
2023-08-11 21:02:38.561 ERROR c.jktickets.exception.ControllerExceptionHandler  :62   [32m1691758958454oy4  [0;39m ä¸šåŠ¡å¼‚å¸¸:ä½™ç¥¨ä¸è¶³
2023-08-11 21:02:38.645 ERROR c.jktickets.exception.ControllerExceptionHandler  :62   [32m1691758958555dne  [0;39m ä¸šåŠ¡å¼‚å¸¸:ä½™ç¥¨ä¸è¶³
2023-08-11 21:02:38.740 ERROR c.jktickets.exception.ControllerExceptionHandler  :62   [32m1691758958654lm2  [0;39m ä¸šåŠ¡å¼‚å¸¸:ä½™ç¥¨ä¸è¶³
2023-08-11 21:03:44.414 ERROR c.jktickets.exception.ControllerExceptionHandler  :62   [32m16917590243098cb  [0;39m ä¸šåŠ¡å¼‚å¸¸:ä½™ç¥¨ä¸è¶³
2023-08-11 21:03:44.509 ERROR c.jktickets.exception.ControllerExceptionHandler  :62   [32m1691759024406b85  [0;39m ä¸šåŠ¡å¼‚å¸¸:ä½™ç¥¨ä¸è¶³
2023-08-11 21:03:44.622 ERROR c.jktickets.exception.ControllerExceptionHandler  :62   [32m1691759024508fb5  [0;39m ä¸šåŠ¡å¼‚å¸¸:ä½™ç¥¨ä¸è¶³
2023-08-11 21:03:44.706 ERROR c.jktickets.exception.ControllerExceptionHandler  :62   [32m1691759024608dgp  [0;39m ä¸šåŠ¡å¼‚å¸¸:ä½™ç¥¨ä¸è¶³
2023-08-11 21:03:44.802 ERROR c.jktickets.exception.ControllerExceptionHandler  :62   [32m1691759024706bfd  [0;39m ä¸šåŠ¡å¼‚å¸¸:ä½™ç¥¨ä¸è¶³
2023-08-11 21:03:44.937 ERROR c.jktickets.exception.ControllerExceptionHandler  :62   [32m1691759024807jtz  [0;39m ä¸šåŠ¡å¼‚å¸¸:ä½™ç¥¨ä¸è¶³
2023-08-11 21:03:45.030 ERROR c.jktickets.exception.ControllerExceptionHandler  :62   [32m1691759024907xp5  [0;39m ä¸šåŠ¡å¼‚å¸¸:ä½™ç¥¨ä¸è¶³
2023-08-11 21:03:45.118 ERROR c.jktickets.exception.ControllerExceptionHandler  :62   [32m16917590250087hf  [0;39m ä¸šåŠ¡å¼‚å¸¸:ä½™ç¥¨ä¸è¶³
2023-08-11 21:03:45.207 ERROR c.jktickets.exception.ControllerExceptionHandler  :62   [32m16917590251078vq  [0;39m ä¸šåŠ¡å¼‚å¸¸:ä½™ç¥¨ä¸è¶³
2023-08-11 21:03:45.362 ERROR c.jktickets.exception.ControllerExceptionHandler  :62   [32m1691759025207i18  [0;39m ä¸šåŠ¡å¼‚å¸¸:ä½™ç¥¨ä¸è¶³
2023-08-11 22:25:36.836 ERROR c.jktickets.exception.ControllerExceptionHandler  :62   [32m169176393588949j  [0;39m ä¸šåŠ¡å¼‚å¸¸:å½“å‰æŠ¢ç¥¨äººæ•°å¤šï¼Œè¯·ç¨åé‡è¯•
2023-08-11 22:25:36.836 ERROR c.jktickets.exception.ControllerExceptionHandler  :62   [32m16917639358890e8  [0;39m ä¸šåŠ¡å¼‚å¸¸:å½“å‰æŠ¢ç¥¨äººæ•°å¤šï¼Œè¯·ç¨åé‡è¯•
2023-08-11 22:25:36.836 ERROR c.jktickets.exception.ControllerExceptionHandler  :62   [32m1691763936268o80  [0;39m ä¸šåŠ¡å¼‚å¸¸:å½“å‰æŠ¢ç¥¨äººæ•°å¤šï¼Œè¯·ç¨åé‡è¯•
2023-08-11 22:25:36.836 ERROR c.jktickets.exception.ControllerExceptionHandler  :62   [32m16917639358894r9  [0;39m ä¸šåŠ¡å¼‚å¸¸:å½“å‰æŠ¢ç¥¨äººæ•°å¤šï¼Œè¯·ç¨åé‡è¯•
2023-08-11 22:25:36.837 ERROR c.jktickets.exception.ControllerExceptionHandler  :62   [32m1691763936369ehw  [0;39m ä¸šåŠ¡å¼‚å¸¸:å½“å‰æŠ¢ç¥¨äººæ•°å¤šï¼Œè¯·ç¨åé‡è¯•
2023-08-11 22:25:36.837 ERROR c.jktickets.exception.ControllerExceptionHandler  :62   [32m1691763936566emf  [0;39m ä¸šåŠ¡å¼‚å¸¸:å½“å‰æŠ¢ç¥¨äººæ•°å¤šï¼Œè¯·ç¨åé‡è¯•
2023-08-11 22:25:36.837 ERROR c.jktickets.exception.ControllerExceptionHandler  :62   [32m169176393596717v  [0;39m ä¸šåŠ¡å¼‚å¸¸:å½“å‰æŠ¢ç¥¨äººæ•°å¤šï¼Œè¯·ç¨åé‡è¯•
2023-08-11 22:25:36.837 ERROR c.jktickets.exception.ControllerExceptionHandler  :62   [32m16917639360663cu  [0;39m ä¸šåŠ¡å¼‚å¸¸:å½“å‰æŠ¢ç¥¨äººæ•°å¤šï¼Œè¯·ç¨åé‡è¯•
2023-08-11 22:25:36.837 ERROR c.jktickets.exception.ControllerExceptionHandler  :62   [32m1691763936468eqq  [0;39m ä¸šåŠ¡å¼‚å¸¸:å½“å‰æŠ¢ç¥¨äººæ•°å¤šï¼Œè¯·ç¨åé‡è¯•
2023-08-11 22:25:37.112 ERROR c.jktickets.exception.ControllerExceptionHandler  :62   [32m1691763936168mek  [0;39m ä¸šåŠ¡å¼‚å¸¸:ä½™ç¥¨ä¸è¶³
2023-08-11 22:28:52.552 ERROR c.jktickets.exception.ControllerExceptionHandler  :62   [32m1691764131865bf8  [0;39m ä¸šåŠ¡å¼‚å¸¸:å½“å‰æŠ¢ç¥¨äººæ•°å¤šï¼Œè¯·ç¨åé‡è¯•
2023-08-11 22:28:52.552 ERROR c.jktickets.exception.ControllerExceptionHandler  :62   [32m16917641315660bd  [0;39m ä¸šåŠ¡å¼‚å¸¸:å½“å‰æŠ¢ç¥¨äººæ•°å¤šï¼Œè¯·ç¨åé‡è¯•
2023-08-11 22:28:52.552 ERROR c.jktickets.exception.ControllerExceptionHandler  :62   [32m1691764131770apd  [0;39m ä¸šåŠ¡å¼‚å¸¸:å½“å‰æŠ¢ç¥¨äººæ•°å¤šï¼Œè¯·ç¨åé‡è¯•
2023-08-11 22:28:52.552 ERROR c.jktickets.exception.ControllerExceptionHandler  :62   [32m1691764131531e3f  [0;39m ä¸šåŠ¡å¼‚å¸¸:å½“å‰æŠ¢ç¥¨äººæ•°å¤šï¼Œè¯·ç¨åé‡è¯•
2023-08-11 22:28:52.552 ERROR c.jktickets.exception.ControllerExceptionHandler  :62   [32m1691764131531erh  [0;39m ä¸šåŠ¡å¼‚å¸¸:å½“å‰æŠ¢ç¥¨äººæ•°å¤šï¼Œè¯·ç¨åé‡è¯•
2023-08-11 22:28:52.556 ERROR c.jktickets.exception.ControllerExceptionHandler  :62   [32m1691764131531zn9  [0;39m ä¸šåŠ¡å¼‚å¸¸:å½“å‰æŠ¢ç¥¨äººæ•°å¤šï¼Œè¯·ç¨åé‡è¯•
2023-08-11 22:28:52.554 ERROR c.jktickets.exception.ControllerExceptionHandler  :62   [32m1691764131968pjy  [0;39m ä¸šåŠ¡å¼‚å¸¸:å½“å‰æŠ¢ç¥¨äººæ•°å¤šï¼Œè¯·ç¨åé‡è¯•
2023-08-11 22:28:52.559 ERROR c.jktickets.exception.ControllerExceptionHandler  :62   [32m1691764132168z8a  [0;39m ä¸šåŠ¡å¼‚å¸¸:å½“å‰æŠ¢ç¥¨äººæ•°å¤šï¼Œè¯·ç¨åé‡è¯•
2023-08-11 22:28:52.559 ERROR c.jktickets.exception.ControllerExceptionHandler  :62   [32m1691764132069udv  [0;39m ä¸šåŠ¡å¼‚å¸¸:å½“å‰æŠ¢ç¥¨äººæ•°å¤šï¼Œè¯·ç¨åé‡è¯•
2023-08-11 22:28:52.869 ERROR c.jktickets.exception.ControllerExceptionHandler  :62   [32m1691764131667dgm  [0;39m ä¸šåŠ¡å¼‚å¸¸:ä½™ç¥¨ä¸è¶³
2023-08-11 22:31:02.095 ERROR c.jktickets.exception.ControllerExceptionHandler  :62   [32m1691764261221tu1  [0;39m ä¸šåŠ¡å¼‚å¸¸:å½“å‰æŠ¢ç¥¨äººæ•°å¤šï¼Œè¯·ç¨åé‡è¯•
2023-08-11 22:31:02.095 ERROR c.jktickets.exception.ControllerExceptionHandler  :62   [32m16917642612212j0  [0;39m ä¸šåŠ¡å¼‚å¸¸:å½“å‰æŠ¢ç¥¨äººæ•°å¤šï¼Œè¯·ç¨åé‡è¯•
2023-08-11 22:31:02.095 ERROR c.jktickets.exception.ControllerExceptionHandler  :62   [32m16917642619070mw  [0;39m ä¸šåŠ¡å¼‚å¸¸:å½“å‰æŠ¢ç¥¨äººæ•°å¤šï¼Œè¯·ç¨åé‡è¯•
2023-08-11 22:31:02.095 ERROR c.jktickets.exception.ControllerExceptionHandler  :62   [32m169176426122158w  [0;39m ä¸šåŠ¡å¼‚å¸¸:å½“å‰æŠ¢ç¥¨äººæ•°å¤šï¼Œè¯·ç¨åé‡è¯•
2023-08-11 22:31:02.095 ERROR c.jktickets.exception.ControllerExceptionHandler  :62   [32m1691764261403woj  [0;39m ä¸šåŠ¡å¼‚å¸¸:å½“å‰æŠ¢ç¥¨äººæ•°å¤šï¼Œè¯·ç¨åé‡è¯•
2023-08-11 22:31:02.095 ERROR c.jktickets.exception.ControllerExceptionHandler  :62   [32m1691764261503iao  [0;39m ä¸šåŠ¡å¼‚å¸¸:å½“å‰æŠ¢ç¥¨äººæ•°å¤šï¼Œè¯·ç¨åé‡è¯•
2023-08-11 22:31:02.095 ERROR c.jktickets.exception.ControllerExceptionHandler  :62   [32m1691764261806tkc  [0;39m ä¸šåŠ¡å¼‚å¸¸:å½“å‰æŠ¢ç¥¨äººæ•°å¤šï¼Œè¯·ç¨åé‡è¯•
2023-08-11 22:31:02.096 ERROR c.jktickets.exception.ControllerExceptionHandler  :62   [32m16917642617045co  [0;39m ä¸šåŠ¡å¼‚å¸¸:å½“å‰æŠ¢ç¥¨äººæ•°å¤šï¼Œè¯·ç¨åé‡è¯•
2023-08-11 22:31:02.095 ERROR c.jktickets.exception.ControllerExceptionHandler  :62   [32m16917642616039ur  [0;39m ä¸šåŠ¡å¼‚å¸¸:å½“å‰æŠ¢ç¥¨äººæ•°å¤šï¼Œè¯·ç¨åé‡è¯•
2023-08-11 22:31:02.350 ERROR c.jktickets.exception.ControllerExceptionHandler  :62   [32m1691764261304tl3  [0;39m ä¸šåŠ¡å¼‚å¸¸:ä½™ç¥¨ä¸è¶³
2023-08-11 22:33:38.877 ERROR c.jktickets.exception.ControllerExceptionHandler  :62   [32m16917644176588ps  [0;39m ä¸šåŠ¡å¼‚å¸¸:ä½™ç¥¨ä¸è¶³
2023-08-11 22:33:38.877 ERROR c.jktickets.exception.ControllerExceptionHandler  :62   [32m1691764417846qg0  [0;39m ä¸šåŠ¡å¼‚å¸¸:ä½™ç¥¨ä¸è¶³
2023-08-11 22:33:38.877 ERROR c.jktickets.exception.ControllerExceptionHandler  :62   [32m16917644181484l6  [0;39m ä¸šåŠ¡å¼‚å¸¸:ä½™ç¥¨ä¸è¶³
2023-08-11 22:33:38.877 ERROR c.jktickets.exception.ControllerExceptionHandler  :62   [32m1691764418046bhd  [0;39m ä¸šåŠ¡å¼‚å¸¸:ä½™ç¥¨ä¸è¶³
2023-08-11 22:33:38.877 ERROR c.jktickets.exception.ControllerExceptionHandler  :62   [32m1691764417658yue  [0;39m ä¸šåŠ¡å¼‚å¸¸:ä½™ç¥¨ä¸è¶³
2023-08-11 22:33:38.877 ERROR c.jktickets.exception.ControllerExceptionHandler  :62   [32m169176441794890d  [0;39m ä¸šåŠ¡å¼‚å¸¸:ä½™ç¥¨ä¸è¶³
2023-08-11 22:33:38.877 ERROR c.jktickets.exception.ControllerExceptionHandler  :62   [32m1691764418249z2i  [0;39m ä¸šåŠ¡å¼‚å¸¸:ä½™ç¥¨ä¸è¶³
2023-08-11 22:33:38.877 ERROR c.jktickets.exception.ControllerExceptionHandler  :62   [32m1691764417658ddf  [0;39m ä¸šåŠ¡å¼‚å¸¸:ä½™ç¥¨ä¸è¶³
2023-08-11 22:33:38.878 ERROR c.jktickets.exception.ControllerExceptionHandler  :62   [32m1691764417759zj6  [0;39m ä¸šåŠ¡å¼‚å¸¸:ä½™ç¥¨ä¸è¶³
2023-08-11 22:33:38.891 ERROR c.jktickets.exception.ControllerExceptionHandler  :62   [32m1691764418347mrl  [0;39m ä¸šåŠ¡å¼‚å¸¸:ä½™ç¥¨ä¸è¶³
