2023-07-09 16:05:41.319 INFO  org.hibernate.validator.internal.util.Version     :21   [32m                  [0;39m HV000001: Hibernate Validator 8.0.0.Final
2023-07-09 16:05:41.642 INFO  com.jktickets.BusinessApplication                 :51   [32m                  [0;39m Starting BusinessApplication using Java 17.0.3 with PID 14080 (D:\Project\java\jk-tickets\business-service\target\classes started by Administrator in D:\Project\java\jk-tickets)
2023-07-09 16:05:41.644 INFO  com.jktickets.BusinessApplication                 :630  [32m                  [0;39m No active profile set, falling back to 1 default profile: "default"
2023-07-09 16:05:41.839 INFO  o.s.b.d.env.DevToolsPropertyDefaultsPostProcessor :250  [32m                  [0;39m Devtools property defaults active! Set 'spring.devtools.add-properties' to 'false' to disable
2023-07-09 16:05:41.841 INFO  o.s.b.d.env.DevToolsPropertyDefaultsPostProcessor :250  [32m                  [0;39m For additional web related logging consider setting the 'logging.level.web' property to 'DEBUG'
2023-07-09 16:05:44.589 WARN  org.mybatis.spring.mapper.ClassPathMapperScanner  :44   [32m                  [0;39m No MyBatis mapper was found in '[com.jktickets]' package. Please check your configuration.
2023-07-09 16:05:44.813 INFO  o.springframework.cloud.context.scope.GenericScope:282  [32m                  [0;39m BeanFactory id=5b1ad086-92a2-3312-b384-f0be8750d5f4
2023-07-09 16:05:47.215 INFO  o.s.boot.web.embedded.tomcat.TomcatWebServer      :114  [32m                  [0;39m Tomcat initialized with port(s): 8002 (http)
2023-07-09 16:05:47.260 INFO  org.apache.coyote.http11.Http11NioProtocol        :173  [32m                  [0;39m Initializing ProtocolHandler ["http-nio-8002"]
2023-07-09 16:05:47.261 INFO  org.apache.catalina.core.StandardService          :173  [32m                  [0;39m Starting service [Tomcat]
2023-07-09 16:05:47.261 INFO  org.apache.catalina.core.StandardEngine           :173  [32m                  [0;39m Starting Servlet engine: [Apache Tomcat/10.1.1]
2023-07-09 16:05:47.406 INFO  o.a.c.c.C.[Tomcat].[localhost].[/business]        :173  [32m                  [0;39m Initializing Spring embedded WebApplicationContext
2023-07-09 16:05:47.406 INFO  o.s.b.w.s.c.ServletWebServerApplicationContext    :291  [32m                  [0;39m Root WebApplicationContext: initialization completed in 5564 ms
2023-07-09 16:05:48.886 WARN  o.s.core.LocalVariableTableParameterNameDiscoverer:123  [32m                  [0;39m Using deprecated '-debug' fallback for parameter name resolution. Compile the affected code with '-parameters' instead or avoid its introspection: com.github.pagehelper.autoconfigure.PageHelperStandardProperties
2023-07-09 16:05:49.333 INFO  o.s.b.d.autoconfigure.OptionalLiveReloadServer    :59   [32m                  [0;39m LiveReload server is running on port 35729
2023-07-09 16:05:49.835 INFO  org.apache.coyote.http11.Http11NioProtocol        :173  [32m                  [0;39m Starting ProtocolHandler ["http-nio-8002"]
2023-07-09 16:05:49.882 INFO  o.s.boot.web.embedded.tomcat.TomcatWebServer      :226  [32m                  [0;39m Tomcat started on port(s): 8002 (http) with context path '/business'
2023-07-09 16:05:50.280 INFO  com.jktickets.BusinessApplication                 :57   [32m                  [0;39m Started BusinessApplication in 10.915 seconds (process running for 14.594)
2023-07-09 16:05:50.286 INFO  com.jktickets.BusinessApplication                 :19   [32m                  [0;39m 启动成功！！
2023-07-09 16:05:50.286 INFO  com.jktickets.BusinessApplication                 :21   [32m                  [0;39m 测试地址: 	http://127.0.0.1:8002/business/hello
2023-07-09 16:06:05.204 INFO  o.a.c.c.C.[Tomcat].[localhost].[/business]        :173  [32m                  [0;39m Initializing Spring DispatcherServlet 'dispatcherServlet'
2023-07-09 16:06:05.204 INFO  org.springframework.web.servlet.DispatcherServlet :525  [32m                  [0;39m Initializing Servlet 'dispatcherServlet'
2023-07-09 16:06:05.206 INFO  org.springframework.web.servlet.DispatcherServlet :547  [32m                  [0;39m Completed initialization in 1 ms
2023-07-09 16:06:05.263 INFO  com.jktickets.aspect.LogAspect                    :57   [32m                  [0;39m ------------- 开始 -------------
2023-07-09 16:06:05.264 INFO  com.jktickets.aspect.LogAspect                    :58   [32m                  [0;39m 请求地址: http://127.0.0.1:8002/business/hello GET
2023-07-09 16:06:05.265 INFO  com.jktickets.aspect.LogAspect                    :59   [32m                  [0;39m 类名方法: com.jktickets.controller.TestController.hello
2023-07-09 16:06:05.265 INFO  com.jktickets.aspect.LogAspect                    :60   [32m                  [0;39m 远程地址: 127.0.0.1
2023-07-09 16:06:05.447 INFO  com.jktickets.aspect.LogAspect                    :82   [32m                  [0;39m 请求参数: []
2023-07-09 16:06:05.448 INFO  com.jktickets.aspect.LogAspect                    :94   [32m                  [0;39m 返回结果: "HelloWorld!"
2023-07-09 16:06:05.448 INFO  com.jktickets.aspect.LogAspect                    :95   [32m                  [0;39m ------------- 结束 耗时：186 ms -------------
2023-07-09 16:11:12.233 INFO  com.jktickets.aspect.LogAspect                    :57   [32m                  [0;39m ------------- 开始 -------------
2023-07-09 16:11:12.234 INFO  com.jktickets.aspect.LogAspect                    :58   [32m                  [0;39m 请求地址: http://127.0.0.1:8002/business/hello GET
2023-07-09 16:11:12.234 INFO  com.jktickets.aspect.LogAspect                    :59   [32m                  [0;39m 类名方法: com.jktickets.controller.TestController.hello
2023-07-09 16:11:12.234 INFO  com.jktickets.aspect.LogAspect                    :60   [32m                  [0;39m 远程地址: 127.0.0.1
2023-07-09 16:11:12.235 INFO  com.jktickets.aspect.LogAspect                    :82   [32m                  [0;39m 请求参数: []
2023-07-09 16:11:12.235 INFO  com.jktickets.aspect.LogAspect                    :94   [32m                  [0;39m 返回结果: "HelloWorld!"
2023-07-09 16:11:12.235 INFO  com.jktickets.aspect.LogAspect                    :95   [32m                  [0;39m ------------- 结束 耗时：2 ms -------------
2023-07-09 17:12:38.306 INFO  o.s.b.d.a.LocalDevToolsAutoConfiguration$RestartingClassPathChangeChangedEventListener:211  [32m                  [0;39m Restarting due to 13 class path changes (0 additions, 0 deletions, 13 modifications)
2023-07-09 17:12:38.379 INFO  org.apache.coyote.http11.Http11NioProtocol        :173  [32m                  [0;39m Pausing ProtocolHandler ["http-nio-8002"]
2023-07-09 17:12:38.380 INFO  org.apache.catalina.core.StandardService          :173  [32m                  [0;39m Stopping service [Tomcat]
2023-07-09 17:12:38.384 INFO  o.a.c.c.C.[Tomcat].[localhost].[/business]        :173  [32m                  [0;39m Destroying Spring FrameworkServlet 'dispatcherServlet'
2023-07-09 17:12:38.403 INFO  org.apache.coyote.http11.Http11NioProtocol        :173  [32m                  [0;39m Stopping ProtocolHandler ["http-nio-8002"]
2023-07-09 17:12:38.408 INFO  org.apache.coyote.http11.Http11NioProtocol        :173  [32m                  [0;39m Destroying ProtocolHandler ["http-nio-8002"]
2023-07-09 17:12:39.069 INFO  com.jktickets.BusinessApplication                 :51   [32m                  [0;39m Starting BusinessApplication using Java 17.0.3 with PID 14080 (D:\Project\java\jk-tickets\business-service\target\classes started by Administrator in D:\Project\java\jk-tickets)
2023-07-09 17:12:39.070 INFO  com.jktickets.BusinessApplication                 :630  [32m                  [0;39m No active profile set, falling back to 1 default profile: "default"
2023-07-09 17:12:39.447 WARN  org.mybatis.spring.mapper.ClassPathMapperScanner  :44   [32m                  [0;39m No MyBatis mapper was found in '[com.jktickets]' package. Please check your configuration.
2023-07-09 17:12:39.458 INFO  o.springframework.cloud.context.scope.GenericScope:282  [32m                  [0;39m BeanFactory id=5b1ad086-92a2-3312-b384-f0be8750d5f4
2023-07-09 17:12:39.720 INFO  o.s.boot.web.embedded.tomcat.TomcatWebServer      :114  [32m                  [0;39m Tomcat initialized with port(s): 8002 (http)
2023-07-09 17:12:39.721 INFO  org.apache.coyote.http11.Http11NioProtocol        :173  [32m                  [0;39m Initializing ProtocolHandler ["http-nio-8002"]
2023-07-09 17:12:39.722 INFO  org.apache.catalina.core.StandardService          :173  [32m                  [0;39m Starting service [Tomcat]
2023-07-09 17:12:39.723 INFO  org.apache.catalina.core.StandardEngine           :173  [32m                  [0;39m Starting Servlet engine: [Apache Tomcat/10.1.1]
2023-07-09 17:12:39.747 INFO  o.a.c.c.C.[Tomcat].[localhost].[/business]        :173  [32m                  [0;39m Initializing Spring embedded WebApplicationContext
2023-07-09 17:12:39.747 INFO  o.s.b.w.s.c.ServletWebServerApplicationContext    :291  [32m                  [0;39m Root WebApplicationContext: initialization completed in 672 ms
2023-07-09 17:12:40.316 WARN  o.s.core.LocalVariableTableParameterNameDiscoverer:123  [32m                  [0;39m Using deprecated '-debug' fallback for parameter name resolution. Compile the affected code with '-parameters' instead or avoid its introspection: com.github.pagehelper.autoconfigure.PageHelperStandardProperties
2023-07-09 17:12:40.628 INFO  o.s.b.d.autoconfigure.OptionalLiveReloadServer    :59   [32m                  [0;39m LiveReload server is running on port 35729
2023-07-09 17:12:41.107 INFO  org.apache.coyote.http11.Http11NioProtocol        :173  [32m                  [0;39m Starting ProtocolHandler ["http-nio-8002"]
2023-07-09 17:12:41.114 INFO  o.s.boot.web.embedded.tomcat.TomcatWebServer      :226  [32m                  [0;39m Tomcat started on port(s): 8002 (http) with context path '/business'
2023-07-09 17:12:41.576 INFO  com.jktickets.BusinessApplication                 :57   [32m                  [0;39m Started BusinessApplication in 3.015 seconds (process running for 4025.89)
2023-07-09 17:12:41.580 INFO  o.s.b.d.a.ConditionEvaluationDeltaLoggingListener :63   [32m                  [0;39m Condition evaluation unchanged
2023-07-09 17:12:41.580 INFO  com.jktickets.BusinessApplication                 :19   [32m                  [0;39m 启动成功！！
2023-07-09 17:12:41.581 INFO  com.jktickets.BusinessApplication                 :21   [32m                  [0;39m 测试地址: 	http://127.0.0.1:8002/business/hello
