2023-07-17 20:08:50.441 INFO  org.hibernate.validator.internal.util.Version     :21   [32m                  [0;39m HV000001: Hibernate Validator 8.0.0.Final
2023-07-17 20:08:50.497 INFO  com.jktickets.BusinessApplication                 :51   [32m                  [0;39m Starting BusinessApplication using Java 17.0.3 with PID 19152 (D:\Project\java\jk-tickets\business-service\target\classes started by Administrator in D:\Project\java\jk-tickets)
2023-07-17 20:08:50.498 INFO  com.jktickets.BusinessApplication                 :630  [32m                  [0;39m No active profile set, falling back to 1 default profile: "default"
2023-07-17 20:08:50.572 INFO  o.s.b.d.env.DevToolsPropertyDefaultsPostProcessor :250  [32m                  [0;39m Devtools property defaults active! Set 'spring.devtools.add-properties' to 'false' to disable
2023-07-17 20:08:50.573 INFO  o.s.b.d.env.DevToolsPropertyDefaultsPostProcessor :250  [32m                  [0;39m For additional web related logging consider setting the 'logging.level.web' property to 'DEBUG'
2023-07-17 20:08:51.862 INFO  o.springframework.cloud.context.scope.GenericScope:282  [32m                  [0;39m BeanFactory id=189960f6-3db1-3ee5-b08c-9ea4bbda0026
2023-07-17 20:08:52.789 INFO  o.s.boot.web.embedded.tomcat.TomcatWebServer      :114  [32m                  [0;39m Tomcat initialized with port(s): 8002 (http)
2023-07-17 20:08:52.801 INFO  org.apache.coyote.http11.Http11NioProtocol        :173  [32m                  [0;39m Initializing ProtocolHandler ["http-nio-8002"]
2023-07-17 20:08:52.801 INFO  org.apache.catalina.core.StandardService          :173  [32m                  [0;39m Starting service [Tomcat]
2023-07-17 20:08:52.802 INFO  org.apache.catalina.core.StandardEngine           :173  [32m                  [0;39m Starting Servlet engine: [Apache Tomcat/10.1.1]
2023-07-17 20:08:52.887 INFO  o.a.c.c.C.[Tomcat].[localhost].[/business]        :173  [32m                  [0;39m Initializing Spring embedded WebApplicationContext
2023-07-17 20:08:52.890 INFO  o.s.b.w.s.c.ServletWebServerApplicationContext    :291  [32m                  [0;39m Root WebApplicationContext: initialization completed in 2314 ms
2023-07-17 20:08:54.290 WARN  o.s.core.LocalVariableTableParameterNameDiscoverer:123  [32m                  [0;39m Using deprecated '-debug' fallback for parameter name resolution. Compile the affected code with '-parameters' instead or avoid its introspection: com.github.pagehelper.autoconfigure.PageHelperStandardProperties
2023-07-17 20:08:54.588 WARN  o.s.b.d.autoconfigure.OptionalLiveReloadServer    :62   [32m                  [0;39m Unable to start LiveReload server
2023-07-17 20:08:55.064 INFO  org.apache.coyote.http11.Http11NioProtocol        :173  [32m                  [0;39m Starting ProtocolHandler ["http-nio-8002"]
2023-07-17 20:08:55.096 INFO  o.s.boot.web.embedded.tomcat.TomcatWebServer      :226  [32m                  [0;39m Tomcat started on port(s): 8002 (http) with context path '/business'
2023-07-17 20:08:55.456 INFO  com.jktickets.BusinessApplication                 :57   [32m                  [0;39m Started BusinessApplication in 6.332 seconds (process running for 8.325)
2023-07-17 20:08:55.459 INFO  com.jktickets.BusinessApplication                 :21   [32m                  [0;39m å¯åŠ¨æˆåŠŸï¼ï¼
2023-07-17 20:08:55.460 INFO  com.jktickets.BusinessApplication                 :23   [32m                  [0;39m æµ‹è¯•åœ°å€: 	http://127.0.0.1:8002/business/hello
2023-07-17 20:48:11.172 INFO  o.a.c.c.C.[Tomcat].[localhost].[/business]        :173  [32m                  [0;39m Initializing Spring DispatcherServlet 'dispatcherServlet'
2023-07-17 20:48:11.173 INFO  org.springframework.web.servlet.DispatcherServlet :525  [32m                  [0;39m Initializing Servlet 'dispatcherServlet'
2023-07-17 20:48:11.176 INFO  org.springframework.web.servlet.DispatcherServlet :547  [32m                  [0;39m Completed initialization in 2 ms
2023-07-17 20:48:11.223 INFO  com.jktickets.aspect.LogAspect                    :57   [32m16895980912043la  [0;39m ------------- å¼€å§‹ -------------
2023-07-17 20:48:11.224 INFO  com.jktickets.aspect.LogAspect                    :58   [32m16895980912043la  [0;39m è¯·æ±‚åœ°å€: http://127.0.0.1:8002/business/admin/train/queryAll GET
2023-07-17 20:48:11.225 INFO  com.jktickets.aspect.LogAspect                    :59   [32m16895980912043la  [0;39m ç±»åæ–¹æ³•: com.jktickets.controller.admin.TrainAdminController.queryAllTrainList
2023-07-17 20:48:11.225 INFO  com.jktickets.aspect.LogAspect                    :60   [32m16895980912043la  [0;39m è¿œç¨‹åœ°å€: 127.0.0.1
2023-07-17 20:48:11.275 INFO  com.jktickets.aspect.LogAspect                    :82   [32m16895980912043la  [0;39m è¯·æ±‚å‚æ•°: []
2023-07-17 20:48:11.276 INFO  com.jktickets.aspect.LogAspect                    :106  [32m16895980912043la  [0;39m æ‰§è¡ŒSQL:  selectByExample | execution(List com.jktickets.mapper.TrainMapper.selectByExample(TrainExample))
2023-07-17 20:48:11.277 INFO  com.jktickets.aspect.LogAspect                    :111  [32m16895980912043la  [0;39m å‚æ•°å€¼: com.jktickets.domain.TrainExample@6cc33bd7
2023-07-17 20:48:11.311 INFO  com.jktickets.aspect.LogAspect                    :57   [32m1689598091204m03  [0;39m ------------- å¼€å§‹ -------------
2023-07-17 20:48:11.312 INFO  com.jktickets.aspect.LogAspect                    :58   [32m1689598091204m03  [0;39m è¯·æ±‚åœ°å€: http://127.0.0.1:8002/business/admin/dailyTrainSeat/queryList GET
2023-07-17 20:48:11.312 INFO  com.jktickets.aspect.LogAspect                    :59   [32m1689598091204m03  [0;39m ç±»åæ–¹æ³•: com.jktickets.controller.admin.DailyTrainSeatAdminController.queryDailyTrainSeatList
2023-07-17 20:48:11.312 INFO  com.jktickets.aspect.LogAspect                    :60   [32m1689598091204m03  [0;39m è¿œç¨‹åœ°å€: 127.0.0.1
2023-07-17 20:48:11.335 INFO  com.zaxxer.hikari.HikariDataSource                :110  [32m16895980912043la  [0;39m HikariPool-1 - Starting...
2023-07-17 20:48:11.343 INFO  com.jktickets.aspect.LogAspect                    :82   [32m1689598091204m03  [0;39m è¯·æ±‚å‚æ•°: [{"page":1,"size":10}]
2023-07-17 20:48:11.350 INFO  com.jktickets.aspect.LogAspect                    :106  [32m1689598091204m03  [0;39m æ‰§è¡ŒSQL:  selectByExample | execution(List com.jktickets.mapper.DailyTrainSeatMapper.selectByExample(DailyTrainSeatExample))
2023-07-17 20:48:11.351 INFO  com.jktickets.aspect.LogAspect                    :111  [32m1689598091204m03  [0;39m å‚æ•°å€¼: com.jktickets.domain.DailyTrainSeatExample@69294a96
2023-07-17 20:48:11.685 INFO  com.zaxxer.hikari.pool.HikariPool                 :565  [32m16895980912043la  [0;39m HikariPool-1 - Added connection com.mysql.cj.jdbc.ConnectionImpl@4689be0d
2023-07-17 20:48:11.687 INFO  com.zaxxer.hikari.HikariDataSource                :123  [32m16895980912043la  [0;39m HikariPool-1 - Start completed.
2023-07-17 20:48:11.782 INFO  com.jktickets.aspect.LogAspect                    :120  [32m16895980912043la  [0;39m SQLæ‰§è¡Œå®Œæˆ: selectByExample | execution(List com.jktickets.mapper.TrainMapper.selectByExample(TrainExample))
2023-07-17 20:48:11.822 INFO  com.jktickets.aspect.LogAspect                    :120  [32m1689598091204m03  [0;39m SQLæ‰§è¡Œå®Œæˆ: selectByExample | execution(List com.jktickets.mapper.DailyTrainSeatMapper.selectByExample(DailyTrainSeatExample))
2023-07-17 20:48:11.825 INFO  com.jktickets.service.DailyTrainSeatService       :96   [32m1689598091204m03  [0;39m æ€»è¡Œæ•°ï¼š37
2023-07-17 20:48:11.826 INFO  com.jktickets.service.DailyTrainSeatService       :97   [32m1689598091204m03  [0;39m æ€»é¡µæ•°ï¼š4
2023-07-17 20:48:11.858 INFO  com.jktickets.aspect.LogAspect                    :94   [32m16895980912043la  [0;39m è¿”å›ç»“æœ: {"code":0,"message":"","result":[{"code":"01","createTime":1689430563000,"end":"æ¸©å·","endPinyin":"wenzhou","endTime":-21600000,"id":1680219682084360192,"start":"ä¸Šæµ·","startPinyin":"shanghai","startTime":-25198000,"type":"G","updateTime":1689430645462}],"success":true}
2023-07-17 20:48:11.859 INFO  com.jktickets.aspect.LogAspect                    :95   [32m16895980912043la  [0;39m ------------- ç»“æŸ è€—æ—¶ï¼š637 ms -------------
2023-07-17 20:48:11.860 INFO  com.jktickets.aspect.LogAspect                    :94   [32m1689598091204m03  [0;39m è¿”å›ç»“æœ: {"code":0,"message":"","result":{"list":[{"carriageIndex":1,"carriageSeatIndex":1,"col":"A","createTime":1689514017571,"date":1689436800000,"id":1680569712410497024,"row":"01","seatType":"1","sell":"0","trainCode":"01","updateTime":1689514017571},{"carriageIndex":1,"carriageSeatIndex":2,"col":"C","createTime":1689514017598,"date":1689436800000,"id":1680569712527937536,"row":"01","seatType":"1","sell":"0","trainCode":"01","updateTime":1689514017598},{"carriageIndex":1,"carriageSeatIndex":3,"col":"D","createTime":1689514017627,"date":1689436800000,"id":1680569712649572352,"row":"01","seatType":"1","sell":"0","trainCode":"01","updateTime":1689514017627},{"carriageIndex":1,"carriageSeatIndex":4,"col":"F","createTime":1689514017653,"date":1689436800000,"id":1680569712754429952,"row":"01","seatType":"1","sell":"0","trainCode":"01","updateTime":1689514017653},{"carriageIndex":1,"carriageSeatIndex":5,"col":"A","createTime":1689514017679,"date":1689436800000,"id":1680569712867676160,"row":"02","seatType":"1","sell":"0","trainCode":"01","updateTime":1689514017679},{"carriageIndex":1,"carriageSeatIndex":6,"col":"C","createTime":1689514017704,"date":1689436800000,"id":1680569712968339456,"row":"02","seatType":"1","sell":"0","trainCode":"01","updateTime":1689514017704},{"carriageIndex":1,"carriageSeatIndex":7,"col":"D","createTime":1689514017741,"date":1689436800000,"id":1680569713123528704,"row":"02","seatType":"1","sell":"0","trainCode":"01","updateTime":1689514017741},{"carriageIndex":1,"carriageSeatIndex":8,"col":"F","createTime":1689514017768,"date":1689436800000,"id":1680569713236774912,"row":"02","seatType":"1","sell":"0","trainCode":"01","updateTime":1689514017768},{"carriageIndex":1,"carriageSeatIndex":9,"col":"A","createTime":1689514017797,"date":1689436800000,"id":1680569713358409728,"row":"03","seatType":"1","sell":"0","trainCode":"01","updateTime":1689514017797},{"carriageIndex":1,"carriageSeatIndex":10,"col":"C","createTime":1689514017836,"date":1689436800000,"id":1680569713521987584,"row":"03","seatType":"1","sell":"0","trainCode":"01","updateTime":1689514017836}],"total":37},"success":true}
2023-07-17 20:48:11.860 INFO  com.jktickets.aspect.LogAspect                    :95   [32m1689598091204m03  [0;39m ------------- ç»“æŸ è€—æ—¶ï¼š549 ms -------------
2023-07-17 20:48:18.180 INFO  com.jktickets.aspect.LogAspect                    :57   [32m16895980981741k2  [0;39m ------------- å¼€å§‹ -------------
2023-07-17 20:48:18.181 INFO  com.jktickets.aspect.LogAspect                    :58   [32m16895980981741k2  [0;39m è¯·æ±‚åœ°å€: http://127.0.0.1:8002/business/admin/train/queryList GET
2023-07-17 20:48:18.182 INFO  com.jktickets.aspect.LogAspect                    :59   [32m16895980981741k2  [0;39m ç±»åæ–¹æ³•: com.jktickets.controller.admin.TrainAdminController.queryTrainList
2023-07-17 20:48:18.182 INFO  com.jktickets.aspect.LogAspect                    :60   [32m16895980981741k2  [0;39m è¿œç¨‹åœ°å€: 127.0.0.1
2023-07-17 20:48:18.186 INFO  com.jktickets.aspect.LogAspect                    :82   [32m16895980981741k2  [0;39m è¯·æ±‚å‚æ•°: [{"page":1,"size":10}]
2023-07-17 20:48:18.187 INFO  com.jktickets.aspect.LogAspect                    :106  [32m16895980981741k2  [0;39m æ‰§è¡ŒSQL:  selectByExample | execution(List com.jktickets.mapper.TrainMapper.selectByExample(TrainExample))
2023-07-17 20:48:18.188 INFO  com.jktickets.aspect.LogAspect                    :111  [32m16895980981741k2  [0;39m å‚æ•°å€¼: com.jktickets.domain.TrainExample@6663b79
2023-07-17 20:48:18.243 INFO  com.jktickets.aspect.LogAspect                    :120  [32m16895980981741k2  [0;39m SQLæ‰§è¡Œå®Œæˆ: selectByExample | execution(List com.jktickets.mapper.TrainMapper.selectByExample(TrainExample))
2023-07-17 20:48:18.244 INFO  com.jktickets.service.TrainService                :98   [32m16895980981741k2  [0;39m æ€»è¡Œæ•°ï¼š1
2023-07-17 20:48:18.244 INFO  com.jktickets.service.TrainService                :99   [32m16895980981741k2  [0;39m æ€»é¡µæ•°ï¼š1
2023-07-17 20:48:18.244 INFO  com.jktickets.aspect.LogAspect                    :94   [32m16895980981741k2  [0;39m è¿”å›ç»“æœ: {"code":0,"message":"","result":{"list":[{"code":"01","createTime":1689430563000,"end":"æ¸©å·","endPinyin":"wenzhou","endTime":-21600000,"id":1680219682084360192,"start":"ä¸Šæµ·","startPinyin":"shanghai","startTime":-25198000,"type":"G","updateTime":1689430645462}],"total":1},"success":true}
2023-07-17 20:48:18.245 INFO  com.jktickets.aspect.LogAspect                    :95   [32m16895980981741k2  [0;39m ------------- ç»“æŸ è€—æ—¶ï¼š65 ms -------------
2023-07-17 20:48:20.802 INFO  com.jktickets.aspect.LogAspect                    :57   [32m1689598100802lmv  [0;39m ------------- å¼€å§‹ -------------
2023-07-17 20:48:20.803 INFO  com.jktickets.aspect.LogAspect                    :58   [32m1689598100802lmv  [0;39m è¯·æ±‚åœ°å€: http://127.0.0.1:8002/business/admin/station/queryAll GET
2023-07-17 20:48:20.803 INFO  com.jktickets.aspect.LogAspect                    :59   [32m1689598100802lmv  [0;39m ç±»åæ–¹æ³•: com.jktickets.controller.admin.StationAdminController.queryAllStationList
2023-07-17 20:48:20.803 INFO  com.jktickets.aspect.LogAspect                    :60   [32m1689598100802lmv  [0;39m è¿œç¨‹åœ°å€: 127.0.0.1
2023-07-17 20:48:20.804 INFO  com.jktickets.aspect.LogAspect                    :82   [32m1689598100802lmv  [0;39m è¯·æ±‚å‚æ•°: []
2023-07-17 20:48:20.805 INFO  com.jktickets.aspect.LogAspect                    :106  [32m1689598100802lmv  [0;39m æ‰§è¡ŒSQL:  selectByExample | execution(List com.jktickets.mapper.StationMapper.selectByExample(StationExample))
2023-07-17 20:48:20.805 INFO  com.jktickets.aspect.LogAspect                    :111  [32m1689598100802lmv  [0;39m å‚æ•°å€¼: com.jktickets.domain.StationExample@5bd0cdb2
2023-07-17 20:48:20.835 INFO  com.jktickets.aspect.LogAspect                    :120  [32m1689598100802lmv  [0;39m SQLæ‰§è¡Œå®Œæˆ: selectByExample | execution(List com.jktickets.mapper.StationMapper.selectByExample(StationExample))
2023-07-17 20:48:20.842 INFO  com.jktickets.aspect.LogAspect                    :94   [32m1689598100802lmv  [0;39m è¿”å›ç»“æœ: {"code":0,"message":"","result":[{"createTime":1689430602268,"id":1680219843401486336,"name":"æ­å·","namePinyin":"hangzhou","namePy":"hz","updateTime":1689430602268},{"createTime":1689427282591,"id":1680205919650189312,"name":"ä¸Šæµ·","namePinyin":"shanghai","namePy":"sh","updateTime":1689427282591},{"createTime":1689427268871,"id":1680205862385356800,"name":"æ¸©å·","namePinyin":"wenzhou","namePy":"wz","updateTime":1689427268871}],"success":true}
2023-07-17 20:48:20.842 INFO  com.jktickets.aspect.LogAspect                    :95   [32m1689598100802lmv  [0;39m ------------- ç»“æŸ è€—æ—¶ï¼š40 ms -------------
2023-07-17 20:48:20.854 INFO  com.jktickets.aspect.LogAspect                    :57   [32m1689598100854r3u  [0;39m ------------- å¼€å§‹ -------------
2023-07-17 20:48:20.854 INFO  com.jktickets.aspect.LogAspect                    :58   [32m1689598100854r3u  [0;39m è¯·æ±‚åœ°å€: http://127.0.0.1:8002/business/admin/station/queryAll GET
2023-07-17 20:48:20.855 INFO  com.jktickets.aspect.LogAspect                    :59   [32m1689598100854r3u  [0;39m ç±»åæ–¹æ³•: com.jktickets.controller.admin.StationAdminController.queryAllStationList
2023-07-17 20:48:20.855 INFO  com.jktickets.aspect.LogAspect                    :60   [32m1689598100854r3u  [0;39m è¿œç¨‹åœ°å€: 127.0.0.1
2023-07-17 20:48:20.855 INFO  com.jktickets.aspect.LogAspect                    :82   [32m1689598100854r3u  [0;39m è¯·æ±‚å‚æ•°: []
2023-07-17 20:48:20.855 INFO  com.jktickets.aspect.LogAspect                    :106  [32m1689598100854r3u  [0;39m æ‰§è¡ŒSQL:  selectByExample | execution(List com.jktickets.mapper.StationMapper.selectByExample(StationExample))
2023-07-17 20:48:20.856 INFO  com.jktickets.aspect.LogAspect                    :111  [32m1689598100854r3u  [0;39m å‚æ•°å€¼: com.jktickets.domain.StationExample@95ce363
2023-07-17 20:48:20.871 INFO  com.jktickets.aspect.LogAspect                    :120  [32m1689598100854r3u  [0;39m SQLæ‰§è¡Œå®Œæˆ: selectByExample | execution(List com.jktickets.mapper.StationMapper.selectByExample(StationExample))
2023-07-17 20:48:20.872 INFO  com.jktickets.aspect.LogAspect                    :94   [32m1689598100854r3u  [0;39m è¿”å›ç»“æœ: {"code":0,"message":"","result":[{"createTime":1689430602268,"id":1680219843401486336,"name":"æ­å·","namePinyin":"hangzhou","namePy":"hz","updateTime":1689430602268},{"createTime":1689427282591,"id":1680205919650189312,"name":"ä¸Šæµ·","namePinyin":"shanghai","namePy":"sh","updateTime":1689427282591},{"createTime":1689427268871,"id":1680205862385356800,"name":"æ¸©å·","namePinyin":"wenzhou","namePy":"wz","updateTime":1689427268871}],"success":true}
2023-07-17 20:48:20.873 INFO  com.jktickets.aspect.LogAspect                    :95   [32m1689598100854r3u  [0;39m ------------- ç»“æŸ è€—æ—¶ï¼š19 ms -------------
2023-07-17 21:02:18.184 INFO  com.zaxxer.hikari.HikariDataSource                :350  [32m                  [0;39m HikariPool-1 - Shutdown initiated...
2023-07-17 21:02:18.192 INFO  com.zaxxer.hikari.HikariDataSource                :352  [32m                  [0;39m HikariPool-1 - Shutdown completed.
