2023-07-22 12:10:19.120 INFO  org.hibernate.validator.internal.util.Version     :21   [32m                  [0;39m HV000001: Hibernate Validator 8.0.0.Final
2023-07-22 12:10:19.173 INFO  com.jktickets.BusinessApplication                 :51   [32m                  [0;39m Starting BusinessApplication using Java 17.0.3 with PID 15076 (D:\Project\java\jk-tickets\business-service\target\classes started by Administrator in D:\Project\java\jk-tickets)
2023-07-22 12:10:19.175 INFO  com.jktickets.BusinessApplication                 :630  [32m                  [0;39m No active profile set, falling back to 1 default profile: "default"
2023-07-22 12:10:19.241 INFO  o.s.b.d.env.DevToolsPropertyDefaultsPostProcessor :250  [32m                  [0;39m Devtools property defaults active! Set 'spring.devtools.add-properties' to 'false' to disable
2023-07-22 12:10:19.242 INFO  o.s.b.d.env.DevToolsPropertyDefaultsPostProcessor :250  [32m                  [0;39m For additional web related logging consider setting the 'logging.level.web' property to 'DEBUG'
2023-07-22 12:10:20.953 INFO  o.springframework.cloud.context.scope.GenericScope:282  [32m                  [0;39m BeanFactory id=a2d2181d-ab17-3664-9e1a-3e2eda0baeea
2023-07-22 12:10:21.899 INFO  o.s.boot.web.embedded.tomcat.TomcatWebServer      :114  [32m                  [0;39m Tomcat initialized with port(s): 8002 (http)
2023-07-22 12:10:21.912 INFO  org.apache.coyote.http11.Http11NioProtocol        :173  [32m                  [0;39m Initializing ProtocolHandler ["http-nio-8002"]
2023-07-22 12:10:21.913 INFO  org.apache.catalina.core.StandardService          :173  [32m                  [0;39m Starting service [Tomcat]
2023-07-22 12:10:21.913 INFO  org.apache.catalina.core.StandardEngine           :173  [32m                  [0;39m Starting Servlet engine: [Apache Tomcat/10.1.1]
2023-07-22 12:10:21.994 INFO  o.a.c.c.C.[Tomcat].[localhost].[/business]        :173  [32m                  [0;39m Initializing Spring embedded WebApplicationContext
2023-07-22 12:10:21.994 INFO  o.s.b.w.s.c.ServletWebServerApplicationContext    :291  [32m                  [0;39m Root WebApplicationContext: initialization completed in 2752 ms
2023-07-22 12:10:23.653 WARN  o.s.core.LocalVariableTableParameterNameDiscoverer:123  [32m                  [0;39m Using deprecated '-debug' fallback for parameter name resolution. Compile the affected code with '-parameters' instead or avoid its introspection: com.github.pagehelper.autoconfigure.PageHelperStandardProperties
2023-07-22 12:10:24.021 WARN  o.s.b.d.autoconfigure.OptionalLiveReloadServer    :62   [32m                  [0;39m Unable to start LiveReload server
2023-07-22 12:10:24.534 INFO  org.apache.coyote.http11.Http11NioProtocol        :173  [32m                  [0;39m Starting ProtocolHandler ["http-nio-8002"]
2023-07-22 12:10:24.562 INFO  o.s.boot.web.embedded.tomcat.TomcatWebServer      :226  [32m                  [0;39m Tomcat started on port(s): 8002 (http) with context path '/business'
2023-07-22 12:10:24.976 INFO  com.jktickets.BusinessApplication                 :57   [32m                  [0;39m Started BusinessApplication in 7.116 seconds (process running for 8.238)
2023-07-22 12:10:24.980 INFO  com.jktickets.BusinessApplication                 :21   [32m                  [0;39m å¯åŠ¨æˆåŠŸï¼ï¼
2023-07-22 12:10:24.981 INFO  com.jktickets.BusinessApplication                 :23   [32m                  [0;39m æµ‹è¯•åœ°å€: 	http://127.0.0.1:8002/business/hello
2023-07-22 15:28:07.215 INFO  o.a.c.c.C.[Tomcat].[localhost].[/business]        :173  [32m                  [0;39m Initializing Spring DispatcherServlet 'dispatcherServlet'
2023-07-22 15:28:07.222 INFO  org.springframework.web.servlet.DispatcherServlet :525  [32m                  [0;39m Initializing Servlet 'dispatcherServlet'
2023-07-22 15:28:07.247 INFO  org.springframework.web.servlet.DispatcherServlet :547  [32m                  [0;39m Completed initialization in 24 ms
2023-07-22 15:28:07.297 INFO  com.jktickets.interceptor.MemberInterceptor       :32   [32m1690010887289xpw  [0;39m è·å–ä¼šå‘˜ç™»å½•tokenï¼šeyJ0eXAiOiJKV1QiLCJhbGciOiJIUzI1NiJ9.eyJuYmYiOjE2OTAwMTA4ODAsIm1vYmlsZSI6IjEzMDAwMDAwMDAwIiwiaWQiOjE2ODA5MzI5MDI3OTc0NDcxNjgsImV4cCI6MTY5MDA5NzI4MCwiaWF0IjoxNjkwMDEwODgwfQ.MoOWbhSIUrf-D0sFiQZTHUpcjBWW0tyfHqPdVuDBCDE
2023-07-22 15:28:07.638 INFO  com.jktickets.utils.JwtUtil                       :64   [32m1690010887289xpw  [0;39m æ ¹æ®tokenè·å–åŸå§‹å†…å®¹ï¼š{"mobile":"13000000000","id":1680932902797447168}
2023-07-22 15:28:07.643 INFO  com.jktickets.interceptor.MemberInterceptor       :35   [32m1690010887289xpw  [0;39m å½“å‰ç™»å½•ä¼šå‘˜ï¼š{"mobile":"13000000000","id":1680932902797447168}
2023-07-22 15:28:07.741 INFO  com.jktickets.aspect.LogAspect                    :57   [32m1690010887289xpw  [0;39m ------------- å¼€å§‹ -------------
2023-07-22 15:28:07.742 INFO  com.jktickets.aspect.LogAspect                    :58   [32m1690010887289xpw  [0;39m è¯·æ±‚åœ°å€: http://127.0.0.1:8002/business/station/queryAll GET
2023-07-22 15:28:07.743 INFO  com.jktickets.aspect.LogAspect                    :59   [32m1690010887289xpw  [0;39m ç±»åæ–¹æ³•: com.jktickets.controller.StationController.queryAllStationList
2023-07-22 15:28:07.743 INFO  com.jktickets.aspect.LogAspect                    :60   [32m1690010887289xpw  [0;39m è¿œç¨‹åœ°å€: 127.0.0.1
2023-07-22 15:28:07.789 INFO  com.jktickets.aspect.LogAspect                    :82   [32m1690010887289xpw  [0;39m è¯·æ±‚å‚æ•°: []
2023-07-22 15:28:07.792 INFO  com.jktickets.aspect.LogAspect                    :106  [32m1690010887289xpw  [0;39m æ‰§è¡ŒSQL:  selectByExample | execution(List com.jktickets.mapper.StationMapper.selectByExample(StationExample))
2023-07-22 15:28:07.792 INFO  com.jktickets.aspect.LogAspect                    :111  [32m1690010887289xpw  [0;39m å‚æ•°å€¼: com.jktickets.domain.StationExample@4f8ad60c
2023-07-22 15:28:07.864 INFO  com.zaxxer.hikari.HikariDataSource                :110  [32m1690010887289xpw  [0;39m HikariPool-1 - Starting...
2023-07-22 15:28:08.220 INFO  com.zaxxer.hikari.pool.HikariPool                 :565  [32m1690010887289xpw  [0;39m HikariPool-1 - Added connection com.mysql.cj.jdbc.ConnectionImpl@312d199b
2023-07-22 15:28:08.223 INFO  com.zaxxer.hikari.HikariDataSource                :123  [32m1690010887289xpw  [0;39m HikariPool-1 - Start completed.
2023-07-22 15:28:08.335 INFO  com.jktickets.aspect.LogAspect                    :120  [32m1690010887289xpw  [0;39m SQLæ‰§è¡Œå®Œæˆ: selectByExample | execution(List com.jktickets.mapper.StationMapper.selectByExample(StationExample))
2023-07-22 15:28:08.402 INFO  com.jktickets.aspect.LogAspect                    :94   [32m1690010887289xpw  [0;39m è¿”å›ç»“æœ: {"code":0,"message":"","result":[{"createTime":1689430602268,"id":1680219843401486336,"name":"æ­å·","namePinyin":"hangzhou","namePy":"hz","updateTime":1689430602268},{"createTime":1689427282591,"id":1680205919650189312,"name":"ä¸Šæµ·","namePinyin":"shanghai","namePy":"sh","updateTime":1689427282591},{"createTime":1689427268871,"id":1680205862385356800,"name":"æ¸©å·","namePinyin":"wenzhou","namePy":"wz","updateTime":1689427268871}],"success":true}
2023-07-22 15:28:08.403 INFO  com.jktickets.aspect.LogAspect                    :95   [32m1690010887289xpw  [0;39m ------------- ç»“æŸ è€—æ—¶ï¼š663 ms -------------
2023-07-22 15:28:08.542 INFO  com.jktickets.interceptor.MemberInterceptor       :32   [32m1690010888542efl  [0;39m è·å–ä¼šå‘˜ç™»å½•tokenï¼šeyJ0eXAiOiJKV1QiLCJhbGciOiJIUzI1NiJ9.eyJuYmYiOjE2OTAwMTA4ODAsIm1vYmlsZSI6IjEzMDAwMDAwMDAwIiwiaWQiOjE2ODA5MzI5MDI3OTc0NDcxNjgsImV4cCI6MTY5MDA5NzI4MCwiaWF0IjoxNjkwMDEwODgwfQ.MoOWbhSIUrf-D0sFiQZTHUpcjBWW0tyfHqPdVuDBCDE
2023-07-22 15:28:08.543 INFO  com.jktickets.utils.JwtUtil                       :64   [32m1690010888542efl  [0;39m æ ¹æ®tokenè·å–åŸå§‹å†…å®¹ï¼š{"mobile":"13000000000","id":1680932902797447168}
2023-07-22 15:28:08.543 INFO  com.jktickets.interceptor.MemberInterceptor       :35   [32m1690010888542efl  [0;39m å½“å‰ç™»å½•ä¼šå‘˜ï¼š{"mobile":"13000000000","id":1680932902797447168}
2023-07-22 15:28:08.544 INFO  com.jktickets.aspect.LogAspect                    :57   [32m1690010888542efl  [0;39m ------------- å¼€å§‹ -------------
2023-07-22 15:28:08.545 INFO  com.jktickets.aspect.LogAspect                    :58   [32m1690010888542efl  [0;39m è¯·æ±‚åœ°å€: http://127.0.0.1:8002/business/station/queryAll GET
2023-07-22 15:28:08.545 INFO  com.jktickets.aspect.LogAspect                    :59   [32m1690010888542efl  [0;39m ç±»åæ–¹æ³•: com.jktickets.controller.StationController.queryAllStationList
2023-07-22 15:28:08.546 INFO  com.jktickets.aspect.LogAspect                    :60   [32m1690010888542efl  [0;39m è¿œç¨‹åœ°å€: 127.0.0.1
2023-07-22 15:28:08.546 INFO  com.jktickets.aspect.LogAspect                    :82   [32m1690010888542efl  [0;39m è¯·æ±‚å‚æ•°: []
2023-07-22 15:28:08.546 INFO  com.jktickets.aspect.LogAspect                    :106  [32m1690010888542efl  [0;39m æ‰§è¡ŒSQL:  selectByExample | execution(List com.jktickets.mapper.StationMapper.selectByExample(StationExample))
2023-07-22 15:28:08.546 INFO  com.jktickets.aspect.LogAspect                    :111  [32m1690010888542efl  [0;39m å‚æ•°å€¼: com.jktickets.domain.StationExample@54596c9c
2023-07-22 15:28:08.577 INFO  com.jktickets.aspect.LogAspect                    :120  [32m1690010888542efl  [0;39m SQLæ‰§è¡Œå®Œæˆ: selectByExample | execution(List com.jktickets.mapper.StationMapper.selectByExample(StationExample))
2023-07-22 15:28:08.579 INFO  com.jktickets.aspect.LogAspect                    :94   [32m1690010888542efl  [0;39m è¿”å›ç»“æœ: {"code":0,"message":"","result":[{"createTime":1689430602268,"id":1680219843401486336,"name":"æ­å·","namePinyin":"hangzhou","namePy":"hz","updateTime":1689430602268},{"createTime":1689427282591,"id":1680205919650189312,"name":"ä¸Šæµ·","namePinyin":"shanghai","namePy":"sh","updateTime":1689427282591},{"createTime":1689427268871,"id":1680205862385356800,"name":"æ¸©å·","namePinyin":"wenzhou","namePy":"wz","updateTime":1689427268871}],"success":true}
2023-07-22 15:28:08.579 INFO  com.jktickets.aspect.LogAspect                    :95   [32m1690010888542efl  [0;39m ------------- ç»“æŸ è€—æ—¶ï¼š35 ms -------------
2023-07-22 15:28:13.748 INFO  com.jktickets.interceptor.MemberInterceptor       :32   [32m1690010893748pzb  [0;39m è·å–ä¼šå‘˜ç™»å½•tokenï¼šeyJ0eXAiOiJKV1QiLCJhbGciOiJIUzI1NiJ9.eyJuYmYiOjE2OTAwMTA4ODAsIm1vYmlsZSI6IjEzMDAwMDAwMDAwIiwiaWQiOjE2ODA5MzI5MDI3OTc0NDcxNjgsImV4cCI6MTY5MDA5NzI4MCwiaWF0IjoxNjkwMDEwODgwfQ.MoOWbhSIUrf-D0sFiQZTHUpcjBWW0tyfHqPdVuDBCDE
2023-07-22 15:28:13.749 INFO  com.jktickets.utils.JwtUtil                       :64   [32m1690010893748pzb  [0;39m æ ¹æ®tokenè·å–åŸå§‹å†…å®¹ï¼š{"mobile":"13000000000","id":1680932902797447168}
2023-07-22 15:28:13.749 INFO  com.jktickets.interceptor.MemberInterceptor       :35   [32m1690010893748pzb  [0;39m å½“å‰ç™»å½•ä¼šå‘˜ï¼š{"mobile":"13000000000","id":1680932902797447168}
2023-07-22 15:28:13.867 INFO  com.jktickets.aspect.LogAspect                    :57   [32m1690010893748pzb  [0;39m ------------- å¼€å§‹ -------------
2023-07-22 15:28:13.868 INFO  com.jktickets.aspect.LogAspect                    :58   [32m1690010893748pzb  [0;39m è¯·æ±‚åœ°å€: http://127.0.0.1:8002/business/dailyTrainTicket/queryList GET
2023-07-22 15:28:13.868 INFO  com.jktickets.aspect.LogAspect                    :59   [32m1690010893748pzb  [0;39m ç±»åæ–¹æ³•: com.jktickets.controller.DailyTrainTicketController.queryDailyTrainTicketList
2023-07-22 15:28:13.869 INFO  com.jktickets.aspect.LogAspect                    :60   [32m1690010893748pzb  [0;39m è¿œç¨‹åœ°å€: 127.0.0.1
2023-07-22 15:28:13.872 INFO  com.jktickets.aspect.LogAspect                    :82   [32m1690010893748pzb  [0;39m è¯·æ±‚å‚æ•°: [{"date":1689523200000,"end":"æ¸©å·","page":1,"size":10,"start":"æ­å·"}]
2023-07-22 15:28:13.901 INFO  com.jktickets.aspect.LogAspect                    :106  [32m1690010893748pzb  [0;39m æ‰§è¡ŒSQL:  selectByExample | execution(List com.jktickets.mapper.DailyTrainTicketMapper.selectByExample(DailyTrainTicketExample))
2023-07-22 15:28:13.902 INFO  com.jktickets.aspect.LogAspect                    :111  [32m1690010893748pzb  [0;39m å‚æ•°å€¼: com.jktickets.domain.DailyTrainTicketExample@51a2efb6
2023-07-22 15:28:14.203 INFO  com.jktickets.aspect.LogAspect                    :120  [32m1690010893748pzb  [0;39m SQLæ‰§è¡Œå®Œæˆ: selectByExample | execution(List com.jktickets.mapper.DailyTrainTicketMapper.selectByExample(DailyTrainTicketExample))
2023-07-22 15:28:14.205 INFO  com.jktickets.service.DailyTrainTicketService     :110  [32m1690010893748pzb  [0;39m æ€»è¡Œæ•°ï¼š0
2023-07-22 15:28:14.206 INFO  com.jktickets.service.DailyTrainTicketService     :111  [32m1690010893748pzb  [0;39m æ€»é¡µæ•°ï¼š0
2023-07-22 15:28:14.221 INFO  com.jktickets.aspect.LogAspect                    :94   [32m1690010893748pzb  [0;39m è¿”å›ç»“æœ: {"code":0,"message":"","result":{"list":[],"total":0},"success":true}
2023-07-22 15:28:14.222 INFO  com.jktickets.aspect.LogAspect                    :95   [32m1690010893748pzb  [0;39m ------------- ç»“æŸ è€—æ—¶ï¼š355 ms -------------
2023-07-22 15:28:17.539 INFO  com.jktickets.interceptor.MemberInterceptor       :32   [32m16900108975391a9  [0;39m è·å–ä¼šå‘˜ç™»å½•tokenï¼šeyJ0eXAiOiJKV1QiLCJhbGciOiJIUzI1NiJ9.eyJuYmYiOjE2OTAwMTA4ODAsIm1vYmlsZSI6IjEzMDAwMDAwMDAwIiwiaWQiOjE2ODA5MzI5MDI3OTc0NDcxNjgsImV4cCI6MTY5MDA5NzI4MCwiaWF0IjoxNjkwMDEwODgwfQ.MoOWbhSIUrf-D0sFiQZTHUpcjBWW0tyfHqPdVuDBCDE
2023-07-22 15:28:17.540 INFO  com.jktickets.utils.JwtUtil                       :64   [32m16900108975391a9  [0;39m æ ¹æ®tokenè·å–åŸå§‹å†…å®¹ï¼š{"mobile":"13000000000","id":1680932902797447168}
2023-07-22 15:28:17.540 INFO  com.jktickets.interceptor.MemberInterceptor       :35   [32m16900108975391a9  [0;39m å½“å‰ç™»å½•ä¼šå‘˜ï¼š{"mobile":"13000000000","id":1680932902797447168}
2023-07-22 15:28:17.541 INFO  com.jktickets.aspect.LogAspect                    :57   [32m16900108975391a9  [0;39m ------------- å¼€å§‹ -------------
2023-07-22 15:28:17.542 INFO  com.jktickets.aspect.LogAspect                    :58   [32m16900108975391a9  [0;39m è¯·æ±‚åœ°å€: http://127.0.0.1:8002/business/dailyTrainTicket/queryList GET
2023-07-22 15:28:17.542 INFO  com.jktickets.aspect.LogAspect                    :59   [32m16900108975391a9  [0;39m ç±»åæ–¹æ³•: com.jktickets.controller.DailyTrainTicketController.queryDailyTrainTicketList
2023-07-22 15:28:17.542 INFO  com.jktickets.aspect.LogAspect                    :60   [32m16900108975391a9  [0;39m è¿œç¨‹åœ°å€: 127.0.0.1
2023-07-22 15:28:17.543 INFO  com.jktickets.aspect.LogAspect                    :82   [32m16900108975391a9  [0;39m è¯·æ±‚å‚æ•°: [{"date":1689523200000,"end":"æ¸©å·","page":1,"size":10,"start":"ä¸Šæµ·"}]
2023-07-22 15:28:17.543 INFO  com.jktickets.aspect.LogAspect                    :106  [32m16900108975391a9  [0;39m æ‰§è¡ŒSQL:  selectByExample | execution(List com.jktickets.mapper.DailyTrainTicketMapper.selectByExample(DailyTrainTicketExample))
2023-07-22 15:28:17.543 INFO  com.jktickets.aspect.LogAspect                    :111  [32m16900108975391a9  [0;39m å‚æ•°å€¼: com.jktickets.domain.DailyTrainTicketExample@779412d4
2023-07-22 15:28:17.621 INFO  com.jktickets.aspect.LogAspect                    :120  [32m16900108975391a9  [0;39m SQLæ‰§è¡Œå®Œæˆ: selectByExample | execution(List com.jktickets.mapper.DailyTrainTicketMapper.selectByExample(DailyTrainTicketExample))
2023-07-22 15:28:17.622 INFO  com.jktickets.service.DailyTrainTicketService     :110  [32m16900108975391a9  [0;39m æ€»è¡Œæ•°ï¼š1
2023-07-22 15:28:17.622 INFO  com.jktickets.service.DailyTrainTicketService     :111  [32m16900108975391a9  [0;39m æ€»é¡µæ•°ï¼š1
2023-07-22 15:28:17.676 INFO  com.jktickets.aspect.LogAspect                    :94   [32m16900108975391a9  [0;39m è¿”å›ç»“æœ: {"code":0,"message":"","result":{"list":[{"createTime":1689603320935,"date":1689523200000,"edz":25,"edzPrice":0.36,"end":"æ¸©å·","endIndex":1,"endPinyin":"wenzhou","endTime":51298000,"id":1680944277871529984,"rw":-1,"rwPrice":0.72,"start":"ä¸Šæµ·","startIndex":0,"startPinyin":"shanghai","startTime":-28680000,"trainCode":"01","updateTime":1689603320935,"ydz":12,"ydzPrice":0.48,"yw":-1,"ywPrice":0.60}],"total":1},"success":true}
2023-07-22 15:28:17.677 INFO  com.jktickets.aspect.LogAspect                    :95   [32m16900108975391a9  [0;39m ------------- ç»“æŸ è€—æ—¶ï¼š136 ms -------------
2023-07-22 15:28:19.382 INFO  com.jktickets.interceptor.MemberInterceptor       :32   [32m1690010899382sw7  [0;39m è·å–ä¼šå‘˜ç™»å½•tokenï¼šeyJ0eXAiOiJKV1QiLCJhbGciOiJIUzI1NiJ9.eyJuYmYiOjE2OTAwMTA4ODAsIm1vYmlsZSI6IjEzMDAwMDAwMDAwIiwiaWQiOjE2ODA5MzI5MDI3OTc0NDcxNjgsImV4cCI6MTY5MDA5NzI4MCwiaWF0IjoxNjkwMDEwODgwfQ.MoOWbhSIUrf-D0sFiQZTHUpcjBWW0tyfHqPdVuDBCDE
2023-07-22 15:28:19.383 INFO  com.jktickets.utils.JwtUtil                       :64   [32m1690010899382sw7  [0;39m æ ¹æ®tokenè·å–åŸå§‹å†…å®¹ï¼š{"mobile":"13000000000","id":1680932902797447168}
2023-07-22 15:28:19.384 INFO  com.jktickets.interceptor.MemberInterceptor       :35   [32m1690010899382sw7  [0;39m å½“å‰ç™»å½•ä¼šå‘˜ï¼š{"mobile":"13000000000","id":1680932902797447168}
2023-07-22 15:28:19.385 INFO  com.jktickets.aspect.LogAspect                    :57   [32m1690010899382sw7  [0;39m ------------- å¼€å§‹ -------------
2023-07-22 15:28:19.386 INFO  com.jktickets.aspect.LogAspect                    :58   [32m1690010899382sw7  [0;39m è¯·æ±‚åœ°å€: http://127.0.0.1:8002/business/dailyTrainTicket/queryList GET
2023-07-22 15:28:19.386 INFO  com.jktickets.aspect.LogAspect                    :59   [32m1690010899382sw7  [0;39m ç±»åæ–¹æ³•: com.jktickets.controller.DailyTrainTicketController.queryDailyTrainTicketList
2023-07-22 15:28:19.387 INFO  com.jktickets.aspect.LogAspect                    :60   [32m1690010899382sw7  [0;39m è¿œç¨‹åœ°å€: 127.0.0.1
2023-07-22 15:28:19.387 INFO  com.jktickets.aspect.LogAspect                    :82   [32m1690010899382sw7  [0;39m è¯·æ±‚å‚æ•°: [{"date":1689523200000,"end":"æ­å·","page":1,"size":10,"start":"ä¸Šæµ·"}]
2023-07-22 15:28:19.388 INFO  com.jktickets.aspect.LogAspect                    :106  [32m1690010899382sw7  [0;39m æ‰§è¡ŒSQL:  selectByExample | execution(List com.jktickets.mapper.DailyTrainTicketMapper.selectByExample(DailyTrainTicketExample))
2023-07-22 15:28:19.388 INFO  com.jktickets.aspect.LogAspect                    :111  [32m1690010899382sw7  [0;39m å‚æ•°å€¼: com.jktickets.domain.DailyTrainTicketExample@7f9b06a3
2023-07-22 15:28:19.449 INFO  com.jktickets.aspect.LogAspect                    :120  [32m1690010899382sw7  [0;39m SQLæ‰§è¡Œå®Œæˆ: selectByExample | execution(List com.jktickets.mapper.DailyTrainTicketMapper.selectByExample(DailyTrainTicketExample))
2023-07-22 15:28:19.450 INFO  com.jktickets.service.DailyTrainTicketService     :110  [32m1690010899382sw7  [0;39m æ€»è¡Œæ•°ï¼š1
2023-07-22 15:28:19.450 INFO  com.jktickets.service.DailyTrainTicketService     :111  [32m1690010899382sw7  [0;39m æ€»é¡µæ•°ï¼š1
2023-07-22 15:28:19.452 INFO  com.jktickets.aspect.LogAspect                    :94   [32m1690010899382sw7  [0;39m è¿”å›ç»“æœ: {"code":0,"message":"","result":{"list":[{"createTime":1689603320935,"date":1689523200000,"edz":25,"edzPrice":4.32,"end":"æ­å·","endIndex":2,"endPinyin":"hangzhou","endTime":25200000,"id":1680944278592950272,"rw":-1,"rwPrice":8.64,"start":"ä¸Šæµ·","startIndex":0,"startPinyin":"shanghai","startTime":-28680000,"trainCode":"01","updateTime":1689603320935,"ydz":12,"ydzPrice":5.76,"yw":-1,"ywPrice":7.20}],"total":1},"success":true}
2023-07-22 15:28:19.452 INFO  com.jktickets.aspect.LogAspect                    :95   [32m1690010899382sw7  [0;39m ------------- ç»“æŸ è€—æ—¶ï¼š67 ms -------------
2023-07-22 15:28:31.795 INFO  com.jktickets.interceptor.MemberInterceptor       :32   [32m16900109117956wt  [0;39m è·å–ä¼šå‘˜ç™»å½•tokenï¼šeyJ0eXAiOiJKV1QiLCJhbGciOiJIUzI1NiJ9.eyJuYmYiOjE2OTAwMTA4ODAsIm1vYmlsZSI6IjEzMDAwMDAwMDAwIiwiaWQiOjE2ODA5MzI5MDI3OTc0NDcxNjgsImV4cCI6MTY5MDA5NzI4MCwiaWF0IjoxNjkwMDEwODgwfQ.MoOWbhSIUrf-D0sFiQZTHUpcjBWW0tyfHqPdVuDBCDE
2023-07-22 15:28:31.796 INFO  com.jktickets.utils.JwtUtil                       :64   [32m16900109117956wt  [0;39m æ ¹æ®tokenè·å–åŸå§‹å†…å®¹ï¼š{"mobile":"13000000000","id":1680932902797447168}
2023-07-22 15:28:31.796 INFO  com.jktickets.interceptor.MemberInterceptor       :35   [32m16900109117956wt  [0;39m å½“å‰ç™»å½•ä¼šå‘˜ï¼š{"mobile":"13000000000","id":1680932902797447168}
2023-07-22 15:28:31.887 INFO  com.jktickets.aspect.LogAspect                    :57   [32m16900109117956wt  [0;39m ------------- å¼€å§‹ -------------
2023-07-22 15:28:31.888 INFO  com.jktickets.aspect.LogAspect                    :58   [32m16900109117956wt  [0;39m è¯·æ±‚åœ°å€: http://127.0.0.1:8002/business/confirmOrder/doConfirm POST
2023-07-22 15:28:31.888 INFO  com.jktickets.aspect.LogAspect                    :59   [32m16900109117956wt  [0;39m ç±»åæ–¹æ³•: com.jktickets.controller.ConfirmOrderController.doConfirm
2023-07-22 15:28:31.888 INFO  com.jktickets.aspect.LogAspect                    :60   [32m16900109117956wt  [0;39m è¿œç¨‹åœ°å€: 127.0.0.1
2023-07-22 15:28:31.895 INFO  com.jktickets.aspect.LogAspect                    :82   [32m16900109117956wt  [0;39m è¯·æ±‚å‚æ•°: [{"dailyTrainTicketId":1680944278592950272,"date":1689523200000,"end":"æ­å·","start":"ä¸Šæµ·","tickets":[{"passengerId":1681265704667582464,"passengerIdCard":"1","passengerName":"æµ‹è¯•","passengerType":"1","seat":"A1","seatTypeCode":"2"},{"passengerId":1681265759105454080,"passengerIdCard":"123","passengerName":"æµ‹è¯•33","passengerType":"2","seat":"C1","seatTypeCode":"2"}],"trainCode":"01"}]
2023-07-22 15:28:31.941 INFO  com.jktickets.aspect.LogAspect                    :106  [32m16900109117956wt  [0;39m æ‰§è¡ŒSQL:  insert | execution(int com.jktickets.mapper.ConfirmOrderMapper.insert(ConfirmOrder))
2023-07-22 15:28:31.946 INFO  com.jktickets.aspect.LogAspect                    :111  [32m16900109117956wt  [0;39m å‚æ•°å€¼: ConfirmOrder [Hash = 1686270713, id=1682653838403833856, memberId=1680932902797447168, date=Mon Jul 17 00:00:00 CST 2023, trainCode=01, start=ä¸Šæµ·, end=æ­å·, dailyTrainTicketId=1680944278592950272, status=I, createTime=2023-07-22 15:28:31, updateTime=2023-07-22 15:28:31, tickets=[{"passengerId":1681265704667582464,"passengerIdCard":"1","passengerName":"æµ‹è¯•","passengerType":"1","seat":"A1","seatTypeCode":"2"},{"passengerId":1681265759105454080,"passengerIdCard":"123","passengerName":"æµ‹è¯•33","passengerType":"2","seat":"C1","seatTypeCode":"2"}]]
2023-07-22 15:28:32.004 INFO  com.jktickets.aspect.LogAspect                    :120  [32m16900109117956wt  [0;39m SQLæ‰§è¡Œå®Œæˆ: insert | execution(int com.jktickets.mapper.ConfirmOrderMapper.insert(ConfirmOrder))
2023-07-22 15:28:32.005 INFO  com.jktickets.aspect.LogAspect                    :106  [32m16900109117956wt  [0;39m æ‰§è¡ŒSQL:  selectByExample | execution(List com.jktickets.mapper.DailyTrainTicketMapper.selectByExample(DailyTrainTicketExample))
2023-07-22 15:28:32.005 INFO  com.jktickets.aspect.LogAspect                    :111  [32m16900109117956wt  [0;39m å‚æ•°å€¼: com.jktickets.domain.DailyTrainTicketExample@e872ba4
2023-07-22 15:28:32.027 INFO  com.jktickets.aspect.LogAspect                    :120  [32m16900109117956wt  [0;39m SQLæ‰§è¡Œå®Œæˆ: selectByExample | execution(List com.jktickets.mapper.DailyTrainTicketMapper.selectByExample(DailyTrainTicketExample))
2023-07-22 15:28:32.028 INFO  com.jktickets.service.ConfirmOrderService         :146  [32m16900109117956wt  [0;39m æŸ¥å‡ºä½™ç¥¨è®°å½•:DailyTrainTicket [Hash = 749958737, id=1680944278592950272, date=Mon Jul 17 00:00:00 CST 2023, trainCode=01, start=ä¸Šæµ·, startPinyin=shanghai, startTime=Thu Jan 01 00:02:00 CST 1970, startIndex=0, end=æ­å·, endPinyin=hangzhou, endTime=Thu Jan 01 15:00:00 CST 1970, endIndex=2, ydz=12, ydzPrice=5.76, edz=25, edzPrice=4.32, rw=-1, rwPrice=8.64, yw=-1, ywPrice=7.20, createTime=Mon Jul 17 22:15:20 CST 2023, updateTime=Mon Jul 17 22:15:20 CST 2023]
2023-07-22 15:28:32.073 INFO  com.jktickets.aspect.LogAspect                    :94   [32m16900109117956wt  [0;39m è¿”å›ç»“æœ: {"code":0,"message":"","success":true}
2023-07-22 15:28:32.073 INFO  com.jktickets.aspect.LogAspect                    :95   [32m16900109117956wt  [0;39m ------------- ç»“æŸ è€—æ—¶ï¼š186 ms -------------
2023-07-22 15:28:50.705 INFO  com.zaxxer.hikari.HikariDataSource                :350  [32m                  [0;39m HikariPool-1 - Shutdown initiated...
2023-07-22 15:28:50.712 INFO  com.zaxxer.hikari.HikariDataSource                :352  [32m                  [0;39m HikariPool-1 - Shutdown completed.
2023-07-22 15:29:02.153 INFO  org.hibernate.validator.internal.util.Version     :21   [32m                  [0;39m HV000001: Hibernate Validator 8.0.0.Final
2023-07-22 15:29:02.197 INFO  com.jktickets.BusinessApplication                 :51   [32m                  [0;39m Starting BusinessApplication using Java 17.0.3 with PID 14564 (D:\Project\java\jk-tickets\business-service\target\classes started by Administrator in D:\Project\java\jk-tickets)
2023-07-22 15:29:02.198 INFO  com.jktickets.BusinessApplication                 :630  [32m                  [0;39m No active profile set, falling back to 1 default profile: "default"
2023-07-22 15:29:02.277 INFO  o.s.b.d.env.DevToolsPropertyDefaultsPostProcessor :250  [32m                  [0;39m Devtools property defaults active! Set 'spring.devtools.add-properties' to 'false' to disable
2023-07-22 15:29:02.277 INFO  o.s.b.d.env.DevToolsPropertyDefaultsPostProcessor :250  [32m                  [0;39m For additional web related logging consider setting the 'logging.level.web' property to 'DEBUG'
2023-07-22 15:29:03.977 INFO  o.springframework.cloud.context.scope.GenericScope:282  [32m                  [0;39m BeanFactory id=a2d2181d-ab17-3664-9e1a-3e2eda0baeea
2023-07-22 15:29:05.054 INFO  o.s.boot.web.embedded.tomcat.TomcatWebServer      :114  [32m                  [0;39m Tomcat initialized with port(s): 8002 (http)
2023-07-22 15:29:05.088 INFO  org.apache.coyote.http11.Http11NioProtocol        :173  [32m                  [0;39m Initializing ProtocolHandler ["http-nio-8002"]
2023-07-22 15:29:05.089 INFO  org.apache.catalina.core.StandardService          :173  [32m                  [0;39m Starting service [Tomcat]
2023-07-22 15:29:05.089 INFO  org.apache.catalina.core.StandardEngine           :173  [32m                  [0;39m Starting Servlet engine: [Apache Tomcat/10.1.1]
2023-07-22 15:29:05.211 INFO  o.a.c.c.C.[Tomcat].[localhost].[/business]        :173  [32m                  [0;39m Initializing Spring embedded WebApplicationContext
2023-07-22 15:29:05.213 INFO  o.s.b.w.s.c.ServletWebServerApplicationContext    :291  [32m                  [0;39m Root WebApplicationContext: initialization completed in 2934 ms
2023-07-22 15:29:06.875 WARN  o.s.core.LocalVariableTableParameterNameDiscoverer:123  [32m                  [0;39m Using deprecated '-debug' fallback for parameter name resolution. Compile the affected code with '-parameters' instead or avoid its introspection: com.github.pagehelper.autoconfigure.PageHelperStandardProperties
2023-07-22 15:29:07.184 WARN  o.s.b.d.autoconfigure.OptionalLiveReloadServer    :62   [32m                  [0;39m Unable to start LiveReload server
2023-07-22 15:29:07.666 INFO  org.apache.coyote.http11.Http11NioProtocol        :173  [32m                  [0;39m Starting ProtocolHandler ["http-nio-8002"]
2023-07-22 15:29:07.690 INFO  o.s.boot.web.embedded.tomcat.TomcatWebServer      :226  [32m                  [0;39m Tomcat started on port(s): 8002 (http) with context path '/business'
2023-07-22 15:29:08.044 INFO  com.jktickets.BusinessApplication                 :57   [32m                  [0;39m Started BusinessApplication in 7.129 seconds (process running for 8.651)
2023-07-22 15:29:08.047 INFO  com.jktickets.BusinessApplication                 :21   [32m                  [0;39m å¯åŠ¨æˆåŠŸï¼ï¼
2023-07-22 15:29:08.047 INFO  com.jktickets.BusinessApplication                 :23   [32m                  [0;39m æµ‹è¯•åœ°å€: 	http://127.0.0.1:8002/business/hello
2023-07-22 15:29:25.202 INFO  o.a.c.c.C.[Tomcat].[localhost].[/business]        :173  [32m                  [0;39m Initializing Spring DispatcherServlet 'dispatcherServlet'
2023-07-22 15:29:25.203 INFO  org.springframework.web.servlet.DispatcherServlet :525  [32m                  [0;39m Initializing Servlet 'dispatcherServlet'
2023-07-22 15:29:25.204 INFO  org.springframework.web.servlet.DispatcherServlet :547  [32m                  [0;39m Completed initialization in 1 ms
2023-07-22 15:29:25.233 INFO  com.jktickets.interceptor.MemberInterceptor       :32   [32m1690010965227gqj  [0;39m è·å–ä¼šå‘˜ç™»å½•tokenï¼šeyJ0eXAiOiJKV1QiLCJhbGciOiJIUzI1NiJ9.eyJuYmYiOjE2OTAwMTA4ODAsIm1vYmlsZSI6IjEzMDAwMDAwMDAwIiwiaWQiOjE2ODA5MzI5MDI3OTc0NDcxNjgsImV4cCI6MTY5MDA5NzI4MCwiaWF0IjoxNjkwMDEwODgwfQ.MoOWbhSIUrf-D0sFiQZTHUpcjBWW0tyfHqPdVuDBCDE
2023-07-22 15:29:25.551 INFO  com.jktickets.utils.JwtUtil                       :64   [32m1690010965227gqj  [0;39m æ ¹æ®tokenè·å–åŸå§‹å†…å®¹ï¼š{"mobile":"13000000000","id":1680932902797447168}
2023-07-22 15:29:25.554 INFO  com.jktickets.interceptor.MemberInterceptor       :35   [32m1690010965227gqj  [0;39m å½“å‰ç™»å½•ä¼šå‘˜ï¼š{"mobile":"13000000000","id":1680932902797447168}
2023-07-22 15:29:25.766 INFO  com.jktickets.aspect.LogAspect                    :57   [32m1690010965227gqj  [0;39m ------------- å¼€å§‹ -------------
2023-07-22 15:29:25.768 INFO  com.jktickets.aspect.LogAspect                    :58   [32m1690010965227gqj  [0;39m è¯·æ±‚åœ°å€: http://127.0.0.1:8002/business/confirmOrder/doConfirm POST
2023-07-22 15:29:25.768 INFO  com.jktickets.aspect.LogAspect                    :59   [32m1690010965227gqj  [0;39m ç±»åæ–¹æ³•: com.jktickets.controller.ConfirmOrderController.doConfirm
2023-07-22 15:29:25.769 INFO  com.jktickets.aspect.LogAspect                    :60   [32m1690010965227gqj  [0;39m è¿œç¨‹åœ°å€: 127.0.0.1
2023-07-22 15:29:25.847 INFO  com.jktickets.aspect.LogAspect                    :82   [32m1690010965227gqj  [0;39m è¯·æ±‚å‚æ•°: [{"dailyTrainTicketId":1680944278592950272,"date":1689523200000,"end":"æ­å·","start":"ä¸Šæµ·","tickets":[{"passengerId":1681265704667582464,"passengerIdCard":"1","passengerName":"æµ‹è¯•","passengerType":"1","seat":"A1","seatTypeCode":"2"},{"passengerId":1681265759105454080,"passengerIdCard":"123","passengerName":"æµ‹è¯•33","passengerType":"2","seat":"C1","seatTypeCode":"2"}],"trainCode":"01"}]
2023-07-22 15:29:25.855 INFO  com.jktickets.aspect.LogAspect                    :106  [32m1690010965227gqj  [0;39m æ‰§è¡ŒSQL:  insert | execution(int com.jktickets.mapper.ConfirmOrderMapper.insert(ConfirmOrder))
2023-07-22 15:29:25.861 INFO  com.jktickets.aspect.LogAspect                    :111  [32m1690010965227gqj  [0;39m å‚æ•°å€¼: ConfirmOrder [Hash = 1074919680, id=1682654064581677056, memberId=1680932902797447168, date=Mon Jul 17 00:00:00 CST 2023, trainCode=01, start=ä¸Šæµ·, end=æ­å·, dailyTrainTicketId=1680944278592950272, status=I, createTime=2023-07-22 15:29:25, updateTime=2023-07-22 15:29:25, tickets=[{"passengerId":1681265704667582464,"passengerIdCard":"1","passengerName":"æµ‹è¯•","passengerType":"1","seat":"A1","seatTypeCode":"2"},{"passengerId":1681265759105454080,"passengerIdCard":"123","passengerName":"æµ‹è¯•33","passengerType":"2","seat":"C1","seatTypeCode":"2"}]]
2023-07-22 15:29:25.886 INFO  com.zaxxer.hikari.HikariDataSource                :110  [32m1690010965227gqj  [0;39m HikariPool-1 - Starting...
2023-07-22 15:29:26.242 INFO  com.zaxxer.hikari.pool.HikariPool                 :565  [32m1690010965227gqj  [0;39m HikariPool-1 - Added connection com.mysql.cj.jdbc.ConnectionImpl@1282f122
2023-07-22 15:29:26.245 INFO  com.zaxxer.hikari.HikariDataSource                :123  [32m1690010965227gqj  [0;39m HikariPool-1 - Start completed.
2023-07-22 15:29:26.321 INFO  com.jktickets.aspect.LogAspect                    :120  [32m1690010965227gqj  [0;39m SQLæ‰§è¡Œå®Œæˆ: insert | execution(int com.jktickets.mapper.ConfirmOrderMapper.insert(ConfirmOrder))
2023-07-22 15:29:26.327 INFO  com.jktickets.aspect.LogAspect                    :106  [32m1690010965227gqj  [0;39m æ‰§è¡ŒSQL:  selectByExample | execution(List com.jktickets.mapper.DailyTrainTicketMapper.selectByExample(DailyTrainTicketExample))
2023-07-22 15:29:26.328 INFO  com.jktickets.aspect.LogAspect                    :111  [32m1690010965227gqj  [0;39m å‚æ•°å€¼: com.jktickets.domain.DailyTrainTicketExample@2d917a29
2023-07-22 15:29:26.408 INFO  com.jktickets.aspect.LogAspect                    :120  [32m1690010965227gqj  [0;39m SQLæ‰§è¡Œå®Œæˆ: selectByExample | execution(List com.jktickets.mapper.DailyTrainTicketMapper.selectByExample(DailyTrainTicketExample))
2023-07-22 15:29:26.409 INFO  com.jktickets.service.ConfirmOrderService         :149  [32m1690010965227gqj  [0;39m æŸ¥å‡ºä½™ç¥¨è®°å½•:DailyTrainTicket [Hash = 673331213, id=1680944278592950272, date=Mon Jul 17 00:00:00 CST 2023, trainCode=01, start=ä¸Šæµ·, startPinyin=shanghai, startTime=Thu Jan 01 00:02:00 CST 1970, startIndex=0, end=æ­å·, endPinyin=hangzhou, endTime=Thu Jan 01 15:00:00 CST 1970, endIndex=2, ydz=12, ydzPrice=5.76, edz=25, edzPrice=4.32, rw=-1, rwPrice=8.64, yw=-1, ywPrice=7.20, createTime=Mon Jul 17 22:15:20 CST 2023, updateTime=Mon Jul 17 22:15:20 CST 2023]
2023-07-22 15:29:26.416 INFO  com.jktickets.service.ConfirmOrderService         :163  [32m1690010965227gqj  [0;39m æœ¬æ¬¡è´­ç¥¨æœ‰é€‰åº§
2023-07-22 15:29:26.417 INFO  com.jktickets.service.ConfirmOrderService         :167  [32m1690010965227gqj  [0;39m æœ¬æ¬¡é€‰åº§ åº§ä½ç±»å‹åŒ…å«çš„åˆ—:[EDZ_A, EDZ_B, EDZ_C, EDZ_D, EDZ_F]
2023-07-22 15:29:26.418 INFO  com.jktickets.service.ConfirmOrderService         :179  [32m1690010965227gqj  [0;39m ç”¨äºä½œå‚ç…§çš„ä¸¤æ’åº§ä½,[A1, B1, C1, D1, F1, A1, B1, C1, D1, F1]
2023-07-22 15:29:26.418 INFO  com.jktickets.service.ConfirmOrderService         :190  [32m1690010965227gqj  [0;39m è®¡ç®—å¾—åˆ°æ‰€æœ‰åº§ä½çš„çš„ç»å¯¹åç§»é‡:[0, 2]
2023-07-22 15:29:26.418 INFO  com.jktickets.service.ConfirmOrderService         :203  [32m1690010965227gqj  [0;39m è®¡ç®—å¾—åˆ°æ‰€æœ‰åº§ä½çš„ ç»å¯¹åç§»é‡:[0, 2]
2023-07-22 15:29:26.423 INFO  com.jktickets.aspect.LogAspect                    :94   [32m1690010965227gqj  [0;39m è¿”å›ç»“æœ: {"code":0,"message":"","success":true}
2023-07-22 15:29:26.423 INFO  com.jktickets.aspect.LogAspect                    :95   [32m1690010965227gqj  [0;39m ------------- ç»“æŸ è€—æ—¶ï¼š658 ms -------------
2023-07-22 15:31:40.405 INFO  com.jktickets.interceptor.MemberInterceptor       :32   [32m1690011100405q6j  [0;39m è·å–ä¼šå‘˜ç™»å½•tokenï¼šeyJ0eXAiOiJKV1QiLCJhbGciOiJIUzI1NiJ9.eyJuYmYiOjE2OTAwMTA4ODAsIm1vYmlsZSI6IjEzMDAwMDAwMDAwIiwiaWQiOjE2ODA5MzI5MDI3OTc0NDcxNjgsImV4cCI6MTY5MDA5NzI4MCwiaWF0IjoxNjkwMDEwODgwfQ.MoOWbhSIUrf-D0sFiQZTHUpcjBWW0tyfHqPdVuDBCDE
2023-07-22 15:31:40.406 INFO  com.jktickets.utils.JwtUtil                       :64   [32m1690011100405q6j  [0;39m æ ¹æ®tokenè·å–åŸå§‹å†…å®¹ï¼š{"mobile":"13000000000","id":1680932902797447168}
2023-07-22 15:31:40.407 INFO  com.jktickets.interceptor.MemberInterceptor       :35   [32m1690011100405q6j  [0;39m å½“å‰ç™»å½•ä¼šå‘˜ï¼š{"mobile":"13000000000","id":1680932902797447168}
2023-07-22 15:31:40.409 INFO  com.jktickets.aspect.LogAspect                    :57   [32m1690011100405q6j  [0;39m ------------- å¼€å§‹ -------------
2023-07-22 15:31:40.409 INFO  com.jktickets.aspect.LogAspect                    :58   [32m1690011100405q6j  [0;39m è¯·æ±‚åœ°å€: http://127.0.0.1:8002/business/confirmOrder/doConfirm POST
2023-07-22 15:31:40.410 INFO  com.jktickets.aspect.LogAspect                    :59   [32m1690011100405q6j  [0;39m ç±»åæ–¹æ³•: com.jktickets.controller.ConfirmOrderController.doConfirm
2023-07-22 15:31:40.410 INFO  com.jktickets.aspect.LogAspect                    :60   [32m1690011100405q6j  [0;39m è¿œç¨‹åœ°å€: 127.0.0.1
2023-07-22 15:31:40.410 INFO  com.jktickets.aspect.LogAspect                    :82   [32m1690011100405q6j  [0;39m è¯·æ±‚å‚æ•°: [{"dailyTrainTicketId":1680944278592950272,"date":1689523200000,"end":"æ­å·","start":"ä¸Šæµ·","tickets":[{"passengerId":1681265704667582464,"passengerIdCard":"1","passengerName":"æµ‹è¯•","passengerType":"1","seatTypeCode":"2"},{"passengerId":1681265759105454080,"passengerIdCard":"123","passengerName":"æµ‹è¯•33","passengerType":"2","seatTypeCode":"2"}],"trainCode":"01"}]
2023-07-22 15:31:40.411 INFO  com.jktickets.aspect.LogAspect                    :106  [32m1690011100405q6j  [0;39m æ‰§è¡ŒSQL:  insert | execution(int com.jktickets.mapper.ConfirmOrderMapper.insert(ConfirmOrder))
2023-07-22 15:31:40.412 INFO  com.jktickets.aspect.LogAspect                    :111  [32m1690011100405q6j  [0;39m å‚æ•°å€¼: ConfirmOrder [Hash = 1575294343, id=1682654628954640384, memberId=1680932902797447168, date=Mon Jul 17 00:00:00 CST 2023, trainCode=01, start=ä¸Šæµ·, end=æ­å·, dailyTrainTicketId=1680944278592950272, status=I, createTime=2023-07-22 15:31:40, updateTime=2023-07-22 15:31:40, tickets=[{"passengerId":1681265704667582464,"passengerIdCard":"1","passengerName":"æµ‹è¯•","passengerType":"1","seatTypeCode":"2"},{"passengerId":1681265759105454080,"passengerIdCard":"123","passengerName":"æµ‹è¯•33","passengerType":"2","seatTypeCode":"2"}]]
2023-07-22 15:31:40.463 INFO  com.jktickets.aspect.LogAspect                    :120  [32m1690011100405q6j  [0;39m SQLæ‰§è¡Œå®Œæˆ: insert | execution(int com.jktickets.mapper.ConfirmOrderMapper.insert(ConfirmOrder))
2023-07-22 15:31:40.464 INFO  com.jktickets.aspect.LogAspect                    :106  [32m1690011100405q6j  [0;39m æ‰§è¡ŒSQL:  selectByExample | execution(List com.jktickets.mapper.DailyTrainTicketMapper.selectByExample(DailyTrainTicketExample))
2023-07-22 15:31:40.464 INFO  com.jktickets.aspect.LogAspect                    :111  [32m1690011100405q6j  [0;39m å‚æ•°å€¼: com.jktickets.domain.DailyTrainTicketExample@cec22da
2023-07-22 15:31:40.483 INFO  com.jktickets.aspect.LogAspect                    :120  [32m1690011100405q6j  [0;39m SQLæ‰§è¡Œå®Œæˆ: selectByExample | execution(List com.jktickets.mapper.DailyTrainTicketMapper.selectByExample(DailyTrainTicketExample))
2023-07-22 15:31:40.483 INFO  com.jktickets.service.ConfirmOrderService         :149  [32m1690011100405q6j  [0;39m æŸ¥å‡ºä½™ç¥¨è®°å½•:DailyTrainTicket [Hash = 144890519, id=1680944278592950272, date=Mon Jul 17 00:00:00 CST 2023, trainCode=01, start=ä¸Šæµ·, startPinyin=shanghai, startTime=Thu Jan 01 00:02:00 CST 1970, startIndex=0, end=æ­å·, endPinyin=hangzhou, endTime=Thu Jan 01 15:00:00 CST 1970, endIndex=2, ydz=12, ydzPrice=5.76, edz=25, edzPrice=4.32, rw=-1, rwPrice=8.64, yw=-1, ywPrice=7.20, createTime=Mon Jul 17 22:15:20 CST 2023, updateTime=Mon Jul 17 22:15:20 CST 2023]
2023-07-22 15:31:40.484 INFO  com.jktickets.service.ConfirmOrderService         :206  [32m1690011100405q6j  [0;39m æœ¬æ¬¡è´­ç¥¨æ²¡æœ‰é€‰åº§
2023-07-22 15:31:40.484 INFO  com.jktickets.aspect.LogAspect                    :94   [32m1690011100405q6j  [0;39m è¿”å›ç»“æœ: {"code":0,"message":"","success":true}
2023-07-22 15:31:40.484 INFO  com.jktickets.aspect.LogAspect                    :95   [32m1690011100405q6j  [0;39m ------------- ç»“æŸ è€—æ—¶ï¼š75 ms -------------
2023-07-22 18:45:27.691 INFO  com.jktickets.interceptor.MemberInterceptor       :32   [32m1690022727675hw4  [0;39m è·å–ä¼šå‘˜ç™»å½•tokenï¼šeyJ0eXAiOiJKV1QiLCJhbGciOiJIUzI1NiJ9.eyJuYmYiOjE2OTAwMTA4ODAsIm1vYmlsZSI6IjEzMDAwMDAwMDAwIiwiaWQiOjE2ODA5MzI5MDI3OTc0NDcxNjgsImV4cCI6MTY5MDA5NzI4MCwiaWF0IjoxNjkwMDEwODgwfQ.MoOWbhSIUrf-D0sFiQZTHUpcjBWW0tyfHqPdVuDBCDE
2023-07-22 18:45:27.988 INFO  com.jktickets.utils.JwtUtil                       :64   [32m1690022727675hw4  [0;39m æ ¹æ®tokenè·å–åŸå§‹å†…å®¹ï¼š{"mobile":"13000000000","id":1680932902797447168}
2023-07-22 18:45:28.010 INFO  com.jktickets.interceptor.MemberInterceptor       :35   [32m1690022727675hw4  [0;39m å½“å‰ç™»å½•ä¼šå‘˜ï¼š{"mobile":"13000000000","id":1680932902797447168}
2023-07-22 18:45:28.395 INFO  com.jktickets.aspect.LogAspect                    :57   [32m1690022727675hw4  [0;39m ------------- å¼€å§‹ -------------
2023-07-22 18:45:28.416 INFO  com.jktickets.aspect.LogAspect                    :58   [32m1690022727675hw4  [0;39m è¯·æ±‚åœ°å€: http://127.0.0.1:8002/business/confirmOrder/doConfirm POST
2023-07-22 18:45:28.419 INFO  com.jktickets.aspect.LogAspect                    :59   [32m1690022727675hw4  [0;39m ç±»åæ–¹æ³•: com.jktickets.controller.ConfirmOrderController.doConfirm
2023-07-22 18:45:28.419 INFO  com.jktickets.aspect.LogAspect                    :60   [32m1690022727675hw4  [0;39m è¿œç¨‹åœ°å€: 127.0.0.1
2023-07-22 18:45:28.421 INFO  com.jktickets.aspect.LogAspect                    :82   [32m1690022727675hw4  [0;39m è¯·æ±‚å‚æ•°: [{"dailyTrainTicketId":1680944278592950272,"date":1689523200000,"end":"æ­å·","start":"ä¸Šæµ·","tickets":[{"passengerId":1681265704667582464,"passengerIdCard":"1","passengerName":"æµ‹è¯•","passengerType":"1","seatTypeCode":"2"},{"passengerId":1681265759105454080,"passengerIdCard":"123","passengerName":"æµ‹è¯•33","passengerType":"2","seatTypeCode":"2"}],"trainCode":"01"}]
2023-07-22 18:45:28.438 INFO  com.jktickets.aspect.LogAspect                    :106  [32m1690022727675hw4  [0;39m æ‰§è¡ŒSQL:  insert | execution(int com.jktickets.mapper.ConfirmOrderMapper.insert(ConfirmOrder))
2023-07-22 18:45:28.485 INFO  com.jktickets.aspect.LogAspect                    :111  [32m1690022727675hw4  [0;39m å‚æ•°å€¼: ConfirmOrder [Hash = 13966729, id=1682703400430604288, memberId=1680932902797447168, date=Mon Jul 17 00:00:00 CST 2023, trainCode=01, start=ä¸Šæµ·, end=æ­å·, dailyTrainTicketId=1680944278592950272, status=I, createTime=2023-07-22 18:45:28, updateTime=2023-07-22 18:45:28, tickets=[{"passengerId":1681265704667582464,"passengerIdCard":"1","passengerName":"æµ‹è¯•","passengerType":"1","seatTypeCode":"2"},{"passengerId":1681265759105454080,"passengerIdCard":"123","passengerName":"æµ‹è¯•33","passengerType":"2","seatTypeCode":"2"}]]
2023-07-22 18:45:33.520 WARN  com.zaxxer.hikari.pool.PoolBase                   :179  [32m1690022727675hw4  [0;39m HikariPool-1 - Failed to validate connection com.mysql.cj.jdbc.ConnectionImpl@5181128a (No operations allowed after connection closed.). Possibly consider using a shorter maxLifetime value.
2023-07-22 18:45:38.564 WARN  com.zaxxer.hikari.pool.PoolBase                   :179  [32m1690022727675hw4  [0;39m HikariPool-1 - Failed to validate connection com.mysql.cj.jdbc.ConnectionImpl@238094bd (No operations allowed after connection closed.). Possibly consider using a shorter maxLifetime value.
2023-07-22 18:45:43.577 WARN  com.zaxxer.hikari.pool.PoolBase                   :179  [32m1690022727675hw4  [0;39m HikariPool-1 - Failed to validate connection com.mysql.cj.jdbc.ConnectionImpl@55cfafba (No operations allowed after connection closed.). Possibly consider using a shorter maxLifetime value.
2023-07-22 18:45:48.580 WARN  com.zaxxer.hikari.pool.PoolBase                   :179  [32m1690022727675hw4  [0;39m HikariPool-1 - Failed to validate connection com.mysql.cj.jdbc.ConnectionImpl@7610de92 (No operations allowed after connection closed.). Possibly consider using a shorter maxLifetime value.
2023-07-22 18:45:53.586 WARN  com.zaxxer.hikari.pool.PoolBase                   :179  [32m1690022727675hw4  [0;39m HikariPool-1 - Failed to validate connection com.mysql.cj.jdbc.ConnectionImpl@4d5534a7 (No operations allowed after connection closed.). Possibly consider using a shorter maxLifetime value.
2023-07-22 18:45:56.923 INFO  com.zaxxer.hikari.HikariDataSource                :350  [32m                  [0;39m HikariPool-1 - Shutdown initiated...
2023-07-22 18:45:56.931 INFO  com.zaxxer.hikari.HikariDataSource                :352  [32m                  [0;39m HikariPool-1 - Shutdown completed.
2023-07-22 18:45:56.933 WARN  com.zaxxer.hikari.pool.PoolBase                   :179  [32m1690022727675hw4  [0;39m HikariPool-1 - Failed to validate connection com.mysql.cj.jdbc.ConnectionImpl@787d7aa8 (No operations allowed after connection closed.). Possibly consider using a shorter maxLifetime value.
2023-07-22 18:46:05.600 INFO  org.hibernate.validator.internal.util.Version     :21   [32m                  [0;39m HV000001: Hibernate Validator 8.0.0.Final
2023-07-22 18:46:05.651 INFO  com.jktickets.BusinessApplication                 :51   [32m                  [0;39m Starting BusinessApplication using Java 17.0.3 with PID 692 (D:\Project\java\jk-tickets\business-service\target\classes started by Administrator in D:\Project\java\jk-tickets)
2023-07-22 18:46:05.652 INFO  com.jktickets.BusinessApplication                 :630  [32m                  [0;39m No active profile set, falling back to 1 default profile: "default"
2023-07-22 18:46:05.715 INFO  o.s.b.d.env.DevToolsPropertyDefaultsPostProcessor :250  [32m                  [0;39m Devtools property defaults active! Set 'spring.devtools.add-properties' to 'false' to disable
2023-07-22 18:46:05.715 INFO  o.s.b.d.env.DevToolsPropertyDefaultsPostProcessor :250  [32m                  [0;39m For additional web related logging consider setting the 'logging.level.web' property to 'DEBUG'
2023-07-22 18:46:06.759 INFO  o.springframework.cloud.context.scope.GenericScope:282  [32m                  [0;39m BeanFactory id=a2d2181d-ab17-3664-9e1a-3e2eda0baeea
2023-07-22 18:46:07.646 INFO  o.s.boot.web.embedded.tomcat.TomcatWebServer      :114  [32m                  [0;39m Tomcat initialized with port(s): 8002 (http)
2023-07-22 18:46:07.656 INFO  org.apache.coyote.http11.Http11NioProtocol        :173  [32m                  [0;39m Initializing ProtocolHandler ["http-nio-8002"]
2023-07-22 18:46:07.657 INFO  org.apache.catalina.core.StandardService          :173  [32m                  [0;39m Starting service [Tomcat]
2023-07-22 18:46:07.658 INFO  org.apache.catalina.core.StandardEngine           :173  [32m                  [0;39m Starting Servlet engine: [Apache Tomcat/10.1.1]
2023-07-22 18:46:07.732 INFO  o.a.c.c.C.[Tomcat].[localhost].[/business]        :173  [32m                  [0;39m Initializing Spring embedded WebApplicationContext
2023-07-22 18:46:07.733 INFO  o.s.b.w.s.c.ServletWebServerApplicationContext    :291  [32m                  [0;39m Root WebApplicationContext: initialization completed in 2017 ms
2023-07-22 18:46:09.083 WARN  o.s.core.LocalVariableTableParameterNameDiscoverer:123  [32m                  [0;39m Using deprecated '-debug' fallback for parameter name resolution. Compile the affected code with '-parameters' instead or avoid its introspection: com.github.pagehelper.autoconfigure.PageHelperStandardProperties
2023-07-22 18:46:09.421 WARN  o.s.b.d.autoconfigure.OptionalLiveReloadServer    :62   [32m                  [0;39m Unable to start LiveReload server
2023-07-22 18:46:09.875 INFO  org.apache.coyote.http11.Http11NioProtocol        :173  [32m                  [0;39m Starting ProtocolHandler ["http-nio-8002"]
2023-07-22 18:46:09.903 INFO  o.s.boot.web.embedded.tomcat.TomcatWebServer      :226  [32m                  [0;39m Tomcat started on port(s): 8002 (http) with context path '/business'
2023-07-22 18:46:10.288 INFO  com.jktickets.BusinessApplication                 :57   [32m                  [0;39m Started BusinessApplication in 5.762 seconds (process running for 7.19)
2023-07-22 18:46:10.292 INFO  com.jktickets.BusinessApplication                 :21   [32m                  [0;39m å¯åŠ¨æˆåŠŸï¼ï¼
2023-07-22 18:46:10.292 INFO  com.jktickets.BusinessApplication                 :23   [32m                  [0;39m æµ‹è¯•åœ°å€: 	http://127.0.0.1:8002/business/hello
2023-07-22 18:46:16.853 INFO  o.a.c.c.C.[Tomcat].[localhost].[/business]        :173  [32m                  [0;39m Initializing Spring DispatcherServlet 'dispatcherServlet'
2023-07-22 18:46:16.854 INFO  org.springframework.web.servlet.DispatcherServlet :525  [32m                  [0;39m Initializing Servlet 'dispatcherServlet'
2023-07-22 18:46:16.856 INFO  org.springframework.web.servlet.DispatcherServlet :547  [32m                  [0;39m Completed initialization in 2 ms
2023-07-22 18:46:16.888 INFO  com.jktickets.interceptor.MemberInterceptor       :32   [32m1690022776881nm2  [0;39m è·å–ä¼šå‘˜ç™»å½•tokenï¼šeyJ0eXAiOiJKV1QiLCJhbGciOiJIUzI1NiJ9.eyJuYmYiOjE2OTAwMTA4ODAsIm1vYmlsZSI6IjEzMDAwMDAwMDAwIiwiaWQiOjE2ODA5MzI5MDI3OTc0NDcxNjgsImV4cCI6MTY5MDA5NzI4MCwiaWF0IjoxNjkwMDEwODgwfQ.MoOWbhSIUrf-D0sFiQZTHUpcjBWW0tyfHqPdVuDBCDE
2023-07-22 18:46:17.203 INFO  com.jktickets.utils.JwtUtil                       :64   [32m1690022776881nm2  [0;39m æ ¹æ®tokenè·å–åŸå§‹å†…å®¹ï¼š{"mobile":"13000000000","id":1680932902797447168}
2023-07-22 18:46:17.207 INFO  com.jktickets.interceptor.MemberInterceptor       :35   [32m1690022776881nm2  [0;39m å½“å‰ç™»å½•ä¼šå‘˜ï¼š{"mobile":"13000000000","id":1680932902797447168}
2023-07-22 18:46:17.401 INFO  com.jktickets.aspect.LogAspect                    :57   [32m1690022776881nm2  [0;39m ------------- å¼€å§‹ -------------
2023-07-22 18:46:17.402 INFO  com.jktickets.aspect.LogAspect                    :58   [32m1690022776881nm2  [0;39m è¯·æ±‚åœ°å€: http://127.0.0.1:8002/business/confirmOrder/doConfirm POST
2023-07-22 18:46:17.403 INFO  com.jktickets.aspect.LogAspect                    :59   [32m1690022776881nm2  [0;39m ç±»åæ–¹æ³•: com.jktickets.controller.ConfirmOrderController.doConfirm
2023-07-22 18:46:17.404 INFO  com.jktickets.aspect.LogAspect                    :60   [32m1690022776881nm2  [0;39m è¿œç¨‹åœ°å€: 127.0.0.1
2023-07-22 18:46:17.488 INFO  com.jktickets.aspect.LogAspect                    :82   [32m1690022776881nm2  [0;39m è¯·æ±‚å‚æ•°: [{"dailyTrainTicketId":1680944278592950272,"date":1689523200000,"end":"æ­å·","start":"ä¸Šæµ·","tickets":[{"passengerId":1681265704667582464,"passengerIdCard":"1","passengerName":"æµ‹è¯•","passengerType":"1","seatTypeCode":"2"},{"passengerId":1681265759105454080,"passengerIdCard":"123","passengerName":"æµ‹è¯•33","passengerType":"2","seatTypeCode":"2"}],"trainCode":"01"}]
2023-07-22 18:46:17.497 INFO  com.jktickets.aspect.LogAspect                    :106  [32m1690022776881nm2  [0;39m æ‰§è¡ŒSQL:  insert | execution(int com.jktickets.mapper.ConfirmOrderMapper.insert(ConfirmOrder))
2023-07-22 18:46:17.502 INFO  com.jktickets.aspect.LogAspect                    :111  [32m1690022776881nm2  [0;39m å‚æ•°å€¼: ConfirmOrder [Hash = 2072742341, id=1682703606194769920, memberId=1680932902797447168, date=Mon Jul 17 00:00:00 CST 2023, trainCode=01, start=ä¸Šæµ·, end=æ­å·, dailyTrainTicketId=1680944278592950272, status=I, createTime=2023-07-22 18:46:17, updateTime=2023-07-22 18:46:17, tickets=[{"passengerId":1681265704667582464,"passengerIdCard":"1","passengerName":"æµ‹è¯•","passengerType":"1","seatTypeCode":"2"},{"passengerId":1681265759105454080,"passengerIdCard":"123","passengerName":"æµ‹è¯•33","passengerType":"2","seatTypeCode":"2"}]]
2023-07-22 18:46:17.529 INFO  com.zaxxer.hikari.HikariDataSource                :110  [32m1690022776881nm2  [0;39m HikariPool-1 - Starting...
2023-07-22 18:46:17.911 INFO  com.zaxxer.hikari.pool.HikariPool                 :565  [32m1690022776881nm2  [0;39m HikariPool-1 - Added connection com.mysql.cj.jdbc.ConnectionImpl@2332e3ae
2023-07-22 18:46:17.915 INFO  com.zaxxer.hikari.HikariDataSource                :123  [32m1690022776881nm2  [0;39m HikariPool-1 - Start completed.
2023-07-22 18:46:17.992 INFO  com.jktickets.aspect.LogAspect                    :120  [32m1690022776881nm2  [0;39m SQLæ‰§è¡Œå®Œæˆ: insert | execution(int com.jktickets.mapper.ConfirmOrderMapper.insert(ConfirmOrder))
2023-07-22 18:46:17.997 INFO  com.jktickets.aspect.LogAspect                    :106  [32m1690022776881nm2  [0;39m æ‰§è¡ŒSQL:  selectByExample | execution(List com.jktickets.mapper.DailyTrainTicketMapper.selectByExample(DailyTrainTicketExample))
2023-07-22 18:46:17.997 INFO  com.jktickets.aspect.LogAspect                    :111  [32m1690022776881nm2  [0;39m å‚æ•°å€¼: com.jktickets.domain.DailyTrainTicketExample@3744398
2023-07-22 18:46:18.073 INFO  com.jktickets.aspect.LogAspect                    :120  [32m1690022776881nm2  [0;39m SQLæ‰§è¡Œå®Œæˆ: selectByExample | execution(List com.jktickets.mapper.DailyTrainTicketMapper.selectByExample(DailyTrainTicketExample))
2023-07-22 18:46:18.074 INFO  com.jktickets.service.ConfirmOrderService         :155  [32m1690022776881nm2  [0;39m æŸ¥å‡ºä½™ç¥¨è®°å½•:DailyTrainTicket [Hash = 1824559327, id=1680944278592950272, date=Mon Jul 17 00:00:00 CST 2023, trainCode=01, start=ä¸Šæµ·, startPinyin=shanghai, startTime=Thu Jan 01 00:02:00 CST 1970, startIndex=0, end=æ­å·, endPinyin=hangzhou, endTime=Thu Jan 01 15:00:00 CST 1970, endIndex=2, ydz=12, ydzPrice=5.76, edz=25, edzPrice=4.32, rw=-1, rwPrice=8.64, yw=-1, ywPrice=7.20, createTime=Mon Jul 17 22:15:20 CST 2023, updateTime=Mon Jul 17 22:15:20 CST 2023]
2023-07-22 18:46:18.080 INFO  com.jktickets.service.ConfirmOrderService         :213  [32m1690022776881nm2  [0;39m æœ¬æ¬¡è´­ç¥¨æ²¡æœ‰é€‰åº§
2023-07-22 18:46:18.083 INFO  com.jktickets.aspect.LogAspect                    :106  [32m1690022776881nm2  [0;39m æ‰§è¡ŒSQL:  selectByExample | execution(List com.jktickets.mapper.DailyTrainCarriageMapper.selectByExample(DailyTrainCarriageExample))
2023-07-22 18:46:18.083 INFO  com.jktickets.aspect.LogAspect                    :111  [32m1690022776881nm2  [0;39m å‚æ•°å€¼: com.jktickets.domain.DailyTrainCarriageExample@74310443
2023-07-22 18:46:18.117 INFO  com.jktickets.aspect.LogAspect                    :120  [32m1690022776881nm2  [0;39m SQLæ‰§è¡Œå®Œæˆ: selectByExample | execution(List com.jktickets.mapper.DailyTrainCarriageMapper.selectByExample(DailyTrainCarriageExample))
2023-07-22 18:46:18.117 INFO  com.jktickets.service.ConfirmOrderService         :244  [32m1690022776881nm2  [0;39m å…±æŸ¥å‡º1ä¸ªç¬¦åˆæ¡ä»¶çš„è½¦å¢
2023-07-22 18:46:18.118 INFO  com.jktickets.service.ConfirmOrderService         :249  [32m1690022776881nm2  [0;39m ä»è½¦å¢2é€‰åº§
2023-07-22 18:46:18.122 INFO  com.jktickets.aspect.LogAspect                    :106  [32m1690022776881nm2  [0;39m æ‰§è¡ŒSQL:  selectByExample | execution(List com.jktickets.mapper.DailyTrainSeatMapper.selectByExample(DailyTrainSeatExample))
2023-07-22 18:46:18.122 INFO  com.jktickets.aspect.LogAspect                    :111  [32m1690022776881nm2  [0;39m å‚æ•°å€¼: com.jktickets.domain.DailyTrainSeatExample@6fd91442
2023-07-22 18:46:18.165 INFO  com.jktickets.aspect.LogAspect                    :120  [32m1690022776881nm2  [0;39m SQLæ‰§è¡Œå®Œæˆ: selectByExample | execution(List com.jktickets.mapper.DailyTrainSeatMapper.selectByExample(DailyTrainSeatExample))
2023-07-22 18:46:18.165 INFO  com.jktickets.service.ConfirmOrderService         :252  [32m1690022776881nm2  [0;39m è½¦å¢2çš„åº§ä½æ•°:25
2023-07-22 18:46:18.166 INFO  com.jktickets.aspect.LogAspect                    :106  [32m1690022776881nm2  [0;39m æ‰§è¡ŒSQL:  selectByExample | execution(List com.jktickets.mapper.DailyTrainCarriageMapper.selectByExample(DailyTrainCarriageExample))
2023-07-22 18:46:18.166 INFO  com.jktickets.aspect.LogAspect                    :111  [32m1690022776881nm2  [0;39m å‚æ•°å€¼: com.jktickets.domain.DailyTrainCarriageExample@5042c7b3
2023-07-22 18:46:18.188 INFO  com.jktickets.aspect.LogAspect                    :120  [32m1690022776881nm2  [0;39m SQLæ‰§è¡Œå®Œæˆ: selectByExample | execution(List com.jktickets.mapper.DailyTrainCarriageMapper.selectByExample(DailyTrainCarriageExample))
2023-07-22 18:46:18.189 INFO  com.jktickets.service.ConfirmOrderService         :244  [32m1690022776881nm2  [0;39m å…±æŸ¥å‡º1ä¸ªç¬¦åˆæ¡ä»¶çš„è½¦å¢
2023-07-22 18:46:18.189 INFO  com.jktickets.service.ConfirmOrderService         :249  [32m1690022776881nm2  [0;39m ä»è½¦å¢2é€‰åº§
2023-07-22 18:46:18.189 INFO  com.jktickets.aspect.LogAspect                    :106  [32m1690022776881nm2  [0;39m æ‰§è¡ŒSQL:  selectByExample | execution(List com.jktickets.mapper.DailyTrainSeatMapper.selectByExample(DailyTrainSeatExample))
2023-07-22 18:46:18.189 INFO  com.jktickets.aspect.LogAspect                    :111  [32m1690022776881nm2  [0;39m å‚æ•°å€¼: com.jktickets.domain.DailyTrainSeatExample@45fff2c7
2023-07-22 18:46:18.217 INFO  com.jktickets.aspect.LogAspect                    :120  [32m1690022776881nm2  [0;39m SQLæ‰§è¡Œå®Œæˆ: selectByExample | execution(List com.jktickets.mapper.DailyTrainSeatMapper.selectByExample(DailyTrainSeatExample))
2023-07-22 18:46:18.217 INFO  com.jktickets.service.ConfirmOrderService         :252  [32m1690022776881nm2  [0;39m è½¦å¢2çš„åº§ä½æ•°:25
2023-07-22 18:46:18.221 INFO  com.jktickets.aspect.LogAspect                    :94   [32m1690022776881nm2  [0;39m è¿”å›ç»“æœ: {"code":0,"message":"","success":true}
2023-07-22 18:46:18.222 INFO  com.jktickets.aspect.LogAspect                    :95   [32m1690022776881nm2  [0;39m ------------- ç»“æŸ è€—æ—¶ï¼š822 ms -------------
2023-07-22 18:47:20.731 INFO  com.jktickets.interceptor.MemberInterceptor       :32   [32m1690022840731zhl  [0;39m è·å–ä¼šå‘˜ç™»å½•tokenï¼šeyJ0eXAiOiJKV1QiLCJhbGciOiJIUzI1NiJ9.eyJuYmYiOjE2OTAwMTA4ODAsIm1vYmlsZSI6IjEzMDAwMDAwMDAwIiwiaWQiOjE2ODA5MzI5MDI3OTc0NDcxNjgsImV4cCI6MTY5MDA5NzI4MCwiaWF0IjoxNjkwMDEwODgwfQ.MoOWbhSIUrf-D0sFiQZTHUpcjBWW0tyfHqPdVuDBCDE
2023-07-22 18:47:20.733 INFO  com.jktickets.utils.JwtUtil                       :64   [32m1690022840731zhl  [0;39m æ ¹æ®tokenè·å–åŸå§‹å†…å®¹ï¼š{"mobile":"13000000000","id":1680932902797447168}
2023-07-22 18:47:20.734 INFO  com.jktickets.interceptor.MemberInterceptor       :35   [32m1690022840731zhl  [0;39m å½“å‰ç™»å½•ä¼šå‘˜ï¼š{"mobile":"13000000000","id":1680932902797447168}
2023-07-22 18:47:20.737 INFO  com.jktickets.aspect.LogAspect                    :57   [32m1690022840731zhl  [0;39m ------------- å¼€å§‹ -------------
2023-07-22 18:47:20.737 INFO  com.jktickets.aspect.LogAspect                    :58   [32m1690022840731zhl  [0;39m è¯·æ±‚åœ°å€: http://127.0.0.1:8002/business/confirmOrder/doConfirm POST
2023-07-22 18:47:20.738 INFO  com.jktickets.aspect.LogAspect                    :59   [32m1690022840731zhl  [0;39m ç±»åæ–¹æ³•: com.jktickets.controller.ConfirmOrderController.doConfirm
2023-07-22 18:47:20.738 INFO  com.jktickets.aspect.LogAspect                    :60   [32m1690022840731zhl  [0;39m è¿œç¨‹åœ°å€: 127.0.0.1
2023-07-22 18:47:20.738 INFO  com.jktickets.aspect.LogAspect                    :82   [32m1690022840731zhl  [0;39m è¯·æ±‚å‚æ•°: [{"dailyTrainTicketId":1680944278592950272,"date":1689523200000,"end":"æ­å·","start":"ä¸Šæµ·","tickets":[{"passengerId":1681265704667582464,"passengerIdCard":"1","passengerName":"æµ‹è¯•","passengerType":"1","seat":"A1","seatTypeCode":"2"},{"passengerId":1681265759105454080,"passengerIdCard":"123","passengerName":"æµ‹è¯•33","passengerType":"2","seat":"C1","seatTypeCode":"2"}],"trainCode":"01"}]
2023-07-22 18:47:20.739 INFO  com.jktickets.aspect.LogAspect                    :106  [32m1690022840731zhl  [0;39m æ‰§è¡ŒSQL:  insert | execution(int com.jktickets.mapper.ConfirmOrderMapper.insert(ConfirmOrder))
2023-07-22 18:47:20.740 INFO  com.jktickets.aspect.LogAspect                    :111  [32m1690022840731zhl  [0;39m å‚æ•°å€¼: ConfirmOrder [Hash = 1296810558, id=1682703871459332096, memberId=1680932902797447168, date=Mon Jul 17 00:00:00 CST 2023, trainCode=01, start=ä¸Šæµ·, end=æ­å·, dailyTrainTicketId=1680944278592950272, status=I, createTime=2023-07-22 18:47:20, updateTime=2023-07-22 18:47:20, tickets=[{"passengerId":1681265704667582464,"passengerIdCard":"1","passengerName":"æµ‹è¯•","passengerType":"1","seat":"A1","seatTypeCode":"2"},{"passengerId":1681265759105454080,"passengerIdCard":"123","passengerName":"æµ‹è¯•33","passengerType":"2","seat":"C1","seatTypeCode":"2"}]]
2023-07-22 18:47:21.029 INFO  com.jktickets.aspect.LogAspect                    :120  [32m1690022840731zhl  [0;39m SQLæ‰§è¡Œå®Œæˆ: insert | execution(int com.jktickets.mapper.ConfirmOrderMapper.insert(ConfirmOrder))
2023-07-22 18:47:21.030 INFO  com.jktickets.aspect.LogAspect                    :106  [32m1690022840731zhl  [0;39m æ‰§è¡ŒSQL:  selectByExample | execution(List com.jktickets.mapper.DailyTrainTicketMapper.selectByExample(DailyTrainTicketExample))
2023-07-22 18:47:21.030 INFO  com.jktickets.aspect.LogAspect                    :111  [32m1690022840731zhl  [0;39m å‚æ•°å€¼: com.jktickets.domain.DailyTrainTicketExample@1c5243a6
2023-07-22 18:47:21.348 INFO  com.jktickets.aspect.LogAspect                    :120  [32m1690022840731zhl  [0;39m SQLæ‰§è¡Œå®Œæˆ: selectByExample | execution(List com.jktickets.mapper.DailyTrainTicketMapper.selectByExample(DailyTrainTicketExample))
2023-07-22 18:47:21.349 INFO  com.jktickets.service.ConfirmOrderService         :155  [32m1690022840731zhl  [0;39m æŸ¥å‡ºä½™ç¥¨è®°å½•:DailyTrainTicket [Hash = 404536157, id=1680944278592950272, date=Mon Jul 17 00:00:00 CST 2023, trainCode=01, start=ä¸Šæµ·, startPinyin=shanghai, startTime=Thu Jan 01 00:02:00 CST 1970, startIndex=0, end=æ­å·, endPinyin=hangzhou, endTime=Thu Jan 01 15:00:00 CST 1970, endIndex=2, ydz=12, ydzPrice=5.76, edz=25, edzPrice=4.32, rw=-1, rwPrice=8.64, yw=-1, ywPrice=7.20, createTime=Mon Jul 17 22:15:20 CST 2023, updateTime=Mon Jul 17 22:15:20 CST 2023]
2023-07-22 18:47:21.350 INFO  com.jktickets.service.ConfirmOrderService         :169  [32m1690022840731zhl  [0;39m æœ¬æ¬¡è´­ç¥¨æœ‰é€‰åº§
2023-07-22 18:47:21.352 INFO  com.jktickets.service.ConfirmOrderService         :173  [32m1690022840731zhl  [0;39m æœ¬æ¬¡é€‰åº§ åº§ä½ç±»å‹åŒ…å«çš„åˆ—:[EDZ_A, EDZ_B, EDZ_C, EDZ_D, EDZ_F]
2023-07-22 18:47:21.352 INFO  com.jktickets.service.ConfirmOrderService         :185  [32m1690022840731zhl  [0;39m ç”¨äºä½œå‚ç…§çš„ä¸¤æ’åº§ä½,[A1, B1, C1, D1, F1, A1, B1, C1, D1, F1]
2023-07-22 18:47:21.352 INFO  com.jktickets.service.ConfirmOrderService         :196  [32m1690022840731zhl  [0;39m è®¡ç®—å¾—åˆ°æ‰€æœ‰åº§ä½çš„çš„ç»å¯¹åç§»é‡:[0, 2]
2023-07-22 18:47:21.353 INFO  com.jktickets.service.ConfirmOrderService         :209  [32m1690022840731zhl  [0;39m è®¡ç®—å¾—åˆ°æ‰€æœ‰åº§ä½çš„ ç»å¯¹åç§»é‡:[0, 2]
2023-07-22 18:47:21.353 INFO  com.jktickets.aspect.LogAspect                    :106  [32m1690022840731zhl  [0;39m æ‰§è¡ŒSQL:  selectByExample | execution(List com.jktickets.mapper.DailyTrainCarriageMapper.selectByExample(DailyTrainCarriageExample))
2023-07-22 18:47:21.353 INFO  com.jktickets.aspect.LogAspect                    :111  [32m1690022840731zhl  [0;39m å‚æ•°å€¼: com.jktickets.domain.DailyTrainCarriageExample@400c1a52
2023-07-22 18:47:21.374 INFO  com.jktickets.aspect.LogAspect                    :120  [32m1690022840731zhl  [0;39m SQLæ‰§è¡Œå®Œæˆ: selectByExample | execution(List com.jktickets.mapper.DailyTrainCarriageMapper.selectByExample(DailyTrainCarriageExample))
2023-07-22 18:47:21.374 INFO  com.jktickets.service.ConfirmOrderService         :244  [32m1690022840731zhl  [0;39m å…±æŸ¥å‡º1ä¸ªç¬¦åˆæ¡ä»¶çš„è½¦å¢
2023-07-22 18:47:21.375 INFO  com.jktickets.service.ConfirmOrderService         :249  [32m1690022840731zhl  [0;39m ä»è½¦å¢2é€‰åº§
2023-07-22 18:47:21.375 INFO  com.jktickets.aspect.LogAspect                    :106  [32m1690022840731zhl  [0;39m æ‰§è¡ŒSQL:  selectByExample | execution(List com.jktickets.mapper.DailyTrainSeatMapper.selectByExample(DailyTrainSeatExample))
2023-07-22 18:47:21.375 INFO  com.jktickets.aspect.LogAspect                    :111  [32m1690022840731zhl  [0;39m å‚æ•°å€¼: com.jktickets.domain.DailyTrainSeatExample@285f3cd9
2023-07-22 18:47:21.417 INFO  com.jktickets.aspect.LogAspect                    :120  [32m1690022840731zhl  [0;39m SQLæ‰§è¡Œå®Œæˆ: selectByExample | execution(List com.jktickets.mapper.DailyTrainSeatMapper.selectByExample(DailyTrainSeatExample))
2023-07-22 18:47:21.417 INFO  com.jktickets.service.ConfirmOrderService         :252  [32m1690022840731zhl  [0;39m è½¦å¢2çš„åº§ä½æ•°:25
2023-07-22 18:47:21.417 INFO  com.jktickets.aspect.LogAspect                    :94   [32m1690022840731zhl  [0;39m è¿”å›ç»“æœ: {"code":0,"message":"","success":true}
2023-07-22 18:47:21.418 INFO  com.jktickets.aspect.LogAspect                    :95   [32m1690022840731zhl  [0;39m ------------- ç»“æŸ è€—æ—¶ï¼š681 ms -------------
2023-07-22 21:03:11.096 INFO  com.zaxxer.hikari.HikariDataSource                :350  [32m                  [0;39m HikariPool-1 - Shutdown initiated...
2023-07-22 21:03:11.199 INFO  com.zaxxer.hikari.HikariDataSource                :352  [32m                  [0;39m HikariPool-1 - Shutdown completed.
2023-07-22 21:03:18.768 INFO  org.hibernate.validator.internal.util.Version     :21   [32m                  [0;39m HV000001: Hibernate Validator 8.0.0.Final
2023-07-22 21:03:18.813 INFO  com.jktickets.BusinessApplication                 :51   [32m                  [0;39m Starting BusinessApplication using Java 17.0.3 with PID 16104 (D:\Project\java\jk-tickets\business-service\target\classes started by Administrator in D:\Project\java\jk-tickets)
2023-07-22 21:03:18.814 INFO  com.jktickets.BusinessApplication                 :630  [32m                  [0;39m No active profile set, falling back to 1 default profile: "default"
2023-07-22 21:03:18.884 INFO  o.s.b.d.env.DevToolsPropertyDefaultsPostProcessor :250  [32m                  [0;39m Devtools property defaults active! Set 'spring.devtools.add-properties' to 'false' to disable
2023-07-22 21:03:18.884 INFO  o.s.b.d.env.DevToolsPropertyDefaultsPostProcessor :250  [32m                  [0;39m For additional web related logging consider setting the 'logging.level.web' property to 'DEBUG'
2023-07-22 21:03:19.970 INFO  o.springframework.cloud.context.scope.GenericScope:282  [32m                  [0;39m BeanFactory id=a2d2181d-ab17-3664-9e1a-3e2eda0baeea
2023-07-22 21:03:20.924 INFO  o.s.boot.web.embedded.tomcat.TomcatWebServer      :114  [32m                  [0;39m Tomcat initialized with port(s): 8002 (http)
2023-07-22 21:03:20.936 INFO  org.apache.coyote.http11.Http11NioProtocol        :173  [32m                  [0;39m Initializing ProtocolHandler ["http-nio-8002"]
2023-07-22 21:03:20.938 INFO  org.apache.catalina.core.StandardService          :173  [32m                  [0;39m Starting service [Tomcat]
2023-07-22 21:03:20.938 INFO  org.apache.catalina.core.StandardEngine           :173  [32m                  [0;39m Starting Servlet engine: [Apache Tomcat/10.1.1]
2023-07-22 21:03:21.016 INFO  o.a.c.c.C.[Tomcat].[localhost].[/business]        :173  [32m                  [0;39m Initializing Spring embedded WebApplicationContext
2023-07-22 21:03:21.017 INFO  o.s.b.w.s.c.ServletWebServerApplicationContext    :291  [32m                  [0;39m Root WebApplicationContext: initialization completed in 2131 ms
2023-07-22 21:03:23.127 WARN  o.s.core.LocalVariableTableParameterNameDiscoverer:123  [32m                  [0;39m Using deprecated '-debug' fallback for parameter name resolution. Compile the affected code with '-parameters' instead or avoid its introspection: com.github.pagehelper.autoconfigure.PageHelperStandardProperties
2023-07-22 21:03:23.483 WARN  o.s.b.d.autoconfigure.OptionalLiveReloadServer    :62   [32m                  [0;39m Unable to start LiveReload server
2023-07-22 21:03:23.997 INFO  org.apache.coyote.http11.Http11NioProtocol        :173  [32m                  [0;39m Starting ProtocolHandler ["http-nio-8002"]
2023-07-22 21:03:24.029 INFO  o.s.boot.web.embedded.tomcat.TomcatWebServer      :226  [32m                  [0;39m Tomcat started on port(s): 8002 (http) with context path '/business'
2023-07-22 21:03:24.428 INFO  com.jktickets.BusinessApplication                 :57   [32m                  [0;39m Started BusinessApplication in 6.777 seconds (process running for 7.759)
2023-07-22 21:03:24.432 INFO  com.jktickets.BusinessApplication                 :21   [32m                  [0;39m å¯åŠ¨æˆåŠŸï¼ï¼
2023-07-22 21:03:24.433 INFO  com.jktickets.BusinessApplication                 :23   [32m                  [0;39m æµ‹è¯•åœ°å€: 	http://127.0.0.1:8002/business/hello
2023-07-22 21:03:36.245 INFO  o.a.c.c.C.[Tomcat].[localhost].[/business]        :173  [32m                  [0;39m Initializing Spring DispatcherServlet 'dispatcherServlet'
2023-07-22 21:03:36.245 INFO  org.springframework.web.servlet.DispatcherServlet :525  [32m                  [0;39m Initializing Servlet 'dispatcherServlet'
2023-07-22 21:03:36.247 INFO  org.springframework.web.servlet.DispatcherServlet :547  [32m                  [0;39m Completed initialization in 1 ms
2023-07-22 21:03:36.283 INFO  com.jktickets.interceptor.MemberInterceptor       :32   [32m1690031016275fhn  [0;39m è·å–ä¼šå‘˜ç™»å½•tokenï¼šeyJ0eXAiOiJKV1QiLCJhbGciOiJIUzI1NiJ9.eyJuYmYiOjE2OTAwMTA4ODAsIm1vYmlsZSI6IjEzMDAwMDAwMDAwIiwiaWQiOjE2ODA5MzI5MDI3OTc0NDcxNjgsImV4cCI6MTY5MDA5NzI4MCwiaWF0IjoxNjkwMDEwODgwfQ.MoOWbhSIUrf-D0sFiQZTHUpcjBWW0tyfHqPdVuDBCDE
2023-07-22 21:03:36.598 INFO  com.jktickets.utils.JwtUtil                       :64   [32m1690031016275fhn  [0;39m æ ¹æ®tokenè·å–åŸå§‹å†…å®¹ï¼š{"mobile":"13000000000","id":1680932902797447168}
2023-07-22 21:03:36.603 INFO  com.jktickets.interceptor.MemberInterceptor       :35   [32m1690031016275fhn  [0;39m å½“å‰ç™»å½•ä¼šå‘˜ï¼š{"mobile":"13000000000","id":1680932902797447168}
2023-07-22 21:03:36.825 INFO  com.jktickets.aspect.LogAspect                    :57   [32m1690031016275fhn  [0;39m ------------- å¼€å§‹ -------------
2023-07-22 21:03:36.826 INFO  com.jktickets.aspect.LogAspect                    :58   [32m1690031016275fhn  [0;39m è¯·æ±‚åœ°å€: http://127.0.0.1:8002/business/confirmOrder/doConfirm POST
2023-07-22 21:03:36.826 INFO  com.jktickets.aspect.LogAspect                    :59   [32m1690031016275fhn  [0;39m ç±»åæ–¹æ³•: com.jktickets.controller.ConfirmOrderController.doConfirm
2023-07-22 21:03:36.827 INFO  com.jktickets.aspect.LogAspect                    :60   [32m1690031016275fhn  [0;39m è¿œç¨‹åœ°å€: 127.0.0.1
2023-07-22 21:03:36.914 INFO  com.jktickets.aspect.LogAspect                    :82   [32m1690031016275fhn  [0;39m è¯·æ±‚å‚æ•°: [{"dailyTrainTicketId":1680944278592950272,"date":1689523200000,"end":"æ­å·","start":"ä¸Šæµ·","tickets":[{"passengerId":1681265704667582464,"passengerIdCard":"1","passengerName":"æµ‹è¯•","passengerType":"1","seat":"A1","seatTypeCode":"2"},{"passengerId":1681265759105454080,"passengerIdCard":"123","passengerName":"æµ‹è¯•33","passengerType":"2","seat":"C1","seatTypeCode":"2"}],"trainCode":"01"}]
2023-07-22 21:03:36.923 INFO  com.jktickets.aspect.LogAspect                    :106  [32m1690031016275fhn  [0;39m æ‰§è¡ŒSQL:  insert | execution(int com.jktickets.mapper.ConfirmOrderMapper.insert(ConfirmOrder))
2023-07-22 21:03:36.927 INFO  com.jktickets.aspect.LogAspect                    :111  [32m1690031016275fhn  [0;39m å‚æ•°å€¼: ConfirmOrder [Hash = 807294896, id=1682738164856393728, memberId=1680932902797447168, date=Mon Jul 17 00:00:00 CST 2023, trainCode=01, start=ä¸Šæµ·, end=æ­å·, dailyTrainTicketId=1680944278592950272, status=I, createTime=2023-07-22 21:03:36, updateTime=2023-07-22 21:03:36, tickets=[{"passengerId":1681265704667582464,"passengerIdCard":"1","passengerName":"æµ‹è¯•","passengerType":"1","seat":"A1","seatTypeCode":"2"},{"passengerId":1681265759105454080,"passengerIdCard":"123","passengerName":"æµ‹è¯•33","passengerType":"2","seat":"C1","seatTypeCode":"2"}]]
2023-07-22 21:03:36.964 INFO  com.zaxxer.hikari.HikariDataSource                :110  [32m1690031016275fhn  [0;39m HikariPool-1 - Starting...
2023-07-22 21:03:37.370 INFO  com.zaxxer.hikari.pool.HikariPool                 :565  [32m1690031016275fhn  [0;39m HikariPool-1 - Added connection com.mysql.cj.jdbc.ConnectionImpl@5d95dec4
2023-07-22 21:03:37.372 INFO  com.zaxxer.hikari.HikariDataSource                :123  [32m1690031016275fhn  [0;39m HikariPool-1 - Start completed.
2023-07-22 21:03:37.465 INFO  com.jktickets.aspect.LogAspect                    :120  [32m1690031016275fhn  [0;39m SQLæ‰§è¡Œå®Œæˆ: insert | execution(int com.jktickets.mapper.ConfirmOrderMapper.insert(ConfirmOrder))
2023-07-22 21:03:37.470 INFO  com.jktickets.aspect.LogAspect                    :106  [32m1690031016275fhn  [0;39m æ‰§è¡ŒSQL:  selectByExample | execution(List com.jktickets.mapper.DailyTrainTicketMapper.selectByExample(DailyTrainTicketExample))
2023-07-22 21:03:37.471 INFO  com.jktickets.aspect.LogAspect                    :111  [32m1690031016275fhn  [0;39m å‚æ•°å€¼: com.jktickets.domain.DailyTrainTicketExample@67435784
2023-07-22 21:03:37.561 INFO  com.jktickets.aspect.LogAspect                    :120  [32m1690031016275fhn  [0;39m SQLæ‰§è¡Œå®Œæˆ: selectByExample | execution(List com.jktickets.mapper.DailyTrainTicketMapper.selectByExample(DailyTrainTicketExample))
2023-07-22 21:03:37.562 INFO  com.jktickets.service.ConfirmOrderService         :156  [32m1690031016275fhn  [0;39m æŸ¥å‡ºä½™ç¥¨è®°å½•:DailyTrainTicket [Hash = 1400967718, id=1680944278592950272, date=Mon Jul 17 00:00:00 CST 2023, trainCode=01, start=ä¸Šæµ·, startPinyin=shanghai, startTime=Thu Jan 01 00:02:00 CST 1970, startIndex=0, end=æ­å·, endPinyin=hangzhou, endTime=Thu Jan 01 15:00:00 CST 1970, endIndex=2, ydz=12, ydzPrice=5.76, edz=25, edzPrice=4.32, rw=-1, rwPrice=8.64, yw=-1, ywPrice=7.20, createTime=Mon Jul 17 22:15:20 CST 2023, updateTime=Mon Jul 17 22:15:20 CST 2023]
2023-07-22 21:03:37.567 INFO  com.jktickets.service.ConfirmOrderService         :170  [32m1690031016275fhn  [0;39m æœ¬æ¬¡è´­ç¥¨æœ‰é€‰åº§
2023-07-22 21:03:37.569 INFO  com.jktickets.service.ConfirmOrderService         :174  [32m1690031016275fhn  [0;39m æœ¬æ¬¡é€‰åº§ åº§ä½ç±»å‹åŒ…å«çš„åˆ—:[EDZ_A, EDZ_B, EDZ_C, EDZ_D, EDZ_F]
2023-07-22 21:03:37.569 INFO  com.jktickets.service.ConfirmOrderService         :186  [32m1690031016275fhn  [0;39m ç”¨äºä½œå‚ç…§çš„ä¸¤æ’åº§ä½,[A1, B1, C1, D1, F1, A1, B1, C1, D1, F1]
2023-07-22 21:03:37.570 INFO  com.jktickets.service.ConfirmOrderService         :197  [32m1690031016275fhn  [0;39m è®¡ç®—å¾—åˆ°æ‰€æœ‰åº§ä½çš„çš„ç»å¯¹åç§»é‡:[0, 2]
2023-07-22 21:03:37.570 INFO  com.jktickets.service.ConfirmOrderService         :210  [32m1690031016275fhn  [0;39m è®¡ç®—å¾—åˆ°æ‰€æœ‰åº§ä½çš„ ç»å¯¹åç§»é‡:[0, 2]
2023-07-22 21:03:37.573 INFO  com.jktickets.aspect.LogAspect                    :106  [32m1690031016275fhn  [0;39m æ‰§è¡ŒSQL:  selectByExample | execution(List com.jktickets.mapper.DailyTrainCarriageMapper.selectByExample(DailyTrainCarriageExample))
2023-07-22 21:03:37.574 INFO  com.jktickets.aspect.LogAspect                    :111  [32m1690031016275fhn  [0;39m å‚æ•°å€¼: com.jktickets.domain.DailyTrainCarriageExample@6e59a9a5
2023-07-22 21:03:37.602 INFO  com.jktickets.aspect.LogAspect                    :120  [32m1690031016275fhn  [0;39m SQLæ‰§è¡Œå®Œæˆ: selectByExample | execution(List com.jktickets.mapper.DailyTrainCarriageMapper.selectByExample(DailyTrainCarriageExample))
2023-07-22 21:03:37.603 INFO  com.jktickets.service.ConfirmOrderService         :245  [32m1690031016275fhn  [0;39m å…±æŸ¥å‡º1ä¸ªç¬¦åˆæ¡ä»¶çš„è½¦å¢
2023-07-22 21:03:37.603 INFO  com.jktickets.service.ConfirmOrderService         :250  [32m1690031016275fhn  [0;39m ä»è½¦å¢2é€‰åº§
2023-07-22 21:03:37.608 INFO  com.jktickets.aspect.LogAspect                    :106  [32m1690031016275fhn  [0;39m æ‰§è¡ŒSQL:  selectByExample | execution(List com.jktickets.mapper.DailyTrainSeatMapper.selectByExample(DailyTrainSeatExample))
2023-07-22 21:03:37.608 INFO  com.jktickets.aspect.LogAspect                    :111  [32m1690031016275fhn  [0;39m å‚æ•°å€¼: com.jktickets.domain.DailyTrainSeatExample@52a00030
2023-07-22 21:03:37.644 INFO  com.jktickets.aspect.LogAspect                    :120  [32m1690031016275fhn  [0;39m SQLæ‰§è¡Œå®Œæˆ: selectByExample | execution(List com.jktickets.mapper.DailyTrainSeatMapper.selectByExample(DailyTrainSeatExample))
2023-07-22 21:03:37.645 INFO  com.jktickets.service.ConfirmOrderService         :253  [32m1690031016275fhn  [0;39m è½¦å¢2çš„åº§ä½æ•°:25
2023-07-22 21:03:37.645 INFO  com.jktickets.service.ConfirmOrderService         :292  [32m1690031016275fhn  [0;39m åº§ä½2åœ¨æœ¬æ¬¡è½¦ç«™åŒºé—´0-2å·²å”®è¿‡ç¥¨,å¯é€‰ä¸­è¯¥åº§ä½
2023-07-22 21:03:37.646 INFO  com.jktickets.service.ConfirmOrderService         :311  [32m1690031016275fhn  [0;39m åº§ä½2è¢«é€‰ä¸­ï¼ŒåŸå”®ç¥¨ä¿¡æ¯:00,è½¦ç«™åŒºé—´:0-2,å³:11,æœ€ç»ˆå”®ç¥¨ä¿¡æ¯:11
2023-07-22 21:03:37.646 INFO  com.jktickets.service.ConfirmOrderService         :260  [32m1690031016275fhn  [0;39m é€‰ä¸­åº§ä½
2023-07-22 21:03:37.650 INFO  com.jktickets.aspect.LogAspect                    :94   [32m1690031016275fhn  [0;39m è¿”å›ç»“æœ: {"code":0,"message":"","success":true}
2023-07-22 21:03:37.651 INFO  com.jktickets.aspect.LogAspect                    :95   [32m1690031016275fhn  [0;39m ------------- ç»“æŸ è€—æ—¶ï¼š827 ms -------------
2023-07-22 21:05:22.051 INFO  com.zaxxer.hikari.HikariDataSource                :350  [32m                  [0;39m HikariPool-1 - Shutdown initiated...
2023-07-22 21:05:22.059 INFO  com.zaxxer.hikari.HikariDataSource                :352  [32m                  [0;39m HikariPool-1 - Shutdown completed.
2023-07-22 21:05:30.020 INFO  org.hibernate.validator.internal.util.Version     :21   [32m                  [0;39m HV000001: Hibernate Validator 8.0.0.Final
2023-07-22 21:05:30.090 INFO  com.jktickets.BusinessApplication                 :51   [32m                  [0;39m Starting BusinessApplication using Java 17.0.3 with PID 14700 (D:\Project\java\jk-tickets\business-service\target\classes started by Administrator in D:\Project\java\jk-tickets)
2023-07-22 21:05:30.093 INFO  com.jktickets.BusinessApplication                 :630  [32m                  [0;39m No active profile set, falling back to 1 default profile: "default"
2023-07-22 21:05:30.160 INFO  o.s.b.d.env.DevToolsPropertyDefaultsPostProcessor :250  [32m                  [0;39m Devtools property defaults active! Set 'spring.devtools.add-properties' to 'false' to disable
2023-07-22 21:05:30.161 INFO  o.s.b.d.env.DevToolsPropertyDefaultsPostProcessor :250  [32m                  [0;39m For additional web related logging consider setting the 'logging.level.web' property to 'DEBUG'
2023-07-22 21:05:31.258 INFO  o.springframework.cloud.context.scope.GenericScope:282  [32m                  [0;39m BeanFactory id=a2d2181d-ab17-3664-9e1a-3e2eda0baeea
2023-07-22 21:05:32.246 INFO  o.s.boot.web.embedded.tomcat.TomcatWebServer      :114  [32m                  [0;39m Tomcat initialized with port(s): 8002 (http)
2023-07-22 21:05:32.258 INFO  org.apache.coyote.http11.Http11NioProtocol        :173  [32m                  [0;39m Initializing ProtocolHandler ["http-nio-8002"]
2023-07-22 21:05:32.260 INFO  org.apache.catalina.core.StandardService          :173  [32m                  [0;39m Starting service [Tomcat]
2023-07-22 21:05:32.260 INFO  org.apache.catalina.core.StandardEngine           :173  [32m                  [0;39m Starting Servlet engine: [Apache Tomcat/10.1.1]
2023-07-22 21:05:32.348 INFO  o.a.c.c.C.[Tomcat].[localhost].[/business]        :173  [32m                  [0;39m Initializing Spring embedded WebApplicationContext
2023-07-22 21:05:32.349 INFO  o.s.b.w.s.c.ServletWebServerApplicationContext    :291  [32m                  [0;39m Root WebApplicationContext: initialization completed in 2188 ms
2023-07-22 21:05:33.821 WARN  o.s.core.LocalVariableTableParameterNameDiscoverer:123  [32m                  [0;39m Using deprecated '-debug' fallback for parameter name resolution. Compile the affected code with '-parameters' instead or avoid its introspection: com.github.pagehelper.autoconfigure.PageHelperStandardProperties
2023-07-22 21:05:34.204 WARN  o.s.b.d.autoconfigure.OptionalLiveReloadServer    :62   [32m                  [0;39m Unable to start LiveReload server
2023-07-22 21:05:34.705 INFO  org.apache.coyote.http11.Http11NioProtocol        :173  [32m                  [0;39m Starting ProtocolHandler ["http-nio-8002"]
2023-07-22 21:05:34.736 INFO  o.s.boot.web.embedded.tomcat.TomcatWebServer      :226  [32m                  [0;39m Tomcat started on port(s): 8002 (http) with context path '/business'
2023-07-22 21:05:35.145 INFO  com.jktickets.BusinessApplication                 :57   [32m                  [0;39m Started BusinessApplication in 6.293 seconds (process running for 7.537)
2023-07-22 21:05:35.150 INFO  com.jktickets.BusinessApplication                 :21   [32m                  [0;39m å¯åŠ¨æˆåŠŸï¼ï¼
2023-07-22 21:05:35.150 INFO  com.jktickets.BusinessApplication                 :23   [32m                  [0;39m æµ‹è¯•åœ°å€: 	http://127.0.0.1:8002/business/hello
2023-07-22 21:06:42.610 INFO  o.a.c.c.C.[Tomcat].[localhost].[/business]        :173  [32m                  [0;39m Initializing Spring DispatcherServlet 'dispatcherServlet'
2023-07-22 21:06:42.611 INFO  org.springframework.web.servlet.DispatcherServlet :525  [32m                  [0;39m Initializing Servlet 'dispatcherServlet'
2023-07-22 21:06:42.613 INFO  org.springframework.web.servlet.DispatcherServlet :547  [32m                  [0;39m Completed initialization in 2 ms
2023-07-22 21:06:42.651 INFO  com.jktickets.interceptor.MemberInterceptor       :32   [32m1690031202645w70  [0;39m è·å–ä¼šå‘˜ç™»å½•tokenï¼šeyJ0eXAiOiJKV1QiLCJhbGciOiJIUzI1NiJ9.eyJuYmYiOjE2OTAwMTA4ODAsIm1vYmlsZSI6IjEzMDAwMDAwMDAwIiwiaWQiOjE2ODA5MzI5MDI3OTc0NDcxNjgsImV4cCI6MTY5MDA5NzI4MCwiaWF0IjoxNjkwMDEwODgwfQ.MoOWbhSIUrf-D0sFiQZTHUpcjBWW0tyfHqPdVuDBCDE
2023-07-22 21:06:42.951 INFO  com.jktickets.utils.JwtUtil                       :64   [32m1690031202645w70  [0;39m æ ¹æ®tokenè·å–åŸå§‹å†…å®¹ï¼š{"mobile":"13000000000","id":1680932902797447168}
2023-07-22 21:06:42.955 INFO  com.jktickets.interceptor.MemberInterceptor       :35   [32m1690031202645w70  [0;39m å½“å‰ç™»å½•ä¼šå‘˜ï¼š{"mobile":"13000000000","id":1680932902797447168}
2023-07-22 21:06:43.151 INFO  com.jktickets.aspect.LogAspect                    :57   [32m1690031202645w70  [0;39m ------------- å¼€å§‹ -------------
2023-07-22 21:06:43.152 INFO  com.jktickets.aspect.LogAspect                    :58   [32m1690031202645w70  [0;39m è¯·æ±‚åœ°å€: http://127.0.0.1:8002/business/confirmOrder/doConfirm POST
2023-07-22 21:06:43.153 INFO  com.jktickets.aspect.LogAspect                    :59   [32m1690031202645w70  [0;39m ç±»åæ–¹æ³•: com.jktickets.controller.ConfirmOrderController.doConfirm
2023-07-22 21:06:43.153 INFO  com.jktickets.aspect.LogAspect                    :60   [32m1690031202645w70  [0;39m è¿œç¨‹åœ°å€: 127.0.0.1
2023-07-22 21:06:43.240 INFO  com.jktickets.aspect.LogAspect                    :82   [32m1690031202645w70  [0;39m è¯·æ±‚å‚æ•°: [{"dailyTrainTicketId":1680944278592950272,"date":1689523200000,"end":"æ­å·","start":"ä¸Šæµ·","tickets":[{"passengerId":1681265704667582464,"passengerIdCard":"1","passengerName":"æµ‹è¯•","passengerType":"1","seat":"A1","seatTypeCode":"2"},{"passengerId":1681265759105454080,"passengerIdCard":"123","passengerName":"æµ‹è¯•33","passengerType":"2","seat":"B2","seatTypeCode":"2"}],"trainCode":"01"}]
2023-07-22 21:06:43.248 INFO  com.jktickets.aspect.LogAspect                    :106  [32m1690031202645w70  [0;39m æ‰§è¡ŒSQL:  insert | execution(int com.jktickets.mapper.ConfirmOrderMapper.insert(ConfirmOrder))
2023-07-22 21:06:43.253 INFO  com.jktickets.aspect.LogAspect                    :111  [32m1690031202645w70  [0;39m å‚æ•°å€¼: ConfirmOrder [Hash = 159598296, id=1682738946360086528, memberId=1680932902797447168, date=Mon Jul 17 00:00:00 CST 2023, trainCode=01, start=ä¸Šæµ·, end=æ­å·, dailyTrainTicketId=1680944278592950272, status=I, createTime=2023-07-22 21:06:43, updateTime=2023-07-22 21:06:43, tickets=[{"passengerId":1681265704667582464,"passengerIdCard":"1","passengerName":"æµ‹è¯•","passengerType":"1","seat":"A1","seatTypeCode":"2"},{"passengerId":1681265759105454080,"passengerIdCard":"123","passengerName":"æµ‹è¯•33","passengerType":"2","seat":"B2","seatTypeCode":"2"}]]
2023-07-22 21:06:43.279 INFO  com.zaxxer.hikari.HikariDataSource                :110  [32m1690031202645w70  [0;39m HikariPool-1 - Starting...
2023-07-22 21:06:43.696 INFO  com.zaxxer.hikari.pool.HikariPool                 :565  [32m1690031202645w70  [0;39m HikariPool-1 - Added connection com.mysql.cj.jdbc.ConnectionImpl@5406f7c7
2023-07-22 21:06:43.700 INFO  com.zaxxer.hikari.HikariDataSource                :123  [32m1690031202645w70  [0;39m HikariPool-1 - Start completed.
2023-07-22 21:06:43.789 INFO  com.jktickets.aspect.LogAspect                    :120  [32m1690031202645w70  [0;39m SQLæ‰§è¡Œå®Œæˆ: insert | execution(int com.jktickets.mapper.ConfirmOrderMapper.insert(ConfirmOrder))
2023-07-22 21:06:43.795 INFO  com.jktickets.aspect.LogAspect                    :106  [32m1690031202645w70  [0;39m æ‰§è¡ŒSQL:  selectByExample | execution(List com.jktickets.mapper.DailyTrainTicketMapper.selectByExample(DailyTrainTicketExample))
2023-07-22 21:06:43.795 INFO  com.jktickets.aspect.LogAspect                    :111  [32m1690031202645w70  [0;39m å‚æ•°å€¼: com.jktickets.domain.DailyTrainTicketExample@4cf7594a
2023-07-22 21:06:43.878 INFO  com.jktickets.aspect.LogAspect                    :120  [32m1690031202645w70  [0;39m SQLæ‰§è¡Œå®Œæˆ: selectByExample | execution(List com.jktickets.mapper.DailyTrainTicketMapper.selectByExample(DailyTrainTicketExample))
2023-07-22 21:06:43.879 INFO  com.jktickets.service.ConfirmOrderService         :156  [32m1690031202645w70  [0;39m æŸ¥å‡ºä½™ç¥¨è®°å½•:DailyTrainTicket [Hash = 94849039, id=1680944278592950272, date=Mon Jul 17 00:00:00 CST 2023, trainCode=01, start=ä¸Šæµ·, startPinyin=shanghai, startTime=Thu Jan 01 00:02:00 CST 1970, startIndex=0, end=æ­å·, endPinyin=hangzhou, endTime=Thu Jan 01 15:00:00 CST 1970, endIndex=2, ydz=12, ydzPrice=5.76, edz=25, edzPrice=4.32, rw=-1, rwPrice=8.64, yw=-1, ywPrice=7.20, createTime=Mon Jul 17 22:15:20 CST 2023, updateTime=Mon Jul 17 22:15:20 CST 2023]
2023-07-22 21:06:43.884 INFO  com.jktickets.service.ConfirmOrderService         :170  [32m1690031202645w70  [0;39m æœ¬æ¬¡è´­ç¥¨æœ‰é€‰åº§
2023-07-22 21:06:43.885 INFO  com.jktickets.service.ConfirmOrderService         :174  [32m1690031202645w70  [0;39m æœ¬æ¬¡é€‰åº§ åº§ä½ç±»å‹åŒ…å«çš„åˆ—:[EDZ_A, EDZ_B, EDZ_C, EDZ_D, EDZ_F]
2023-07-22 21:06:43.885 INFO  com.jktickets.service.ConfirmOrderService         :186  [32m1690031202645w70  [0;39m ç”¨äºä½œå‚ç…§çš„ä¸¤æ’åº§ä½,[A1, B1, C1, D1, F1, A1, B1, C1, D1, F1]
2023-07-22 21:06:43.886 INFO  com.jktickets.service.ConfirmOrderService         :197  [32m1690031202645w70  [0;39m è®¡ç®—å¾—åˆ°æ‰€æœ‰åº§ä½çš„çš„ç»å¯¹åç§»é‡:[0, -1]
2023-07-22 21:06:43.886 INFO  com.jktickets.service.ConfirmOrderService         :210  [32m1690031202645w70  [0;39m è®¡ç®—å¾—åˆ°æ‰€æœ‰åº§ä½çš„ ç»å¯¹åç§»é‡:[0, -1]
2023-07-22 21:06:43.890 INFO  com.jktickets.aspect.LogAspect                    :106  [32m1690031202645w70  [0;39m æ‰§è¡ŒSQL:  selectByExample | execution(List com.jktickets.mapper.DailyTrainCarriageMapper.selectByExample(DailyTrainCarriageExample))
2023-07-22 21:06:43.891 INFO  com.jktickets.aspect.LogAspect                    :111  [32m1690031202645w70  [0;39m å‚æ•°å€¼: com.jktickets.domain.DailyTrainCarriageExample@1811c2a3
2023-07-22 21:06:43.913 INFO  com.jktickets.aspect.LogAspect                    :120  [32m1690031202645w70  [0;39m SQLæ‰§è¡Œå®Œæˆ: selectByExample | execution(List com.jktickets.mapper.DailyTrainCarriageMapper.selectByExample(DailyTrainCarriageExample))
2023-07-22 21:06:43.913 INFO  com.jktickets.service.ConfirmOrderService         :245  [32m1690031202645w70  [0;39m å…±æŸ¥å‡º1ä¸ªç¬¦åˆæ¡ä»¶çš„è½¦å¢
2023-07-22 21:06:43.914 INFO  com.jktickets.service.ConfirmOrderService         :250  [32m1690031202645w70  [0;39m ä»è½¦å¢2é€‰åº§
2023-07-22 21:06:43.918 INFO  com.jktickets.aspect.LogAspect                    :106  [32m1690031202645w70  [0;39m æ‰§è¡ŒSQL:  selectByExample | execution(List com.jktickets.mapper.DailyTrainSeatMapper.selectByExample(DailyTrainSeatExample))
2023-07-22 21:06:43.919 INFO  com.jktickets.aspect.LogAspect                    :111  [32m1690031202645w70  [0;39m å‚æ•°å€¼: com.jktickets.domain.DailyTrainSeatExample@916232
2023-07-22 21:06:43.951 INFO  com.jktickets.aspect.LogAspect                    :120  [32m1690031202645w70  [0;39m SQLæ‰§è¡Œå®Œæˆ: selectByExample | execution(List com.jktickets.mapper.DailyTrainSeatMapper.selectByExample(DailyTrainSeatExample))
2023-07-22 21:06:43.952 INFO  com.jktickets.service.ConfirmOrderService         :253  [32m1690031202645w70  [0;39m è½¦å¢2çš„åº§ä½æ•°:25
2023-07-22 21:06:43.953 INFO  com.jktickets.service.ConfirmOrderService         :292  [32m1690031202645w70  [0;39m åº§ä½2åœ¨æœ¬æ¬¡è½¦ç«™åŒºé—´0-2æ²¡æœ‰å”®è¿‡ç¥¨,å¯é€‰ä¸­è¯¥åº§ä½
2023-07-22 21:06:43.954 INFO  com.jktickets.service.ConfirmOrderService         :311  [32m1690031202645w70  [0;39m åº§ä½2è¢«é€‰ä¸­ï¼ŒåŸå”®ç¥¨ä¿¡æ¯:00,è½¦ç«™åŒºé—´:0-2,å³:11,æœ€ç»ˆå”®ç¥¨ä¿¡æ¯:11
2023-07-22 21:06:43.955 INFO  com.jktickets.service.ConfirmOrderService         :260  [32m1690031202645w70  [0;39m é€‰ä¸­åº§ä½
2023-07-22 21:06:43.968 INFO  com.jktickets.aspect.LogAspect                    :94   [32m1690031202645w70  [0;39m è¿”å›ç»“æœ: {"code":0,"message":"","success":true}
2023-07-22 21:06:43.969 INFO  com.jktickets.aspect.LogAspect                    :95   [32m1690031202645w70  [0;39m ------------- ç»“æŸ è€—æ—¶ï¼š819 ms -------------
