2023-07-21 19:57:41.541 INFO  org.hibernate.validator.internal.util.Version     :21   [32m                  [0;39m HV000001: Hibernate Validator 8.0.0.Final
2023-07-21 19:57:41.640 INFO  com.jktickets.BusinessApplication                 :51   [32m                  [0;39m Starting BusinessApplication using Java 17.0.3 with PID 10952 (D:\Project\java\jk-tickets\business-service\target\classes started by Administrator in D:\Project\java\jk-tickets)
2023-07-21 19:57:41.643 INFO  com.jktickets.BusinessApplication                 :630  [32m                  [0;39m No active profile set, falling back to 1 default profile: "default"
2023-07-21 19:57:41.728 INFO  o.s.b.d.env.DevToolsPropertyDefaultsPostProcessor :250  [32m                  [0;39m Devtools property defaults active! Set 'spring.devtools.add-properties' to 'false' to disable
2023-07-21 19:57:41.730 INFO  o.s.b.d.env.DevToolsPropertyDefaultsPostProcessor :250  [32m                  [0;39m For additional web related logging consider setting the 'logging.level.web' property to 'DEBUG'
2023-07-21 19:57:44.930 INFO  o.springframework.cloud.context.scope.GenericScope:282  [32m                  [0;39m BeanFactory id=a2d2181d-ab17-3664-9e1a-3e2eda0baeea
2023-07-21 19:57:46.043 INFO  o.s.boot.web.embedded.tomcat.TomcatWebServer      :114  [32m                  [0;39m Tomcat initialized with port(s): 8002 (http)
2023-07-21 19:57:46.053 INFO  org.apache.coyote.http11.Http11NioProtocol        :173  [32m                  [0;39m Initializing ProtocolHandler ["http-nio-8002"]
2023-07-21 19:57:46.054 INFO  org.apache.catalina.core.StandardService          :173  [32m                  [0;39m Starting service [Tomcat]
2023-07-21 19:57:46.055 INFO  org.apache.catalina.core.StandardEngine           :173  [32m                  [0;39m Starting Servlet engine: [Apache Tomcat/10.1.1]
2023-07-21 19:57:46.132 INFO  o.a.c.c.C.[Tomcat].[localhost].[/business]        :173  [32m                  [0;39m Initializing Spring embedded WebApplicationContext
2023-07-21 19:57:46.133 INFO  o.s.b.w.s.c.ServletWebServerApplicationContext    :291  [32m                  [0;39m Root WebApplicationContext: initialization completed in 4402 ms
2023-07-21 19:57:48.009 WARN  o.s.core.LocalVariableTableParameterNameDiscoverer:123  [32m                  [0;39m Using deprecated '-debug' fallback for parameter name resolution. Compile the affected code with '-parameters' instead or avoid its introspection: com.github.pagehelper.autoconfigure.PageHelperStandardProperties
2023-07-21 19:57:48.353 WARN  o.s.b.d.autoconfigure.OptionalLiveReloadServer    :62   [32m                  [0;39m Unable to start LiveReload server
2023-07-21 19:57:48.813 INFO  org.apache.coyote.http11.Http11NioProtocol        :173  [32m                  [0;39m Starting ProtocolHandler ["http-nio-8002"]
2023-07-21 19:57:48.842 INFO  o.s.boot.web.embedded.tomcat.TomcatWebServer      :226  [32m                  [0;39m Tomcat started on port(s): 8002 (http) with context path '/business'
2023-07-21 19:57:49.214 INFO  com.jktickets.BusinessApplication                 :57   [32m                  [0;39m Started BusinessApplication in 9.144 seconds (process running for 10.309)
2023-07-21 19:57:49.220 INFO  com.jktickets.BusinessApplication                 :21   [32m                  [0;39m å¯åŠ¨æˆåŠŸï¼ï¼
2023-07-21 19:57:49.220 INFO  com.jktickets.BusinessApplication                 :23   [32m                  [0;39m æµ‹è¯•åœ°å€: 	http://127.0.0.1:8002/business/hello
2023-07-21 19:59:47.011 INFO  o.a.c.c.C.[Tomcat].[localhost].[/business]        :173  [32m                  [0;39m Initializing Spring DispatcherServlet 'dispatcherServlet'
2023-07-21 19:59:47.012 INFO  org.springframework.web.servlet.DispatcherServlet :525  [32m                  [0;39m Initializing Servlet 'dispatcherServlet'
2023-07-21 19:59:47.014 INFO  org.springframework.web.servlet.DispatcherServlet :547  [32m                  [0;39m Completed initialization in 2 ms
2023-07-21 19:59:47.052 INFO  com.jktickets.interceptor.MemberInterceptor       :32   [32m1689940787043y32  [0;39m è·å–ä¼šå‘˜ç™»å½•tokenï¼šeyJ0eXAiOiJKV1QiLCJhbGciOiJIUzI1NiJ9.eyJuYmYiOjE2ODk5NDA3NzYsIm1vYmlsZSI6IjEzMDAwMDAwMDAwIiwiaWQiOjE2ODA5MzI5MDI3OTc0NDcxNjgsImV4cCI6MTY5MDAyNzE3NiwiaWF0IjoxNjg5OTQwNzc2fQ.O1IpbTAqo31cqHu8ubp0PZhBA9l1fzsapk8ZlosWtEE
2023-07-21 19:59:47.370 INFO  com.jktickets.utils.JwtUtil                       :64   [32m1689940787043y32  [0;39m æ ¹æ®tokenè·å–åŸå§‹å†…å®¹ï¼š{"mobile":"13000000000","id":1680932902797447168}
2023-07-21 19:59:47.375 INFO  com.jktickets.interceptor.MemberInterceptor       :35   [32m1689940787043y32  [0;39m å½“å‰ç™»å½•ä¼šå‘˜ï¼š{"mobile":"13000000000","id":1680932902797447168}
2023-07-21 19:59:47.475 INFO  com.jktickets.aspect.LogAspect                    :57   [32m1689940787043y32  [0;39m ------------- å¼€å§‹ -------------
2023-07-21 19:59:47.477 INFO  com.jktickets.aspect.LogAspect                    :58   [32m1689940787043y32  [0;39m è¯·æ±‚åœ°å€: http://127.0.0.1:8002/business/station/queryAll GET
2023-07-21 19:59:47.477 INFO  com.jktickets.aspect.LogAspect                    :59   [32m1689940787043y32  [0;39m ç±»åæ–¹æ³•: com.jktickets.controller.StationController.queryAllStationList
2023-07-21 19:59:47.477 INFO  com.jktickets.aspect.LogAspect                    :60   [32m1689940787043y32  [0;39m è¿œç¨‹åœ°å€: 127.0.0.1
2023-07-21 19:59:47.534 INFO  com.jktickets.aspect.LogAspect                    :82   [32m1689940787043y32  [0;39m è¯·æ±‚å‚æ•°: []
2023-07-21 19:59:47.535 INFO  com.jktickets.aspect.LogAspect                    :106  [32m1689940787043y32  [0;39m æ‰§è¡ŒSQL:  selectByExample | execution(List com.jktickets.mapper.StationMapper.selectByExample(StationExample))
2023-07-21 19:59:47.536 INFO  com.jktickets.aspect.LogAspect                    :111  [32m1689940787043y32  [0;39m å‚æ•°å€¼: com.jktickets.domain.StationExample@74d547ab
2023-07-21 19:59:47.598 INFO  com.zaxxer.hikari.HikariDataSource                :110  [32m1689940787043y32  [0;39m HikariPool-1 - Starting...
2023-07-21 19:59:48.038 INFO  com.zaxxer.hikari.pool.HikariPool                 :565  [32m1689940787043y32  [0;39m HikariPool-1 - Added connection com.mysql.cj.jdbc.ConnectionImpl@3e2ee179
2023-07-21 19:59:48.042 INFO  com.zaxxer.hikari.HikariDataSource                :123  [32m1689940787043y32  [0;39m HikariPool-1 - Start completed.
2023-07-21 19:59:48.163 INFO  com.jktickets.aspect.LogAspect                    :120  [32m1689940787043y32  [0;39m SQLæ‰§è¡Œå®Œæˆ: selectByExample | execution(List com.jktickets.mapper.StationMapper.selectByExample(StationExample))
2023-07-21 19:59:48.205 INFO  com.jktickets.aspect.LogAspect                    :94   [32m1689940787043y32  [0;39m è¿”å›ç»“æœ: {"code":0,"message":"","result":[{"createTime":1689430602268,"id":1680219843401486336,"name":"æ­å·","namePinyin":"hangzhou","namePy":"hz","updateTime":1689430602268},{"createTime":1689427282591,"id":1680205919650189312,"name":"ä¸Šæµ·","namePinyin":"shanghai","namePy":"sh","updateTime":1689427282591},{"createTime":1689427268871,"id":1680205862385356800,"name":"æ¸©å·","namePinyin":"wenzhou","namePy":"wz","updateTime":1689427268871}],"success":true}
2023-07-21 19:59:48.206 INFO  com.jktickets.aspect.LogAspect                    :95   [32m1689940787043y32  [0;39m ------------- ç»“æŸ è€—æ—¶ï¼š732 ms -------------
2023-07-21 19:59:48.332 INFO  com.jktickets.interceptor.MemberInterceptor       :32   [32m1689940788332cyf  [0;39m è·å–ä¼šå‘˜ç™»å½•tokenï¼šeyJ0eXAiOiJKV1QiLCJhbGciOiJIUzI1NiJ9.eyJuYmYiOjE2ODk5NDA3NzYsIm1vYmlsZSI6IjEzMDAwMDAwMDAwIiwiaWQiOjE2ODA5MzI5MDI3OTc0NDcxNjgsImV4cCI6MTY5MDAyNzE3NiwiaWF0IjoxNjg5OTQwNzc2fQ.O1IpbTAqo31cqHu8ubp0PZhBA9l1fzsapk8ZlosWtEE
2023-07-21 19:59:48.333 INFO  com.jktickets.utils.JwtUtil                       :64   [32m1689940788332cyf  [0;39m æ ¹æ®tokenè·å–åŸå§‹å†…å®¹ï¼š{"mobile":"13000000000","id":1680932902797447168}
2023-07-21 19:59:48.333 INFO  com.jktickets.interceptor.MemberInterceptor       :35   [32m1689940788332cyf  [0;39m å½“å‰ç™»å½•ä¼šå‘˜ï¼š{"mobile":"13000000000","id":1680932902797447168}
2023-07-21 19:59:48.334 INFO  com.jktickets.aspect.LogAspect                    :57   [32m1689940788332cyf  [0;39m ------------- å¼€å§‹ -------------
2023-07-21 19:59:48.335 INFO  com.jktickets.aspect.LogAspect                    :58   [32m1689940788332cyf  [0;39m è¯·æ±‚åœ°å€: http://127.0.0.1:8002/business/station/queryAll GET
2023-07-21 19:59:48.335 INFO  com.jktickets.aspect.LogAspect                    :59   [32m1689940788332cyf  [0;39m ç±»åæ–¹æ³•: com.jktickets.controller.StationController.queryAllStationList
2023-07-21 19:59:48.336 INFO  com.jktickets.aspect.LogAspect                    :60   [32m1689940788332cyf  [0;39m è¿œç¨‹åœ°å€: 127.0.0.1
2023-07-21 19:59:48.336 INFO  com.jktickets.aspect.LogAspect                    :82   [32m1689940788332cyf  [0;39m è¯·æ±‚å‚æ•°: []
2023-07-21 19:59:48.337 INFO  com.jktickets.aspect.LogAspect                    :106  [32m1689940788332cyf  [0;39m æ‰§è¡ŒSQL:  selectByExample | execution(List com.jktickets.mapper.StationMapper.selectByExample(StationExample))
2023-07-21 19:59:48.337 INFO  com.jktickets.aspect.LogAspect                    :111  [32m1689940788332cyf  [0;39m å‚æ•°å€¼: com.jktickets.domain.StationExample@1405b08
2023-07-21 19:59:48.370 INFO  com.jktickets.aspect.LogAspect                    :120  [32m1689940788332cyf  [0;39m SQLæ‰§è¡Œå®Œæˆ: selectByExample | execution(List com.jktickets.mapper.StationMapper.selectByExample(StationExample))
2023-07-21 19:59:48.372 INFO  com.jktickets.aspect.LogAspect                    :94   [32m1689940788332cyf  [0;39m è¿”å›ç»“æœ: {"code":0,"message":"","result":[{"createTime":1689430602268,"id":1680219843401486336,"name":"æ­å·","namePinyin":"hangzhou","namePy":"hz","updateTime":1689430602268},{"createTime":1689427282591,"id":1680205919650189312,"name":"ä¸Šæµ·","namePinyin":"shanghai","namePy":"sh","updateTime":1689427282591},{"createTime":1689427268871,"id":1680205862385356800,"name":"æ¸©å·","namePinyin":"wenzhou","namePy":"wz","updateTime":1689427268871}],"success":true}
2023-07-21 19:59:48.372 INFO  com.jktickets.aspect.LogAspect                    :95   [32m1689940788332cyf  [0;39m ------------- ç»“æŸ è€—æ—¶ï¼š38 ms -------------
2023-07-21 20:00:01.983 INFO  com.jktickets.interceptor.MemberInterceptor       :32   [32m1689940801983uuy  [0;39m è·å–ä¼šå‘˜ç™»å½•tokenï¼šeyJ0eXAiOiJKV1QiLCJhbGciOiJIUzI1NiJ9.eyJuYmYiOjE2ODk5NDA3NzYsIm1vYmlsZSI6IjEzMDAwMDAwMDAwIiwiaWQiOjE2ODA5MzI5MDI3OTc0NDcxNjgsImV4cCI6MTY5MDAyNzE3NiwiaWF0IjoxNjg5OTQwNzc2fQ.O1IpbTAqo31cqHu8ubp0PZhBA9l1fzsapk8ZlosWtEE
2023-07-21 20:00:01.985 INFO  com.jktickets.utils.JwtUtil                       :64   [32m1689940801983uuy  [0;39m æ ¹æ®tokenè·å–åŸå§‹å†…å®¹ï¼š{"mobile":"13000000000","id":1680932902797447168}
2023-07-21 20:00:01.986 INFO  com.jktickets.interceptor.MemberInterceptor       :35   [32m1689940801983uuy  [0;39m å½“å‰ç™»å½•ä¼šå‘˜ï¼š{"mobile":"13000000000","id":1680932902797447168}
2023-07-21 20:00:02.107 INFO  com.jktickets.aspect.LogAspect                    :57   [32m1689940801983uuy  [0;39m ------------- å¼€å§‹ -------------
2023-07-21 20:00:02.107 INFO  com.jktickets.aspect.LogAspect                    :58   [32m1689940801983uuy  [0;39m è¯·æ±‚åœ°å€: http://127.0.0.1:8002/business/dailyTrainTicket/queryList GET
2023-07-21 20:00:02.107 INFO  com.jktickets.aspect.LogAspect                    :59   [32m1689940801983uuy  [0;39m ç±»åæ–¹æ³•: com.jktickets.controller.DailyTrainTicketController.queryDailyTrainTicketList
2023-07-21 20:00:02.108 INFO  com.jktickets.aspect.LogAspect                    :60   [32m1689940801983uuy  [0;39m è¿œç¨‹åœ°å€: 127.0.0.1
2023-07-21 20:00:02.111 INFO  com.jktickets.aspect.LogAspect                    :82   [32m1689940801983uuy  [0;39m è¯·æ±‚å‚æ•°: [{"date":1689523200000,"end":"ä¸Šæµ·","page":1,"size":10,"start":"æ­å·"}]
2023-07-21 20:00:02.122 INFO  com.jktickets.aspect.LogAspect                    :106  [32m1689940801983uuy  [0;39m æ‰§è¡ŒSQL:  selectByExample | execution(List com.jktickets.mapper.DailyTrainTicketMapper.selectByExample(DailyTrainTicketExample))
2023-07-21 20:00:02.122 INFO  com.jktickets.aspect.LogAspect                    :111  [32m1689940801983uuy  [0;39m å‚æ•°å€¼: com.jktickets.domain.DailyTrainTicketExample@7f6c7dd5
2023-07-21 20:00:02.316 INFO  com.jktickets.aspect.LogAspect                    :120  [32m1689940801983uuy  [0;39m SQLæ‰§è¡Œå®Œæˆ: selectByExample | execution(List com.jktickets.mapper.DailyTrainTicketMapper.selectByExample(DailyTrainTicketExample))
2023-07-21 20:00:02.319 INFO  com.jktickets.service.DailyTrainTicketService     :110  [32m1689940801983uuy  [0;39m æ€»è¡Œæ•°ï¼š0
2023-07-21 20:00:02.319 INFO  com.jktickets.service.DailyTrainTicketService     :111  [32m1689940801983uuy  [0;39m æ€»é¡µæ•°ï¼š0
2023-07-21 20:00:02.323 INFO  com.jktickets.aspect.LogAspect                    :94   [32m1689940801983uuy  [0;39m è¿”å›ç»“æœ: {"code":0,"message":"","result":{"list":[],"total":0},"success":true}
2023-07-21 20:00:02.324 INFO  com.jktickets.aspect.LogAspect                    :95   [32m1689940801983uuy  [0;39m ------------- ç»“æŸ è€—æ—¶ï¼š217 ms -------------
2023-07-21 20:00:04.973 INFO  com.jktickets.interceptor.MemberInterceptor       :32   [32m1689940804973qrh  [0;39m è·å–ä¼šå‘˜ç™»å½•tokenï¼šeyJ0eXAiOiJKV1QiLCJhbGciOiJIUzI1NiJ9.eyJuYmYiOjE2ODk5NDA3NzYsIm1vYmlsZSI6IjEzMDAwMDAwMDAwIiwiaWQiOjE2ODA5MzI5MDI3OTc0NDcxNjgsImV4cCI6MTY5MDAyNzE3NiwiaWF0IjoxNjg5OTQwNzc2fQ.O1IpbTAqo31cqHu8ubp0PZhBA9l1fzsapk8ZlosWtEE
2023-07-21 20:00:04.974 INFO  com.jktickets.utils.JwtUtil                       :64   [32m1689940804973qrh  [0;39m æ ¹æ®tokenè·å–åŸå§‹å†…å®¹ï¼š{"mobile":"13000000000","id":1680932902797447168}
2023-07-21 20:00:04.975 INFO  com.jktickets.interceptor.MemberInterceptor       :35   [32m1689940804973qrh  [0;39m å½“å‰ç™»å½•ä¼šå‘˜ï¼š{"mobile":"13000000000","id":1680932902797447168}
2023-07-21 20:00:04.976 INFO  com.jktickets.aspect.LogAspect                    :57   [32m1689940804973qrh  [0;39m ------------- å¼€å§‹ -------------
2023-07-21 20:00:04.976 INFO  com.jktickets.aspect.LogAspect                    :58   [32m1689940804973qrh  [0;39m è¯·æ±‚åœ°å€: http://127.0.0.1:8002/business/dailyTrainTicket/queryList GET
2023-07-21 20:00:04.977 INFO  com.jktickets.aspect.LogAspect                    :59   [32m1689940804973qrh  [0;39m ç±»åæ–¹æ³•: com.jktickets.controller.DailyTrainTicketController.queryDailyTrainTicketList
2023-07-21 20:00:04.977 INFO  com.jktickets.aspect.LogAspect                    :60   [32m1689940804973qrh  [0;39m è¿œç¨‹åœ°å€: 127.0.0.1
2023-07-21 20:00:04.978 INFO  com.jktickets.aspect.LogAspect                    :82   [32m1689940804973qrh  [0;39m è¯·æ±‚å‚æ•°: [{"date":1689436800000,"end":"ä¸Šæµ·","page":1,"size":10,"start":"æ­å·"}]
2023-07-21 20:00:04.978 INFO  com.jktickets.aspect.LogAspect                    :106  [32m1689940804973qrh  [0;39m æ‰§è¡ŒSQL:  selectByExample | execution(List com.jktickets.mapper.DailyTrainTicketMapper.selectByExample(DailyTrainTicketExample))
2023-07-21 20:00:04.978 INFO  com.jktickets.aspect.LogAspect                    :111  [32m1689940804973qrh  [0;39m å‚æ•°å€¼: com.jktickets.domain.DailyTrainTicketExample@a243284
2023-07-21 20:00:05.024 INFO  com.jktickets.aspect.LogAspect                    :120  [32m1689940804973qrh  [0;39m SQLæ‰§è¡Œå®Œæˆ: selectByExample | execution(List com.jktickets.mapper.DailyTrainTicketMapper.selectByExample(DailyTrainTicketExample))
2023-07-21 20:00:05.025 INFO  com.jktickets.service.DailyTrainTicketService     :110  [32m1689940804973qrh  [0;39m æ€»è¡Œæ•°ï¼š0
2023-07-21 20:00:05.025 INFO  com.jktickets.service.DailyTrainTicketService     :111  [32m1689940804973qrh  [0;39m æ€»é¡µæ•°ï¼š0
2023-07-21 20:00:05.026 INFO  com.jktickets.aspect.LogAspect                    :94   [32m1689940804973qrh  [0;39m è¿”å›ç»“æœ: {"code":0,"message":"","result":{"list":[],"total":0},"success":true}
2023-07-21 20:00:05.026 INFO  com.jktickets.aspect.LogAspect                    :95   [32m1689940804973qrh  [0;39m ------------- ç»“æŸ è€—æ—¶ï¼š50 ms -------------
2023-07-21 20:00:12.599 INFO  com.jktickets.interceptor.MemberInterceptor       :32   [32m1689940812599l8i  [0;39m è·å–ä¼šå‘˜ç™»å½•tokenï¼šeyJ0eXAiOiJKV1QiLCJhbGciOiJIUzI1NiJ9.eyJuYmYiOjE2ODk5NDA3NzYsIm1vYmlsZSI6IjEzMDAwMDAwMDAwIiwiaWQiOjE2ODA5MzI5MDI3OTc0NDcxNjgsImV4cCI6MTY5MDAyNzE3NiwiaWF0IjoxNjg5OTQwNzc2fQ.O1IpbTAqo31cqHu8ubp0PZhBA9l1fzsapk8ZlosWtEE
2023-07-21 20:00:12.600 INFO  com.jktickets.utils.JwtUtil                       :64   [32m1689940812599l8i  [0;39m æ ¹æ®tokenè·å–åŸå§‹å†…å®¹ï¼š{"mobile":"13000000000","id":1680932902797447168}
2023-07-21 20:00:12.601 INFO  com.jktickets.interceptor.MemberInterceptor       :35   [32m1689940812599l8i  [0;39m å½“å‰ç™»å½•ä¼šå‘˜ï¼š{"mobile":"13000000000","id":1680932902797447168}
2023-07-21 20:00:12.602 INFO  com.jktickets.aspect.LogAspect                    :57   [32m1689940812599l8i  [0;39m ------------- å¼€å§‹ -------------
2023-07-21 20:00:12.603 INFO  com.jktickets.aspect.LogAspect                    :58   [32m1689940812599l8i  [0;39m è¯·æ±‚åœ°å€: http://127.0.0.1:8002/business/dailyTrainTicket/queryList GET
2023-07-21 20:00:12.603 INFO  com.jktickets.aspect.LogAspect                    :59   [32m1689940812599l8i  [0;39m ç±»åæ–¹æ³•: com.jktickets.controller.DailyTrainTicketController.queryDailyTrainTicketList
2023-07-21 20:00:12.603 INFO  com.jktickets.aspect.LogAspect                    :60   [32m1689940812599l8i  [0;39m è¿œç¨‹åœ°å€: 127.0.0.1
2023-07-21 20:00:12.603 INFO  com.jktickets.aspect.LogAspect                    :82   [32m1689940812599l8i  [0;39m è¯·æ±‚å‚æ•°: [{"date":1689436800000,"end":"æ¸©å·","page":1,"size":10,"start":"ä¸Šæµ·"}]
2023-07-21 20:00:12.604 INFO  com.jktickets.aspect.LogAspect                    :106  [32m1689940812599l8i  [0;39m æ‰§è¡ŒSQL:  selectByExample | execution(List com.jktickets.mapper.DailyTrainTicketMapper.selectByExample(DailyTrainTicketExample))
2023-07-21 20:00:12.604 INFO  com.jktickets.aspect.LogAspect                    :111  [32m1689940812599l8i  [0;39m å‚æ•°å€¼: com.jktickets.domain.DailyTrainTicketExample@468f6070
2023-07-21 20:00:12.646 INFO  com.jktickets.aspect.LogAspect                    :120  [32m1689940812599l8i  [0;39m SQLæ‰§è¡Œå®Œæˆ: selectByExample | execution(List com.jktickets.mapper.DailyTrainTicketMapper.selectByExample(DailyTrainTicketExample))
2023-07-21 20:00:12.646 INFO  com.jktickets.service.DailyTrainTicketService     :110  [32m1689940812599l8i  [0;39m æ€»è¡Œæ•°ï¼š0
2023-07-21 20:00:12.647 INFO  com.jktickets.service.DailyTrainTicketService     :111  [32m1689940812599l8i  [0;39m æ€»é¡µæ•°ï¼š0
2023-07-21 20:00:12.647 INFO  com.jktickets.aspect.LogAspect                    :94   [32m1689940812599l8i  [0;39m è¿”å›ç»“æœ: {"code":0,"message":"","result":{"list":[],"total":0},"success":true}
2023-07-21 20:00:12.647 INFO  com.jktickets.aspect.LogAspect                    :95   [32m1689940812599l8i  [0;39m ------------- ç»“æŸ è€—æ—¶ï¼š45 ms -------------
2023-07-21 20:00:17.318 INFO  com.jktickets.interceptor.MemberInterceptor       :32   [32m1689940817318pcm  [0;39m è·å–ä¼šå‘˜ç™»å½•tokenï¼šeyJ0eXAiOiJKV1QiLCJhbGciOiJIUzI1NiJ9.eyJuYmYiOjE2ODk5NDA3NzYsIm1vYmlsZSI6IjEzMDAwMDAwMDAwIiwiaWQiOjE2ODA5MzI5MDI3OTc0NDcxNjgsImV4cCI6MTY5MDAyNzE3NiwiaWF0IjoxNjg5OTQwNzc2fQ.O1IpbTAqo31cqHu8ubp0PZhBA9l1fzsapk8ZlosWtEE
2023-07-21 20:00:17.319 INFO  com.jktickets.utils.JwtUtil                       :64   [32m1689940817318pcm  [0;39m æ ¹æ®tokenè·å–åŸå§‹å†…å®¹ï¼š{"mobile":"13000000000","id":1680932902797447168}
2023-07-21 20:00:17.319 INFO  com.jktickets.interceptor.MemberInterceptor       :35   [32m1689940817318pcm  [0;39m å½“å‰ç™»å½•ä¼šå‘˜ï¼š{"mobile":"13000000000","id":1680932902797447168}
2023-07-21 20:00:17.321 INFO  com.jktickets.aspect.LogAspect                    :57   [32m1689940817318pcm  [0;39m ------------- å¼€å§‹ -------------
2023-07-21 20:00:17.321 INFO  com.jktickets.aspect.LogAspect                    :58   [32m1689940817318pcm  [0;39m è¯·æ±‚åœ°å€: http://127.0.0.1:8002/business/dailyTrainTicket/queryList GET
2023-07-21 20:00:17.321 INFO  com.jktickets.aspect.LogAspect                    :59   [32m1689940817318pcm  [0;39m ç±»åæ–¹æ³•: com.jktickets.controller.DailyTrainTicketController.queryDailyTrainTicketList
2023-07-21 20:00:17.321 INFO  com.jktickets.aspect.LogAspect                    :60   [32m1689940817318pcm  [0;39m è¿œç¨‹åœ°å€: 127.0.0.1
2023-07-21 20:00:17.322 INFO  com.jktickets.aspect.LogAspect                    :82   [32m1689940817318pcm  [0;39m è¯·æ±‚å‚æ•°: [{"date":1689523200000,"end":"æ¸©å·","page":1,"size":10,"start":"ä¸Šæµ·"}]
2023-07-21 20:00:17.323 INFO  com.jktickets.aspect.LogAspect                    :106  [32m1689940817318pcm  [0;39m æ‰§è¡ŒSQL:  selectByExample | execution(List com.jktickets.mapper.DailyTrainTicketMapper.selectByExample(DailyTrainTicketExample))
2023-07-21 20:00:17.323 INFO  com.jktickets.aspect.LogAspect                    :111  [32m1689940817318pcm  [0;39m å‚æ•°å€¼: com.jktickets.domain.DailyTrainTicketExample@72ae3bbc
2023-07-21 20:00:17.387 INFO  com.jktickets.aspect.LogAspect                    :120  [32m1689940817318pcm  [0;39m SQLæ‰§è¡Œå®Œæˆ: selectByExample | execution(List com.jktickets.mapper.DailyTrainTicketMapper.selectByExample(DailyTrainTicketExample))
2023-07-21 20:00:17.388 INFO  com.jktickets.service.DailyTrainTicketService     :110  [32m1689940817318pcm  [0;39m æ€»è¡Œæ•°ï¼š1
2023-07-21 20:00:17.388 INFO  com.jktickets.service.DailyTrainTicketService     :111  [32m1689940817318pcm  [0;39m æ€»é¡µæ•°ï¼š1
2023-07-21 20:00:17.437 INFO  com.jktickets.aspect.LogAspect                    :94   [32m1689940817318pcm  [0;39m è¿”å›ç»“æœ: {"code":0,"message":"","result":{"list":[{"createTime":1689603320935,"date":1689523200000,"edz":25,"edzPrice":0.36,"end":"æ¸©å·","endIndex":1,"endPinyin":"wenzhou","endTime":51298000,"id":1680944277871529984,"rw":-1,"rwPrice":0.72,"start":"ä¸Šæµ·","startIndex":0,"startPinyin":"shanghai","startTime":-28680000,"trainCode":"01","updateTime":1689603320935,"ydz":12,"ydzPrice":0.48,"yw":-1,"ywPrice":0.60}],"total":1},"success":true}
2023-07-21 20:00:17.437 INFO  com.jktickets.aspect.LogAspect                    :95   [32m1689940817318pcm  [0;39m ------------- ç»“æŸ è€—æ—¶ï¼š116 ms -------------
2023-07-21 20:00:24.443 INFO  com.jktickets.interceptor.MemberInterceptor       :32   [32m1689940824443gfb  [0;39m è·å–ä¼šå‘˜ç™»å½•tokenï¼šeyJ0eXAiOiJKV1QiLCJhbGciOiJIUzI1NiJ9.eyJuYmYiOjE2ODk5NDA3NzYsIm1vYmlsZSI6IjEzMDAwMDAwMDAwIiwiaWQiOjE2ODA5MzI5MDI3OTc0NDcxNjgsImV4cCI6MTY5MDAyNzE3NiwiaWF0IjoxNjg5OTQwNzc2fQ.O1IpbTAqo31cqHu8ubp0PZhBA9l1fzsapk8ZlosWtEE
2023-07-21 20:00:24.444 INFO  com.jktickets.utils.JwtUtil                       :64   [32m1689940824443gfb  [0;39m æ ¹æ®tokenè·å–åŸå§‹å†…å®¹ï¼š{"mobile":"13000000000","id":1680932902797447168}
2023-07-21 20:00:24.444 INFO  com.jktickets.interceptor.MemberInterceptor       :35   [32m1689940824443gfb  [0;39m å½“å‰ç™»å½•ä¼šå‘˜ï¼š{"mobile":"13000000000","id":1680932902797447168}
2023-07-21 20:00:24.446 INFO  com.jktickets.aspect.LogAspect                    :57   [32m1689940824443gfb  [0;39m ------------- å¼€å§‹ -------------
2023-07-21 20:00:24.447 INFO  com.jktickets.aspect.LogAspect                    :58   [32m1689940824443gfb  [0;39m è¯·æ±‚åœ°å€: http://127.0.0.1:8002/business/dailyTrainTicket/queryList GET
2023-07-21 20:00:24.447 INFO  com.jktickets.aspect.LogAspect                    :59   [32m1689940824443gfb  [0;39m ç±»åæ–¹æ³•: com.jktickets.controller.DailyTrainTicketController.queryDailyTrainTicketList
2023-07-21 20:00:24.447 INFO  com.jktickets.aspect.LogAspect                    :60   [32m1689940824443gfb  [0;39m è¿œç¨‹åœ°å€: 127.0.0.1
2023-07-21 20:00:24.448 INFO  com.jktickets.aspect.LogAspect                    :82   [32m1689940824443gfb  [0;39m è¯·æ±‚å‚æ•°: [{"date":1689523200000,"end":"æ­å·","page":1,"size":10,"start":"ä¸Šæµ·"}]
2023-07-21 20:00:24.449 INFO  com.jktickets.aspect.LogAspect                    :106  [32m1689940824443gfb  [0;39m æ‰§è¡ŒSQL:  selectByExample | execution(List com.jktickets.mapper.DailyTrainTicketMapper.selectByExample(DailyTrainTicketExample))
2023-07-21 20:00:24.449 INFO  com.jktickets.aspect.LogAspect                    :111  [32m1689940824443gfb  [0;39m å‚æ•°å€¼: com.jktickets.domain.DailyTrainTicketExample@2cc87442
2023-07-21 20:00:24.513 INFO  com.jktickets.aspect.LogAspect                    :120  [32m1689940824443gfb  [0;39m SQLæ‰§è¡Œå®Œæˆ: selectByExample | execution(List com.jktickets.mapper.DailyTrainTicketMapper.selectByExample(DailyTrainTicketExample))
2023-07-21 20:00:24.513 INFO  com.jktickets.service.DailyTrainTicketService     :110  [32m1689940824443gfb  [0;39m æ€»è¡Œæ•°ï¼š1
2023-07-21 20:00:24.514 INFO  com.jktickets.service.DailyTrainTicketService     :111  [32m1689940824443gfb  [0;39m æ€»é¡µæ•°ï¼š1
2023-07-21 20:00:24.515 INFO  com.jktickets.aspect.LogAspect                    :94   [32m1689940824443gfb  [0;39m è¿”å›ç»“æœ: {"code":0,"message":"","result":{"list":[{"createTime":1689603320935,"date":1689523200000,"edz":25,"edzPrice":4.32,"end":"æ­å·","endIndex":2,"endPinyin":"hangzhou","endTime":25200000,"id":1680944278592950272,"rw":-1,"rwPrice":8.64,"start":"ä¸Šæµ·","startIndex":0,"startPinyin":"shanghai","startTime":-28680000,"trainCode":"01","updateTime":1689603320935,"ydz":12,"ydzPrice":5.76,"yw":-1,"ywPrice":7.20}],"total":1},"success":true}
2023-07-21 20:00:24.515 INFO  com.jktickets.aspect.LogAspect                    :95   [32m1689940824443gfb  [0;39m ------------- ç»“æŸ è€—æ—¶ï¼š69 ms -------------
2023-07-21 20:00:40.600 INFO  com.jktickets.interceptor.MemberInterceptor       :32   [32m1689940840600upw  [0;39m è·å–ä¼šå‘˜ç™»å½•tokenï¼šeyJ0eXAiOiJKV1QiLCJhbGciOiJIUzI1NiJ9.eyJuYmYiOjE2ODk5NDA3NzYsIm1vYmlsZSI6IjEzMDAwMDAwMDAwIiwiaWQiOjE2ODA5MzI5MDI3OTc0NDcxNjgsImV4cCI6MTY5MDAyNzE3NiwiaWF0IjoxNjg5OTQwNzc2fQ.O1IpbTAqo31cqHu8ubp0PZhBA9l1fzsapk8ZlosWtEE
2023-07-21 20:00:40.602 INFO  com.jktickets.utils.JwtUtil                       :64   [32m1689940840600upw  [0;39m æ ¹æ®tokenè·å–åŸå§‹å†…å®¹ï¼š{"mobile":"13000000000","id":1680932902797447168}
2023-07-21 20:00:40.602 INFO  com.jktickets.interceptor.MemberInterceptor       :32   [32m1689940840602y2c  [0;39m è·å–ä¼šå‘˜ç™»å½•tokenï¼šeyJ0eXAiOiJKV1QiLCJhbGciOiJIUzI1NiJ9.eyJuYmYiOjE2ODk5NDA3NzYsIm1vYmlsZSI6IjEzMDAwMDAwMDAwIiwiaWQiOjE2ODA5MzI5MDI3OTc0NDcxNjgsImV4cCI6MTY5MDAyNzE3NiwiaWF0IjoxNjg5OTQwNzc2fQ.O1IpbTAqo31cqHu8ubp0PZhBA9l1fzsapk8ZlosWtEE
2023-07-21 20:00:40.603 INFO  com.jktickets.interceptor.MemberInterceptor       :35   [32m1689940840600upw  [0;39m å½“å‰ç™»å½•ä¼šå‘˜ï¼š{"mobile":"13000000000","id":1680932902797447168}
2023-07-21 20:00:40.605 INFO  com.jktickets.aspect.LogAspect                    :57   [32m1689940840600upw  [0;39m ------------- å¼€å§‹ -------------
2023-07-21 20:00:40.605 INFO  com.jktickets.utils.JwtUtil                       :64   [32m1689940840602y2c  [0;39m æ ¹æ®tokenè·å–åŸå§‹å†…å®¹ï¼š{"mobile":"13000000000","id":1680932902797447168}
2023-07-21 20:00:40.605 INFO  com.jktickets.aspect.LogAspect                    :58   [32m1689940840600upw  [0;39m è¯·æ±‚åœ°å€: http://127.0.0.1:8002/business/station/queryAll GET
2023-07-21 20:00:40.605 INFO  com.jktickets.aspect.LogAspect                    :59   [32m1689940840600upw  [0;39m ç±»åæ–¹æ³•: com.jktickets.controller.StationController.queryAllStationList
2023-07-21 20:00:40.605 INFO  com.jktickets.interceptor.MemberInterceptor       :35   [32m1689940840602y2c  [0;39m å½“å‰ç™»å½•ä¼šå‘˜ï¼š{"mobile":"13000000000","id":1680932902797447168}
2023-07-21 20:00:40.606 INFO  com.jktickets.aspect.LogAspect                    :60   [32m1689940840600upw  [0;39m è¿œç¨‹åœ°å€: 127.0.0.1
2023-07-21 20:00:40.606 INFO  com.jktickets.aspect.LogAspect                    :82   [32m1689940840600upw  [0;39m è¯·æ±‚å‚æ•°: []
2023-07-21 20:00:40.606 INFO  com.jktickets.aspect.LogAspect                    :106  [32m1689940840600upw  [0;39m æ‰§è¡ŒSQL:  selectByExample | execution(List com.jktickets.mapper.StationMapper.selectByExample(StationExample))
2023-07-21 20:00:40.607 INFO  com.jktickets.aspect.LogAspect                    :57   [32m1689940840602y2c  [0;39m ------------- å¼€å§‹ -------------
2023-07-21 20:00:40.607 INFO  com.jktickets.aspect.LogAspect                    :111  [32m1689940840600upw  [0;39m å‚æ•°å€¼: com.jktickets.domain.StationExample@7fa8a389
2023-07-21 20:00:40.608 INFO  com.jktickets.aspect.LogAspect                    :58   [32m1689940840602y2c  [0;39m è¯·æ±‚åœ°å€: http://127.0.0.1:8002/business/dailyTrainTicket/queryList GET
2023-07-21 20:00:40.608 INFO  com.jktickets.aspect.LogAspect                    :59   [32m1689940840602y2c  [0;39m ç±»åæ–¹æ³•: com.jktickets.controller.DailyTrainTicketController.queryDailyTrainTicketList
2023-07-21 20:00:40.608 INFO  com.jktickets.aspect.LogAspect                    :60   [32m1689940840602y2c  [0;39m è¿œç¨‹åœ°å€: 127.0.0.1
2023-07-21 20:00:40.609 INFO  com.jktickets.aspect.LogAspect                    :82   [32m1689940840602y2c  [0;39m è¯·æ±‚å‚æ•°: [{"date":1689523200000,"end":"æ­å·","page":1,"size":10,"start":"ä¸Šæµ·"}]
2023-07-21 20:00:40.610 INFO  com.jktickets.aspect.LogAspect                    :106  [32m1689940840602y2c  [0;39m æ‰§è¡ŒSQL:  selectByExample | execution(List com.jktickets.mapper.DailyTrainTicketMapper.selectByExample(DailyTrainTicketExample))
2023-07-21 20:00:40.611 INFO  com.jktickets.aspect.LogAspect                    :111  [32m1689940840602y2c  [0;39m å‚æ•°å€¼: com.jktickets.domain.DailyTrainTicketExample@68e7f5fa
2023-07-21 20:00:40.654 INFO  com.jktickets.aspect.LogAspect                    :120  [32m1689940840600upw  [0;39m SQLæ‰§è¡Œå®Œæˆ: selectByExample | execution(List com.jktickets.mapper.StationMapper.selectByExample(StationExample))
2023-07-21 20:00:40.655 INFO  com.jktickets.aspect.LogAspect                    :94   [32m1689940840600upw  [0;39m è¿”å›ç»“æœ: {"code":0,"message":"","result":[{"createTime":1689430602268,"id":1680219843401486336,"name":"æ­å·","namePinyin":"hangzhou","namePy":"hz","updateTime":1689430602268},{"createTime":1689427282591,"id":1680205919650189312,"name":"ä¸Šæµ·","namePinyin":"shanghai","namePy":"sh","updateTime":1689427282591},{"createTime":1689427268871,"id":1680205862385356800,"name":"æ¸©å·","namePinyin":"wenzhou","namePy":"wz","updateTime":1689427268871}],"success":true}
2023-07-21 20:00:40.656 INFO  com.jktickets.aspect.LogAspect                    :95   [32m1689940840600upw  [0;39m ------------- ç»“æŸ è€—æ—¶ï¼š51 ms -------------
2023-07-21 20:00:40.669 INFO  com.jktickets.interceptor.MemberInterceptor       :32   [32m1689940840669mbz  [0;39m è·å–ä¼šå‘˜ç™»å½•tokenï¼šeyJ0eXAiOiJKV1QiLCJhbGciOiJIUzI1NiJ9.eyJuYmYiOjE2ODk5NDA3NzYsIm1vYmlsZSI6IjEzMDAwMDAwMDAwIiwiaWQiOjE2ODA5MzI5MDI3OTc0NDcxNjgsImV4cCI6MTY5MDAyNzE3NiwiaWF0IjoxNjg5OTQwNzc2fQ.O1IpbTAqo31cqHu8ubp0PZhBA9l1fzsapk8ZlosWtEE
2023-07-21 20:00:40.670 INFO  com.jktickets.utils.JwtUtil                       :64   [32m1689940840669mbz  [0;39m æ ¹æ®tokenè·å–åŸå§‹å†…å®¹ï¼š{"mobile":"13000000000","id":1680932902797447168}
2023-07-21 20:00:40.670 INFO  com.jktickets.interceptor.MemberInterceptor       :35   [32m1689940840669mbz  [0;39m å½“å‰ç™»å½•ä¼šå‘˜ï¼š{"mobile":"13000000000","id":1680932902797447168}
2023-07-21 20:00:40.671 INFO  com.jktickets.aspect.LogAspect                    :57   [32m1689940840669mbz  [0;39m ------------- å¼€å§‹ -------------
2023-07-21 20:00:40.671 INFO  com.jktickets.aspect.LogAspect                    :58   [32m1689940840669mbz  [0;39m è¯·æ±‚åœ°å€: http://127.0.0.1:8002/business/station/queryAll GET
2023-07-21 20:00:40.671 INFO  com.jktickets.aspect.LogAspect                    :59   [32m1689940840669mbz  [0;39m ç±»åæ–¹æ³•: com.jktickets.controller.StationController.queryAllStationList
2023-07-21 20:00:40.672 INFO  com.jktickets.aspect.LogAspect                    :60   [32m1689940840669mbz  [0;39m è¿œç¨‹åœ°å€: 127.0.0.1
2023-07-21 20:00:40.672 INFO  com.jktickets.aspect.LogAspect                    :82   [32m1689940840669mbz  [0;39m è¯·æ±‚å‚æ•°: []
2023-07-21 20:00:40.672 INFO  com.jktickets.aspect.LogAspect                    :106  [32m1689940840669mbz  [0;39m æ‰§è¡ŒSQL:  selectByExample | execution(List com.jktickets.mapper.StationMapper.selectByExample(StationExample))
2023-07-21 20:00:40.687 INFO  com.jktickets.aspect.LogAspect                    :120  [32m1689940840602y2c  [0;39m SQLæ‰§è¡Œå®Œæˆ: selectByExample | execution(List com.jktickets.mapper.DailyTrainTicketMapper.selectByExample(DailyTrainTicketExample))
2023-07-21 20:00:40.711 INFO  com.jktickets.service.DailyTrainTicketService     :110  [32m1689940840602y2c  [0;39m æ€»è¡Œæ•°ï¼š1
2023-07-21 20:00:40.711 INFO  com.jktickets.aspect.LogAspect                    :111  [32m1689940840669mbz  [0;39m å‚æ•°å€¼: com.jktickets.domain.StationExample@11b40693
2023-07-21 20:00:40.712 INFO  com.jktickets.service.DailyTrainTicketService     :111  [32m1689940840602y2c  [0;39m æ€»é¡µæ•°ï¼š1
2023-07-21 20:00:40.713 INFO  com.jktickets.aspect.LogAspect                    :94   [32m1689940840602y2c  [0;39m è¿”å›ç»“æœ: {"code":0,"message":"","result":{"list":[{"createTime":1689603320935,"date":1689523200000,"edz":25,"edzPrice":4.32,"end":"æ­å·","endIndex":2,"endPinyin":"hangzhou","endTime":25200000,"id":1680944278592950272,"rw":-1,"rwPrice":8.64,"start":"ä¸Šæµ·","startIndex":0,"startPinyin":"shanghai","startTime":-28680000,"trainCode":"01","updateTime":1689603320935,"ydz":12,"ydzPrice":5.76,"yw":-1,"ywPrice":7.20}],"total":1},"success":true}
2023-07-21 20:00:40.714 INFO  com.jktickets.aspect.LogAspect                    :95   [32m1689940840602y2c  [0;39m ------------- ç»“æŸ è€—æ—¶ï¼š107 ms -------------
2023-07-21 20:00:40.732 INFO  com.jktickets.aspect.LogAspect                    :120  [32m1689940840669mbz  [0;39m SQLæ‰§è¡Œå®Œæˆ: selectByExample | execution(List com.jktickets.mapper.StationMapper.selectByExample(StationExample))
2023-07-21 20:00:40.734 INFO  com.jktickets.aspect.LogAspect                    :94   [32m1689940840669mbz  [0;39m è¿”å›ç»“æœ: {"code":0,"message":"","result":[{"createTime":1689430602268,"id":1680219843401486336,"name":"æ­å·","namePinyin":"hangzhou","namePy":"hz","updateTime":1689430602268},{"createTime":1689427282591,"id":1680205919650189312,"name":"ä¸Šæµ·","namePinyin":"shanghai","namePy":"sh","updateTime":1689427282591},{"createTime":1689427268871,"id":1680205862385356800,"name":"æ¸©å·","namePinyin":"wenzhou","namePy":"wz","updateTime":1689427268871}],"success":true}
2023-07-21 20:00:40.734 INFO  com.jktickets.aspect.LogAspect                    :95   [32m1689940840669mbz  [0;39m ------------- ç»“æŸ è€—æ—¶ï¼š63 ms -------------
2023-07-21 20:00:42.629 INFO  com.jktickets.interceptor.MemberInterceptor       :32   [32m1689940842629cs2  [0;39m è·å–ä¼šå‘˜ç™»å½•tokenï¼šeyJ0eXAiOiJKV1QiLCJhbGciOiJIUzI1NiJ9.eyJuYmYiOjE2ODk5NDA3NzYsIm1vYmlsZSI6IjEzMDAwMDAwMDAwIiwiaWQiOjE2ODA5MzI5MDI3OTc0NDcxNjgsImV4cCI6MTY5MDAyNzE3NiwiaWF0IjoxNjg5OTQwNzc2fQ.O1IpbTAqo31cqHu8ubp0PZhBA9l1fzsapk8ZlosWtEE
2023-07-21 20:00:42.630 INFO  com.jktickets.utils.JwtUtil                       :64   [32m1689940842629cs2  [0;39m æ ¹æ®tokenè·å–åŸå§‹å†…å®¹ï¼š{"mobile":"13000000000","id":1680932902797447168}
2023-07-21 20:00:42.630 INFO  com.jktickets.interceptor.MemberInterceptor       :35   [32m1689940842629cs2  [0;39m å½“å‰ç™»å½•ä¼šå‘˜ï¼š{"mobile":"13000000000","id":1680932902797447168}
2023-07-21 20:00:42.632 INFO  com.jktickets.aspect.LogAspect                    :57   [32m1689940842629cs2  [0;39m ------------- å¼€å§‹ -------------
2023-07-21 20:00:42.632 INFO  com.jktickets.aspect.LogAspect                    :58   [32m1689940842629cs2  [0;39m è¯·æ±‚åœ°å€: http://127.0.0.1:8002/business/dailyTrainTicket/queryList GET
2023-07-21 20:00:42.632 INFO  com.jktickets.aspect.LogAspect                    :59   [32m1689940842629cs2  [0;39m ç±»åæ–¹æ³•: com.jktickets.controller.DailyTrainTicketController.queryDailyTrainTicketList
2023-07-21 20:00:42.632 INFO  com.jktickets.aspect.LogAspect                    :60   [32m1689940842629cs2  [0;39m è¿œç¨‹åœ°å€: 127.0.0.1
2023-07-21 20:00:42.632 INFO  com.jktickets.aspect.LogAspect                    :82   [32m1689940842629cs2  [0;39m è¯·æ±‚å‚æ•°: [{"date":1689523200000,"end":"æ­å·","page":1,"size":10,"start":"ä¸Šæµ·"}]
2023-07-21 20:00:42.633 INFO  com.jktickets.aspect.LogAspect                    :106  [32m1689940842629cs2  [0;39m æ‰§è¡ŒSQL:  selectByExample | execution(List com.jktickets.mapper.DailyTrainTicketMapper.selectByExample(DailyTrainTicketExample))
2023-07-21 20:00:42.633 INFO  com.jktickets.aspect.LogAspect                    :111  [32m1689940842629cs2  [0;39m å‚æ•°å€¼: com.jktickets.domain.DailyTrainTicketExample@7653fcec
2023-07-21 20:00:42.703 INFO  com.jktickets.aspect.LogAspect                    :120  [32m1689940842629cs2  [0;39m SQLæ‰§è¡Œå®Œæˆ: selectByExample | execution(List com.jktickets.mapper.DailyTrainTicketMapper.selectByExample(DailyTrainTicketExample))
2023-07-21 20:00:42.704 INFO  com.jktickets.service.DailyTrainTicketService     :110  [32m1689940842629cs2  [0;39m æ€»è¡Œæ•°ï¼š1
2023-07-21 20:00:42.704 INFO  com.jktickets.service.DailyTrainTicketService     :111  [32m1689940842629cs2  [0;39m æ€»é¡µæ•°ï¼š1
2023-07-21 20:00:42.705 INFO  com.jktickets.aspect.LogAspect                    :94   [32m1689940842629cs2  [0;39m è¿”å›ç»“æœ: {"code":0,"message":"","result":{"list":[{"createTime":1689603320935,"date":1689523200000,"edz":25,"edzPrice":4.32,"end":"æ­å·","endIndex":2,"endPinyin":"hangzhou","endTime":25200000,"id":1680944278592950272,"rw":-1,"rwPrice":8.64,"start":"ä¸Šæµ·","startIndex":0,"startPinyin":"shanghai","startTime":-28680000,"trainCode":"01","updateTime":1689603320935,"ydz":12,"ydzPrice":5.76,"yw":-1,"ywPrice":7.20}],"total":1},"success":true}
2023-07-21 20:00:42.706 INFO  com.jktickets.aspect.LogAspect                    :95   [32m1689940842629cs2  [0;39m ------------- ç»“æŸ è€—æ—¶ï¼š75 ms -------------
2023-07-21 20:01:00.856 INFO  com.jktickets.interceptor.MemberInterceptor       :32   [32m168994086085649p  [0;39m è·å–ä¼šå‘˜ç™»å½•tokenï¼šeyJ0eXAiOiJKV1QiLCJhbGciOiJIUzI1NiJ9.eyJuYmYiOjE2ODk5NDA3NzYsIm1vYmlsZSI6IjEzMDAwMDAwMDAwIiwiaWQiOjE2ODA5MzI5MDI3OTc0NDcxNjgsImV4cCI6MTY5MDAyNzE3NiwiaWF0IjoxNjg5OTQwNzc2fQ.O1IpbTAqo31cqHu8ubp0PZhBA9l1fzsapk8ZlosWtEE
2023-07-21 20:01:00.857 INFO  com.jktickets.utils.JwtUtil                       :64   [32m168994086085649p  [0;39m æ ¹æ®tokenè·å–åŸå§‹å†…å®¹ï¼š{"mobile":"13000000000","id":1680932902797447168}
2023-07-21 20:01:00.857 INFO  com.jktickets.interceptor.MemberInterceptor       :32   [32m1689940860857nz9  [0;39m è·å–ä¼šå‘˜ç™»å½•tokenï¼šeyJ0eXAiOiJKV1QiLCJhbGciOiJIUzI1NiJ9.eyJuYmYiOjE2ODk5NDA3NzYsIm1vYmlsZSI6IjEzMDAwMDAwMDAwIiwiaWQiOjE2ODA5MzI5MDI3OTc0NDcxNjgsImV4cCI6MTY5MDAyNzE3NiwiaWF0IjoxNjg5OTQwNzc2fQ.O1IpbTAqo31cqHu8ubp0PZhBA9l1fzsapk8ZlosWtEE
2023-07-21 20:01:00.858 INFO  com.jktickets.interceptor.MemberInterceptor       :35   [32m168994086085649p  [0;39m å½“å‰ç™»å½•ä¼šå‘˜ï¼š{"mobile":"13000000000","id":1680932902797447168}
2023-07-21 20:01:00.858 INFO  com.jktickets.utils.JwtUtil                       :64   [32m1689940860857nz9  [0;39m æ ¹æ®tokenè·å–åŸå§‹å†…å®¹ï¼š{"mobile":"13000000000","id":1680932902797447168}
2023-07-21 20:01:00.858 INFO  com.jktickets.interceptor.MemberInterceptor       :35   [32m1689940860857nz9  [0;39m å½“å‰ç™»å½•ä¼šå‘˜ï¼š{"mobile":"13000000000","id":1680932902797447168}
2023-07-21 20:01:00.859 INFO  com.jktickets.aspect.LogAspect                    :57   [32m1689940860857nz9  [0;39m ------------- å¼€å§‹ -------------
2023-07-21 20:01:00.859 INFO  com.jktickets.aspect.LogAspect                    :57   [32m168994086085649p  [0;39m ------------- å¼€å§‹ -------------
2023-07-21 20:01:00.859 INFO  com.jktickets.aspect.LogAspect                    :58   [32m1689940860857nz9  [0;39m è¯·æ±‚åœ°å€: http://127.0.0.1:8002/business/station/queryAll GET
2023-07-21 20:01:00.860 INFO  com.jktickets.aspect.LogAspect                    :58   [32m168994086085649p  [0;39m è¯·æ±‚åœ°å€: http://127.0.0.1:8002/business/dailyTrainTicket/queryList GET
2023-07-21 20:01:00.860 INFO  com.jktickets.aspect.LogAspect                    :59   [32m1689940860857nz9  [0;39m ç±»åæ–¹æ³•: com.jktickets.controller.StationController.queryAllStationList
2023-07-21 20:01:00.860 INFO  com.jktickets.aspect.LogAspect                    :59   [32m168994086085649p  [0;39m ç±»åæ–¹æ³•: com.jktickets.controller.DailyTrainTicketController.queryDailyTrainTicketList
2023-07-21 20:01:00.860 INFO  com.jktickets.aspect.LogAspect                    :60   [32m1689940860857nz9  [0;39m è¿œç¨‹åœ°å€: 127.0.0.1
2023-07-21 20:01:00.860 INFO  com.jktickets.aspect.LogAspect                    :60   [32m168994086085649p  [0;39m è¿œç¨‹åœ°å€: 127.0.0.1
2023-07-21 20:01:00.860 INFO  com.jktickets.aspect.LogAspect                    :82   [32m1689940860857nz9  [0;39m è¯·æ±‚å‚æ•°: []
2023-07-21 20:01:00.861 INFO  com.jktickets.aspect.LogAspect                    :106  [32m1689940860857nz9  [0;39m æ‰§è¡ŒSQL:  selectByExample | execution(List com.jktickets.mapper.StationMapper.selectByExample(StationExample))
2023-07-21 20:01:00.861 INFO  com.jktickets.aspect.LogAspect                    :82   [32m168994086085649p  [0;39m è¯·æ±‚å‚æ•°: [{"date":1689523200000,"end":"æ­å·","page":1,"size":10,"start":"ä¸Šæµ·"}]
2023-07-21 20:01:00.861 INFO  com.jktickets.aspect.LogAspect                    :111  [32m1689940860857nz9  [0;39m å‚æ•°å€¼: com.jktickets.domain.StationExample@1437517a
2023-07-21 20:01:00.862 INFO  com.jktickets.aspect.LogAspect                    :106  [32m168994086085649p  [0;39m æ‰§è¡ŒSQL:  selectByExample | execution(List com.jktickets.mapper.DailyTrainTicketMapper.selectByExample(DailyTrainTicketExample))
2023-07-21 20:01:00.863 INFO  com.jktickets.aspect.LogAspect                    :111  [32m168994086085649p  [0;39m å‚æ•°å€¼: com.jktickets.domain.DailyTrainTicketExample@2adb0a08
2023-07-21 20:01:00.903 INFO  com.jktickets.aspect.LogAspect                    :120  [32m1689940860857nz9  [0;39m SQLæ‰§è¡Œå®Œæˆ: selectByExample | execution(List com.jktickets.mapper.StationMapper.selectByExample(StationExample))
2023-07-21 20:01:00.904 INFO  com.jktickets.aspect.LogAspect                    :94   [32m1689940860857nz9  [0;39m è¿”å›ç»“æœ: {"code":0,"message":"","result":[{"createTime":1689430602268,"id":1680219843401486336,"name":"æ­å·","namePinyin":"hangzhou","namePy":"hz","updateTime":1689430602268},{"createTime":1689427282591,"id":1680205919650189312,"name":"ä¸Šæµ·","namePinyin":"shanghai","namePy":"sh","updateTime":1689427282591},{"createTime":1689427268871,"id":1680205862385356800,"name":"æ¸©å·","namePinyin":"wenzhou","namePy":"wz","updateTime":1689427268871}],"success":true}
2023-07-21 20:01:00.905 INFO  com.jktickets.aspect.LogAspect                    :95   [32m1689940860857nz9  [0;39m ------------- ç»“æŸ è€—æ—¶ï¼š46 ms -------------
2023-07-21 20:01:00.917 INFO  com.jktickets.interceptor.MemberInterceptor       :32   [32m1689940860917a88  [0;39m è·å–ä¼šå‘˜ç™»å½•tokenï¼šeyJ0eXAiOiJKV1QiLCJhbGciOiJIUzI1NiJ9.eyJuYmYiOjE2ODk5NDA3NzYsIm1vYmlsZSI6IjEzMDAwMDAwMDAwIiwiaWQiOjE2ODA5MzI5MDI3OTc0NDcxNjgsImV4cCI6MTY5MDAyNzE3NiwiaWF0IjoxNjg5OTQwNzc2fQ.O1IpbTAqo31cqHu8ubp0PZhBA9l1fzsapk8ZlosWtEE
2023-07-21 20:01:00.918 INFO  com.jktickets.utils.JwtUtil                       :64   [32m1689940860917a88  [0;39m æ ¹æ®tokenè·å–åŸå§‹å†…å®¹ï¼š{"mobile":"13000000000","id":1680932902797447168}
2023-07-21 20:01:00.918 INFO  com.jktickets.interceptor.MemberInterceptor       :35   [32m1689940860917a88  [0;39m å½“å‰ç™»å½•ä¼šå‘˜ï¼š{"mobile":"13000000000","id":1680932902797447168}
2023-07-21 20:01:00.918 INFO  com.jktickets.aspect.LogAspect                    :57   [32m1689940860917a88  [0;39m ------------- å¼€å§‹ -------------
2023-07-21 20:01:00.919 INFO  com.jktickets.aspect.LogAspect                    :58   [32m1689940860917a88  [0;39m è¯·æ±‚åœ°å€: http://127.0.0.1:8002/business/station/queryAll GET
2023-07-21 20:01:00.919 INFO  com.jktickets.aspect.LogAspect                    :59   [32m1689940860917a88  [0;39m ç±»åæ–¹æ³•: com.jktickets.controller.StationController.queryAllStationList
2023-07-21 20:01:00.919 INFO  com.jktickets.aspect.LogAspect                    :60   [32m1689940860917a88  [0;39m è¿œç¨‹åœ°å€: 127.0.0.1
2023-07-21 20:01:00.919 INFO  com.jktickets.aspect.LogAspect                    :82   [32m1689940860917a88  [0;39m è¯·æ±‚å‚æ•°: []
2023-07-21 20:01:00.919 INFO  com.jktickets.aspect.LogAspect                    :106  [32m1689940860917a88  [0;39m æ‰§è¡ŒSQL:  selectByExample | execution(List com.jktickets.mapper.StationMapper.selectByExample(StationExample))
2023-07-21 20:01:00.920 INFO  com.jktickets.aspect.LogAspect                    :111  [32m1689940860917a88  [0;39m å‚æ•°å€¼: com.jktickets.domain.StationExample@5f6672ca
2023-07-21 20:01:00.933 INFO  com.jktickets.aspect.LogAspect                    :120  [32m168994086085649p  [0;39m SQLæ‰§è¡Œå®Œæˆ: selectByExample | execution(List com.jktickets.mapper.DailyTrainTicketMapper.selectByExample(DailyTrainTicketExample))
2023-07-21 20:01:00.934 INFO  com.jktickets.service.DailyTrainTicketService     :110  [32m168994086085649p  [0;39m æ€»è¡Œæ•°ï¼š1
2023-07-21 20:01:00.934 INFO  com.jktickets.service.DailyTrainTicketService     :111  [32m168994086085649p  [0;39m æ€»é¡µæ•°ï¼š1
2023-07-21 20:01:00.935 INFO  com.jktickets.aspect.LogAspect                    :94   [32m168994086085649p  [0;39m è¿”å›ç»“æœ: {"code":0,"message":"","result":{"list":[{"createTime":1689603320935,"date":1689523200000,"edz":25,"edzPrice":4.32,"end":"æ­å·","endIndex":2,"endPinyin":"hangzhou","endTime":25200000,"id":1680944278592950272,"rw":-1,"rwPrice":8.64,"start":"ä¸Šæµ·","startIndex":0,"startPinyin":"shanghai","startTime":-28680000,"trainCode":"01","updateTime":1689603320935,"ydz":12,"ydzPrice":5.76,"yw":-1,"ywPrice":7.20}],"total":1},"success":true}
2023-07-21 20:01:00.936 INFO  com.jktickets.aspect.LogAspect                    :95   [32m168994086085649p  [0;39m ------------- ç»“æŸ è€—æ—¶ï¼š77 ms -------------
2023-07-21 20:01:00.948 INFO  com.jktickets.aspect.LogAspect                    :120  [32m1689940860917a88  [0;39m SQLæ‰§è¡Œå®Œæˆ: selectByExample | execution(List com.jktickets.mapper.StationMapper.selectByExample(StationExample))
2023-07-21 20:01:00.952 INFO  com.jktickets.aspect.LogAspect                    :94   [32m1689940860917a88  [0;39m è¿”å›ç»“æœ: {"code":0,"message":"","result":[{"createTime":1689430602268,"id":1680219843401486336,"name":"æ­å·","namePinyin":"hangzhou","namePy":"hz","updateTime":1689430602268},{"createTime":1689427282591,"id":1680205919650189312,"name":"ä¸Šæµ·","namePinyin":"shanghai","namePy":"sh","updateTime":1689427282591},{"createTime":1689427268871,"id":1680205862385356800,"name":"æ¸©å·","namePinyin":"wenzhou","namePy":"wz","updateTime":1689427268871}],"success":true}
2023-07-21 20:01:00.952 INFO  com.jktickets.aspect.LogAspect                    :95   [32m1689940860917a88  [0;39m ------------- ç»“æŸ è€—æ—¶ï¼š34 ms -------------
2023-07-21 20:01:13.804 INFO  com.jktickets.interceptor.MemberInterceptor       :32   [32m1689940873804c1e  [0;39m è·å–ä¼šå‘˜ç™»å½•tokenï¼šeyJ0eXAiOiJKV1QiLCJhbGciOiJIUzI1NiJ9.eyJuYmYiOjE2ODk5NDA3NzYsIm1vYmlsZSI6IjEzMDAwMDAwMDAwIiwiaWQiOjE2ODA5MzI5MDI3OTc0NDcxNjgsImV4cCI6MTY5MDAyNzE3NiwiaWF0IjoxNjg5OTQwNzc2fQ.O1IpbTAqo31cqHu8ubp0PZhBA9l1fzsapk8ZlosWtEE
2023-07-21 20:01:13.805 INFO  com.jktickets.utils.JwtUtil                       :64   [32m1689940873804c1e  [0;39m æ ¹æ®tokenè·å–åŸå§‹å†…å®¹ï¼š{"mobile":"13000000000","id":1680932902797447168}
2023-07-21 20:01:13.805 INFO  com.jktickets.interceptor.MemberInterceptor       :35   [32m1689940873804c1e  [0;39m å½“å‰ç™»å½•ä¼šå‘˜ï¼š{"mobile":"13000000000","id":1680932902797447168}
2023-07-21 20:01:13.813 INFO  com.jktickets.interceptor.MemberInterceptor       :32   [32m1689940873813kqx  [0;39m è·å–ä¼šå‘˜ç™»å½•tokenï¼šeyJ0eXAiOiJKV1QiLCJhbGciOiJIUzI1NiJ9.eyJuYmYiOjE2ODk5NDA3NzYsIm1vYmlsZSI6IjEzMDAwMDAwMDAwIiwiaWQiOjE2ODA5MzI5MDI3OTc0NDcxNjgsImV4cCI6MTY5MDAyNzE3NiwiaWF0IjoxNjg5OTQwNzc2fQ.O1IpbTAqo31cqHu8ubp0PZhBA9l1fzsapk8ZlosWtEE
2023-07-21 20:01:13.814 INFO  com.jktickets.utils.JwtUtil                       :64   [32m1689940873813kqx  [0;39m æ ¹æ®tokenè·å–åŸå§‹å†…å®¹ï¼š{"mobile":"13000000000","id":1680932902797447168}
2023-07-21 20:01:13.814 INFO  com.jktickets.interceptor.MemberInterceptor       :35   [32m1689940873813kqx  [0;39m å½“å‰ç™»å½•ä¼šå‘˜ï¼š{"mobile":"13000000000","id":1680932902797447168}
2023-07-21 20:01:30.679 INFO  com.jktickets.interceptor.MemberInterceptor       :32   [32m1689940890679swv  [0;39m è·å–ä¼šå‘˜ç™»å½•tokenï¼šeyJ0eXAiOiJKV1QiLCJhbGciOiJIUzI1NiJ9.eyJuYmYiOjE2ODk5NDA3NzYsIm1vYmlsZSI6IjEzMDAwMDAwMDAwIiwiaWQiOjE2ODA5MzI5MDI3OTc0NDcxNjgsImV4cCI6MTY5MDAyNzE3NiwiaWF0IjoxNjg5OTQwNzc2fQ.O1IpbTAqo31cqHu8ubp0PZhBA9l1fzsapk8ZlosWtEE
2023-07-21 20:01:30.680 INFO  com.jktickets.utils.JwtUtil                       :64   [32m1689940890679swv  [0;39m æ ¹æ®tokenè·å–åŸå§‹å†…å®¹ï¼š{"mobile":"13000000000","id":1680932902797447168}
2023-07-21 20:01:30.680 INFO  com.jktickets.interceptor.MemberInterceptor       :35   [32m1689940890679swv  [0;39m å½“å‰ç™»å½•ä¼šå‘˜ï¼š{"mobile":"13000000000","id":1680932902797447168}
2023-07-21 20:01:30.722 INFO  com.jktickets.interceptor.MemberInterceptor       :32   [32m1689940890722c36  [0;39m è·å–ä¼šå‘˜ç™»å½•tokenï¼šeyJ0eXAiOiJKV1QiLCJhbGciOiJIUzI1NiJ9.eyJuYmYiOjE2ODk5NDA3NzYsIm1vYmlsZSI6IjEzMDAwMDAwMDAwIiwiaWQiOjE2ODA5MzI5MDI3OTc0NDcxNjgsImV4cCI6MTY5MDAyNzE3NiwiaWF0IjoxNjg5OTQwNzc2fQ.O1IpbTAqo31cqHu8ubp0PZhBA9l1fzsapk8ZlosWtEE
2023-07-21 20:01:30.722 INFO  com.jktickets.utils.JwtUtil                       :64   [32m1689940890722c36  [0;39m æ ¹æ®tokenè·å–åŸå§‹å†…å®¹ï¼š{"mobile":"13000000000","id":1680932902797447168}
2023-07-21 20:01:30.723 INFO  com.jktickets.interceptor.MemberInterceptor       :35   [32m1689940890722c36  [0;39m å½“å‰ç™»å½•ä¼šå‘˜ï¼š{"mobile":"13000000000","id":1680932902797447168}
2023-07-21 20:02:21.278 INFO  com.jktickets.interceptor.MemberInterceptor       :32   [32m1689940941278pcb  [0;39m è·å–ä¼šå‘˜ç™»å½•tokenï¼šeyJ0eXAiOiJKV1QiLCJhbGciOiJIUzI1NiJ9.eyJuYmYiOjE2ODk5NDA3NzYsIm1vYmlsZSI6IjEzMDAwMDAwMDAwIiwiaWQiOjE2ODA5MzI5MDI3OTc0NDcxNjgsImV4cCI6MTY5MDAyNzE3NiwiaWF0IjoxNjg5OTQwNzc2fQ.O1IpbTAqo31cqHu8ubp0PZhBA9l1fzsapk8ZlosWtEE
2023-07-21 20:02:21.279 INFO  com.jktickets.interceptor.MemberInterceptor       :32   [32m1689940941279924  [0;39m è·å–ä¼šå‘˜ç™»å½•tokenï¼šeyJ0eXAiOiJKV1QiLCJhbGciOiJIUzI1NiJ9.eyJuYmYiOjE2ODk5NDA3NzYsIm1vYmlsZSI6IjEzMDAwMDAwMDAwIiwiaWQiOjE2ODA5MzI5MDI3OTc0NDcxNjgsImV4cCI6MTY5MDAyNzE3NiwiaWF0IjoxNjg5OTQwNzc2fQ.O1IpbTAqo31cqHu8ubp0PZhBA9l1fzsapk8ZlosWtEE
2023-07-21 20:02:21.279 INFO  com.jktickets.utils.JwtUtil                       :64   [32m1689940941278pcb  [0;39m æ ¹æ®tokenè·å–åŸå§‹å†…å®¹ï¼š{"mobile":"13000000000","id":1680932902797447168}
2023-07-21 20:02:21.280 INFO  com.jktickets.interceptor.MemberInterceptor       :35   [32m1689940941278pcb  [0;39m å½“å‰ç™»å½•ä¼šå‘˜ï¼š{"mobile":"13000000000","id":1680932902797447168}
2023-07-21 20:02:21.280 INFO  com.jktickets.aspect.LogAspect                    :57   [32m1689940941278pcb  [0;39m ------------- å¼€å§‹ -------------
2023-07-21 20:02:21.280 INFO  com.jktickets.utils.JwtUtil                       :64   [32m1689940941279924  [0;39m æ ¹æ®tokenè·å–åŸå§‹å†…å®¹ï¼š{"mobile":"13000000000","id":1680932902797447168}
2023-07-21 20:02:21.280 INFO  com.jktickets.aspect.LogAspect                    :58   [32m1689940941278pcb  [0;39m è¯·æ±‚åœ°å€: http://127.0.0.1:8002/business/station/queryAll GET
2023-07-21 20:02:21.281 INFO  com.jktickets.interceptor.MemberInterceptor       :35   [32m1689940941279924  [0;39m å½“å‰ç™»å½•ä¼šå‘˜ï¼š{"mobile":"13000000000","id":1680932902797447168}
2023-07-21 20:02:21.281 INFO  com.jktickets.aspect.LogAspect                    :59   [32m1689940941278pcb  [0;39m ç±»åæ–¹æ³•: com.jktickets.controller.StationController.queryAllStationList
2023-07-21 20:02:21.281 INFO  com.jktickets.aspect.LogAspect                    :60   [32m1689940941278pcb  [0;39m è¿œç¨‹åœ°å€: 127.0.0.1
2023-07-21 20:02:21.281 INFO  com.jktickets.aspect.LogAspect                    :82   [32m1689940941278pcb  [0;39m è¯·æ±‚å‚æ•°: []
2023-07-21 20:02:21.282 INFO  com.jktickets.aspect.LogAspect                    :106  [32m1689940941278pcb  [0;39m æ‰§è¡ŒSQL:  selectByExample | execution(List com.jktickets.mapper.StationMapper.selectByExample(StationExample))
2023-07-21 20:02:21.282 INFO  com.jktickets.aspect.LogAspect                    :111  [32m1689940941278pcb  [0;39m å‚æ•°å€¼: com.jktickets.domain.StationExample@507da778
2023-07-21 20:02:21.283 INFO  com.jktickets.aspect.LogAspect                    :57   [32m1689940941279924  [0;39m ------------- å¼€å§‹ -------------
2023-07-21 20:02:21.284 INFO  com.jktickets.aspect.LogAspect                    :58   [32m1689940941279924  [0;39m è¯·æ±‚åœ°å€: http://127.0.0.1:8002/business/dailyTrainTicket/queryList GET
2023-07-21 20:02:21.285 INFO  com.jktickets.aspect.LogAspect                    :59   [32m1689940941279924  [0;39m ç±»åæ–¹æ³•: com.jktickets.controller.DailyTrainTicketController.queryDailyTrainTicketList
2023-07-21 20:02:21.285 INFO  com.jktickets.aspect.LogAspect                    :60   [32m1689940941279924  [0;39m è¿œç¨‹åœ°å€: 127.0.0.1
2023-07-21 20:02:21.285 INFO  com.jktickets.aspect.LogAspect                    :82   [32m1689940941279924  [0;39m è¯·æ±‚å‚æ•°: [{"date":1689523200000,"end":"æ­å·","page":1,"size":10,"start":"ä¸Šæµ·"}]
2023-07-21 20:02:21.286 INFO  com.jktickets.aspect.LogAspect                    :106  [32m1689940941279924  [0;39m æ‰§è¡ŒSQL:  selectByExample | execution(List com.jktickets.mapper.DailyTrainTicketMapper.selectByExample(DailyTrainTicketExample))
2023-07-21 20:02:21.287 INFO  com.jktickets.aspect.LogAspect                    :111  [32m1689940941279924  [0;39m å‚æ•°å€¼: com.jktickets.domain.DailyTrainTicketExample@59cd679
2023-07-21 20:02:21.338 INFO  com.jktickets.aspect.LogAspect                    :120  [32m1689940941278pcb  [0;39m SQLæ‰§è¡Œå®Œæˆ: selectByExample | execution(List com.jktickets.mapper.StationMapper.selectByExample(StationExample))
2023-07-21 20:02:21.340 INFO  com.jktickets.aspect.LogAspect                    :94   [32m1689940941278pcb  [0;39m è¿”å›ç»“æœ: {"code":0,"message":"","result":[{"createTime":1689430602268,"id":1680219843401486336,"name":"æ­å·","namePinyin":"hangzhou","namePy":"hz","updateTime":1689430602268},{"createTime":1689427282591,"id":1680205919650189312,"name":"ä¸Šæµ·","namePinyin":"shanghai","namePy":"sh","updateTime":1689427282591},{"createTime":1689427268871,"id":1680205862385356800,"name":"æ¸©å·","namePinyin":"wenzhou","namePy":"wz","updateTime":1689427268871}],"success":true}
2023-07-21 20:02:21.340 INFO  com.jktickets.aspect.LogAspect                    :95   [32m1689940941278pcb  [0;39m ------------- ç»“æŸ è€—æ—¶ï¼š60 ms -------------
2023-07-21 20:02:21.353 INFO  com.jktickets.interceptor.MemberInterceptor       :32   [32m1689940941352dvf  [0;39m è·å–ä¼šå‘˜ç™»å½•tokenï¼šeyJ0eXAiOiJKV1QiLCJhbGciOiJIUzI1NiJ9.eyJuYmYiOjE2ODk5NDA3NzYsIm1vYmlsZSI6IjEzMDAwMDAwMDAwIiwiaWQiOjE2ODA5MzI5MDI3OTc0NDcxNjgsImV4cCI6MTY5MDAyNzE3NiwiaWF0IjoxNjg5OTQwNzc2fQ.O1IpbTAqo31cqHu8ubp0PZhBA9l1fzsapk8ZlosWtEE
2023-07-21 20:02:21.353 INFO  com.jktickets.utils.JwtUtil                       :64   [32m1689940941352dvf  [0;39m æ ¹æ®tokenè·å–åŸå§‹å†…å®¹ï¼š{"mobile":"13000000000","id":1680932902797447168}
2023-07-21 20:02:21.354 INFO  com.jktickets.interceptor.MemberInterceptor       :35   [32m1689940941352dvf  [0;39m å½“å‰ç™»å½•ä¼šå‘˜ï¼š{"mobile":"13000000000","id":1680932902797447168}
2023-07-21 20:02:21.354 INFO  com.jktickets.aspect.LogAspect                    :57   [32m1689940941352dvf  [0;39m ------------- å¼€å§‹ -------------
2023-07-21 20:02:21.354 INFO  com.jktickets.aspect.LogAspect                    :58   [32m1689940941352dvf  [0;39m è¯·æ±‚åœ°å€: http://127.0.0.1:8002/business/station/queryAll GET
2023-07-21 20:02:21.354 INFO  com.jktickets.aspect.LogAspect                    :59   [32m1689940941352dvf  [0;39m ç±»åæ–¹æ³•: com.jktickets.controller.StationController.queryAllStationList
2023-07-21 20:02:21.355 INFO  com.jktickets.aspect.LogAspect                    :60   [32m1689940941352dvf  [0;39m è¿œç¨‹åœ°å€: 127.0.0.1
2023-07-21 20:02:21.355 INFO  com.jktickets.aspect.LogAspect                    :82   [32m1689940941352dvf  [0;39m è¯·æ±‚å‚æ•°: []
2023-07-21 20:02:21.355 INFO  com.jktickets.aspect.LogAspect                    :106  [32m1689940941352dvf  [0;39m æ‰§è¡ŒSQL:  selectByExample | execution(List com.jktickets.mapper.StationMapper.selectByExample(StationExample))
2023-07-21 20:02:21.355 INFO  com.jktickets.aspect.LogAspect                    :111  [32m1689940941352dvf  [0;39m å‚æ•°å€¼: com.jktickets.domain.StationExample@1138d17b
2023-07-21 20:02:21.382 INFO  com.jktickets.aspect.LogAspect                    :120  [32m1689940941279924  [0;39m SQLæ‰§è¡Œå®Œæˆ: selectByExample | execution(List com.jktickets.mapper.DailyTrainTicketMapper.selectByExample(DailyTrainTicketExample))
2023-07-21 20:02:21.382 INFO  com.jktickets.service.DailyTrainTicketService     :110  [32m1689940941279924  [0;39m æ€»è¡Œæ•°ï¼š1
2023-07-21 20:02:21.383 INFO  com.jktickets.service.DailyTrainTicketService     :111  [32m1689940941279924  [0;39m æ€»é¡µæ•°ï¼š1
2023-07-21 20:02:21.384 INFO  com.jktickets.aspect.LogAspect                    :94   [32m1689940941279924  [0;39m è¿”å›ç»“æœ: {"code":0,"message":"","result":{"list":[{"createTime":1689603320935,"date":1689523200000,"edz":25,"edzPrice":4.32,"end":"æ­å·","endIndex":2,"endPinyin":"hangzhou","endTime":25200000,"id":1680944278592950272,"rw":-1,"rwPrice":8.64,"start":"ä¸Šæµ·","startIndex":0,"startPinyin":"shanghai","startTime":-28680000,"trainCode":"01","updateTime":1689603320935,"ydz":12,"ydzPrice":5.76,"yw":-1,"ywPrice":7.20}],"total":1},"success":true}
2023-07-21 20:02:21.385 INFO  com.jktickets.aspect.LogAspect                    :95   [32m1689940941279924  [0;39m ------------- ç»“æŸ è€—æ—¶ï¼š102 ms -------------
2023-07-21 20:02:21.391 INFO  com.jktickets.aspect.LogAspect                    :120  [32m1689940941352dvf  [0;39m SQLæ‰§è¡Œå®Œæˆ: selectByExample | execution(List com.jktickets.mapper.StationMapper.selectByExample(StationExample))
2023-07-21 20:02:21.394 INFO  com.jktickets.aspect.LogAspect                    :94   [32m1689940941352dvf  [0;39m è¿”å›ç»“æœ: {"code":0,"message":"","result":[{"createTime":1689430602268,"id":1680219843401486336,"name":"æ­å·","namePinyin":"hangzhou","namePy":"hz","updateTime":1689430602268},{"createTime":1689427282591,"id":1680205919650189312,"name":"ä¸Šæµ·","namePinyin":"shanghai","namePy":"sh","updateTime":1689427282591},{"createTime":1689427268871,"id":1680205862385356800,"name":"æ¸©å·","namePinyin":"wenzhou","namePy":"wz","updateTime":1689427268871}],"success":true}
2023-07-21 20:02:21.394 INFO  com.jktickets.aspect.LogAspect                    :95   [32m1689940941352dvf  [0;39m ------------- ç»“æŸ è€—æ—¶ï¼š40 ms -------------
2023-07-21 20:02:33.867 ERROR c.jktickets.exception.ControllerExceptionHandler  :32   [32m1689940842629cs2  [0;39m ç³»ç»Ÿå¼‚å¸¸ï¼š
org.springframework.web.HttpRequestMethodNotSupportedException: Request method 'POST' is not supported
	at org.springframework.web.servlet.mvc.method.RequestMappingInfoHandlerMapping.handleNoMatch(RequestMappingInfoHandlerMapping.java:261)
	at org.springframework.web.servlet.handler.AbstractHandlerMethodMapping.lookupHandlerMethod(AbstractHandlerMethodMapping.java:441)
	at org.springframework.web.servlet.handler.AbstractHandlerMethodMapping.getHandlerInternal(AbstractHandlerMethodMapping.java:382)
	at org.springframework.web.servlet.mvc.method.RequestMappingInfoHandlerMapping.getHandlerInternal(RequestMappingInfoHandlerMapping.java:126)
	at org.springframework.web.servlet.mvc.method.RequestMappingInfoHandlerMapping.getHandlerInternal(RequestMappingInfoHandlerMapping.java:68)
	at org.springframework.web.servlet.handler.AbstractHandlerMapping.getHandler(AbstractHandlerMapping.java:504)
	at org.springframework.web.servlet.DispatcherServlet.getHandler(DispatcherServlet.java:1274)
	at org.springframework.web.servlet.DispatcherServlet.doDispatch(DispatcherServlet.java:1056)
	at org.springframework.web.servlet.DispatcherServlet.doService(DispatcherServlet.java:973)
	at org.springframework.web.servlet.FrameworkServlet.processRequest(FrameworkServlet.java:1003)
	at org.springframework.web.servlet.FrameworkServlet.doPost(FrameworkServlet.java:906)
	at jakarta.servlet.http.HttpServlet.service(HttpServlet.java:731)
	at org.springframework.web.servlet.FrameworkServlet.service(FrameworkServlet.java:880)
	at jakarta.servlet.http.HttpServlet.service(HttpServlet.java:814)
	at org.apache.catalina.core.ApplicationFilterChain.internalDoFilter(ApplicationFilterChain.java:223)
	at org.apache.catalina.core.ApplicationFilterChain.doFilter(ApplicationFilterChain.java:158)
	at org.apache.tomcat.websocket.server.WsFilter.doFilter(WsFilter.java:53)
	at org.apache.catalina.core.ApplicationFilterChain.internalDoFilter(ApplicationFilterChain.java:185)
	at org.apache.catalina.core.ApplicationFilterChain.doFilter(ApplicationFilterChain.java:158)
	at org.springframework.web.filter.RequestContextFilter.doFilterInternal(RequestContextFilter.java:100)
	at org.springframework.web.filter.OncePerRequestFilter.doFilter(OncePerRequestFilter.java:116)
	at org.apache.catalina.core.ApplicationFilterChain.internalDoFilter(ApplicationFilterChain.java:185)
	at org.apache.catalina.core.ApplicationFilterChain.doFilter(ApplicationFilterChain.java:158)
	at org.springframework.web.filter.FormContentFilter.doFilterInternal(FormContentFilter.java:93)
	at org.springframework.web.filter.OncePerRequestFilter.doFilter(OncePerRequestFilter.java:116)
	at org.apache.catalina.core.ApplicationFilterChain.internalDoFilter(ApplicationFilterChain.java:185)
	at org.apache.catalina.core.ApplicationFilterChain.doFilter(ApplicationFilterChain.java:158)
	at org.springframework.web.filter.CharacterEncodingFilter.doFilterInternal(CharacterEncodingFilter.java:201)
	at org.springframework.web.filter.OncePerRequestFilter.doFilter(OncePerRequestFilter.java:116)
	at org.apache.catalina.core.ApplicationFilterChain.internalDoFilter(ApplicationFilterChain.java:185)
	at org.apache.catalina.core.ApplicationFilterChain.doFilter(ApplicationFilterChain.java:158)
	at org.apache.catalina.core.StandardWrapperValve.invoke(StandardWrapperValve.java:197)
	at org.apache.catalina.core.StandardContextValve.invoke(StandardContextValve.java:97)
	at org.apache.catalina.authenticator.AuthenticatorBase.invoke(AuthenticatorBase.java:542)
	at org.apache.catalina.core.StandardHostValve.invoke(StandardHostValve.java:119)
	at org.apache.catalina.valves.ErrorReportValve.invoke(ErrorReportValve.java:92)
	at org.apache.catalina.core.StandardEngineValve.invoke(StandardEngineValve.java:78)
	at org.apache.catalina.connector.CoyoteAdapter.service(CoyoteAdapter.java:357)
	at org.apache.coyote.http11.Http11Processor.service(Http11Processor.java:400)
	at org.apache.coyote.AbstractProcessorLight.process(AbstractProcessorLight.java:65)
	at org.apache.coyote.AbstractProtocol$ConnectionHandler.process(AbstractProtocol.java:861)
	at org.apache.tomcat.util.net.NioEndpoint$SocketProcessor.doRun(NioEndpoint.java:1739)
	at org.apache.tomcat.util.net.SocketProcessorBase.run(SocketProcessorBase.java:52)
	at org.apache.tomcat.util.threads.ThreadPoolExecutor.runWorker(ThreadPoolExecutor.java:1191)
	at org.apache.tomcat.util.threads.ThreadPoolExecutor$Worker.run(ThreadPoolExecutor.java:659)
	at org.apache.tomcat.util.threads.TaskThread$WrappingRunnable.run(TaskThread.java:61)
	at java.base/java.lang.Thread.run(Thread.java:833)
2023-07-21 20:02:33.912 WARN  o.s.w.s.m.m.a.ExceptionHandlerExceptionResolver   :207  [32m1689940842629cs2  [0;39m Resolved [org.springframework.web.HttpRequestMethodNotSupportedException: Request method 'POST' is not supported]
2023-07-21 20:07:49.854 INFO  com.zaxxer.hikari.HikariDataSource                :350  [32m                  [0;39m HikariPool-1 - Shutdown initiated...
2023-07-21 20:07:49.868 INFO  com.zaxxer.hikari.HikariDataSource                :352  [32m                  [0;39m HikariPool-1 - Shutdown completed.
2023-07-21 20:07:57.187 INFO  org.hibernate.validator.internal.util.Version     :21   [32m                  [0;39m HV000001: Hibernate Validator 8.0.0.Final
2023-07-21 20:07:57.260 INFO  com.jktickets.BusinessApplication                 :51   [32m                  [0;39m Starting BusinessApplication using Java 17.0.3 with PID 9368 (D:\Project\java\jk-tickets\business-service\target\classes started by Administrator in D:\Project\java\jk-tickets)
2023-07-21 20:07:57.262 INFO  com.jktickets.BusinessApplication                 :630  [32m                  [0;39m No active profile set, falling back to 1 default profile: "default"
2023-07-21 20:07:57.350 INFO  o.s.b.d.env.DevToolsPropertyDefaultsPostProcessor :250  [32m                  [0;39m Devtools property defaults active! Set 'spring.devtools.add-properties' to 'false' to disable
2023-07-21 20:07:57.351 INFO  o.s.b.d.env.DevToolsPropertyDefaultsPostProcessor :250  [32m                  [0;39m For additional web related logging consider setting the 'logging.level.web' property to 'DEBUG'
2023-07-21 20:07:58.475 INFO  o.springframework.cloud.context.scope.GenericScope:282  [32m                  [0;39m BeanFactory id=a2d2181d-ab17-3664-9e1a-3e2eda0baeea
2023-07-21 20:07:59.419 INFO  o.s.boot.web.embedded.tomcat.TomcatWebServer      :114  [32m                  [0;39m Tomcat initialized with port(s): 8002 (http)
2023-07-21 20:07:59.430 INFO  org.apache.coyote.http11.Http11NioProtocol        :173  [32m                  [0;39m Initializing ProtocolHandler ["http-nio-8002"]
2023-07-21 20:07:59.432 INFO  org.apache.catalina.core.StandardService          :173  [32m                  [0;39m Starting service [Tomcat]
2023-07-21 20:07:59.433 INFO  org.apache.catalina.core.StandardEngine           :173  [32m                  [0;39m Starting Servlet engine: [Apache Tomcat/10.1.1]
2023-07-21 20:07:59.511 INFO  o.a.c.c.C.[Tomcat].[localhost].[/business]        :173  [32m                  [0;39m Initializing Spring embedded WebApplicationContext
2023-07-21 20:07:59.512 INFO  o.s.b.w.s.c.ServletWebServerApplicationContext    :291  [32m                  [0;39m Root WebApplicationContext: initialization completed in 2161 ms
2023-07-21 20:08:00.895 WARN  o.s.core.LocalVariableTableParameterNameDiscoverer:123  [32m                  [0;39m Using deprecated '-debug' fallback for parameter name resolution. Compile the affected code with '-parameters' instead or avoid its introspection: com.github.pagehelper.autoconfigure.PageHelperStandardProperties
2023-07-21 20:08:01.211 WARN  o.s.b.d.autoconfigure.OptionalLiveReloadServer    :62   [32m                  [0;39m Unable to start LiveReload server
2023-07-21 20:08:01.704 INFO  org.apache.coyote.http11.Http11NioProtocol        :173  [32m                  [0;39m Starting ProtocolHandler ["http-nio-8002"]
2023-07-21 20:08:01.733 INFO  o.s.boot.web.embedded.tomcat.TomcatWebServer      :226  [32m                  [0;39m Tomcat started on port(s): 8002 (http) with context path '/business'
2023-07-21 20:08:02.115 INFO  com.jktickets.BusinessApplication                 :57   [32m                  [0;39m Started BusinessApplication in 6.318 seconds (process running for 7.553)
2023-07-21 20:08:02.119 INFO  com.jktickets.BusinessApplication                 :21   [32m                  [0;39m å¯åŠ¨æˆåŠŸï¼ï¼
2023-07-21 20:08:02.120 INFO  com.jktickets.BusinessApplication                 :23   [32m                  [0;39m æµ‹è¯•åœ°å€: 	http://127.0.0.1:8002/business/hello
2023-07-21 20:08:09.240 INFO  o.a.c.c.C.[Tomcat].[localhost].[/business]        :173  [32m                  [0;39m Initializing Spring DispatcherServlet 'dispatcherServlet'
2023-07-21 20:08:09.240 INFO  org.springframework.web.servlet.DispatcherServlet :525  [32m                  [0;39m Initializing Servlet 'dispatcherServlet'
2023-07-21 20:08:09.241 INFO  org.springframework.web.servlet.DispatcherServlet :547  [32m                  [0;39m Completed initialization in 1 ms
2023-07-21 20:08:09.274 INFO  com.jktickets.interceptor.MemberInterceptor       :32   [32m1689941289264yjm  [0;39m è·å–ä¼šå‘˜ç™»å½•tokenï¼šeyJ0eXAiOiJKV1QiLCJhbGciOiJIUzI1NiJ9.eyJuYmYiOjE2ODk5NDA3NzYsIm1vYmlsZSI6IjEzMDAwMDAwMDAwIiwiaWQiOjE2ODA5MzI5MDI3OTc0NDcxNjgsImV4cCI6MTY5MDAyNzE3NiwiaWF0IjoxNjg5OTQwNzc2fQ.O1IpbTAqo31cqHu8ubp0PZhBA9l1fzsapk8ZlosWtEE
2023-07-21 20:08:09.581 INFO  com.jktickets.utils.JwtUtil                       :64   [32m1689941289264yjm  [0;39m æ ¹æ®tokenè·å–åŸå§‹å†…å®¹ï¼š{"mobile":"13000000000","id":1680932902797447168}
2023-07-21 20:08:09.586 INFO  com.jktickets.interceptor.MemberInterceptor       :35   [32m1689941289264yjm  [0;39m å½“å‰ç™»å½•ä¼šå‘˜ï¼š{"mobile":"13000000000","id":1680932902797447168}
2023-07-21 20:08:09.735 ERROR c.jktickets.exception.ControllerExceptionHandler  :69   [32m1689941289264yjm  [0;39m æ ¡éªŒå¼‚å¸¸ï¼šã€åˆ°è¾¾ç«™ã€‘ä¸èƒ½ä¸ºç©º
2023-07-21 20:08:09.797 WARN  o.s.w.s.m.m.a.ExceptionHandlerExceptionResolver   :207  [32m1689941289264yjm  [0;39m Resolved [org.springframework.validation.BindException: org.springframework.validation.BeanPropertyBindingResult: 7 errors<EOL>Field error in object 'confirmOrderDoReq' on field 'end': rejected value [null]; codes [NotBlank.confirmOrderDoReq.end,NotBlank.end,NotBlank.java.lang.String,NotBlank]; arguments [org.springframework.context.support.DefaultMessageSourceResolvable: codes [confirmOrderDoReq.end,end]; arguments []; default message [end]]; default message [ã€åˆ°è¾¾ç«™ã€‘ä¸èƒ½ä¸ºç©º]<EOL>Field error in object 'confirmOrderDoReq' on field 'tickets': rejected value [null]; codes [NotEmpty.confirmOrderDoReq.tickets,NotEmpty.tickets,NotEmpty.java.util.List,NotEmpty]; arguments [org.springframework.context.support.DefaultMessageSourceResolvable: codes [confirmOrderDoReq.tickets,tickets]; arguments []; default message [tickets]]; default message [ã€è½¦ç¥¨ã€‘ä¸èƒ½ä¸ºç©º]<EOL>Field error in object 'confirmOrderDoReq' on field 'dailyTrainTicketId': rejected value [null]; codes [NotNull.confirmOrderDoReq.dailyTrainTicketId,NotNull.dailyTrainTicketId,NotNull.java.lang.Long,NotNull]; arguments [org.springframework.context.support.DefaultMessageSourceResolvable: codes [confirmOrderDoReq.dailyTrainTicketId,dailyTrainTicketId]; arguments []; default message [dailyTrainTicketId]]; default message [ã€ä½™ç¥¨IDã€‘ä¸èƒ½ä¸ºç©º]<EOL>Field error in object 'confirmOrderDoReq' on field 'memberId': rejected value [null]; codes [NotNull.confirmOrderDoReq.memberId,NotNull.memberId,NotNull.java.lang.Long,NotNull]; arguments [org.springframework.context.support.DefaultMessageSourceResolvable: codes [confirmOrderDoReq.memberId,memberId]; arguments []; default message [memberId]]; default message [ã€ä¼šå‘˜idã€‘ä¸èƒ½ä¸ºç©º]<EOL>Field error in object 'confirmOrderDoReq' on field 'trainCode': rejected value [null]; codes [NotBlank.confirmOrderDoReq.trainCode,NotBlank.trainCode,NotBlank.java.lang.String,NotBlank]; arguments [org.springframework.context.support.DefaultMessageSourceResolvable: codes [confirmOrderDoReq.trainCode,trainCode]; arguments []; default message [trainCode]]; default message [ã€è½¦æ¬¡ç¼–å·ã€‘ä¸èƒ½ä¸ºç©º]<EOL>Field error in object 'confirmOrderDoReq' on field 'start': rejected value [null]; codes [NotBlank.confirmOrderDoReq.start,NotBlank.start,NotBlank.java.lang.String,NotBlank]; arguments [org.springframework.context.support.DefaultMessageSourceResolvable: codes [confirmOrderDoReq.start,start]; arguments []; default message [start]]; default message [ã€å‡ºå‘ç«™ã€‘ä¸èƒ½ä¸ºç©º]<EOL>Field error in object 'confirmOrderDoReq' on field 'date': rejected value [null]; codes [NotNull.confirmOrderDoReq.date,NotNull.date,NotNull.java.util.Date,NotNull]; arguments [org.springframework.context.support.DefaultMessageSourceResolvable: codes [confirmOrderDoReq.date,date]; arguments []; default message [date]]; default message [ã€æ—¥æœŸã€‘ä¸èƒ½ä¸ºç©º]]
2023-07-21 20:09:17.201 INFO  com.jktickets.interceptor.MemberInterceptor       :32   [32m1689941357201jrk  [0;39m è·å–ä¼šå‘˜ç™»å½•tokenï¼šeyJ0eXAiOiJKV1QiLCJhbGciOiJIUzI1NiJ9.eyJuYmYiOjE2ODk5NDA3NzYsIm1vYmlsZSI6IjEzMDAwMDAwMDAwIiwiaWQiOjE2ODA5MzI5MDI3OTc0NDcxNjgsImV4cCI6MTY5MDAyNzE3NiwiaWF0IjoxNjg5OTQwNzc2fQ.O1IpbTAqo31cqHu8ubp0PZhBA9l1fzsapk8ZlosWtEE
2023-07-21 20:09:17.202 INFO  com.jktickets.utils.JwtUtil                       :64   [32m1689941357201jrk  [0;39m æ ¹æ®tokenè·å–åŸå§‹å†…å®¹ï¼š{"mobile":"13000000000","id":1680932902797447168}
2023-07-21 20:09:17.203 INFO  com.jktickets.interceptor.MemberInterceptor       :35   [32m1689941357201jrk  [0;39m å½“å‰ç™»å½•ä¼šå‘˜ï¼š{"mobile":"13000000000","id":1680932902797447168}
2023-07-21 20:09:17.204 ERROR c.jktickets.exception.ControllerExceptionHandler  :69   [32m1689941357201jrk  [0;39m æ ¡éªŒå¼‚å¸¸ï¼šã€åˆ°è¾¾ç«™ã€‘ä¸èƒ½ä¸ºç©º
2023-07-21 20:09:17.206 WARN  o.s.w.s.m.m.a.ExceptionHandlerExceptionResolver   :207  [32m1689941357201jrk  [0;39m Resolved [org.springframework.validation.BindException: org.springframework.validation.BeanPropertyBindingResult: 7 errors<EOL>Field error in object 'confirmOrderDoReq' on field 'end': rejected value [null]; codes [NotBlank.confirmOrderDoReq.end,NotBlank.end,NotBlank.java.lang.String,NotBlank]; arguments [org.springframework.context.support.DefaultMessageSourceResolvable: codes [confirmOrderDoReq.end,end]; arguments []; default message [end]]; default message [ã€åˆ°è¾¾ç«™ã€‘ä¸èƒ½ä¸ºç©º]<EOL>Field error in object 'confirmOrderDoReq' on field 'dailyTrainTicketId': rejected value [null]; codes [NotNull.confirmOrderDoReq.dailyTrainTicketId,NotNull.dailyTrainTicketId,NotNull.java.lang.Long,NotNull]; arguments [org.springframework.context.support.DefaultMessageSourceResolvable: codes [confirmOrderDoReq.dailyTrainTicketId,dailyTrainTicketId]; arguments []; default message [dailyTrainTicketId]]; default message [ã€ä½™ç¥¨IDã€‘ä¸èƒ½ä¸ºç©º]<EOL>Field error in object 'confirmOrderDoReq' on field 'tickets': rejected value [null]; codes [NotEmpty.confirmOrderDoReq.tickets,NotEmpty.tickets,NotEmpty.java.util.List,NotEmpty]; arguments [org.springframework.context.support.DefaultMessageSourceResolvable: codes [confirmOrderDoReq.tickets,tickets]; arguments []; default message [tickets]]; default message [ã€è½¦ç¥¨ã€‘ä¸èƒ½ä¸ºç©º]<EOL>Field error in object 'confirmOrderDoReq' on field 'memberId': rejected value [null]; codes [NotNull.confirmOrderDoReq.memberId,NotNull.memberId,NotNull.java.lang.Long,NotNull]; arguments [org.springframework.context.support.DefaultMessageSourceResolvable: codes [confirmOrderDoReq.memberId,memberId]; arguments []; default message [memberId]]; default message [ã€ä¼šå‘˜idã€‘ä¸èƒ½ä¸ºç©º]<EOL>Field error in object 'confirmOrderDoReq' on field 'start': rejected value [null]; codes [NotBlank.confirmOrderDoReq.start,NotBlank.start,NotBlank.java.lang.String,NotBlank]; arguments [org.springframework.context.support.DefaultMessageSourceResolvable: codes [confirmOrderDoReq.start,start]; arguments []; default message [start]]; default message [ã€å‡ºå‘ç«™ã€‘ä¸èƒ½ä¸ºç©º]<EOL>Field error in object 'confirmOrderDoReq' on field 'date': rejected value [null]; codes [NotNull.confirmOrderDoReq.date,NotNull.date,NotNull.java.util.Date,NotNull]; arguments [org.springframework.context.support.DefaultMessageSourceResolvable: codes [confirmOrderDoReq.date,date]; arguments []; default message [date]]; default message [ã€æ—¥æœŸã€‘ä¸èƒ½ä¸ºç©º]<EOL>Field error in object 'confirmOrderDoReq' on field 'trainCode': rejected value [null]; codes [NotBlank.confirmOrderDoReq.trainCode,NotBlank.trainCode,NotBlank.java.lang.String,NotBlank]; arguments [org.springframework.context.support.DefaultMessageSourceResolvable: codes [confirmOrderDoReq.trainCode,trainCode]; arguments []; default message [trainCode]]; default message [ã€è½¦æ¬¡ç¼–å·ã€‘ä¸èƒ½ä¸ºç©º]]
2023-07-21 20:15:26.146 INFO  org.hibernate.validator.internal.util.Version     :21   [32m                  [0;39m HV000001: Hibernate Validator 8.0.0.Final
2023-07-21 20:15:26.196 INFO  com.jktickets.BusinessApplication                 :51   [32m                  [0;39m Starting BusinessApplication using Java 17.0.3 with PID 8924 (D:\Project\java\jk-tickets\business-service\target\classes started by Administrator in D:\Project\java\jk-tickets)
2023-07-21 20:15:26.197 INFO  com.jktickets.BusinessApplication                 :630  [32m                  [0;39m No active profile set, falling back to 1 default profile: "default"
2023-07-21 20:15:26.261 INFO  o.s.b.d.env.DevToolsPropertyDefaultsPostProcessor :250  [32m                  [0;39m Devtools property defaults active! Set 'spring.devtools.add-properties' to 'false' to disable
2023-07-21 20:15:26.261 INFO  o.s.b.d.env.DevToolsPropertyDefaultsPostProcessor :250  [32m                  [0;39m For additional web related logging consider setting the 'logging.level.web' property to 'DEBUG'
2023-07-21 20:15:27.398 INFO  o.springframework.cloud.context.scope.GenericScope:282  [32m                  [0;39m BeanFactory id=a2d2181d-ab17-3664-9e1a-3e2eda0baeea
2023-07-21 20:15:28.359 INFO  o.s.boot.web.embedded.tomcat.TomcatWebServer      :114  [32m                  [0;39m Tomcat initialized with port(s): 8002 (http)
2023-07-21 20:15:28.371 INFO  org.apache.coyote.http11.Http11NioProtocol        :173  [32m                  [0;39m Initializing ProtocolHandler ["http-nio-8002"]
2023-07-21 20:15:28.372 INFO  org.apache.catalina.core.StandardService          :173  [32m                  [0;39m Starting service [Tomcat]
2023-07-21 20:15:28.372 INFO  org.apache.catalina.core.StandardEngine           :173  [32m                  [0;39m Starting Servlet engine: [Apache Tomcat/10.1.1]
2023-07-21 20:15:28.450 INFO  o.a.c.c.C.[Tomcat].[localhost].[/business]        :173  [32m                  [0;39m Initializing Spring embedded WebApplicationContext
2023-07-21 20:15:28.451 INFO  o.s.b.w.s.c.ServletWebServerApplicationContext    :291  [32m                  [0;39m Root WebApplicationContext: initialization completed in 2189 ms
2023-07-21 20:15:29.840 WARN  o.s.core.LocalVariableTableParameterNameDiscoverer:123  [32m                  [0;39m Using deprecated '-debug' fallback for parameter name resolution. Compile the affected code with '-parameters' instead or avoid its introspection: com.github.pagehelper.autoconfigure.PageHelperStandardProperties
2023-07-21 20:15:30.175 WARN  o.s.b.d.autoconfigure.OptionalLiveReloadServer    :62   [32m                  [0;39m Unable to start LiveReload server
2023-07-21 20:15:30.643 INFO  org.apache.coyote.http11.Http11NioProtocol        :173  [32m                  [0;39m Starting ProtocolHandler ["http-nio-8002"]
2023-07-21 20:15:30.676 INFO  o.s.boot.web.embedded.tomcat.TomcatWebServer      :226  [32m                  [0;39m Tomcat started on port(s): 8002 (http) with context path '/business'
2023-07-21 20:15:31.066 INFO  com.jktickets.BusinessApplication                 :57   [32m                  [0;39m Started BusinessApplication in 6.09 seconds (process running for 7.153)
2023-07-21 20:15:31.070 INFO  com.jktickets.BusinessApplication                 :21   [32m                  [0;39m å¯åŠ¨æˆåŠŸï¼ï¼
2023-07-21 20:15:31.070 INFO  com.jktickets.BusinessApplication                 :23   [32m                  [0;39m æµ‹è¯•åœ°å€: 	http://127.0.0.1:8002/business/hello
2023-07-21 20:15:37.355 INFO  o.a.c.c.C.[Tomcat].[localhost].[/business]        :173  [32m                  [0;39m Initializing Spring DispatcherServlet 'dispatcherServlet'
2023-07-21 20:15:37.355 INFO  org.springframework.web.servlet.DispatcherServlet :525  [32m                  [0;39m Initializing Servlet 'dispatcherServlet'
2023-07-21 20:15:37.356 INFO  org.springframework.web.servlet.DispatcherServlet :547  [32m                  [0;39m Completed initialization in 1 ms
2023-07-21 20:15:37.391 INFO  com.jktickets.interceptor.MemberInterceptor       :32   [32m1689941737383fko  [0;39m è·å–ä¼šå‘˜ç™»å½•tokenï¼šeyJ0eXAiOiJKV1QiLCJhbGciOiJIUzI1NiJ9.eyJuYmYiOjE2ODk5NDA3NzYsIm1vYmlsZSI6IjEzMDAwMDAwMDAwIiwiaWQiOjE2ODA5MzI5MDI3OTc0NDcxNjgsImV4cCI6MTY5MDAyNzE3NiwiaWF0IjoxNjg5OTQwNzc2fQ.O1IpbTAqo31cqHu8ubp0PZhBA9l1fzsapk8ZlosWtEE
2023-07-21 20:15:37.694 INFO  com.jktickets.utils.JwtUtil                       :64   [32m1689941737383fko  [0;39m æ ¹æ®tokenè·å–åŸå§‹å†…å®¹ï¼š{"mobile":"13000000000","id":1680932902797447168}
2023-07-21 20:15:37.699 INFO  com.jktickets.interceptor.MemberInterceptor       :35   [32m1689941737383fko  [0;39m å½“å‰ç™»å½•ä¼šå‘˜ï¼š{"mobile":"13000000000","id":1680932902797447168}
2023-07-21 20:15:37.909 ERROR c.jktickets.exception.ControllerExceptionHandler  :69   [32m1689941737383fko  [0;39m æ ¡éªŒå¼‚å¸¸ï¼šã€ä¼šå‘˜idã€‘ä¸èƒ½ä¸ºç©º
2023-07-21 20:15:37.946 WARN  o.s.w.s.m.m.a.ExceptionHandlerExceptionResolver   :207  [32m1689941737383fko  [0;39m Resolved [org.springframework.web.bind.MethodArgumentNotValidException: Validation failed for argument [0] in public com.jktickets.res.CommonRes<java.lang.Object> com.jktickets.controller.ConfirmOrderController.doConfirm(com.jktickets.req.confirmOrder.ConfirmOrderDoReq): [Field error in object 'confirmOrderDoReq' on field 'memberId': rejected value [null]; codes [NotNull.confirmOrderDoReq.memberId,NotNull.memberId,NotNull.java.lang.Long,NotNull]; arguments [org.springframework.context.support.DefaultMessageSourceResolvable: codes [confirmOrderDoReq.memberId,memberId]; arguments []; default message [memberId]]; default message [ã€ä¼šå‘˜idã€‘ä¸èƒ½ä¸ºç©º]] ]
2023-07-21 20:29:04.478 INFO  org.hibernate.validator.internal.util.Version     :21   [32m                  [0;39m HV000001: Hibernate Validator 8.0.0.Final
2023-07-21 20:29:04.545 INFO  com.jktickets.BusinessApplication                 :51   [32m                  [0;39m Starting BusinessApplication using Java 17.0.3 with PID 1420 (D:\Project\java\jk-tickets\business-service\target\classes started by Administrator in D:\Project\java\jk-tickets)
2023-07-21 20:29:04.546 INFO  com.jktickets.BusinessApplication                 :630  [32m                  [0;39m No active profile set, falling back to 1 default profile: "default"
2023-07-21 20:29:04.613 INFO  o.s.b.d.env.DevToolsPropertyDefaultsPostProcessor :250  [32m                  [0;39m Devtools property defaults active! Set 'spring.devtools.add-properties' to 'false' to disable
2023-07-21 20:29:04.613 INFO  o.s.b.d.env.DevToolsPropertyDefaultsPostProcessor :250  [32m                  [0;39m For additional web related logging consider setting the 'logging.level.web' property to 'DEBUG'
2023-07-21 20:29:05.701 INFO  o.springframework.cloud.context.scope.GenericScope:282  [32m                  [0;39m BeanFactory id=a2d2181d-ab17-3664-9e1a-3e2eda0baeea
2023-07-21 20:29:06.663 INFO  o.s.boot.web.embedded.tomcat.TomcatWebServer      :114  [32m                  [0;39m Tomcat initialized with port(s): 8002 (http)
2023-07-21 20:29:06.675 INFO  org.apache.coyote.http11.Http11NioProtocol        :173  [32m                  [0;39m Initializing ProtocolHandler ["http-nio-8002"]
2023-07-21 20:29:06.676 INFO  org.apache.catalina.core.StandardService          :173  [32m                  [0;39m Starting service [Tomcat]
2023-07-21 20:29:06.676 INFO  org.apache.catalina.core.StandardEngine           :173  [32m                  [0;39m Starting Servlet engine: [Apache Tomcat/10.1.1]
2023-07-21 20:29:06.758 INFO  o.a.c.c.C.[Tomcat].[localhost].[/business]        :173  [32m                  [0;39m Initializing Spring embedded WebApplicationContext
2023-07-21 20:29:06.759 INFO  o.s.b.w.s.c.ServletWebServerApplicationContext    :291  [32m                  [0;39m Root WebApplicationContext: initialization completed in 2145 ms
2023-07-21 20:29:08.164 WARN  o.s.core.LocalVariableTableParameterNameDiscoverer:123  [32m                  [0;39m Using deprecated '-debug' fallback for parameter name resolution. Compile the affected code with '-parameters' instead or avoid its introspection: com.github.pagehelper.autoconfigure.PageHelperStandardProperties
2023-07-21 20:29:08.506 WARN  o.s.b.d.autoconfigure.OptionalLiveReloadServer    :62   [32m                  [0;39m Unable to start LiveReload server
2023-07-21 20:29:08.978 INFO  org.apache.coyote.http11.Http11NioProtocol        :173  [32m                  [0;39m Starting ProtocolHandler ["http-nio-8002"]
2023-07-21 20:29:09.008 INFO  o.s.boot.web.embedded.tomcat.TomcatWebServer      :226  [32m                  [0;39m Tomcat started on port(s): 8002 (http) with context path '/business'
2023-07-21 20:29:09.393 INFO  com.jktickets.BusinessApplication                 :57   [32m                  [0;39m Started BusinessApplication in 6.061 seconds (process running for 7.405)
2023-07-21 20:29:09.400 INFO  com.jktickets.BusinessApplication                 :21   [32m                  [0;39m å¯åŠ¨æˆåŠŸï¼ï¼
2023-07-21 20:29:09.401 INFO  com.jktickets.BusinessApplication                 :23   [32m                  [0;39m æµ‹è¯•åœ°å€: 	http://127.0.0.1:8002/business/hello
2023-07-21 20:29:32.044 INFO  o.a.c.c.C.[Tomcat].[localhost].[/business]        :173  [32m                  [0;39m Initializing Spring DispatcherServlet 'dispatcherServlet'
2023-07-21 20:29:32.045 INFO  org.springframework.web.servlet.DispatcherServlet :525  [32m                  [0;39m Initializing Servlet 'dispatcherServlet'
2023-07-21 20:29:32.047 INFO  org.springframework.web.servlet.DispatcherServlet :547  [32m                  [0;39m Completed initialization in 2 ms
2023-07-21 20:29:32.079 INFO  com.jktickets.interceptor.MemberInterceptor       :32   [32m168994257207143k  [0;39m è·å–ä¼šå‘˜ç™»å½•tokenï¼šeyJ0eXAiOiJKV1QiLCJhbGciOiJIUzI1NiJ9.eyJuYmYiOjE2ODk5NDA3NzYsIm1vYmlsZSI6IjEzMDAwMDAwMDAwIiwiaWQiOjE2ODA5MzI5MDI3OTc0NDcxNjgsImV4cCI6MTY5MDAyNzE3NiwiaWF0IjoxNjg5OTQwNzc2fQ.O1IpbTAqo31cqHu8ubp0PZhBA9l1fzsapk8ZlosWtEE
2023-07-21 20:29:32.356 INFO  com.jktickets.utils.JwtUtil                       :64   [32m168994257207143k  [0;39m æ ¹æ®tokenè·å–åŸå§‹å†…å®¹ï¼š{"mobile":"13000000000","id":1680932902797447168}
2023-07-21 20:29:32.361 INFO  com.jktickets.interceptor.MemberInterceptor       :35   [32m168994257207143k  [0;39m å½“å‰ç™»å½•ä¼šå‘˜ï¼š{"mobile":"13000000000","id":1680932902797447168}
2023-07-21 20:29:32.576 INFO  com.jktickets.aspect.LogAspect                    :57   [32m168994257207143k  [0;39m ------------- å¼€å§‹ -------------
2023-07-21 20:29:32.577 INFO  com.jktickets.aspect.LogAspect                    :58   [32m168994257207143k  [0;39m è¯·æ±‚åœ°å€: http://127.0.0.1:8002/business/confirmOrder/doConfirm POST
2023-07-21 20:29:32.578 INFO  com.jktickets.aspect.LogAspect                    :59   [32m168994257207143k  [0;39m ç±»åæ–¹æ³•: com.jktickets.controller.ConfirmOrderController.doConfirm
2023-07-21 20:29:32.579 INFO  com.jktickets.aspect.LogAspect                    :60   [32m168994257207143k  [0;39m è¿œç¨‹åœ°å€: 127.0.0.1
2023-07-21 20:29:32.662 INFO  com.jktickets.aspect.LogAspect                    :82   [32m168994257207143k  [0;39m è¯·æ±‚å‚æ•°: [{"dailyTrainTicketId":1680944278592950272,"date":1689523200000,"end":"æ­å·","start":"ä¸Šæµ·","tickets":[{"passengerId":1681265704667582464,"passengerIdCard":"1","passengerName":"æµ‹è¯•","passengerType":"1","seat":"A1","seatTypeCode":"2"},{"passengerId":1681265759105454080,"passengerIdCard":"123","passengerName":"æµ‹è¯•33","passengerType":"2","seat":"A2","seatTypeCode":"2"}],"trainCode":"01"}]
2023-07-21 20:29:32.709 INFO  com.jktickets.aspect.LogAspect                    :106  [32m168994257207143k  [0;39m æ‰§è¡ŒSQL:  insert | execution(int com.jktickets.mapper.ConfirmOrderMapper.insert(ConfirmOrder))
2023-07-21 20:29:32.716 INFO  com.jktickets.aspect.LogAspect                    :111  [32m168994257207143k  [0;39m å‚æ•°å€¼: ConfirmOrder [Hash = 1293428383, id=1682367202931642368, memberId=1680932902797447168, date=Mon Jul 17 00:00:00 CST 2023, trainCode=01, start=ä¸Šæµ·, end=æ­å·, dailyTrainTicketId=1680944278592950272, status=I, createTime=2023-07-21 20:29:32, updateTime=2023-07-21 20:29:32, tickets=[{"passengerId":1681265704667582464,"passengerIdCard":"1","passengerName":"æµ‹è¯•","passengerType":"1","seat":"A1","seatTypeCode":"2"},{"passengerId":1681265759105454080,"passengerIdCard":"123","passengerName":"æµ‹è¯•33","passengerType":"2","seat":"A2","seatTypeCode":"2"}]]
2023-07-21 20:29:32.743 INFO  com.zaxxer.hikari.HikariDataSource                :110  [32m168994257207143k  [0;39m HikariPool-1 - Starting...
2023-07-21 20:29:33.237 INFO  com.zaxxer.hikari.pool.HikariPool                 :565  [32m168994257207143k  [0;39m HikariPool-1 - Added connection com.mysql.cj.jdbc.ConnectionImpl@1f181ddd
2023-07-21 20:29:33.240 INFO  com.zaxxer.hikari.HikariDataSource                :123  [32m168994257207143k  [0;39m HikariPool-1 - Start completed.
2023-07-21 20:29:33.334 INFO  com.jktickets.aspect.LogAspect                    :120  [32m168994257207143k  [0;39m SQLæ‰§è¡Œå®Œæˆ: insert | execution(int com.jktickets.mapper.ConfirmOrderMapper.insert(ConfirmOrder))
2023-07-21 20:29:33.342 INFO  com.jktickets.aspect.LogAspect                    :106  [32m168994257207143k  [0;39m æ‰§è¡ŒSQL:  selectByExample | execution(List com.jktickets.mapper.DailyTrainTicketMapper.selectByExample(DailyTrainTicketExample))
2023-07-21 20:29:33.343 INFO  com.jktickets.aspect.LogAspect                    :111  [32m168994257207143k  [0;39m å‚æ•°å€¼: com.jktickets.domain.DailyTrainTicketExample@1689dfb3
2023-07-21 20:29:33.421 INFO  com.jktickets.aspect.LogAspect                    :120  [32m168994257207143k  [0;39m SQLæ‰§è¡Œå®Œæˆ: selectByExample | execution(List com.jktickets.mapper.DailyTrainTicketMapper.selectByExample(DailyTrainTicketExample))
2023-07-21 20:29:33.422 INFO  com.jktickets.service.ConfirmOrderService         :141  [32m168994257207143k  [0;39m æŸ¥å‡ºä½™ç¥¨è®°å½•:DailyTrainTicket [Hash = 1165576724, id=1680944278592950272, date=Mon Jul 17 00:00:00 CST 2023, trainCode=01, start=ä¸Šæµ·, startPinyin=shanghai, startTime=Thu Jan 01 00:02:00 CST 1970, startIndex=0, end=æ­å·, endPinyin=hangzhou, endTime=Thu Jan 01 15:00:00 CST 1970, endIndex=2, ydz=12, ydzPrice=5.76, edz=25, edzPrice=4.32, rw=-1, rwPrice=8.64, yw=-1, ywPrice=7.20, createTime=Mon Jul 17 22:15:20 CST 2023, updateTime=Mon Jul 17 22:15:20 CST 2023]
2023-07-21 20:29:33.426 INFO  com.jktickets.aspect.LogAspect                    :94   [32m168994257207143k  [0;39m è¿”å›ç»“æœ: {"code":0,"message":"","success":true}
2023-07-21 20:29:33.426 INFO  com.jktickets.aspect.LogAspect                    :95   [32m168994257207143k  [0;39m ------------- ç»“æŸ è€—æ—¶ï¼š851 ms -------------
2023-07-21 20:35:28.032 INFO  com.zaxxer.hikari.HikariDataSource                :350  [32m                  [0;39m HikariPool-1 - Shutdown initiated...
2023-07-21 20:35:28.042 INFO  com.zaxxer.hikari.HikariDataSource                :352  [32m                  [0;39m HikariPool-1 - Shutdown completed.
