2023-08-19 16:26:01.321 WARN  com.alibaba.nacos.client.logging.NacosLogging     :64   [32m                  [0;39m Load Logback Configuration of Nacos fail, message: Could not initialize Logback Nacos logging from classpath:nacos-logback.xml
2023-08-19 16:26:01.337 INFO  org.hibernate.validator.internal.util.Version     :21   [32m                  [0;39m HV000001: Hibernate Validator 8.0.0.Final
2023-08-19 16:26:01.403 WARN  com.alibaba.nacos.client.logging.NacosLogging     :64   [32m                  [0;39m Load Logback Configuration of Nacos fail, message: Could not initialize Logback Nacos logging from classpath:nacos-logback.xml
2023-08-19 16:26:01.438 INFO  o.s.b.d.env.DevToolsPropertyDefaultsPostProcessor :250  [32m                  [0;39m Devtools property defaults active! Set 'spring.devtools.add-properties' to 'false' to disable
2023-08-19 16:26:02.733 WARN  com.alibaba.nacos.client.logging.NacosLogging     :64   [32m                  [0;39m Load Logback Configuration of Nacos fail, message: Could not initialize Logback Nacos logging from classpath:nacos-logback.xml
2023-08-19 16:26:02.756 WARN  com.alibaba.nacos.client.logging.NacosLogging     :64   [32m                  [0;39m Load Logback Configuration of Nacos fail, message: Could not initialize Logback Nacos logging from classpath:nacos-logback.xml
2023-08-19 16:26:02.758 INFO  com.jktickets.GatewayApplication                  :630  [32m                  [0;39m No active profile set, falling back to 1 default profile: "default"
2023-08-19 16:26:06.379 INFO  o.springframework.cloud.context.scope.GenericScope:282  [32m                  [0;39m BeanFactory id=ea6e5f07-ce95-39ee-958f-0cb9fcb8301e
2023-08-19 16:26:06.639 INFO  o.s.c.s.PostProcessorRegistrationDelegate$BeanPostProcessorChecker:409  [32m                  [0;39m Bean 'org.springframework.cloud.client.loadbalancer.reactive.LoadBalancerBeanPostProcessorAutoConfiguration' of type [org.springframework.cloud.client.loadbalancer.reactive.LoadBalancerBeanPostProcessorAutoConfiguration] is not eligible for getting processed by all BeanPostProcessors (for example: not eligible for auto-proxying)
2023-08-19 16:26:06.643 INFO  o.s.c.s.PostProcessorRegistrationDelegate$BeanPostProcessorChecker:409  [32m                  [0;39m Bean 'org.springframework.cloud.client.loadbalancer.reactive.LoadBalancerBeanPostProcessorAutoConfiguration$ReactorDeferringLoadBalancerFilterConfig' of type [org.springframework.cloud.client.loadbalancer.reactive.LoadBalancerBeanPostProcessorAutoConfiguration$ReactorDeferringLoadBalancerFilterConfig] is not eligible for getting processed by all BeanPostProcessors (for example: not eligible for auto-proxying)
2023-08-19 16:26:06.646 INFO  o.s.c.s.PostProcessorRegistrationDelegate$BeanPostProcessorChecker:409  [32m                  [0;39m Bean 'reactorDeferringLoadBalancerExchangeFilterFunction' of type [org.springframework.cloud.client.loadbalancer.reactive.DeferringLoadBalancerExchangeFilterFunction] is not eligible for getting processed by all BeanPostProcessors (for example: not eligible for auto-proxying)
2023-08-19 16:26:11.096 INFO  o.s.c.gateway.route.RouteDefinitionRouteLocator   :88   [32m                  [0;39m Loaded RoutePredicateFactory [After]
2023-08-19 16:26:11.097 INFO  o.s.c.gateway.route.RouteDefinitionRouteLocator   :88   [32m                  [0;39m Loaded RoutePredicateFactory [Before]
2023-08-19 16:26:11.097 INFO  o.s.c.gateway.route.RouteDefinitionRouteLocator   :88   [32m                  [0;39m Loaded RoutePredicateFactory [Between]
2023-08-19 16:26:11.098 INFO  o.s.c.gateway.route.RouteDefinitionRouteLocator   :88   [32m                  [0;39m Loaded RoutePredicateFactory [Cookie]
2023-08-19 16:26:11.098 INFO  o.s.c.gateway.route.RouteDefinitionRouteLocator   :88   [32m                  [0;39m Loaded RoutePredicateFactory [Header]
2023-08-19 16:26:11.098 INFO  o.s.c.gateway.route.RouteDefinitionRouteLocator   :88   [32m                  [0;39m Loaded RoutePredicateFactory [Host]
2023-08-19 16:26:11.099 INFO  o.s.c.gateway.route.RouteDefinitionRouteLocator   :88   [32m                  [0;39m Loaded RoutePredicateFactory [Method]
2023-08-19 16:26:11.099 INFO  o.s.c.gateway.route.RouteDefinitionRouteLocator   :88   [32m                  [0;39m Loaded RoutePredicateFactory [Path]
2023-08-19 16:26:11.099 INFO  o.s.c.gateway.route.RouteDefinitionRouteLocator   :88   [32m                  [0;39m Loaded RoutePredicateFactory [Query]
2023-08-19 16:26:11.100 INFO  o.s.c.gateway.route.RouteDefinitionRouteLocator   :88   [32m                  [0;39m Loaded RoutePredicateFactory [ReadBody]
2023-08-19 16:26:11.100 INFO  o.s.c.gateway.route.RouteDefinitionRouteLocator   :88   [32m                  [0;39m Loaded RoutePredicateFactory [RemoteAddr]
2023-08-19 16:26:11.100 INFO  o.s.c.gateway.route.RouteDefinitionRouteLocator   :88   [32m                  [0;39m Loaded RoutePredicateFactory [XForwardedRemoteAddr]
2023-08-19 16:26:11.101 INFO  o.s.c.gateway.route.RouteDefinitionRouteLocator   :88   [32m                  [0;39m Loaded RoutePredicateFactory [Weight]
2023-08-19 16:26:11.101 INFO  o.s.c.gateway.route.RouteDefinitionRouteLocator   :88   [32m                  [0;39m Loaded RoutePredicateFactory [CloudFoundryRouteService]
2023-08-19 16:26:12.431 INFO  o.s.b.d.autoconfigure.OptionalLiveReloadServer    :59   [32m                  [0;39m LiveReload server is running on port 35729
2023-08-19 16:26:12.512 WARN  o.s.c.l.c.LoadBalancerCacheAutoConfiguration$LoadBalancerCaffeineWarnLogger:81   [32m                  [0;39m Spring Cloud LoadBalancer is currently working with the default cache. While this cache implementation is useful for development and tests, it's recommended to use Caffeine cache in production.You can switch to using Caffeine cache, by adding it and org.springframework.cache.caffeine.CaffeineCacheManager to the classpath.
2023-08-19 16:26:13.396 INFO  o.s.boot.web.embedded.netty.NettyWebServer        :111  [32m                  [0;39m Netty started on port 8000
2023-08-19 16:26:14.358 WARN  com.alibaba.nacos.client.logging.NacosLogging     :64   [32m                  [0;39m Load Logback Configuration of Nacos fail, message: Could not initialize Logback Nacos logging from classpath:nacos-logback.xml
2023-08-19 16:26:14.359 INFO  com.alibaba.nacos.client.naming                   :62   [32m                  [0;39m initializer namespace from ans.namespace attribute : null
2023-08-19 16:26:14.360 INFO  com.alibaba.nacos.client.naming                   :66   [32m                  [0;39m initializer namespace from ALIBABA_ALIWARE_NAMESPACE attribute :null
2023-08-19 16:26:14.362 INFO  com.alibaba.nacos.client.naming                   :73   [32m                  [0;39m initializer namespace from namespace attribute :null
2023-08-19 16:26:14.405 INFO  com.alibaba.nacos.client.utils.ParamUtil          :87   [32m                  [0;39m [settings] [req-serv] nacos-server port:8848
2023-08-19 16:26:14.406 INFO  com.alibaba.nacos.client.utils.ParamUtil          :98   [32m                  [0;39m [settings] [http-client] connect timeout:1000
2023-08-19 16:26:14.408 INFO  com.alibaba.nacos.client.utils.ParamUtil          :105  [32m                  [0;39m PER_TASK_CONFIG_SIZE: 3000.0
2023-08-19 16:26:14.416 INFO  c.a.n.p.auth.spi.client.ClientAuthPluginManager   :56   [32m                  [0;39m [ClientAuthPluginManager] Load ClientAuthService com.alibaba.nacos.client.auth.impl.NacosClientAuthServiceImpl success.
2023-08-19 16:26:14.416 INFO  c.a.n.p.auth.spi.client.ClientAuthPluginManager   :56   [32m                  [0;39m [ClientAuthPluginManager] Load ClientAuthService com.alibaba.nacos.client.auth.ram.RamClientAuthServiceImpl success.
2023-08-19 16:26:14.422 INFO  c.a.n.client.auth.ram.identify.CredentialWatcher  :165  [32m                  [0;39m null No credential found
2023-08-19 16:26:14.436 INFO  com.alibaba.nacos.common.remote.client            :108  [32m                  [0;39m [RpcClientFactory] create a new rpc client of b47b0746-ca1e-487f-a799-f19f9369759b
2023-08-19 16:26:14.480 INFO  com.alibaba.nacos.common.remote.client            :63   [32m                  [0;39m [b47b0746-ca1e-487f-a799-f19f9369759b] RpcClient init, ServerListFactory = com.alibaba.nacos.client.naming.core.ServerListManager
2023-08-19 16:26:14.481 INFO  com.alibaba.nacos.common.remote.client            :63   [32m                  [0;39m [b47b0746-ca1e-487f-a799-f19f9369759b] Registry connection listener to current client:com.alibaba.nacos.client.naming.remote.gprc.redo.NamingGrpcRedoService
2023-08-19 16:26:14.482 INFO  com.alibaba.nacos.common.remote.client            :63   [32m                  [0;39m [b47b0746-ca1e-487f-a799-f19f9369759b] Register server push request handler:com.alibaba.nacos.client.naming.remote.gprc.NamingPushRequestHandler
2023-08-19 16:26:14.486 INFO  com.alibaba.nacos.common.remote.client            :63   [32m                  [0;39m [b47b0746-ca1e-487f-a799-f19f9369759b] Try to connect to server on start up, server: {serverIp = '127.0.0.1', server main port = 8848}
2023-08-19 16:26:14.554 INFO  c.a.nacos.common.remote.client.grpc.GrpcClient    :182  [32m                  [0;39m grpc client connection server:127.0.0.1 ip,serverPort:9848,grpcTslConfig:{"sslProvider":"OPENSSL","enableTls":false,"mutualAuthEnable":false,"trustAll":false}
2023-08-19 16:26:16.210 INFO  com.alibaba.nacos.common.remote.client            :63   [32m                  [0;39m [b47b0746-ca1e-487f-a799-f19f9369759b] Success to connect to server [127.0.0.1:8848] on start up, connectionId = 1692433575999_127.0.0.1_49684
2023-08-19 16:26:16.211 INFO  com.alibaba.nacos.common.remote.client            :63   [32m                  [0;39m [b47b0746-ca1e-487f-a799-f19f9369759b] Notify connected event to listeners.
2023-08-19 16:26:16.212 INFO  com.alibaba.nacos.client.naming                   :78   [32m                  [0;39m Grpc connection connect
2023-08-19 16:26:16.212 INFO  com.alibaba.nacos.common.remote.client            :63   [32m                  [0;39m [b47b0746-ca1e-487f-a799-f19f9369759b] Register server push request handler:com.alibaba.nacos.common.remote.client.RpcClient$ConnectResetRequestHandler
2023-08-19 16:26:16.212 INFO  com.alibaba.nacos.common.remote.client            :63   [32m                  [0;39m [b47b0746-ca1e-487f-a799-f19f9369759b] Register server push request handler:com.alibaba.nacos.common.remote.client.RpcClient$$Lambda$955/0x00000008013145d0
2023-08-19 16:26:16.214 INFO  com.alibaba.nacos.client.naming                   :121  [32m                  [0;39m [REGISTER-SERVICE] train registering service gateway-service with instance Instance{instanceId='null', ip='192.168.0.102', port=8000, weight=1.0, healthy=true, enabled=true, ephemeral=true, clusterName='DEFAULT', serviceName='null', metadata={IPv6=null, preserved.register.source=SPRING_CLOUD}}
2023-08-19 16:26:16.241 INFO  c.a.cloud.nacos.registry.NacosServiceRegistry     :76   [32m                  [0;39m nacos registry, DEFAULT_GROUP gateway-service 192.168.0.102:8000 register finished
2023-08-19 16:26:16.477 INFO  com.jktickets.GatewayApplication                  :57   [32m                  [0;39m Started GatewayApplication in 16.207 seconds (process running for 17.72)
2023-08-19 16:26:16.482 INFO  com.jktickets.GatewayApplication                  :22   [32m                  [0;39m å¯åŠ¨æˆåŠŸï¼ï¼
2023-08-19 16:26:16.483 INFO  com.jktickets.GatewayApplication                  :24   [32m                  [0;39m æµ‹è¯•åœ°å€: 	http://127.0.0.1:8000
2023-08-19 17:07:08.382 INFO  com.jktickets.filter.LoginMemberFilter            :35   [32m                  [0;39m ä¸éœ€è¦ç™»å½•éªŒè¯ï¼š/business/admin/confirmOrder/queryList
2023-08-19 17:07:08.576 INFO  com.alibaba.nacos.client.naming                   :167  [32m                  [0;39m [SUBSCRIBE-SERVICE] service:business-service, group:DEFAULT_GROUP, clusters: 
2023-08-19 17:07:08.601 INFO  com.alibaba.nacos.client.naming                   :184  [32m                  [0;39m init new ips(1) service: DEFAULT_GROUP@@business-service -> [{"ip":"192.168.0.102","port":8002,"weight":1.0,"healthy":true,"enabled":true,"ephemeral":true,"clusterName":"DEFAULT","serviceName":"DEFAULT_GROUP@@business-service","metadata":{"preserved.register.source":"SPRING_CLOUD"},"ipDeleteTimeout":30000,"instanceHeartBeatTimeOut":15000,"instanceHeartBeatInterval":5000}]
2023-08-19 17:07:08.614 INFO  com.alibaba.nacos.client.naming                   :169  [32m                  [0;39m current ips:(1) service: DEFAULT_GROUP@@business-service -> [{"ip":"192.168.0.102","port":8002,"weight":1.0,"healthy":true,"enabled":true,"ephemeral":true,"clusterName":"DEFAULT","serviceName":"DEFAULT_GROUP@@business-service","metadata":{"preserved.register.source":"SPRING_CLOUD"},"ipDeleteTimeout":30000,"instanceHeartBeatTimeOut":15000,"instanceHeartBeatInterval":5000}]
2023-08-19 17:07:09.153 INFO  com.alibaba.nacos.common.remote.client            :63   [32m                  [0;39m [b47b0746-ca1e-487f-a799-f19f9369759b] Receive server push request, request = NotifySubscriberRequest, requestId = 5
2023-08-19 17:07:09.154 INFO  com.alibaba.nacos.common.remote.client            :63   [32m                  [0;39m [b47b0746-ca1e-487f-a799-f19f9369759b] Ack server push request, request = NotifySubscriberRequest, requestId = 5
2023-08-19 17:07:12.297 INFO  com.jktickets.filter.LoginMemberFilter            :35   [32m                  [0;39m ä¸éœ€è¦ç™»å½•éªŒè¯ï¼š/business/admin/skToken/queryList
2023-08-19 17:07:14.098 INFO  com.jktickets.filter.LoginMemberFilter            :35   [32m                  [0;39m ä¸éœ€è¦ç™»å½•éªŒè¯ï¼š/business/admin/train/queryAll
2023-08-19 17:07:14.101 INFO  com.jktickets.filter.LoginMemberFilter            :35   [32m                  [0;39m ä¸éœ€è¦ç™»å½•éªŒè¯ï¼š/business/admin/station/queryAll
2023-08-19 17:07:14.101 INFO  com.jktickets.filter.LoginMemberFilter            :35   [32m                  [0;39m ä¸éœ€è¦ç™»å½•éªŒè¯ï¼š/business/admin/dailyTrainTicket/queryList
2023-08-19 17:07:14.198 INFO  com.jktickets.filter.LoginMemberFilter            :35   [32m                  [0;39m ä¸éœ€è¦ç™»å½•éªŒè¯ï¼š/business/admin/station/queryAll
2023-08-19 17:07:15.928 INFO  com.jktickets.filter.LoginMemberFilter            :35   [32m                  [0;39m ä¸éœ€è¦ç™»å½•éªŒè¯ï¼š/business/admin/train/queryAll
2023-08-19 17:07:15.929 INFO  com.jktickets.filter.LoginMemberFilter            :35   [32m                  [0;39m ä¸éœ€è¦ç™»å½•éªŒè¯ï¼š/business/admin/dailyTrain/queryList
2023-08-19 17:11:35.588 INFO  com.jktickets.filter.LoginMemberFilter            :35   [32m                  [0;39m ä¸éœ€è¦ç™»å½•éªŒè¯ï¼š/member/member/sendCode
2023-08-19 17:11:35.614 INFO  com.alibaba.nacos.client.naming                   :167  [32m                  [0;39m [SUBSCRIBE-SERVICE] service:member-service, group:DEFAULT_GROUP, clusters: 
2023-08-19 17:11:35.618 INFO  com.alibaba.nacos.client.naming                   :184  [32m                  [0;39m init new ips(1) service: DEFAULT_GROUP@@member-service -> [{"ip":"192.168.0.102","port":8001,"weight":1.0,"healthy":true,"enabled":true,"ephemeral":true,"clusterName":"DEFAULT","serviceName":"DEFAULT_GROUP@@member-service","metadata":{"preserved.register.source":"SPRING_CLOUD"},"ipDeleteTimeout":30000,"instanceHeartBeatTimeOut":15000,"instanceHeartBeatInterval":5000}]
2023-08-19 17:11:35.619 INFO  com.alibaba.nacos.client.naming                   :169  [32m                  [0;39m current ips:(1) service: DEFAULT_GROUP@@member-service -> [{"ip":"192.168.0.102","port":8001,"weight":1.0,"healthy":true,"enabled":true,"ephemeral":true,"clusterName":"DEFAULT","serviceName":"DEFAULT_GROUP@@member-service","metadata":{"preserved.register.source":"SPRING_CLOUD"},"ipDeleteTimeout":30000,"instanceHeartBeatTimeOut":15000,"instanceHeartBeatInterval":5000}]
2023-08-19 17:11:36.199 INFO  com.alibaba.nacos.common.remote.client            :63   [32m                  [0;39m [b47b0746-ca1e-487f-a799-f19f9369759b] Receive server push request, request = NotifySubscriberRequest, requestId = 6
2023-08-19 17:11:36.200 INFO  com.alibaba.nacos.common.remote.client            :63   [32m                  [0;39m [b47b0746-ca1e-487f-a799-f19f9369759b] Ack server push request, request = NotifySubscriberRequest, requestId = 6
2023-08-19 17:11:36.988 INFO  com.jktickets.filter.LoginMemberFilter            :35   [32m                  [0;39m ä¸éœ€è¦ç™»å½•éªŒè¯ï¼š/member/member/login
2023-08-19 17:12:02.788 INFO  com.jktickets.filter.LoginMemberFilter            :38   [32m                  [0;39m éœ€è¦ç™»å½•éªŒè¯ï¼š/member/ticket/queryList
2023-08-19 17:12:02.789 INFO  com.jktickets.filter.LoginMemberFilter            :42   [32m                  [0;39m ä¼šå‘˜ç™»å½•éªŒè¯å¼€å§‹ï¼Œtokenï¼šeyJ0eXAiOiJKV1QiLCJhbGciOiJIUzI1NiJ9.eyJuYmYiOjE2OTI0MzYyOTcsIm1vYmlsZSI6IjEzMDAwMDAwMDAwIiwiaWQiOjE2ODA5MzI5MDI3OTc0NDcxNjgsImV4cCI6MTY5MjUyMjY5NywiaWF0IjoxNjkyNDM2Mjk3fQ.fvwtnxs2-TlVzkebiUQLYrFTMxQvH3xqv5y6ZgaSHWc
2023-08-19 17:12:03.378 INFO  com.jktickets.utils.JwtUtil                       :48   [32m                  [0;39m JWT tokenæ ¡éªŒç»“æœï¼štrue
2023-08-19 17:12:03.379 INFO  com.jktickets.filter.LoginMemberFilter            :52   [32m                  [0;39m tokenæœ‰æ•ˆï¼Œæ”¾è¡Œè¯¥è¯·æ±‚
2023-08-19 17:12:04.309 INFO  com.jktickets.filter.LoginMemberFilter            :38   [32m                  [0;39m éœ€è¦ç™»å½•éªŒè¯ï¼š/business/station/queryAll
2023-08-19 17:12:04.309 INFO  com.jktickets.filter.LoginMemberFilter            :42   [32m                  [0;39m ä¼šå‘˜ç™»å½•éªŒè¯å¼€å§‹ï¼Œtokenï¼šeyJ0eXAiOiJKV1QiLCJhbGciOiJIUzI1NiJ9.eyJuYmYiOjE2OTI0MzYyOTcsIm1vYmlsZSI6IjEzMDAwMDAwMDAwIiwiaWQiOjE2ODA5MzI5MDI3OTc0NDcxNjgsImV4cCI6MTY5MjUyMjY5NywiaWF0IjoxNjkyNDM2Mjk3fQ.fvwtnxs2-TlVzkebiUQLYrFTMxQvH3xqv5y6ZgaSHWc
2023-08-19 17:12:04.310 INFO  com.jktickets.utils.JwtUtil                       :48   [32m                  [0;39m JWT tokenæ ¡éªŒç»“æœï¼štrue
2023-08-19 17:12:04.311 INFO  com.jktickets.filter.LoginMemberFilter            :52   [32m                  [0;39m tokenæœ‰æ•ˆï¼Œæ”¾è¡Œè¯¥è¯·æ±‚
2023-08-19 17:12:04.634 INFO  com.jktickets.filter.LoginMemberFilter            :38   [32m                  [0;39m éœ€è¦ç™»å½•éªŒè¯ï¼š/business/station/queryAll
2023-08-19 17:12:04.634 INFO  com.jktickets.filter.LoginMemberFilter            :42   [32m                  [0;39m ä¼šå‘˜ç™»å½•éªŒè¯å¼€å§‹ï¼Œtokenï¼šeyJ0eXAiOiJKV1QiLCJhbGciOiJIUzI1NiJ9.eyJuYmYiOjE2OTI0MzYyOTcsIm1vYmlsZSI6IjEzMDAwMDAwMDAwIiwiaWQiOjE2ODA5MzI5MDI3OTc0NDcxNjgsImV4cCI6MTY5MjUyMjY5NywiaWF0IjoxNjkyNDM2Mjk3fQ.fvwtnxs2-TlVzkebiUQLYrFTMxQvH3xqv5y6ZgaSHWc
2023-08-19 17:12:04.635 INFO  com.jktickets.utils.JwtUtil                       :48   [32m                  [0;39m JWT tokenæ ¡éªŒç»“æœï¼štrue
2023-08-19 17:12:04.636 INFO  com.jktickets.filter.LoginMemberFilter            :52   [32m                  [0;39m tokenæœ‰æ•ˆï¼Œæ”¾è¡Œè¯¥è¯·æ±‚
2023-08-19 17:12:29.766 INFO  com.jktickets.filter.LoginMemberFilter            :38   [32m                  [0;39m éœ€è¦ç™»å½•éªŒè¯ï¼š/business/dailyTrainTicket/queryList
2023-08-19 17:12:29.766 INFO  com.jktickets.filter.LoginMemberFilter            :42   [32m                  [0;39m ä¼šå‘˜ç™»å½•éªŒè¯å¼€å§‹ï¼Œtokenï¼šeyJ0eXAiOiJKV1QiLCJhbGciOiJIUzI1NiJ9.eyJuYmYiOjE2OTI0MzYyOTcsIm1vYmlsZSI6IjEzMDAwMDAwMDAwIiwiaWQiOjE2ODA5MzI5MDI3OTc0NDcxNjgsImV4cCI6MTY5MjUyMjY5NywiaWF0IjoxNjkyNDM2Mjk3fQ.fvwtnxs2-TlVzkebiUQLYrFTMxQvH3xqv5y6ZgaSHWc
2023-08-19 17:12:29.767 INFO  com.jktickets.utils.JwtUtil                       :48   [32m                  [0;39m JWT tokenæ ¡éªŒç»“æœï¼štrue
2023-08-19 17:12:29.767 INFO  com.jktickets.filter.LoginMemberFilter            :52   [32m                  [0;39m tokenæœ‰æ•ˆï¼Œæ”¾è¡Œè¯¥è¯·æ±‚
2023-08-19 17:12:34.267 INFO  com.jktickets.filter.LoginMemberFilter            :38   [32m                  [0;39m éœ€è¦ç™»å½•éªŒè¯ï¼š/business/dailyTrainTicket/queryList
2023-08-19 17:12:34.268 INFO  com.jktickets.filter.LoginMemberFilter            :42   [32m                  [0;39m ä¼šå‘˜ç™»å½•éªŒè¯å¼€å§‹ï¼Œtokenï¼šeyJ0eXAiOiJKV1QiLCJhbGciOiJIUzI1NiJ9.eyJuYmYiOjE2OTI0MzYyOTcsIm1vYmlsZSI6IjEzMDAwMDAwMDAwIiwiaWQiOjE2ODA5MzI5MDI3OTc0NDcxNjgsImV4cCI6MTY5MjUyMjY5NywiaWF0IjoxNjkyNDM2Mjk3fQ.fvwtnxs2-TlVzkebiUQLYrFTMxQvH3xqv5y6ZgaSHWc
2023-08-19 17:12:34.269 INFO  com.jktickets.utils.JwtUtil                       :48   [32m                  [0;39m JWT tokenæ ¡éªŒç»“æœï¼štrue
2023-08-19 17:12:34.269 INFO  com.jktickets.filter.LoginMemberFilter            :52   [32m                  [0;39m tokenæœ‰æ•ˆï¼Œæ”¾è¡Œè¯¥è¯·æ±‚
2023-08-19 17:12:35.752 INFO  com.jktickets.filter.LoginMemberFilter            :38   [32m                  [0;39m éœ€è¦ç™»å½•éªŒè¯ï¼š/business/dailyTrainTicket/queryList
2023-08-19 17:12:35.752 INFO  com.jktickets.filter.LoginMemberFilter            :42   [32m                  [0;39m ä¼šå‘˜ç™»å½•éªŒè¯å¼€å§‹ï¼Œtokenï¼šeyJ0eXAiOiJKV1QiLCJhbGciOiJIUzI1NiJ9.eyJuYmYiOjE2OTI0MzYyOTcsIm1vYmlsZSI6IjEzMDAwMDAwMDAwIiwiaWQiOjE2ODA5MzI5MDI3OTc0NDcxNjgsImV4cCI6MTY5MjUyMjY5NywiaWF0IjoxNjkyNDM2Mjk3fQ.fvwtnxs2-TlVzkebiUQLYrFTMxQvH3xqv5y6ZgaSHWc
2023-08-19 17:12:35.753 INFO  com.jktickets.utils.JwtUtil                       :48   [32m                  [0;39m JWT tokenæ ¡éªŒç»“æœï¼štrue
2023-08-19 17:12:35.754 INFO  com.jktickets.filter.LoginMemberFilter            :52   [32m                  [0;39m tokenæœ‰æ•ˆï¼Œæ”¾è¡Œè¯¥è¯·æ±‚
2023-08-19 17:12:40.102 INFO  com.jktickets.filter.LoginMemberFilter            :38   [32m                  [0;39m éœ€è¦ç™»å½•éªŒè¯ï¼š/business/dailyTrainTicket/queryList
2023-08-19 17:12:40.102 INFO  com.jktickets.filter.LoginMemberFilter            :42   [32m                  [0;39m ä¼šå‘˜ç™»å½•éªŒè¯å¼€å§‹ï¼Œtokenï¼šeyJ0eXAiOiJKV1QiLCJhbGciOiJIUzI1NiJ9.eyJuYmYiOjE2OTI0MzYyOTcsIm1vYmlsZSI6IjEzMDAwMDAwMDAwIiwiaWQiOjE2ODA5MzI5MDI3OTc0NDcxNjgsImV4cCI6MTY5MjUyMjY5NywiaWF0IjoxNjkyNDM2Mjk3fQ.fvwtnxs2-TlVzkebiUQLYrFTMxQvH3xqv5y6ZgaSHWc
2023-08-19 17:12:40.103 INFO  com.jktickets.utils.JwtUtil                       :48   [32m                  [0;39m JWT tokenæ ¡éªŒç»“æœï¼štrue
2023-08-19 17:12:40.103 INFO  com.jktickets.filter.LoginMemberFilter            :52   [32m                  [0;39m tokenæœ‰æ•ˆï¼Œæ”¾è¡Œè¯¥è¯·æ±‚
2023-08-19 17:12:43.379 INFO  com.jktickets.filter.LoginMemberFilter            :38   [32m                  [0;39m éœ€è¦ç™»å½•éªŒè¯ï¼š/business/dailyTrainTicket/queryList
2023-08-19 17:12:43.380 INFO  com.jktickets.filter.LoginMemberFilter            :42   [32m                  [0;39m ä¼šå‘˜ç™»å½•éªŒè¯å¼€å§‹ï¼Œtokenï¼šeyJ0eXAiOiJKV1QiLCJhbGciOiJIUzI1NiJ9.eyJuYmYiOjE2OTI0MzYyOTcsIm1vYmlsZSI6IjEzMDAwMDAwMDAwIiwiaWQiOjE2ODA5MzI5MDI3OTc0NDcxNjgsImV4cCI6MTY5MjUyMjY5NywiaWF0IjoxNjkyNDM2Mjk3fQ.fvwtnxs2-TlVzkebiUQLYrFTMxQvH3xqv5y6ZgaSHWc
2023-08-19 17:12:43.381 INFO  com.jktickets.utils.JwtUtil                       :48   [32m                  [0;39m JWT tokenæ ¡éªŒç»“æœï¼štrue
2023-08-19 17:12:43.381 INFO  com.jktickets.filter.LoginMemberFilter            :52   [32m                  [0;39m tokenæœ‰æ•ˆï¼Œæ”¾è¡Œè¯¥è¯·æ±‚
2023-08-19 17:12:45.138 INFO  com.jktickets.filter.LoginMemberFilter            :38   [32m                  [0;39m éœ€è¦ç™»å½•éªŒè¯ï¼š/member/passenger/queryMine
2023-08-19 17:12:45.138 INFO  com.jktickets.filter.LoginMemberFilter            :42   [32m                  [0;39m ä¼šå‘˜ç™»å½•éªŒè¯å¼€å§‹ï¼Œtokenï¼šeyJ0eXAiOiJKV1QiLCJhbGciOiJIUzI1NiJ9.eyJuYmYiOjE2OTI0MzYyOTcsIm1vYmlsZSI6IjEzMDAwMDAwMDAwIiwiaWQiOjE2ODA5MzI5MDI3OTc0NDcxNjgsImV4cCI6MTY5MjUyMjY5NywiaWF0IjoxNjkyNDM2Mjk3fQ.fvwtnxs2-TlVzkebiUQLYrFTMxQvH3xqv5y6ZgaSHWc
2023-08-19 17:12:45.139 INFO  com.jktickets.utils.JwtUtil                       :48   [32m                  [0;39m JWT tokenæ ¡éªŒç»“æœï¼štrue
2023-08-19 17:12:45.139 INFO  com.jktickets.filter.LoginMemberFilter            :52   [32m                  [0;39m tokenæœ‰æ•ˆï¼Œæ”¾è¡Œè¯¥è¯·æ±‚
2023-08-19 17:12:59.437 INFO  com.jktickets.filter.LoginMemberFilter            :35   [32m                  [0;39m ä¸éœ€è¦ç™»å½•éªŒè¯ï¼š/business/kaptcha/image-code/W0rTGSxe
2023-08-19 17:13:07.015 INFO  com.jktickets.filter.LoginMemberFilter            :38   [32m                  [0;39m éœ€è¦ç™»å½•éªŒè¯ï¼š/business/confirmOrder/doConfirm
2023-08-19 17:13:07.015 INFO  com.jktickets.filter.LoginMemberFilter            :42   [32m                  [0;39m ä¼šå‘˜ç™»å½•éªŒè¯å¼€å§‹ï¼Œtokenï¼šeyJ0eXAiOiJKV1QiLCJhbGciOiJIUzI1NiJ9.eyJuYmYiOjE2OTI0MzYyOTcsIm1vYmlsZSI6IjEzMDAwMDAwMDAwIiwiaWQiOjE2ODA5MzI5MDI3OTc0NDcxNjgsImV4cCI6MTY5MjUyMjY5NywiaWF0IjoxNjkyNDM2Mjk3fQ.fvwtnxs2-TlVzkebiUQLYrFTMxQvH3xqv5y6ZgaSHWc
2023-08-19 17:13:07.016 INFO  com.jktickets.utils.JwtUtil                       :48   [32m                  [0;39m JWT tokenæ ¡éªŒç»“æœï¼štrue
2023-08-19 17:13:07.016 INFO  com.jktickets.filter.LoginMemberFilter            :52   [32m                  [0;39m tokenæœ‰æ•ˆï¼Œæ”¾è¡Œè¯¥è¯·æ±‚
2023-08-19 17:20:22.734 INFO  com.jktickets.filter.LoginMemberFilter            :38   [32m                  [0;39m éœ€è¦ç™»å½•éªŒè¯ï¼š/business/confirmOrder/doConfirm
2023-08-19 17:20:22.734 INFO  com.jktickets.filter.LoginMemberFilter            :42   [32m                  [0;39m ä¼šå‘˜ç™»å½•éªŒè¯å¼€å§‹ï¼Œtokenï¼šeyJ0eXAiOiJKV1QiLCJhbGciOiJIUzI1NiJ9.eyJuYmYiOjE2OTI0MzYyOTcsIm1vYmlsZSI6IjEzMDAwMDAwMDAwIiwiaWQiOjE2ODA5MzI5MDI3OTc0NDcxNjgsImV4cCI6MTY5MjUyMjY5NywiaWF0IjoxNjkyNDM2Mjk3fQ.fvwtnxs2-TlVzkebiUQLYrFTMxQvH3xqv5y6ZgaSHWc
2023-08-19 17:20:22.735 INFO  com.jktickets.utils.JwtUtil                       :48   [32m                  [0;39m JWT tokenæ ¡éªŒç»“æœï¼štrue
2023-08-19 17:20:22.736 INFO  com.jktickets.filter.LoginMemberFilter            :52   [32m                  [0;39m tokenæœ‰æ•ˆï¼Œæ”¾è¡Œè¯¥è¯·æ±‚
2023-08-19 17:20:25.598 INFO  com.jktickets.filter.LoginMemberFilter            :35   [32m                  [0;39m ä¸éœ€è¦ç™»å½•éªŒè¯ï¼š/business/kaptcha/image-code/77izcOBA
2023-08-19 17:20:30.052 INFO  com.jktickets.filter.LoginMemberFilter            :38   [32m                  [0;39m éœ€è¦ç™»å½•éªŒè¯ï¼š/business/confirmOrder/doConfirm
2023-08-19 17:20:30.052 INFO  com.jktickets.filter.LoginMemberFilter            :42   [32m                  [0;39m ä¼šå‘˜ç™»å½•éªŒè¯å¼€å§‹ï¼Œtokenï¼šeyJ0eXAiOiJKV1QiLCJhbGciOiJIUzI1NiJ9.eyJuYmYiOjE2OTI0MzYyOTcsIm1vYmlsZSI6IjEzMDAwMDAwMDAwIiwiaWQiOjE2ODA5MzI5MDI3OTc0NDcxNjgsImV4cCI6MTY5MjUyMjY5NywiaWF0IjoxNjkyNDM2Mjk3fQ.fvwtnxs2-TlVzkebiUQLYrFTMxQvH3xqv5y6ZgaSHWc
2023-08-19 17:20:30.053 INFO  com.jktickets.utils.JwtUtil                       :48   [32m                  [0;39m JWT tokenæ ¡éªŒç»“æœï¼štrue
2023-08-19 17:20:30.053 INFO  com.jktickets.filter.LoginMemberFilter            :52   [32m                  [0;39m tokenæœ‰æ•ˆï¼Œæ”¾è¡Œè¯¥è¯·æ±‚
2023-08-19 17:20:42.676 INFO  com.jktickets.filter.LoginMemberFilter            :38   [32m                  [0;39m éœ€è¦ç™»å½•éªŒè¯ï¼š/business/confirmOrder/doConfirm
2023-08-19 17:20:42.676 INFO  com.jktickets.filter.LoginMemberFilter            :42   [32m                  [0;39m ä¼šå‘˜ç™»å½•éªŒè¯å¼€å§‹ï¼Œtokenï¼šeyJ0eXAiOiJKV1QiLCJhbGciOiJIUzI1NiJ9.eyJuYmYiOjE2OTI0MzYyOTcsIm1vYmlsZSI6IjEzMDAwMDAwMDAwIiwiaWQiOjE2ODA5MzI5MDI3OTc0NDcxNjgsImV4cCI6MTY5MjUyMjY5NywiaWF0IjoxNjkyNDM2Mjk3fQ.fvwtnxs2-TlVzkebiUQLYrFTMxQvH3xqv5y6ZgaSHWc
2023-08-19 17:20:42.677 INFO  com.jktickets.utils.JwtUtil                       :48   [32m                  [0;39m JWT tokenæ ¡éªŒç»“æœï¼štrue
2023-08-19 17:20:42.677 INFO  com.jktickets.filter.LoginMemberFilter            :52   [32m                  [0;39m tokenæœ‰æ•ˆï¼Œæ”¾è¡Œè¯¥è¯·æ±‚
2023-08-19 17:20:47.712 INFO  com.jktickets.filter.LoginMemberFilter            :35   [32m                  [0;39m ä¸éœ€è¦ç™»å½•éªŒè¯ï¼š/business/kaptcha/image-code/guSD5Ycl
2023-08-19 17:20:52.827 INFO  com.jktickets.filter.LoginMemberFilter            :38   [32m                  [0;39m éœ€è¦ç™»å½•éªŒè¯ï¼š/business/confirmOrder/doConfirm
2023-08-19 17:20:52.827 INFO  com.jktickets.filter.LoginMemberFilter            :42   [32m                  [0;39m ä¼šå‘˜ç™»å½•éªŒè¯å¼€å§‹ï¼Œtokenï¼šeyJ0eXAiOiJKV1QiLCJhbGciOiJIUzI1NiJ9.eyJuYmYiOjE2OTI0MzYyOTcsIm1vYmlsZSI6IjEzMDAwMDAwMDAwIiwiaWQiOjE2ODA5MzI5MDI3OTc0NDcxNjgsImV4cCI6MTY5MjUyMjY5NywiaWF0IjoxNjkyNDM2Mjk3fQ.fvwtnxs2-TlVzkebiUQLYrFTMxQvH3xqv5y6ZgaSHWc
2023-08-19 17:20:52.828 INFO  com.jktickets.utils.JwtUtil                       :48   [32m                  [0;39m JWT tokenæ ¡éªŒç»“æœï¼štrue
2023-08-19 17:20:52.828 INFO  com.jktickets.filter.LoginMemberFilter            :52   [32m                  [0;39m tokenæœ‰æ•ˆï¼Œæ”¾è¡Œè¯¥è¯·æ±‚
2023-08-19 17:21:13.615 INFO  com.alibaba.nacos.common.remote.client            :63   [32m                  [0;39m [b47b0746-ca1e-487f-a799-f19f9369759b] Receive server push request, request = NotifySubscriberRequest, requestId = 7
2023-08-19 17:21:13.620 INFO  com.alibaba.nacos.client.naming                   :241  [32m                  [0;39m removed ips(1) service: DEFAULT_GROUP@@business-service -> [{"ip":"192.168.0.102","port":8002,"weight":1.0,"healthy":true,"enabled":true,"ephemeral":true,"clusterName":"DEFAULT","serviceName":"DEFAULT_GROUP@@business-service","metadata":{"preserved.register.source":"SPRING_CLOUD"},"ipDeleteTimeout":30000,"instanceHeartBeatTimeOut":15000,"instanceHeartBeatInterval":5000}]
2023-08-19 17:21:13.621 INFO  com.alibaba.nacos.client.naming                   :169  [32m                  [0;39m current ips:(0) service: DEFAULT_GROUP@@business-service -> []
2023-08-19 17:21:13.625 INFO  com.alibaba.nacos.common.remote.client            :63   [32m                  [0;39m [b47b0746-ca1e-487f-a799-f19f9369759b] Ack server push request, request = NotifySubscriberRequest, requestId = 7
2023-08-19 17:21:32.455 INFO  com.alibaba.nacos.common.remote.client            :63   [32m                  [0;39m [b47b0746-ca1e-487f-a799-f19f9369759b] Receive server push request, request = NotifySubscriberRequest, requestId = 9
2023-08-19 17:21:32.456 INFO  com.alibaba.nacos.client.naming                   :235  [32m                  [0;39m new ips(1) service: DEFAULT_GROUP@@business-service -> [{"ip":"192.168.0.102","port":8002,"weight":1.0,"healthy":true,"enabled":true,"ephemeral":true,"clusterName":"DEFAULT","serviceName":"DEFAULT_GROUP@@business-service","metadata":{"preserved.register.source":"SPRING_CLOUD"},"ipDeleteTimeout":30000,"instanceHeartBeatTimeOut":15000,"instanceHeartBeatInterval":5000}]
2023-08-19 17:21:32.456 INFO  com.alibaba.nacos.client.naming                   :169  [32m                  [0;39m current ips:(1) service: DEFAULT_GROUP@@business-service -> [{"ip":"192.168.0.102","port":8002,"weight":1.0,"healthy":true,"enabled":true,"ephemeral":true,"clusterName":"DEFAULT","serviceName":"DEFAULT_GROUP@@business-service","metadata":{"preserved.register.source":"SPRING_CLOUD"},"ipDeleteTimeout":30000,"instanceHeartBeatTimeOut":15000,"instanceHeartBeatInterval":5000}]
2023-08-19 17:21:32.458 INFO  com.alibaba.nacos.common.remote.client            :63   [32m                  [0;39m [b47b0746-ca1e-487f-a799-f19f9369759b] Ack server push request, request = NotifySubscriberRequest, requestId = 9
2023-08-19 17:22:03.081 INFO  com.jktickets.filter.LoginMemberFilter            :35   [32m                  [0;39m ä¸éœ€è¦ç™»å½•éªŒè¯ï¼š/business/kaptcha/image-code/fDumc6UW
2023-08-19 17:22:10.386 INFO  com.jktickets.filter.LoginMemberFilter            :38   [32m                  [0;39m éœ€è¦ç™»å½•éªŒè¯ï¼š/business/confirmOrder/doConfirm
2023-08-19 17:22:10.387 INFO  com.jktickets.filter.LoginMemberFilter            :42   [32m                  [0;39m ä¼šå‘˜ç™»å½•éªŒè¯å¼€å§‹ï¼Œtokenï¼šeyJ0eXAiOiJKV1QiLCJhbGciOiJIUzI1NiJ9.eyJuYmYiOjE2OTI0MzYyOTcsIm1vYmlsZSI6IjEzMDAwMDAwMDAwIiwiaWQiOjE2ODA5MzI5MDI3OTc0NDcxNjgsImV4cCI6MTY5MjUyMjY5NywiaWF0IjoxNjkyNDM2Mjk3fQ.fvwtnxs2-TlVzkebiUQLYrFTMxQvH3xqv5y6ZgaSHWc
2023-08-19 17:22:10.387 INFO  com.jktickets.utils.JwtUtil                       :48   [32m                  [0;39m JWT tokenæ ¡éªŒç»“æœï¼štrue
2023-08-19 17:22:10.388 INFO  com.jktickets.filter.LoginMemberFilter            :52   [32m                  [0;39m tokenæœ‰æ•ˆï¼Œæ”¾è¡Œè¯¥è¯·æ±‚
2023-08-19 17:26:12.213 INFO  com.alibaba.nacos.common.remote.client            :63   [32m                  [0;39m [b47b0746-ca1e-487f-a799-f19f9369759b] Receive server push request, request = NotifySubscriberRequest, requestId = 10
2023-08-19 17:26:12.215 INFO  com.alibaba.nacos.client.naming                   :241  [32m                  [0;39m removed ips(1) service: DEFAULT_GROUP@@business-service -> [{"ip":"192.168.0.102","port":8002,"weight":1.0,"healthy":true,"enabled":true,"ephemeral":true,"clusterName":"DEFAULT","serviceName":"DEFAULT_GROUP@@business-service","metadata":{"preserved.register.source":"SPRING_CLOUD"},"ipDeleteTimeout":30000,"instanceHeartBeatTimeOut":15000,"instanceHeartBeatInterval":5000}]
2023-08-19 17:26:12.216 INFO  com.alibaba.nacos.client.naming                   :169  [32m                  [0;39m current ips:(0) service: DEFAULT_GROUP@@business-service -> []
2023-08-19 17:26:12.219 INFO  com.alibaba.nacos.common.remote.client            :63   [32m                  [0;39m [b47b0746-ca1e-487f-a799-f19f9369759b] Ack server push request, request = NotifySubscriberRequest, requestId = 10
2023-08-19 17:26:31.827 INFO  com.alibaba.nacos.common.remote.client            :63   [32m                  [0;39m [b47b0746-ca1e-487f-a799-f19f9369759b] Receive server push request, request = NotifySubscriberRequest, requestId = 12
2023-08-19 17:26:31.829 INFO  com.alibaba.nacos.client.naming                   :235  [32m                  [0;39m new ips(1) service: DEFAULT_GROUP@@business-service -> [{"ip":"192.168.0.102","port":8002,"weight":1.0,"healthy":true,"enabled":true,"ephemeral":true,"clusterName":"DEFAULT","serviceName":"DEFAULT_GROUP@@business-service","metadata":{"preserved.register.source":"SPRING_CLOUD"},"ipDeleteTimeout":30000,"instanceHeartBeatTimeOut":15000,"instanceHeartBeatInterval":5000}]
2023-08-19 17:26:31.839 INFO  com.alibaba.nacos.client.naming                   :169  [32m                  [0;39m current ips:(1) service: DEFAULT_GROUP@@business-service -> [{"ip":"192.168.0.102","port":8002,"weight":1.0,"healthy":true,"enabled":true,"ephemeral":true,"clusterName":"DEFAULT","serviceName":"DEFAULT_GROUP@@business-service","metadata":{"preserved.register.source":"SPRING_CLOUD"},"ipDeleteTimeout":30000,"instanceHeartBeatTimeOut":15000,"instanceHeartBeatInterval":5000}]
2023-08-19 17:26:31.844 INFO  com.alibaba.nacos.common.remote.client            :63   [32m                  [0;39m [b47b0746-ca1e-487f-a799-f19f9369759b] Ack server push request, request = NotifySubscriberRequest, requestId = 12
2023-08-19 17:26:50.874 INFO  com.jktickets.filter.LoginMemberFilter            :35   [32m                  [0;39m ä¸éœ€è¦ç™»å½•éªŒè¯ï¼š/business/kaptcha/image-code/JJIxvra9
2023-08-19 17:27:38.133 INFO  com.jktickets.filter.LoginMemberFilter            :38   [32m                  [0;39m éœ€è¦ç™»å½•éªŒè¯ï¼š/business/confirmOrder/doConfirm
2023-08-19 17:27:38.133 INFO  com.jktickets.filter.LoginMemberFilter            :42   [32m                  [0;39m ä¼šå‘˜ç™»å½•éªŒè¯å¼€å§‹ï¼Œtokenï¼šeyJ0eXAiOiJKV1QiLCJhbGciOiJIUzI1NiJ9.eyJuYmYiOjE2OTI0MzYyOTcsIm1vYmlsZSI6IjEzMDAwMDAwMDAwIiwiaWQiOjE2ODA5MzI5MDI3OTc0NDcxNjgsImV4cCI6MTY5MjUyMjY5NywiaWF0IjoxNjkyNDM2Mjk3fQ.fvwtnxs2-TlVzkebiUQLYrFTMxQvH3xqv5y6ZgaSHWc
2023-08-19 17:27:38.134 INFO  com.jktickets.utils.JwtUtil                       :48   [32m                  [0;39m JWT tokenæ ¡éªŒç»“æœï¼štrue
2023-08-19 17:27:38.134 INFO  com.jktickets.filter.LoginMemberFilter            :52   [32m                  [0;39m tokenæœ‰æ•ˆï¼Œæ”¾è¡Œè¯¥è¯·æ±‚
2023-08-19 17:49:06.885 INFO  com.jktickets.filter.LoginMemberFilter            :35   [32m                  [0;39m ä¸éœ€è¦ç™»å½•éªŒè¯ï¼š/business/kaptcha/image-code/rqJc6PTP
2023-08-19 17:49:12.035 INFO  com.jktickets.filter.LoginMemberFilter            :38   [32m                  [0;39m éœ€è¦ç™»å½•éªŒè¯ï¼š/business/confirmOrder/doConfirm
2023-08-19 17:49:12.035 INFO  com.jktickets.filter.LoginMemberFilter            :42   [32m                  [0;39m ä¼šå‘˜ç™»å½•éªŒè¯å¼€å§‹ï¼Œtokenï¼šeyJ0eXAiOiJKV1QiLCJhbGciOiJIUzI1NiJ9.eyJuYmYiOjE2OTI0MzYyOTcsIm1vYmlsZSI6IjEzMDAwMDAwMDAwIiwiaWQiOjE2ODA5MzI5MDI3OTc0NDcxNjgsImV4cCI6MTY5MjUyMjY5NywiaWF0IjoxNjkyNDM2Mjk3fQ.fvwtnxs2-TlVzkebiUQLYrFTMxQvH3xqv5y6ZgaSHWc
2023-08-19 17:49:12.040 INFO  com.jktickets.utils.JwtUtil                       :48   [32m                  [0;39m JWT tokenæ ¡éªŒç»“æœï¼štrue
2023-08-19 17:49:12.040 INFO  com.jktickets.filter.LoginMemberFilter            :52   [32m                  [0;39m tokenæœ‰æ•ˆï¼Œæ”¾è¡Œè¯¥è¯·æ±‚
2023-08-19 17:49:20.404 INFO  com.alibaba.nacos.common.remote.client            :63   [32m                  [0;39m [b47b0746-ca1e-487f-a799-f19f9369759b] Receive server push request, request = NotifySubscriberRequest, requestId = 13
2023-08-19 17:49:20.405 INFO  com.alibaba.nacos.client.naming                   :241  [32m                  [0;39m removed ips(1) service: DEFAULT_GROUP@@business-service -> [{"ip":"192.168.0.102","port":8002,"weight":1.0,"healthy":true,"enabled":true,"ephemeral":true,"clusterName":"DEFAULT","serviceName":"DEFAULT_GROUP@@business-service","metadata":{"preserved.register.source":"SPRING_CLOUD"},"ipDeleteTimeout":30000,"instanceHeartBeatTimeOut":15000,"instanceHeartBeatInterval":5000}]
2023-08-19 17:49:20.406 INFO  com.alibaba.nacos.client.naming                   :169  [32m                  [0;39m current ips:(0) service: DEFAULT_GROUP@@business-service -> []
2023-08-19 17:49:20.410 INFO  com.alibaba.nacos.common.remote.client            :63   [32m                  [0;39m [b47b0746-ca1e-487f-a799-f19f9369759b] Ack server push request, request = NotifySubscriberRequest, requestId = 13
2023-08-19 17:49:40.932 INFO  com.alibaba.nacos.common.remote.client            :63   [32m                  [0;39m [b47b0746-ca1e-487f-a799-f19f9369759b] Receive server push request, request = NotifySubscriberRequest, requestId = 15
2023-08-19 17:49:40.932 INFO  com.alibaba.nacos.client.naming                   :235  [32m                  [0;39m new ips(1) service: DEFAULT_GROUP@@business-service -> [{"ip":"192.168.0.102","port":8002,"weight":1.0,"healthy":true,"enabled":true,"ephemeral":true,"clusterName":"DEFAULT","serviceName":"DEFAULT_GROUP@@business-service","metadata":{"preserved.register.source":"SPRING_CLOUD"},"ipDeleteTimeout":30000,"instanceHeartBeatTimeOut":15000,"instanceHeartBeatInterval":5000}]
2023-08-19 17:49:40.933 INFO  com.alibaba.nacos.client.naming                   :169  [32m                  [0;39m current ips:(1) service: DEFAULT_GROUP@@business-service -> [{"ip":"192.168.0.102","port":8002,"weight":1.0,"healthy":true,"enabled":true,"ephemeral":true,"clusterName":"DEFAULT","serviceName":"DEFAULT_GROUP@@business-service","metadata":{"preserved.register.source":"SPRING_CLOUD"},"ipDeleteTimeout":30000,"instanceHeartBeatTimeOut":15000,"instanceHeartBeatInterval":5000}]
2023-08-19 17:49:40.934 INFO  com.alibaba.nacos.common.remote.client            :63   [32m                  [0;39m [b47b0746-ca1e-487f-a799-f19f9369759b] Ack server push request, request = NotifySubscriberRequest, requestId = 15
2023-08-19 17:50:37.255 INFO  com.jktickets.filter.LoginMemberFilter            :35   [32m                  [0;39m ä¸éœ€è¦ç™»å½•éªŒè¯ï¼š/business/kaptcha/image-code/Aw9t2TA1
2023-08-19 17:50:43.146 INFO  com.jktickets.filter.LoginMemberFilter            :38   [32m                  [0;39m éœ€è¦ç™»å½•éªŒè¯ï¼š/business/confirmOrder/doConfirm
2023-08-19 17:50:43.147 INFO  com.jktickets.filter.LoginMemberFilter            :42   [32m                  [0;39m ä¼šå‘˜ç™»å½•éªŒè¯å¼€å§‹ï¼Œtokenï¼šeyJ0eXAiOiJKV1QiLCJhbGciOiJIUzI1NiJ9.eyJuYmYiOjE2OTI0MzYyOTcsIm1vYmlsZSI6IjEzMDAwMDAwMDAwIiwiaWQiOjE2ODA5MzI5MDI3OTc0NDcxNjgsImV4cCI6MTY5MjUyMjY5NywiaWF0IjoxNjkyNDM2Mjk3fQ.fvwtnxs2-TlVzkebiUQLYrFTMxQvH3xqv5y6ZgaSHWc
2023-08-19 17:50:43.148 INFO  com.jktickets.utils.JwtUtil                       :48   [32m                  [0;39m JWT tokenæ ¡éªŒç»“æœï¼štrue
2023-08-19 17:50:43.148 INFO  com.jktickets.filter.LoginMemberFilter            :52   [32m                  [0;39m tokenæœ‰æ•ˆï¼Œæ”¾è¡Œè¯¥è¯·æ±‚
2023-08-19 19:46:07.305 INFO  com.alibaba.nacos.common.remote.client            :63   [32m                  [0;39m [b47b0746-ca1e-487f-a799-f19f9369759b] Receive server push request, request = NotifySubscriberRequest, requestId = 16
2023-08-19 19:46:07.312 INFO  com.alibaba.nacos.client.naming                   :241  [32m                  [0;39m removed ips(1) service: DEFAULT_GROUP@@business-service -> [{"ip":"192.168.0.102","port":8002,"weight":1.0,"healthy":true,"enabled":true,"ephemeral":true,"clusterName":"DEFAULT","serviceName":"DEFAULT_GROUP@@business-service","metadata":{"preserved.register.source":"SPRING_CLOUD"},"ipDeleteTimeout":30000,"instanceHeartBeatTimeOut":15000,"instanceHeartBeatInterval":5000}]
2023-08-19 19:46:07.313 INFO  com.alibaba.nacos.client.naming                   :169  [32m                  [0;39m current ips:(0) service: DEFAULT_GROUP@@business-service -> []
2023-08-19 19:46:07.318 INFO  com.alibaba.nacos.common.remote.client            :63   [32m                  [0;39m [b47b0746-ca1e-487f-a799-f19f9369759b] Ack server push request, request = NotifySubscriberRequest, requestId = 16
2023-08-19 19:46:47.240 INFO  com.alibaba.nacos.common.remote.client            :63   [32m                  [0;39m [b47b0746-ca1e-487f-a799-f19f9369759b] Receive server push request, request = NotifySubscriberRequest, requestId = 18
2023-08-19 19:46:47.240 INFO  com.alibaba.nacos.client.naming                   :235  [32m                  [0;39m new ips(1) service: DEFAULT_GROUP@@business-service -> [{"ip":"192.168.0.102","port":8002,"weight":1.0,"healthy":true,"enabled":true,"ephemeral":true,"clusterName":"DEFAULT","serviceName":"DEFAULT_GROUP@@business-service","metadata":{"preserved.register.source":"SPRING_CLOUD"},"ipDeleteTimeout":30000,"instanceHeartBeatTimeOut":15000,"instanceHeartBeatInterval":5000}]
2023-08-19 19:46:47.240 INFO  com.alibaba.nacos.client.naming                   :169  [32m                  [0;39m current ips:(1) service: DEFAULT_GROUP@@business-service -> [{"ip":"192.168.0.102","port":8002,"weight":1.0,"healthy":true,"enabled":true,"ephemeral":true,"clusterName":"DEFAULT","serviceName":"DEFAULT_GROUP@@business-service","metadata":{"preserved.register.source":"SPRING_CLOUD"},"ipDeleteTimeout":30000,"instanceHeartBeatTimeOut":15000,"instanceHeartBeatInterval":5000}]
2023-08-19 19:46:47.242 INFO  com.alibaba.nacos.common.remote.client            :63   [32m                  [0;39m [b47b0746-ca1e-487f-a799-f19f9369759b] Ack server push request, request = NotifySubscriberRequest, requestId = 18
2023-08-19 19:46:54.420 INFO  com.jktickets.filter.LoginMemberFilter            :35   [32m                  [0;39m ä¸éœ€è¦ç™»å½•éªŒè¯ï¼š/business/kaptcha/image-code/zbgQSS9X
2023-08-19 19:46:56.276 INFO  com.jktickets.filter.LoginMemberFilter            :35   [32m                  [0;39m ä¸éœ€è¦ç™»å½•éªŒè¯ï¼š/business/kaptcha/image-code/NfoeZbXN
2023-08-19 19:47:02.180 INFO  com.jktickets.filter.LoginMemberFilter            :38   [32m                  [0;39m éœ€è¦ç™»å½•éªŒè¯ï¼š/business/confirmOrder/doConfirm
2023-08-19 19:47:02.181 INFO  com.jktickets.filter.LoginMemberFilter            :42   [32m                  [0;39m ä¼šå‘˜ç™»å½•éªŒè¯å¼€å§‹ï¼Œtokenï¼šeyJ0eXAiOiJKV1QiLCJhbGciOiJIUzI1NiJ9.eyJuYmYiOjE2OTI0MzYyOTcsIm1vYmlsZSI6IjEzMDAwMDAwMDAwIiwiaWQiOjE2ODA5MzI5MDI3OTc0NDcxNjgsImV4cCI6MTY5MjUyMjY5NywiaWF0IjoxNjkyNDM2Mjk3fQ.fvwtnxs2-TlVzkebiUQLYrFTMxQvH3xqv5y6ZgaSHWc
2023-08-19 19:47:02.186 INFO  com.jktickets.utils.JwtUtil                       :48   [32m                  [0;39m JWT tokenæ ¡éªŒç»“æœï¼štrue
2023-08-19 19:47:02.187 INFO  com.jktickets.filter.LoginMemberFilter            :52   [32m                  [0;39m tokenæœ‰æ•ˆï¼Œæ”¾è¡Œè¯¥è¯·æ±‚
2023-08-19 19:54:46.924 INFO  com.jktickets.filter.LoginMemberFilter            :38   [32m                  [0;39m éœ€è¦ç™»å½•éªŒè¯ï¼š/business/confirmOrder/doConfirm
2023-08-19 19:54:46.925 INFO  com.jktickets.filter.LoginMemberFilter            :42   [32m                  [0;39m ä¼šå‘˜ç™»å½•éªŒè¯å¼€å§‹ï¼Œtokenï¼šeyJ0eXAiOiJKV1QiLCJhbGciOiJIUzI1NiJ9.eyJuYmYiOjE2OTI0MzYyOTcsIm1vYmlsZSI6IjEzMDAwMDAwMDAwIiwiaWQiOjE2ODA5MzI5MDI3OTc0NDcxNjgsImV4cCI6MTY5MjUyMjY5NywiaWF0IjoxNjkyNDM2Mjk3fQ.fvwtnxs2-TlVzkebiUQLYrFTMxQvH3xqv5y6ZgaSHWc
2023-08-19 19:54:46.926 INFO  com.jktickets.utils.JwtUtil                       :48   [32m                  [0;39m JWT tokenæ ¡éªŒç»“æœï¼štrue
2023-08-19 19:54:46.926 INFO  com.jktickets.filter.LoginMemberFilter            :52   [32m                  [0;39m tokenæœ‰æ•ˆï¼Œæ”¾è¡Œè¯¥è¯·æ±‚
2023-08-19 19:54:48.905 INFO  com.jktickets.filter.LoginMemberFilter            :35   [32m                  [0;39m ä¸éœ€è¦ç™»å½•éªŒè¯ï¼š/business/kaptcha/image-code/gC1upZKJ
2023-08-19 19:54:53.198 INFO  com.jktickets.filter.LoginMemberFilter            :38   [32m                  [0;39m éœ€è¦ç™»å½•éªŒè¯ï¼š/business/confirmOrder/doConfirm
2023-08-19 19:54:53.199 INFO  com.jktickets.filter.LoginMemberFilter            :42   [32m                  [0;39m ä¼šå‘˜ç™»å½•éªŒè¯å¼€å§‹ï¼Œtokenï¼šeyJ0eXAiOiJKV1QiLCJhbGciOiJIUzI1NiJ9.eyJuYmYiOjE2OTI0MzYyOTcsIm1vYmlsZSI6IjEzMDAwMDAwMDAwIiwiaWQiOjE2ODA5MzI5MDI3OTc0NDcxNjgsImV4cCI6MTY5MjUyMjY5NywiaWF0IjoxNjkyNDM2Mjk3fQ.fvwtnxs2-TlVzkebiUQLYrFTMxQvH3xqv5y6ZgaSHWc
2023-08-19 19:54:53.200 INFO  com.jktickets.utils.JwtUtil                       :48   [32m                  [0;39m JWT tokenæ ¡éªŒç»“æœï¼štrue
2023-08-19 19:54:53.200 INFO  com.jktickets.filter.LoginMemberFilter            :52   [32m                  [0;39m tokenæœ‰æ•ˆï¼Œæ”¾è¡Œè¯¥è¯·æ±‚
2023-08-19 19:59:58.738 INFO  com.alibaba.nacos.common.remote.client            :63   [32m                  [0;39m [b47b0746-ca1e-487f-a799-f19f9369759b] Receive server push request, request = NotifySubscriberRequest, requestId = 19
2023-08-19 19:59:58.740 INFO  com.alibaba.nacos.client.naming                   :241  [32m                  [0;39m removed ips(1) service: DEFAULT_GROUP@@business-service -> [{"ip":"192.168.0.102","port":8002,"weight":1.0,"healthy":true,"enabled":true,"ephemeral":true,"clusterName":"DEFAULT","serviceName":"DEFAULT_GROUP@@business-service","metadata":{"preserved.register.source":"SPRING_CLOUD"},"ipDeleteTimeout":30000,"instanceHeartBeatTimeOut":15000,"instanceHeartBeatInterval":5000}]
2023-08-19 19:59:58.740 INFO  com.alibaba.nacos.client.naming                   :169  [32m                  [0;39m current ips:(0) service: DEFAULT_GROUP@@business-service -> []
2023-08-19 19:59:58.744 INFO  com.alibaba.nacos.common.remote.client            :63   [32m                  [0;39m [b47b0746-ca1e-487f-a799-f19f9369759b] Ack server push request, request = NotifySubscriberRequest, requestId = 19
2023-08-19 20:00:22.053 INFO  com.alibaba.nacos.common.remote.client            :63   [32m                  [0;39m [b47b0746-ca1e-487f-a799-f19f9369759b] Receive server push request, request = NotifySubscriberRequest, requestId = 21
2023-08-19 20:00:22.054 INFO  com.alibaba.nacos.client.naming                   :235  [32m                  [0;39m new ips(1) service: DEFAULT_GROUP@@business-service -> [{"ip":"192.168.0.102","port":8002,"weight":1.0,"healthy":true,"enabled":true,"ephemeral":true,"clusterName":"DEFAULT","serviceName":"DEFAULT_GROUP@@business-service","metadata":{"preserved.register.source":"SPRING_CLOUD"},"ipDeleteTimeout":30000,"instanceHeartBeatTimeOut":15000,"instanceHeartBeatInterval":5000}]
2023-08-19 20:00:22.054 INFO  com.alibaba.nacos.client.naming                   :169  [32m                  [0;39m current ips:(1) service: DEFAULT_GROUP@@business-service -> [{"ip":"192.168.0.102","port":8002,"weight":1.0,"healthy":true,"enabled":true,"ephemeral":true,"clusterName":"DEFAULT","serviceName":"DEFAULT_GROUP@@business-service","metadata":{"preserved.register.source":"SPRING_CLOUD"},"ipDeleteTimeout":30000,"instanceHeartBeatTimeOut":15000,"instanceHeartBeatInterval":5000}]
2023-08-19 20:00:22.056 INFO  com.alibaba.nacos.common.remote.client            :63   [32m                  [0;39m [b47b0746-ca1e-487f-a799-f19f9369759b] Ack server push request, request = NotifySubscriberRequest, requestId = 21
2023-08-19 20:01:39.745 INFO  com.jktickets.filter.LoginMemberFilter            :35   [32m                  [0;39m ä¸éœ€è¦ç™»å½•éªŒè¯ï¼š/business/kaptcha/image-code/PGY016u7
2023-08-19 20:01:47.385 INFO  com.jktickets.filter.LoginMemberFilter            :38   [32m                  [0;39m éœ€è¦ç™»å½•éªŒè¯ï¼š/business/confirmOrder/doConfirm
2023-08-19 20:01:47.386 INFO  com.jktickets.filter.LoginMemberFilter            :42   [32m                  [0;39m ä¼šå‘˜ç™»å½•éªŒè¯å¼€å§‹ï¼Œtokenï¼šeyJ0eXAiOiJKV1QiLCJhbGciOiJIUzI1NiJ9.eyJuYmYiOjE2OTI0MzYyOTcsIm1vYmlsZSI6IjEzMDAwMDAwMDAwIiwiaWQiOjE2ODA5MzI5MDI3OTc0NDcxNjgsImV4cCI6MTY5MjUyMjY5NywiaWF0IjoxNjkyNDM2Mjk3fQ.fvwtnxs2-TlVzkebiUQLYrFTMxQvH3xqv5y6ZgaSHWc
2023-08-19 20:01:47.389 INFO  com.jktickets.utils.JwtUtil                       :48   [32m                  [0;39m JWT tokenæ ¡éªŒç»“æœï¼štrue
2023-08-19 20:01:47.389 INFO  com.jktickets.filter.LoginMemberFilter            :52   [32m                  [0;39m tokenæœ‰æ•ˆï¼Œæ”¾è¡Œè¯¥è¯·æ±‚
2023-08-19 21:09:25.793 WARN  com.alibaba.nacos.common.notify.NotifyCenter      :136  [32m                  [0;39m [NotifyCenter] Start destroying Publisher
2023-08-19 21:09:25.793 WARN  c.alibaba.nacos.common.http.HttpClientBeanHolder  :102  [32m                  [0;39m [HttpClientBeanHolder] Start destroying common HttpClient
2023-08-19 21:09:25.802 WARN  com.alibaba.nacos.common.notify.NotifyCenter      :153  [32m                  [0;39m [NotifyCenter] Destruction of the end
2023-08-19 21:09:25.824 WARN  c.alibaba.nacos.common.http.HttpClientBeanHolder  :111  [32m                  [0;39m [HttpClientBeanHolder] Destruction of the end
2023-08-19 21:09:26.239 INFO  c.a.cloud.nacos.registry.NacosServiceRegistry     :95   [32m                  [0;39m De-registering from Nacos Server now...
2023-08-19 21:09:26.241 INFO  com.alibaba.nacos.client.naming                   :217  [32m                  [0;39m [DEREGISTER-SERVICE] train deregistering service gateway-service with instance: Instance{instanceId='null', ip='192.168.0.102', port=8000, weight=1.0, healthy=true, enabled=true, ephemeral=true, clusterName='DEFAULT', serviceName='null', metadata={}}
2023-08-19 21:09:26.331 INFO  com.alibaba.nacos.common.remote.client            :63   [32m                  [0;39m [b47b0746-ca1e-487f-a799-f19f9369759b] Receive server push request, request = NotifySubscriberRequest, requestId = 22
2023-08-19 21:09:26.333 INFO  c.a.cloud.nacos.registry.NacosServiceRegistry     :115  [32m                  [0;39m De-registration finished.
2023-08-19 21:09:26.333 INFO  com.alibaba.nacos.client.naming                   :241  [32m                  [0;39m removed ips(1) service: DEFAULT_GROUP@@business-service -> [{"ip":"192.168.0.102","port":8002,"weight":1.0,"healthy":true,"enabled":true,"ephemeral":true,"clusterName":"DEFAULT","serviceName":"DEFAULT_GROUP@@business-service","metadata":{"preserved.register.source":"SPRING_CLOUD"},"ipDeleteTimeout":30000,"instanceHeartBeatTimeOut":15000,"instanceHeartBeatInterval":5000}]
2023-08-19 21:09:26.334 INFO  com.alibaba.nacos.client.naming                   :169  [32m                  [0;39m current ips:(0) service: DEFAULT_GROUP@@business-service -> []
2023-08-19 21:09:26.334 INFO  com.alibaba.nacos.client.naming                   :256  [32m                  [0;39m com.alibaba.nacos.client.naming.cache.ServiceInfoHolder do shutdown begin
2023-08-19 21:09:26.335 INFO  com.alibaba.nacos.client.naming                   :136  [32m                  [0;39m com.alibaba.nacos.client.naming.backups.FailoverReactor do shutdown begin
2023-08-19 21:09:26.335 INFO  com.alibaba.nacos.client.naming                   :138  [32m                  [0;39m com.alibaba.nacos.client.naming.backups.FailoverReactor do shutdown stop
2023-08-19 21:09:26.335 INFO  com.alibaba.nacos.client.naming                   :258  [32m                  [0;39m com.alibaba.nacos.client.naming.cache.ServiceInfoHolder do shutdown stop
2023-08-19 21:09:26.336 INFO  com.alibaba.nacos.client.naming                   :204  [32m                  [0;39m com.alibaba.nacos.client.naming.remote.NamingClientProxyDelegate do shutdown begin
2023-08-19 21:09:26.336 INFO  com.alibaba.nacos.client.naming                   :143  [32m                  [0;39m com.alibaba.nacos.client.naming.core.ServiceInfoUpdateService do shutdown begin
2023-08-19 21:09:26.336 INFO  com.alibaba.nacos.client.naming                   :145  [32m                  [0;39m com.alibaba.nacos.client.naming.core.ServiceInfoUpdateService do shutdown stop
2023-08-19 21:09:26.336 INFO  com.alibaba.nacos.client.naming                   :194  [32m                  [0;39m com.alibaba.nacos.client.naming.core.ServerListManager do shutdown begin
2023-08-19 21:09:26.336 WARN  com.alibaba.nacos.client.naming                   :74   [32m                  [0;39m [NamingHttpClientManager] Start destroying NacosRestTemplate
2023-08-19 21:09:26.337 WARN  com.alibaba.nacos.client.naming                   :81   [32m                  [0;39m [NamingHttpClientManager] Destruction of the end
2023-08-19 21:09:26.337 INFO  com.alibaba.nacos.common.remote.client            :63   [32m                  [0;39m [b47b0746-ca1e-487f-a799-f19f9369759b] Ack server push request, request = NotifySubscriberRequest, requestId = 22
2023-08-19 21:09:26.337 INFO  com.alibaba.nacos.client.naming                   :199  [32m                  [0;39m com.alibaba.nacos.client.naming.core.ServerListManager do shutdown stop
2023-08-19 21:09:26.337 INFO  com.alibaba.nacos.client.naming                   :484  [32m                  [0;39m com.alibaba.nacos.client.naming.remote.http.NamingHttpClientProxy do shutdown begin
2023-08-19 21:09:26.337 WARN  com.alibaba.nacos.client.naming                   :74   [32m                  [0;39m [NamingHttpClientManager] Start destroying NacosRestTemplate
2023-08-19 21:09:26.337 WARN  com.alibaba.nacos.client.naming                   :81   [32m                  [0;39m [NamingHttpClientManager] Destruction of the end
2023-08-19 21:09:26.338 INFO  com.alibaba.nacos.client.naming                   :486  [32m                  [0;39m com.alibaba.nacos.client.naming.remote.http.NamingHttpClientProxy do shutdown stop
2023-08-19 21:09:26.338 INFO  com.alibaba.nacos.common.remote.client            :429  [32m                  [0;39m Shutdown rpc client, set status to shutdown
2023-08-19 21:09:26.339 INFO  com.alibaba.nacos.common.remote.client            :431  [32m                  [0;39m Shutdown client event executor java.util.concurrent.ScheduledThreadPoolExecutor@4fe2e4c8[Running, pool size = 2, active threads = 2, queued tasks = 0, completed tasks = 0]
2023-08-19 21:09:26.339 INFO  com.alibaba.nacos.common.remote.client            :584  [32m                  [0;39m Close current connection 1692433575999_127.0.0.1_49684
2023-08-19 21:09:26.369 INFO  com.alibaba.nacos.client.naming                   :73   [32m                  [0;39m Redo instance operation REMOVE for DEFAULT_GROUP@@gateway-service
2023-08-19 21:09:26.405 INFO  c.a.nacos.common.remote.client.grpc.GrpcClient    :63   [32m                  [0;39m [1692433575999_127.0.0.1_49684]Ignore complete event,isRunning:false,isAbandon=false
2023-08-19 21:09:26.487 INFO  c.a.nacos.common.remote.client.grpc.GrpcClient    :159  [32m                  [0;39m Shutdown grpc executor java.util.concurrent.ThreadPoolExecutor@5f2cf86a[Running, pool size = 5, active threads = 0, queued tasks = 0, completed tasks = 3462]
2023-08-19 21:09:26.487 INFO  com.alibaba.nacos.client.naming                   :318  [32m                  [0;39m Shutdown grpc redo service executor java.util.concurrent.ScheduledThreadPoolExecutor@69ce159d[Running, pool size = 1, active threads = 0, queued tasks = 1, completed tasks = 5649]
2023-08-19 21:09:26.488 INFO  c.a.n.client.auth.ram.identify.CredentialWatcher  :106  [32m                  [0;39m [null] CredentialWatcher is stopped
2023-08-19 21:09:26.489 INFO  c.a.n.client.auth.ram.identify.CredentialService  :100  [32m                  [0;39m [null] CredentialService is freed
2023-08-19 21:09:26.489 INFO  com.alibaba.nacos.client.naming                   :211  [32m                  [0;39m com.alibaba.nacos.client.naming.remote.NamingClientProxyDelegate do shutdown stop
2023-08-19 21:09:46.017 WARN  com.alibaba.nacos.client.logging.NacosLogging     :64   [32m                  [0;39m Load Logback Configuration of Nacos fail, message: Could not initialize Logback Nacos logging from classpath:nacos-logback.xml
2023-08-19 21:09:46.035 INFO  org.hibernate.validator.internal.util.Version     :21   [32m                  [0;39m HV000001: Hibernate Validator 8.0.0.Final
2023-08-19 21:09:46.108 WARN  com.alibaba.nacos.client.logging.NacosLogging     :64   [32m                  [0;39m Load Logback Configuration of Nacos fail, message: Could not initialize Logback Nacos logging from classpath:nacos-logback.xml
2023-08-19 21:09:46.143 INFO  o.s.b.d.env.DevToolsPropertyDefaultsPostProcessor :250  [32m                  [0;39m Devtools property defaults active! Set 'spring.devtools.add-properties' to 'false' to disable
2023-08-19 21:09:47.022 WARN  com.alibaba.nacos.client.logging.NacosLogging     :64   [32m                  [0;39m Load Logback Configuration of Nacos fail, message: Could not initialize Logback Nacos logging from classpath:nacos-logback.xml
2023-08-19 21:09:47.042 WARN  com.alibaba.nacos.client.logging.NacosLogging     :64   [32m                  [0;39m Load Logback Configuration of Nacos fail, message: Could not initialize Logback Nacos logging from classpath:nacos-logback.xml
2023-08-19 21:09:47.043 INFO  com.jktickets.GatewayApplication                  :630  [32m                  [0;39m No active profile set, falling back to 1 default profile: "default"
2023-08-19 21:09:48.209 INFO  o.springframework.cloud.context.scope.GenericScope:282  [32m                  [0;39m BeanFactory id=ea6e5f07-ce95-39ee-958f-0cb9fcb8301e
2023-08-19 21:09:48.249 INFO  o.s.c.s.PostProcessorRegistrationDelegate$BeanPostProcessorChecker:409  [32m                  [0;39m Bean 'org.springframework.cloud.client.loadbalancer.reactive.LoadBalancerBeanPostProcessorAutoConfiguration' of type [org.springframework.cloud.client.loadbalancer.reactive.LoadBalancerBeanPostProcessorAutoConfiguration] is not eligible for getting processed by all BeanPostProcessors (for example: not eligible for auto-proxying)
2023-08-19 21:09:48.251 INFO  o.s.c.s.PostProcessorRegistrationDelegate$BeanPostProcessorChecker:409  [32m                  [0;39m Bean 'org.springframework.cloud.client.loadbalancer.reactive.LoadBalancerBeanPostProcessorAutoConfiguration$ReactorDeferringLoadBalancerFilterConfig' of type [org.springframework.cloud.client.loadbalancer.reactive.LoadBalancerBeanPostProcessorAutoConfiguration$ReactorDeferringLoadBalancerFilterConfig] is not eligible for getting processed by all BeanPostProcessors (for example: not eligible for auto-proxying)
2023-08-19 21:09:48.252 INFO  o.s.c.s.PostProcessorRegistrationDelegate$BeanPostProcessorChecker:409  [32m                  [0;39m Bean 'reactorDeferringLoadBalancerExchangeFilterFunction' of type [org.springframework.cloud.client.loadbalancer.reactive.DeferringLoadBalancerExchangeFilterFunction] is not eligible for getting processed by all BeanPostProcessors (for example: not eligible for auto-proxying)
2023-08-19 21:09:50.676 INFO  o.s.c.gateway.route.RouteDefinitionRouteLocator   :88   [32m                  [0;39m Loaded RoutePredicateFactory [After]
2023-08-19 21:09:50.676 INFO  o.s.c.gateway.route.RouteDefinitionRouteLocator   :88   [32m                  [0;39m Loaded RoutePredicateFactory [Before]
2023-08-19 21:09:50.676 INFO  o.s.c.gateway.route.RouteDefinitionRouteLocator   :88   [32m                  [0;39m Loaded RoutePredicateFactory [Between]
2023-08-19 21:09:50.677 INFO  o.s.c.gateway.route.RouteDefinitionRouteLocator   :88   [32m                  [0;39m Loaded RoutePredicateFactory [Cookie]
2023-08-19 21:09:50.677 INFO  o.s.c.gateway.route.RouteDefinitionRouteLocator   :88   [32m                  [0;39m Loaded RoutePredicateFactory [Header]
2023-08-19 21:09:50.677 INFO  o.s.c.gateway.route.RouteDefinitionRouteLocator   :88   [32m                  [0;39m Loaded RoutePredicateFactory [Host]
2023-08-19 21:09:50.677 INFO  o.s.c.gateway.route.RouteDefinitionRouteLocator   :88   [32m                  [0;39m Loaded RoutePredicateFactory [Method]
2023-08-19 21:09:50.677 INFO  o.s.c.gateway.route.RouteDefinitionRouteLocator   :88   [32m                  [0;39m Loaded RoutePredicateFactory [Path]
2023-08-19 21:09:50.677 INFO  o.s.c.gateway.route.RouteDefinitionRouteLocator   :88   [32m                  [0;39m Loaded RoutePredicateFactory [Query]
2023-08-19 21:09:50.678 INFO  o.s.c.gateway.route.RouteDefinitionRouteLocator   :88   [32m                  [0;39m Loaded RoutePredicateFactory [ReadBody]
2023-08-19 21:09:50.678 INFO  o.s.c.gateway.route.RouteDefinitionRouteLocator   :88   [32m                  [0;39m Loaded RoutePredicateFactory [RemoteAddr]
2023-08-19 21:09:50.678 INFO  o.s.c.gateway.route.RouteDefinitionRouteLocator   :88   [32m                  [0;39m Loaded RoutePredicateFactory [XForwardedRemoteAddr]
2023-08-19 21:09:50.678 INFO  o.s.c.gateway.route.RouteDefinitionRouteLocator   :88   [32m                  [0;39m Loaded RoutePredicateFactory [Weight]
2023-08-19 21:09:50.678 INFO  o.s.c.gateway.route.RouteDefinitionRouteLocator   :88   [32m                  [0;39m Loaded RoutePredicateFactory [CloudFoundryRouteService]
2023-08-19 21:09:51.400 INFO  o.s.b.d.autoconfigure.OptionalLiveReloadServer    :59   [32m                  [0;39m LiveReload server is running on port 35729
2023-08-19 21:09:51.429 WARN  o.s.c.l.c.LoadBalancerCacheAutoConfiguration$LoadBalancerCaffeineWarnLogger:81   [32m                  [0;39m Spring Cloud LoadBalancer is currently working with the default cache. While this cache implementation is useful for development and tests, it's recommended to use Caffeine cache in production.You can switch to using Caffeine cache, by adding it and org.springframework.cache.caffeine.CaffeineCacheManager to the classpath.
2023-08-19 21:09:51.823 INFO  o.s.boot.web.embedded.netty.NettyWebServer        :111  [32m                  [0;39m Netty started on port 8000
2023-08-19 21:09:52.577 WARN  com.alibaba.nacos.client.logging.NacosLogging     :64   [32m                  [0;39m Load Logback Configuration of Nacos fail, message: Could not initialize Logback Nacos logging from classpath:nacos-logback.xml
2023-08-19 21:09:52.578 INFO  com.alibaba.nacos.client.naming                   :62   [32m                  [0;39m initializer namespace from ans.namespace attribute : null
2023-08-19 21:09:52.579 INFO  com.alibaba.nacos.client.naming                   :66   [32m                  [0;39m initializer namespace from ALIBABA_ALIWARE_NAMESPACE attribute :null
2023-08-19 21:09:52.580 INFO  com.alibaba.nacos.client.naming                   :73   [32m                  [0;39m initializer namespace from namespace attribute :null
2023-08-19 21:09:52.606 INFO  com.alibaba.nacos.client.utils.ParamUtil          :87   [32m                  [0;39m [settings] [req-serv] nacos-server port:8848
2023-08-19 21:09:52.606 INFO  com.alibaba.nacos.client.utils.ParamUtil          :98   [32m                  [0;39m [settings] [http-client] connect timeout:1000
2023-08-19 21:09:52.607 INFO  com.alibaba.nacos.client.utils.ParamUtil          :105  [32m                  [0;39m PER_TASK_CONFIG_SIZE: 3000.0
2023-08-19 21:09:52.614 INFO  c.a.n.p.auth.spi.client.ClientAuthPluginManager   :56   [32m                  [0;39m [ClientAuthPluginManager] Load ClientAuthService com.alibaba.nacos.client.auth.impl.NacosClientAuthServiceImpl success.
2023-08-19 21:09:52.615 INFO  c.a.n.p.auth.spi.client.ClientAuthPluginManager   :56   [32m                  [0;39m [ClientAuthPluginManager] Load ClientAuthService com.alibaba.nacos.client.auth.ram.RamClientAuthServiceImpl success.
2023-08-19 21:09:52.620 INFO  c.a.n.client.auth.ram.identify.CredentialWatcher  :165  [32m                  [0;39m null No credential found
2023-08-19 21:09:52.630 INFO  com.alibaba.nacos.common.remote.client            :108  [32m                  [0;39m [RpcClientFactory] create a new rpc client of 4c0d770e-382c-4dd5-8c95-247ce89fa770
2023-08-19 21:09:52.654 INFO  com.alibaba.nacos.common.remote.client            :63   [32m                  [0;39m [4c0d770e-382c-4dd5-8c95-247ce89fa770] RpcClient init, ServerListFactory = com.alibaba.nacos.client.naming.core.ServerListManager
2023-08-19 21:09:52.654 INFO  com.alibaba.nacos.common.remote.client            :63   [32m                  [0;39m [4c0d770e-382c-4dd5-8c95-247ce89fa770] Registry connection listener to current client:com.alibaba.nacos.client.naming.remote.gprc.redo.NamingGrpcRedoService
2023-08-19 21:09:52.655 INFO  com.alibaba.nacos.common.remote.client            :63   [32m                  [0;39m [4c0d770e-382c-4dd5-8c95-247ce89fa770] Register server push request handler:com.alibaba.nacos.client.naming.remote.gprc.NamingPushRequestHandler
2023-08-19 21:09:52.658 INFO  com.alibaba.nacos.common.remote.client            :63   [32m                  [0;39m [4c0d770e-382c-4dd5-8c95-247ce89fa770] Try to connect to server on start up, server: {serverIp = '127.0.0.1', server main port = 8848}
2023-08-19 21:09:52.697 INFO  c.a.nacos.common.remote.client.grpc.GrpcClient    :182  [32m                  [0;39m grpc client connection server:127.0.0.1 ip,serverPort:9848,grpcTslConfig:{"sslProvider":"OPENSSL","enableTls":false,"mutualAuthEnable":false,"trustAll":false}
2023-08-19 21:09:53.935 INFO  com.alibaba.nacos.common.remote.client            :63   [32m                  [0;39m [4c0d770e-382c-4dd5-8c95-247ce89fa770] Success to connect to server [127.0.0.1:8848] on start up, connectionId = 1692450593720_127.0.0.1_52479
2023-08-19 21:09:53.936 INFO  com.alibaba.nacos.common.remote.client            :63   [32m                  [0;39m [4c0d770e-382c-4dd5-8c95-247ce89fa770] Notify connected event to listeners.
2023-08-19 21:09:53.937 INFO  com.alibaba.nacos.client.naming                   :78   [32m                  [0;39m Grpc connection connect
2023-08-19 21:09:53.937 INFO  com.alibaba.nacos.common.remote.client            :63   [32m                  [0;39m [4c0d770e-382c-4dd5-8c95-247ce89fa770] Register server push request handler:com.alibaba.nacos.common.remote.client.RpcClient$ConnectResetRequestHandler
2023-08-19 21:09:53.938 INFO  com.alibaba.nacos.common.remote.client            :63   [32m                  [0;39m [4c0d770e-382c-4dd5-8c95-247ce89fa770] Register server push request handler:com.alibaba.nacos.common.remote.client.RpcClient$$Lambda$955/0x00000008013155e0
2023-08-19 21:09:53.941 INFO  com.alibaba.nacos.client.naming                   :121  [32m                  [0;39m [REGISTER-SERVICE] train registering service gateway-service with instance Instance{instanceId='null', ip='192.168.0.102', port=8000, weight=1.0, healthy=true, enabled=true, ephemeral=true, clusterName='DEFAULT', serviceName='null', metadata={IPv6=null, preserved.register.source=SPRING_CLOUD}}
2023-08-19 21:09:53.974 INFO  c.a.cloud.nacos.registry.NacosServiceRegistry     :76   [32m                  [0;39m nacos registry, DEFAULT_GROUP gateway-service 192.168.0.102:8000 register finished
2023-08-19 21:09:54.170 INFO  com.jktickets.GatewayApplication                  :57   [32m                  [0;39m Started GatewayApplication in 9.133 seconds (process running for 10.408)
2023-08-19 21:09:54.176 INFO  com.jktickets.GatewayApplication                  :22   [32m                  [0;39m å¯åŠ¨æˆåŠŸï¼ï¼
2023-08-19 21:09:54.177 INFO  com.jktickets.GatewayApplication                  :24   [32m                  [0;39m æµ‹è¯•åœ°å€: 	http://127.0.0.1:8000
2023-08-19 21:10:46.439 WARN  com.alibaba.nacos.common.notify.NotifyCenter      :136  [32m                  [0;39m [NotifyCenter] Start destroying Publisher
2023-08-19 21:10:46.439 WARN  c.alibaba.nacos.common.http.HttpClientBeanHolder  :102  [32m                  [0;39m [HttpClientBeanHolder] Start destroying common HttpClient
2023-08-19 21:10:46.440 WARN  com.alibaba.nacos.common.notify.NotifyCenter      :153  [32m                  [0;39m [NotifyCenter] Destruction of the end
2023-08-19 21:10:46.440 WARN  c.alibaba.nacos.common.http.HttpClientBeanHolder  :111  [32m                  [0;39m [HttpClientBeanHolder] Destruction of the end
2023-08-19 21:10:46.447 INFO  c.a.cloud.nacos.registry.NacosServiceRegistry     :95   [32m                  [0;39m De-registering from Nacos Server now...
2023-08-19 21:10:46.447 INFO  com.alibaba.nacos.client.naming                   :217  [32m                  [0;39m [DEREGISTER-SERVICE] train deregistering service gateway-service with instance: Instance{instanceId='null', ip='192.168.0.102', port=8000, weight=1.0, healthy=true, enabled=true, ephemeral=true, clusterName='DEFAULT', serviceName='null', metadata={}}
2023-08-19 21:10:46.452 INFO  c.a.cloud.nacos.registry.NacosServiceRegistry     :115  [32m                  [0;39m De-registration finished.
2023-08-19 21:10:46.453 INFO  com.alibaba.nacos.client.naming                   :256  [32m                  [0;39m com.alibaba.nacos.client.naming.cache.ServiceInfoHolder do shutdown begin
2023-08-19 21:10:46.453 INFO  com.alibaba.nacos.client.naming                   :136  [32m                  [0;39m com.alibaba.nacos.client.naming.backups.FailoverReactor do shutdown begin
2023-08-19 21:10:46.454 INFO  com.alibaba.nacos.client.naming                   :138  [32m                  [0;39m com.alibaba.nacos.client.naming.backups.FailoverReactor do shutdown stop
2023-08-19 21:10:46.454 INFO  com.alibaba.nacos.client.naming                   :258  [32m                  [0;39m com.alibaba.nacos.client.naming.cache.ServiceInfoHolder do shutdown stop
2023-08-19 21:10:46.454 INFO  com.alibaba.nacos.client.naming                   :204  [32m                  [0;39m com.alibaba.nacos.client.naming.remote.NamingClientProxyDelegate do shutdown begin
2023-08-19 21:10:46.454 INFO  com.alibaba.nacos.client.naming                   :143  [32m                  [0;39m com.alibaba.nacos.client.naming.core.ServiceInfoUpdateService do shutdown begin
2023-08-19 21:10:46.454 INFO  com.alibaba.nacos.client.naming                   :145  [32m                  [0;39m com.alibaba.nacos.client.naming.core.ServiceInfoUpdateService do shutdown stop
2023-08-19 21:10:46.455 INFO  com.alibaba.nacos.client.naming                   :194  [32m                  [0;39m com.alibaba.nacos.client.naming.core.ServerListManager do shutdown begin
2023-08-19 21:10:46.455 WARN  com.alibaba.nacos.client.naming                   :74   [32m                  [0;39m [NamingHttpClientManager] Start destroying NacosRestTemplate
2023-08-19 21:10:46.455 WARN  com.alibaba.nacos.client.naming                   :81   [32m                  [0;39m [NamingHttpClientManager] Destruction of the end
2023-08-19 21:10:46.455 INFO  com.alibaba.nacos.client.naming                   :199  [32m                  [0;39m com.alibaba.nacos.client.naming.core.ServerListManager do shutdown stop
2023-08-19 21:10:46.455 INFO  com.alibaba.nacos.client.naming                   :484  [32m                  [0;39m com.alibaba.nacos.client.naming.remote.http.NamingHttpClientProxy do shutdown begin
2023-08-19 21:10:46.455 WARN  com.alibaba.nacos.client.naming                   :74   [32m                  [0;39m [NamingHttpClientManager] Start destroying NacosRestTemplate
2023-08-19 21:10:46.455 WARN  com.alibaba.nacos.client.naming                   :81   [32m                  [0;39m [NamingHttpClientManager] Destruction of the end
2023-08-19 21:10:46.455 INFO  com.alibaba.nacos.client.naming                   :486  [32m                  [0;39m com.alibaba.nacos.client.naming.remote.http.NamingHttpClientProxy do shutdown stop
2023-08-19 21:10:46.455 INFO  com.alibaba.nacos.common.remote.client            :429  [32m                  [0;39m Shutdown rpc client, set status to shutdown
2023-08-19 21:10:46.456 INFO  com.alibaba.nacos.common.remote.client            :431  [32m                  [0;39m Shutdown client event executor java.util.concurrent.ScheduledThreadPoolExecutor@43449b71[Running, pool size = 2, active threads = 2, queued tasks = 0, completed tasks = 0]
2023-08-19 21:10:46.456 INFO  com.alibaba.nacos.common.remote.client            :584  [32m                  [0;39m Close current connection 1692450593720_127.0.0.1_52479
2023-08-19 21:10:46.459 INFO  c.a.nacos.common.remote.client.grpc.GrpcClient    :63   [32m                  [0;39m [1692450593720_127.0.0.1_52479]Ignore complete event,isRunning:false,isAbandon=false
2023-08-19 21:10:46.460 INFO  c.a.nacos.common.remote.client.grpc.GrpcClient    :159  [32m                  [0;39m Shutdown grpc executor java.util.concurrent.ThreadPoolExecutor@6daff69b[Running, pool size = 5, active threads = 0, queued tasks = 0, completed tasks = 27]
2023-08-19 21:10:46.461 INFO  com.alibaba.nacos.client.naming                   :318  [32m                  [0;39m Shutdown grpc redo service executor java.util.concurrent.ScheduledThreadPoolExecutor@78330f75[Running, pool size = 1, active threads = 0, queued tasks = 1, completed tasks = 17]
2023-08-19 21:10:46.462 INFO  c.a.n.client.auth.ram.identify.CredentialWatcher  :106  [32m                  [0;39m [null] CredentialWatcher is stopped
2023-08-19 21:10:46.462 INFO  c.a.n.client.auth.ram.identify.CredentialService  :100  [32m                  [0;39m [null] CredentialService is freed
2023-08-19 21:10:46.463 INFO  com.alibaba.nacos.client.naming                   :211  [32m                  [0;39m com.alibaba.nacos.client.naming.remote.NamingClientProxyDelegate do shutdown stop
