2023-07-15 11:49:29.976 INFO  org.hibernate.validator.internal.util.Version     :21   [32m                  [0;39m HV000001: Hibernate Validator 8.0.0.Final
2023-07-15 11:49:30.066 INFO  com.jktickets.GatewayApplication                  :51   [32m                  [0;39m Starting GatewayApplication using Java 17.0.3 with PID 3284 (D:\Project\java\jk-tickets\gateway-service\target\classes started by Administrator in D:\Project\java\jk-tickets)
2023-07-15 11:49:30.070 INFO  com.jktickets.GatewayApplication                  :630  [32m                  [0;39m No active profile set, falling back to 1 default profile: "default"
2023-07-15 11:49:30.145 INFO  o.s.b.d.env.DevToolsPropertyDefaultsPostProcessor :250  [32m                  [0;39m Devtools property defaults active! Set 'spring.devtools.add-properties' to 'false' to disable
2023-07-15 11:49:30.146 INFO  o.s.b.d.env.DevToolsPropertyDefaultsPostProcessor :250  [32m                  [0;39m For additional web related logging consider setting the 'logging.level.web' property to 'DEBUG'
2023-07-15 11:49:31.271 INFO  o.springframework.cloud.context.scope.GenericScope:282  [32m                  [0;39m BeanFactory id=324267dc-ff55-3f4c-bee8-5e2f01045e68
2023-07-15 11:49:33.011 INFO  o.s.c.gateway.route.RouteDefinitionRouteLocator   :88   [32m                  [0;39m Loaded RoutePredicateFactory [After]
2023-07-15 11:49:33.011 INFO  o.s.c.gateway.route.RouteDefinitionRouteLocator   :88   [32m                  [0;39m Loaded RoutePredicateFactory [Before]
2023-07-15 11:49:33.012 INFO  o.s.c.gateway.route.RouteDefinitionRouteLocator   :88   [32m                  [0;39m Loaded RoutePredicateFactory [Between]
2023-07-15 11:49:33.012 INFO  o.s.c.gateway.route.RouteDefinitionRouteLocator   :88   [32m                  [0;39m Loaded RoutePredicateFactory [Cookie]
2023-07-15 11:49:33.012 INFO  o.s.c.gateway.route.RouteDefinitionRouteLocator   :88   [32m                  [0;39m Loaded RoutePredicateFactory [Header]
2023-07-15 11:49:33.013 INFO  o.s.c.gateway.route.RouteDefinitionRouteLocator   :88   [32m                  [0;39m Loaded RoutePredicateFactory [Host]
2023-07-15 11:49:33.013 INFO  o.s.c.gateway.route.RouteDefinitionRouteLocator   :88   [32m                  [0;39m Loaded RoutePredicateFactory [Method]
2023-07-15 11:49:33.013 INFO  o.s.c.gateway.route.RouteDefinitionRouteLocator   :88   [32m                  [0;39m Loaded RoutePredicateFactory [Path]
2023-07-15 11:49:33.014 INFO  o.s.c.gateway.route.RouteDefinitionRouteLocator   :88   [32m                  [0;39m Loaded RoutePredicateFactory [Query]
2023-07-15 11:49:33.014 INFO  o.s.c.gateway.route.RouteDefinitionRouteLocator   :88   [32m                  [0;39m Loaded RoutePredicateFactory [ReadBody]
2023-07-15 11:49:33.014 INFO  o.s.c.gateway.route.RouteDefinitionRouteLocator   :88   [32m                  [0;39m Loaded RoutePredicateFactory [RemoteAddr]
2023-07-15 11:49:33.015 INFO  o.s.c.gateway.route.RouteDefinitionRouteLocator   :88   [32m                  [0;39m Loaded RoutePredicateFactory [XForwardedRemoteAddr]
2023-07-15 11:49:33.015 INFO  o.s.c.gateway.route.RouteDefinitionRouteLocator   :88   [32m                  [0;39m Loaded RoutePredicateFactory [Weight]
2023-07-15 11:49:33.015 INFO  o.s.c.gateway.route.RouteDefinitionRouteLocator   :88   [32m                  [0;39m Loaded RoutePredicateFactory [CloudFoundryRouteService]
2023-07-15 11:49:33.346 INFO  o.s.b.d.autoconfigure.OptionalLiveReloadServer    :59   [32m                  [0;39m LiveReload server is running on port 35729
2023-07-15 11:49:34.422 INFO  o.s.boot.web.embedded.netty.NettyWebServer        :111  [32m                  [0;39m Netty started on port 8000
2023-07-15 11:49:35.388 INFO  com.jktickets.GatewayApplication                  :57   [32m                  [0;39m Started GatewayApplication in 6.769 seconds (process running for 8.819)
2023-07-15 11:49:35.396 INFO  com.jktickets.GatewayApplication                  :22   [32m                  [0;39m å¯åŠ¨æˆåŠŸï¼ï¼
2023-07-15 11:49:35.397 INFO  com.jktickets.GatewayApplication                  :24   [32m                  [0;39m æµ‹è¯•åœ°å€: 	http://127.0.0.1:8000
2023-07-15 21:08:31.982 INFO  com.jktickets.filter.LoginMemberFilter            :30   [32m                  [0;39m ä¸éœ€è¦ç™»å½•éªŒè¯ï¼š/business/admin/train/query-all
2023-07-15 21:08:31.982 INFO  com.jktickets.filter.LoginMemberFilter            :30   [32m                  [0;39m ä¸éœ€è¦ç™»å½•éªŒè¯ï¼š/business/admin/train-seat/query-list
2023-07-15 21:08:32.989 ERROR o.s.b.a.w.r.error.AbstractErrorWebExceptionHandler:102  [32m                  [0;39m [a8bafbfc-2]  500 Server Error for HTTP GET "/business/admin/train/query-all"
io.netty.channel.AbstractChannel$AnnotatedConnectException: Connection refused: no further information: /127.0.0.1:8002
	Suppressed: reactor.core.publisher.FluxOnAssembly$OnAssemblyException: 
Error has been observed at the following site(s):
	*__checkpoint â‡¢ org.springframework.cloud.gateway.filter.WeightCalculatorWebFilter [DefaultWebFilterChain]
	*__checkpoint â‡¢ HTTP GET "/business/admin/train/query-all" [ExceptionHandlingWebHandler]
Original Stack Trace:
Caused by: java.net.ConnectException: Connection refused: no further information
	at java.base/sun.nio.ch.Net.pollConnect(Native Method)
	at java.base/sun.nio.ch.Net.pollConnectNow(Net.java:672)
	at java.base/sun.nio.ch.SocketChannelImpl.finishConnect(SocketChannelImpl.java:946)
	at io.netty.channel.socket.nio.NioSocketChannel.doFinishConnect(NioSocketChannel.java:337)
	at io.netty.channel.nio.AbstractNioChannel$AbstractNioUnsafe.finishConnect(AbstractNioChannel.java:334)
	at io.netty.channel.nio.NioEventLoop.processSelectedKey(NioEventLoop.java:776)
	at io.netty.channel.nio.NioEventLoop.processSelectedKeysOptimized(NioEventLoop.java:724)
	at io.netty.channel.nio.NioEventLoop.processSelectedKeys(NioEventLoop.java:650)
	at io.netty.channel.nio.NioEventLoop.run(NioEventLoop.java:562)
	at io.netty.util.concurrent.SingleThreadEventExecutor$4.run(SingleThreadEventExecutor.java:997)
	at io.netty.util.internal.ThreadExecutorMap$2.run(ThreadExecutorMap.java:74)
	at io.netty.util.concurrent.FastThreadLocalRunnable.run(FastThreadLocalRunnable.java:30)
	at java.base/java.lang.Thread.run(Thread.java:833)
2023-07-15 21:08:33.337 ERROR o.s.b.a.w.r.error.AbstractErrorWebExceptionHandler:102  [32m                  [0;39m [bebd398a-1]  500 Server Error for HTTP GET "/business/admin/train-seat/query-list?page=1&size=10"
io.netty.channel.AbstractChannel$AnnotatedConnectException: Connection refused: no further information: /127.0.0.1:8002
	Suppressed: reactor.core.publisher.FluxOnAssembly$OnAssemblyException: 
Error has been observed at the following site(s):
	*__checkpoint â‡¢ org.springframework.cloud.gateway.filter.WeightCalculatorWebFilter [DefaultWebFilterChain]
	*__checkpoint â‡¢ HTTP GET "/business/admin/train-seat/query-list?page=1&size=10" [ExceptionHandlingWebHandler]
Original Stack Trace:
Caused by: java.net.ConnectException: Connection refused: no further information
	at java.base/sun.nio.ch.Net.pollConnect(Native Method)
	at java.base/sun.nio.ch.Net.pollConnectNow(Net.java:672)
	at java.base/sun.nio.ch.SocketChannelImpl.finishConnect(SocketChannelImpl.java:946)
	at io.netty.channel.socket.nio.NioSocketChannel.doFinishConnect(NioSocketChannel.java:337)
	at io.netty.channel.nio.AbstractNioChannel$AbstractNioUnsafe.finishConnect(AbstractNioChannel.java:334)
	at io.netty.channel.nio.NioEventLoop.processSelectedKey(NioEventLoop.java:776)
	at io.netty.channel.nio.NioEventLoop.processSelectedKeysOptimized(NioEventLoop.java:724)
	at io.netty.channel.nio.NioEventLoop.processSelectedKeys(NioEventLoop.java:650)
	at io.netty.channel.nio.NioEventLoop.run(NioEventLoop.java:562)
	at io.netty.util.concurrent.SingleThreadEventExecutor$4.run(SingleThreadEventExecutor.java:997)
	at io.netty.util.internal.ThreadExecutorMap$2.run(ThreadExecutorMap.java:74)
	at io.netty.util.concurrent.FastThreadLocalRunnable.run(FastThreadLocalRunnable.java:30)
	at java.base/java.lang.Thread.run(Thread.java:833)
2023-07-15 21:08:36.300 INFO  com.jktickets.filter.LoginMemberFilter            :30   [32m                  [0;39m ä¸éœ€è¦ç™»å½•éªŒè¯ï¼š/business/admin/station/query-list
2023-07-15 21:08:36.304 ERROR o.s.b.a.w.r.error.AbstractErrorWebExceptionHandler:102  [32m                  [0;39m [bebd398a-3]  500 Server Error for HTTP GET "/business/admin/station/query-list?page=1&size=10"
io.netty.channel.AbstractChannel$AnnotatedConnectException: Connection refused: no further information: /127.0.0.1:8002
	Suppressed: reactor.core.publisher.FluxOnAssembly$OnAssemblyException: 
Error has been observed at the following site(s):
	*__checkpoint â‡¢ org.springframework.cloud.gateway.filter.WeightCalculatorWebFilter [DefaultWebFilterChain]
	*__checkpoint â‡¢ HTTP GET "/business/admin/station/query-list?page=1&size=10" [ExceptionHandlingWebHandler]
Original Stack Trace:
Caused by: java.net.ConnectException: Connection refused: no further information
	at java.base/sun.nio.ch.Net.pollConnect(Native Method)
	at java.base/sun.nio.ch.Net.pollConnectNow(Net.java:672)
	at java.base/sun.nio.ch.SocketChannelImpl.finishConnect(SocketChannelImpl.java:946)
	at io.netty.channel.socket.nio.NioSocketChannel.doFinishConnect(NioSocketChannel.java:337)
	at io.netty.channel.nio.AbstractNioChannel$AbstractNioUnsafe.finishConnect(AbstractNioChannel.java:334)
	at io.netty.channel.nio.NioEventLoop.processSelectedKey(NioEventLoop.java:776)
	at io.netty.channel.nio.NioEventLoop.processSelectedKeysOptimized(NioEventLoop.java:724)
	at io.netty.channel.nio.NioEventLoop.processSelectedKeys(NioEventLoop.java:650)
	at io.netty.channel.nio.NioEventLoop.run(NioEventLoop.java:562)
	at io.netty.util.concurrent.SingleThreadEventExecutor$4.run(SingleThreadEventExecutor.java:997)
	at io.netty.util.internal.ThreadExecutorMap$2.run(ThreadExecutorMap.java:74)
	at io.netty.util.concurrent.FastThreadLocalRunnable.run(FastThreadLocalRunnable.java:30)
	at java.base/java.lang.Thread.run(Thread.java:833)
2023-07-15 21:09:01.917 INFO  com.jktickets.filter.LoginMemberFilter            :30   [32m                  [0;39m ä¸éœ€è¦ç™»å½•éªŒè¯ï¼š/business/admin/station/query-list
2023-07-15 21:09:01.922 ERROR o.s.b.a.w.r.error.AbstractErrorWebExceptionHandler:102  [32m                  [0;39m [bebd398a-4]  500 Server Error for HTTP GET "/business/admin/station/query-list?page=1&size=10"
io.netty.channel.AbstractChannel$AnnotatedConnectException: Connection refused: no further information: /127.0.0.1:8002
	Suppressed: reactor.core.publisher.FluxOnAssembly$OnAssemblyException: 
Error has been observed at the following site(s):
	*__checkpoint â‡¢ org.springframework.cloud.gateway.filter.WeightCalculatorWebFilter [DefaultWebFilterChain]
	*__checkpoint â‡¢ HTTP GET "/business/admin/station/query-list?page=1&size=10" [ExceptionHandlingWebHandler]
Original Stack Trace:
Caused by: java.net.ConnectException: Connection refused: no further information
	at java.base/sun.nio.ch.Net.pollConnect(Native Method)
	at java.base/sun.nio.ch.Net.pollConnectNow(Net.java:672)
	at java.base/sun.nio.ch.SocketChannelImpl.finishConnect(SocketChannelImpl.java:946)
	at io.netty.channel.socket.nio.NioSocketChannel.doFinishConnect(NioSocketChannel.java:337)
	at io.netty.channel.nio.AbstractNioChannel$AbstractNioUnsafe.finishConnect(AbstractNioChannel.java:334)
	at io.netty.channel.nio.NioEventLoop.processSelectedKey(NioEventLoop.java:776)
	at io.netty.channel.nio.NioEventLoop.processSelectedKeysOptimized(NioEventLoop.java:724)
	at io.netty.channel.nio.NioEventLoop.processSelectedKeys(NioEventLoop.java:650)
	at io.netty.channel.nio.NioEventLoop.run(NioEventLoop.java:562)
	at io.netty.util.concurrent.SingleThreadEventExecutor$4.run(SingleThreadEventExecutor.java:997)
	at io.netty.util.internal.ThreadExecutorMap$2.run(ThreadExecutorMap.java:74)
	at io.netty.util.concurrent.FastThreadLocalRunnable.run(FastThreadLocalRunnable.java:30)
	at java.base/java.lang.Thread.run(Thread.java:833)
2023-07-15 21:09:35.038 INFO  com.jktickets.filter.LoginMemberFilter            :30   [32m                  [0;39m ä¸éœ€è¦ç™»å½•éªŒè¯ï¼š/business/admin/station/queryList
2023-07-15 21:09:35.042 ERROR o.s.b.a.w.r.error.AbstractErrorWebExceptionHandler:102  [32m                  [0;39m [bebd398a-5]  500 Server Error for HTTP GET "/business/admin/station/queryList?page=1&size=10"
io.netty.channel.AbstractChannel$AnnotatedConnectException: Connection refused: no further information: /127.0.0.1:8002
	Suppressed: reactor.core.publisher.FluxOnAssembly$OnAssemblyException: 
Error has been observed at the following site(s):
	*__checkpoint â‡¢ org.springframework.cloud.gateway.filter.WeightCalculatorWebFilter [DefaultWebFilterChain]
	*__checkpoint â‡¢ HTTP GET "/business/admin/station/queryList?page=1&size=10" [ExceptionHandlingWebHandler]
Original Stack Trace:
Caused by: java.net.ConnectException: Connection refused: no further information
	at java.base/sun.nio.ch.Net.pollConnect(Native Method)
	at java.base/sun.nio.ch.Net.pollConnectNow(Net.java:672)
	at java.base/sun.nio.ch.SocketChannelImpl.finishConnect(SocketChannelImpl.java:946)
	at io.netty.channel.socket.nio.NioSocketChannel.doFinishConnect(NioSocketChannel.java:337)
	at io.netty.channel.nio.AbstractNioChannel$AbstractNioUnsafe.finishConnect(AbstractNioChannel.java:334)
	at io.netty.channel.nio.NioEventLoop.processSelectedKey(NioEventLoop.java:776)
	at io.netty.channel.nio.NioEventLoop.processSelectedKeysOptimized(NioEventLoop.java:724)
	at io.netty.channel.nio.NioEventLoop.processSelectedKeys(NioEventLoop.java:650)
	at io.netty.channel.nio.NioEventLoop.run(NioEventLoop.java:562)
	at io.netty.util.concurrent.SingleThreadEventExecutor$4.run(SingleThreadEventExecutor.java:997)
	at io.netty.util.internal.ThreadExecutorMap$2.run(ThreadExecutorMap.java:74)
	at io.netty.util.concurrent.FastThreadLocalRunnable.run(FastThreadLocalRunnable.java:30)
	at java.base/java.lang.Thread.run(Thread.java:833)
2023-07-15 21:09:47.665 INFO  com.jktickets.filter.LoginMemberFilter            :30   [32m                  [0;39m ä¸éœ€è¦ç™»å½•éªŒè¯ï¼š/business/admin/station/queryList
2023-07-15 21:09:47.755 ERROR o.s.b.a.w.r.error.AbstractErrorWebExceptionHandler:102  [32m                  [0;39m [95c404ca-7]  500 Server Error for HTTP GET "/business/admin/station/queryList?page=1&size=10"
io.netty.channel.AbstractChannel$AnnotatedConnectException: Connection refused: no further information: /127.0.0.1:8002
	Suppressed: reactor.core.publisher.FluxOnAssembly$OnAssemblyException: 
Error has been observed at the following site(s):
	*__checkpoint â‡¢ org.springframework.cloud.gateway.filter.WeightCalculatorWebFilter [DefaultWebFilterChain]
	*__checkpoint â‡¢ HTTP GET "/business/admin/station/queryList?page=1&size=10" [ExceptionHandlingWebHandler]
Original Stack Trace:
Caused by: java.net.ConnectException: Connection refused: no further information
	at java.base/sun.nio.ch.Net.pollConnect(Native Method)
	at java.base/sun.nio.ch.Net.pollConnectNow(Net.java:672)
	at java.base/sun.nio.ch.SocketChannelImpl.finishConnect(SocketChannelImpl.java:946)
	at io.netty.channel.socket.nio.NioSocketChannel.doFinishConnect(NioSocketChannel.java:337)
	at io.netty.channel.nio.AbstractNioChannel$AbstractNioUnsafe.finishConnect(AbstractNioChannel.java:334)
	at io.netty.channel.nio.NioEventLoop.processSelectedKey(NioEventLoop.java:776)
	at io.netty.channel.nio.NioEventLoop.processSelectedKeysOptimized(NioEventLoop.java:724)
	at io.netty.channel.nio.NioEventLoop.processSelectedKeys(NioEventLoop.java:650)
	at io.netty.channel.nio.NioEventLoop.run(NioEventLoop.java:562)
	at io.netty.util.concurrent.SingleThreadEventExecutor$4.run(SingleThreadEventExecutor.java:997)
	at io.netty.util.internal.ThreadExecutorMap$2.run(ThreadExecutorMap.java:74)
	at io.netty.util.concurrent.FastThreadLocalRunnable.run(FastThreadLocalRunnable.java:30)
	at java.base/java.lang.Thread.run(Thread.java:833)
2023-07-15 21:10:33.305 INFO  com.jktickets.filter.LoginMemberFilter            :30   [32m                  [0;39m ä¸éœ€è¦ç™»å½•éªŒè¯ï¼š/business/admin/station/queryList
2023-07-15 21:10:33.309 ERROR o.s.b.a.w.r.error.AbstractErrorWebExceptionHandler:102  [32m                  [0;39m [bebd398a-8]  500 Server Error for HTTP GET "/business/admin/station/queryList?page=1&size=10"
io.netty.channel.AbstractChannel$AnnotatedConnectException: Connection refused: no further information: /127.0.0.1:8002
	Suppressed: reactor.core.publisher.FluxOnAssembly$OnAssemblyException: 
Error has been observed at the following site(s):
	*__checkpoint â‡¢ org.springframework.cloud.gateway.filter.WeightCalculatorWebFilter [DefaultWebFilterChain]
	*__checkpoint â‡¢ HTTP GET "/business/admin/station/queryList?page=1&size=10" [ExceptionHandlingWebHandler]
Original Stack Trace:
Caused by: java.net.ConnectException: Connection refused: no further information
	at java.base/sun.nio.ch.Net.pollConnect(Native Method)
	at java.base/sun.nio.ch.Net.pollConnectNow(Net.java:672)
	at java.base/sun.nio.ch.SocketChannelImpl.finishConnect(SocketChannelImpl.java:946)
	at io.netty.channel.socket.nio.NioSocketChannel.doFinishConnect(NioSocketChannel.java:337)
	at io.netty.channel.nio.AbstractNioChannel$AbstractNioUnsafe.finishConnect(AbstractNioChannel.java:334)
	at io.netty.channel.nio.NioEventLoop.processSelectedKey(NioEventLoop.java:776)
	at io.netty.channel.nio.NioEventLoop.processSelectedKeysOptimized(NioEventLoop.java:724)
	at io.netty.channel.nio.NioEventLoop.processSelectedKeys(NioEventLoop.java:650)
	at io.netty.channel.nio.NioEventLoop.run(NioEventLoop.java:562)
	at io.netty.util.concurrent.SingleThreadEventExecutor$4.run(SingleThreadEventExecutor.java:997)
	at io.netty.util.internal.ThreadExecutorMap$2.run(ThreadExecutorMap.java:74)
	at io.netty.util.concurrent.FastThreadLocalRunnable.run(FastThreadLocalRunnable.java:30)
	at java.base/java.lang.Thread.run(Thread.java:833)
2023-07-15 21:10:46.322 INFO  com.jktickets.filter.LoginMemberFilter            :30   [32m                  [0;39m ä¸éœ€è¦ç™»å½•éªŒè¯ï¼š/business/admin/station/queryList
2023-07-15 21:10:55.407 INFO  com.jktickets.filter.LoginMemberFilter            :30   [32m                  [0;39m ä¸éœ€è¦ç™»å½•éªŒè¯ï¼š/business/admin/station/queryList
2023-07-15 21:11:04.275 INFO  com.jktickets.filter.LoginMemberFilter            :30   [32m                  [0;39m ä¸éœ€è¦ç™»å½•éªŒè¯ï¼š/business/admin/station/queryList
2023-07-15 21:12:25.029 INFO  com.jktickets.filter.LoginMemberFilter            :30   [32m                  [0;39m ä¸éœ€è¦ç™»å½•éªŒè¯ï¼š/business/admin/station/queryList
2023-07-15 21:12:55.695 INFO  com.jktickets.filter.LoginMemberFilter            :30   [32m                  [0;39m ä¸éœ€è¦ç™»å½•éªŒè¯ï¼š/business/admin/station/queryList
2023-07-15 21:13:05.962 INFO  com.jktickets.filter.LoginMemberFilter            :30   [32m                  [0;39m ä¸éœ€è¦ç™»å½•éªŒè¯ï¼š/business/admin/station/queryList
2023-07-15 21:16:07.213 INFO  com.jktickets.filter.LoginMemberFilter            :30   [32m                  [0;39m ä¸éœ€è¦ç™»å½•éªŒè¯ï¼š/business/admin/station/queryList
2023-07-15 21:20:47.849 INFO  com.jktickets.filter.LoginMemberFilter            :30   [32m                  [0;39m ä¸éœ€è¦ç™»å½•éªŒè¯ï¼š/business/admin/station/queryList
2023-07-15 21:21:08.591 INFO  com.jktickets.filter.LoginMemberFilter            :30   [32m                  [0;39m ä¸éœ€è¦ç™»å½•éªŒè¯ï¼š/business/admin/station/save
2023-07-15 21:21:09.057 INFO  com.jktickets.filter.LoginMemberFilter            :30   [32m                  [0;39m ä¸éœ€è¦ç™»å½•éªŒè¯ï¼š/business/admin/station/queryList
2023-07-15 21:21:22.584 INFO  com.jktickets.filter.LoginMemberFilter            :30   [32m                  [0;39m ä¸éœ€è¦ç™»å½•éªŒè¯ï¼š/business/admin/station/save
2023-07-15 21:21:22.723 INFO  com.jktickets.filter.LoginMemberFilter            :30   [32m                  [0;39m ä¸éœ€è¦ç™»å½•éªŒè¯ï¼š/business/admin/station/queryList
2023-07-15 21:21:36.976 INFO  com.jktickets.filter.LoginMemberFilter            :30   [32m                  [0;39m ä¸éœ€è¦ç™»å½•éªŒè¯ï¼š/business/admin/station/save
2023-07-15 21:21:37.077 INFO  com.jktickets.filter.LoginMemberFilter            :30   [32m                  [0;39m ä¸éœ€è¦ç™»å½•éªŒè¯ï¼š/business/admin/station/queryList
2023-07-15 21:21:39.716 INFO  com.jktickets.filter.LoginMemberFilter            :30   [32m                  [0;39m ä¸éœ€è¦ç™»å½•éªŒè¯ï¼š/business/admin/station/delete/1680205980014612480
2023-07-15 21:21:39.815 INFO  com.jktickets.filter.LoginMemberFilter            :30   [32m                  [0;39m ä¸éœ€è¦ç™»å½•éªŒè¯ï¼š/business/admin/station/queryList
2023-07-15 21:21:44.366 INFO  com.jktickets.filter.LoginMemberFilter            :30   [32m                  [0;39m ä¸éœ€è¦ç™»å½•éªŒè¯ï¼š/business/admin/train/query-list
2023-07-15 21:25:07.429 INFO  com.jktickets.filter.LoginMemberFilter            :30   [32m                  [0;39m ä¸éœ€è¦ç™»å½•éªŒè¯ï¼š/business/admin/train/query-list
2023-07-15 21:28:43.891 INFO  com.jktickets.filter.LoginMemberFilter            :30   [32m                  [0;39m ä¸éœ€è¦ç™»å½•éªŒè¯ï¼š/business/admin/train/queryList
2023-07-15 21:29:03.434 INFO  com.jktickets.filter.LoginMemberFilter            :30   [32m                  [0;39m ä¸éœ€è¦ç™»å½•éªŒè¯ï¼š/business/admin/train/queryList
2023-07-15 21:29:59.879 INFO  com.jktickets.filter.LoginMemberFilter            :30   [32m                  [0;39m ä¸éœ€è¦ç™»å½•éªŒè¯ï¼š/business/admin/train/queryList
2023-07-15 21:31:05.273 INFO  com.jktickets.filter.LoginMemberFilter            :30   [32m                  [0;39m ä¸éœ€è¦ç™»å½•éªŒè¯ï¼š/business/admin/train/queryList
2023-07-15 21:31:16.517 INFO  com.jktickets.filter.LoginMemberFilter            :30   [32m                  [0;39m ä¸éœ€è¦ç™»å½•éªŒè¯ï¼š/business/admin/train/queryList
2023-07-15 21:31:22.652 INFO  com.jktickets.filter.LoginMemberFilter            :30   [32m                  [0;39m ä¸éœ€è¦ç™»å½•éªŒè¯ï¼š/business/admin/station/query-all
2023-07-15 21:31:22.663 INFO  com.jktickets.filter.LoginMemberFilter            :30   [32m                  [0;39m ä¸éœ€è¦ç™»å½•éªŒè¯ï¼š/business/admin/station/query-all
2023-07-15 21:33:25.072 INFO  com.jktickets.filter.LoginMemberFilter            :30   [32m                  [0;39m ä¸éœ€è¦ç™»å½•éªŒè¯ï¼š/business/admin/station/queryList
2023-07-15 21:33:26.100 INFO  com.jktickets.filter.LoginMemberFilter            :30   [32m                  [0;39m ä¸éœ€è¦ç™»å½•éªŒè¯ï¼š/business/admin/train/queryList
2023-07-15 21:33:28.607 INFO  com.jktickets.filter.LoginMemberFilter            :30   [32m                  [0;39m ä¸éœ€è¦ç™»å½•éªŒè¯ï¼š/business/admin/station/query-all
2023-07-15 21:33:28.618 INFO  com.jktickets.filter.LoginMemberFilter            :30   [32m                  [0;39m ä¸éœ€è¦ç™»å½•éªŒè¯ï¼š/business/admin/station/query-all
2023-07-15 21:36:15.455 INFO  com.jktickets.filter.LoginMemberFilter            :30   [32m                  [0;39m ä¸éœ€è¦ç™»å½•éªŒè¯ï¼š/business/admin/station/queryAll
2023-07-15 21:36:15.498 INFO  com.jktickets.filter.LoginMemberFilter            :30   [32m                  [0;39m ä¸éœ€è¦ç™»å½•éªŒè¯ï¼š/business/admin/station/queryAll
2023-07-15 21:36:32.305 INFO  com.jktickets.filter.LoginMemberFilter            :30   [32m                  [0;39m ä¸éœ€è¦ç™»å½•éªŒè¯ï¼š/business/admin/train/queryList
2023-07-15 21:36:34.987 INFO  com.jktickets.filter.LoginMemberFilter            :30   [32m                  [0;39m ä¸éœ€è¦ç™»å½•éªŒè¯ï¼š/business/admin/station/queryAll
2023-07-15 21:36:34.995 INFO  com.jktickets.filter.LoginMemberFilter            :30   [32m                  [0;39m ä¸éœ€è¦ç™»å½•éªŒè¯ï¼š/business/admin/station/queryAll
2023-07-15 21:37:20.761 INFO  com.jktickets.filter.LoginMemberFilter            :30   [32m                  [0;39m ä¸éœ€è¦ç™»å½•éªŒè¯ï¼š/business/admin/train/queryList
2023-07-15 21:37:30.816 INFO  com.jktickets.filter.LoginMemberFilter            :30   [32m                  [0;39m ä¸éœ€è¦ç™»å½•éªŒè¯ï¼š/business/admin/station/queryAll
2023-07-15 21:37:30.824 INFO  com.jktickets.filter.LoginMemberFilter            :30   [32m                  [0;39m ä¸éœ€è¦ç™»å½•éªŒè¯ï¼š/business/admin/station/queryAll
2023-07-15 21:42:59.067 INFO  com.jktickets.filter.LoginMemberFilter            :30   [32m                  [0;39m ä¸éœ€è¦ç™»å½•éªŒè¯ï¼š/business/admin/train/queryList
2023-07-15 21:43:02.686 INFO  com.jktickets.filter.LoginMemberFilter            :30   [32m                  [0;39m ä¸éœ€è¦ç™»å½•éªŒè¯ï¼š/business/admin/station/queryAll
2023-07-15 21:43:02.713 INFO  com.jktickets.filter.LoginMemberFilter            :30   [32m                  [0;39m ä¸éœ€è¦ç™»å½•éªŒè¯ï¼š/business/admin/station/queryAll
2023-07-15 21:56:00.056 INFO  com.jktickets.filter.LoginMemberFilter            :30   [32m                  [0;39m ä¸éœ€è¦ç™»å½•éªŒè¯ï¼š/business/admin/train/queryList
2023-07-15 21:56:02.812 INFO  com.jktickets.filter.LoginMemberFilter            :30   [32m                  [0;39m ä¸éœ€è¦ç™»å½•éªŒè¯ï¼š/business/admin/station/queryAll
2023-07-15 21:56:02.831 INFO  com.jktickets.filter.LoginMemberFilter            :30   [32m                  [0;39m ä¸éœ€è¦ç™»å½•éªŒè¯ï¼š/business/admin/station/queryAll
2023-07-15 21:56:11.067 INFO  com.jktickets.filter.LoginMemberFilter            :30   [32m                  [0;39m ä¸éœ€è¦ç™»å½•éªŒè¯ï¼š/business/admin/station/queryAll
2023-07-15 22:00:22.923 INFO  com.jktickets.filter.LoginMemberFilter            :30   [32m                  [0;39m ä¸éœ€è¦ç™»å½•éªŒè¯ï¼š/business/admin/station/queryAll
2023-07-15 22:07:33.056 INFO  com.jktickets.filter.LoginMemberFilter            :30   [32m                  [0;39m ä¸éœ€è¦ç™»å½•éªŒè¯ï¼š/business/admin/station/queryAll
2023-07-15 22:07:42.589 INFO  com.jktickets.filter.LoginMemberFilter            :30   [32m                  [0;39m ä¸éœ€è¦ç™»å½•éªŒè¯ï¼š/business/admin/train/queryList
2023-07-15 22:07:45.194 INFO  com.jktickets.filter.LoginMemberFilter            :30   [32m                  [0;39m ä¸éœ€è¦ç™»å½•éªŒè¯ï¼š/business/admin/station/queryAll
2023-07-15 22:07:45.248 INFO  com.jktickets.filter.LoginMemberFilter            :30   [32m                  [0;39m ä¸éœ€è¦ç™»å½•éªŒè¯ï¼š/business/admin/station/queryAll
2023-07-15 22:08:37.034 INFO  com.jktickets.filter.LoginMemberFilter            :30   [32m                  [0;39m ä¸éœ€è¦ç™»å½•éªŒè¯ï¼š/business/admin/train/queryList
2023-07-15 22:08:39.718 INFO  com.jktickets.filter.LoginMemberFilter            :30   [32m                  [0;39m ä¸éœ€è¦ç™»å½•éªŒè¯ï¼š/business/admin/station/queryAll
2023-07-15 22:08:39.762 INFO  com.jktickets.filter.LoginMemberFilter            :30   [32m                  [0;39m ä¸éœ€è¦ç™»å½•éªŒè¯ï¼š/business/admin/station/queryAll
2023-07-15 22:09:35.779 INFO  com.jktickets.filter.LoginMemberFilter            :30   [32m                  [0;39m ä¸éœ€è¦ç™»å½•éªŒè¯ï¼š/business/admin/station/queryAll
2023-07-15 22:09:35.822 INFO  com.jktickets.filter.LoginMemberFilter            :30   [32m                  [0;39m ä¸éœ€è¦ç™»å½•éªŒè¯ï¼š/business/admin/station/queryAll
2023-07-15 22:09:54.568 INFO  com.jktickets.filter.LoginMemberFilter            :30   [32m                  [0;39m ä¸éœ€è¦ç™»å½•éªŒè¯ï¼š/business/admin/train/queryList
2023-07-15 22:10:26.788 INFO  com.jktickets.filter.LoginMemberFilter            :30   [32m                  [0;39m ä¸éœ€è¦ç™»å½•éªŒè¯ï¼š/business/admin/station/queryAll
2023-07-15 22:10:26.831 INFO  com.jktickets.filter.LoginMemberFilter            :30   [32m                  [0;39m ä¸éœ€è¦ç™»å½•éªŒè¯ï¼š/business/admin/station/queryAll
2023-07-15 22:14:59.037 INFO  com.jktickets.filter.LoginMemberFilter            :30   [32m                  [0;39m ä¸éœ€è¦ç™»å½•éªŒè¯ï¼š/business/admin/train/queryList
2023-07-15 22:15:06.393 INFO  com.jktickets.filter.LoginMemberFilter            :30   [32m                  [0;39m ä¸éœ€è¦ç™»å½•éªŒè¯ï¼š/business/admin/station/queryAll
2023-07-15 22:15:06.429 INFO  com.jktickets.filter.LoginMemberFilter            :30   [32m                  [0;39m ä¸éœ€è¦ç™»å½•éªŒè¯ï¼š/business/admin/station/queryAll
2023-07-15 22:16:03.458 INFO  com.jktickets.filter.LoginMemberFilter            :30   [32m                  [0;39m ä¸éœ€è¦ç™»å½•éªŒè¯ï¼š/business/admin/train/save
2023-07-15 22:16:03.978 INFO  com.jktickets.filter.LoginMemberFilter            :30   [32m                  [0;39m ä¸éœ€è¦ç™»å½•éªŒè¯ï¼š/business/admin/train/queryList
2023-07-15 22:16:14.513 INFO  com.jktickets.filter.LoginMemberFilter            :30   [32m                  [0;39m ä¸éœ€è¦ç™»å½•éªŒè¯ï¼š/business/admin/station/queryList
2023-07-15 22:16:15.761 INFO  com.jktickets.filter.LoginMemberFilter            :30   [32m                  [0;39m ä¸éœ€è¦ç™»å½•éªŒè¯ï¼š/business/admin/train/queryList
2023-07-15 22:16:16.611 INFO  com.jktickets.filter.LoginMemberFilter            :30   [32m                  [0;39m ä¸éœ€è¦ç™»å½•éªŒè¯ï¼š/business/admin/train/queryAll
2023-07-15 22:16:16.612 INFO  com.jktickets.filter.LoginMemberFilter            :30   [32m                  [0;39m ä¸éœ€è¦ç™»å½•éªŒè¯ï¼š/business/admin/train-station/queryList
2023-07-15 22:16:18.007 INFO  com.jktickets.filter.LoginMemberFilter            :30   [32m                  [0;39m ä¸éœ€è¦ç™»å½•éªŒè¯ï¼š/business/admin/train/queryList
2023-07-15 22:16:22.271 INFO  com.jktickets.filter.LoginMemberFilter            :30   [32m                  [0;39m ä¸éœ€è¦ç™»å½•éªŒè¯ï¼š/business/admin/station/queryList
2023-07-15 22:16:23.200 INFO  com.jktickets.filter.LoginMemberFilter            :30   [32m                  [0;39m ä¸éœ€è¦ç™»å½•éªŒè¯ï¼š/business/admin/train/queryList
2023-07-15 22:16:29.790 INFO  com.jktickets.filter.LoginMemberFilter            :30   [32m                  [0;39m ä¸éœ€è¦ç™»å½•éªŒè¯ï¼š/business/admin/station/queryList
2023-07-15 22:16:42.254 INFO  com.jktickets.filter.LoginMemberFilter            :30   [32m                  [0;39m ä¸éœ€è¦ç™»å½•éªŒè¯ï¼š/business/admin/station/save
2023-07-15 22:16:42.371 INFO  com.jktickets.filter.LoginMemberFilter            :30   [32m                  [0;39m ä¸éœ€è¦ç™»å½•éªŒè¯ï¼š/business/admin/station/queryList
2023-07-15 22:16:44.332 INFO  com.jktickets.filter.LoginMemberFilter            :30   [32m                  [0;39m ä¸éœ€è¦ç™»å½•éªŒè¯ï¼š/business/admin/train/queryList
2023-07-15 22:17:10.079 INFO  com.jktickets.filter.LoginMemberFilter            :30   [32m                  [0;39m ä¸éœ€è¦ç™»å½•éªŒè¯ï¼š/business/admin/station/queryAll
2023-07-15 22:17:10.157 INFO  com.jktickets.filter.LoginMemberFilter            :30   [32m                  [0;39m ä¸éœ€è¦ç™»å½•éªŒè¯ï¼š/business/admin/station/queryAll
2023-07-15 22:17:16.008 INFO  com.jktickets.filter.LoginMemberFilter            :30   [32m                  [0;39m ä¸éœ€è¦ç™»å½•éªŒè¯ï¼š/business/admin/train/save
2023-07-15 22:17:16.116 INFO  com.jktickets.filter.LoginMemberFilter            :30   [32m                  [0;39m ä¸éœ€è¦ç™»å½•éªŒè¯ï¼š/business/admin/train/queryList
2023-07-15 22:17:20.380 INFO  com.jktickets.filter.LoginMemberFilter            :30   [32m                  [0;39m ä¸éœ€è¦ç™»å½•éªŒè¯ï¼š/business/admin/train/queryList
2023-07-15 22:17:25.455 INFO  com.jktickets.filter.LoginMemberFilter            :30   [32m                  [0;39m ä¸éœ€è¦ç™»å½•éªŒè¯ï¼š/business/admin/train/save
2023-07-15 22:17:25.573 INFO  com.jktickets.filter.LoginMemberFilter            :30   [32m                  [0;39m ä¸éœ€è¦ç™»å½•éªŒè¯ï¼š/business/admin/train/queryList
2023-07-15 22:17:31.358 INFO  com.jktickets.filter.LoginMemberFilter            :30   [32m                  [0;39m ä¸éœ€è¦ç™»å½•éªŒè¯ï¼š/business/admin/station/queryList
2023-07-15 22:17:32.434 INFO  com.jktickets.filter.LoginMemberFilter            :30   [32m                  [0;39m ä¸éœ€è¦ç™»å½•éªŒè¯ï¼š/business/admin/train/queryList
2023-07-15 22:17:36.104 INFO  com.jktickets.filter.LoginMemberFilter            :30   [32m                  [0;39m ä¸éœ€è¦ç™»å½•éªŒè¯ï¼š/business/admin/train/queryAll
2023-07-15 22:17:36.105 INFO  com.jktickets.filter.LoginMemberFilter            :30   [32m                  [0;39m ä¸éœ€è¦ç™»å½•éªŒè¯ï¼š/business/admin/train-station/queryList
2023-07-15 22:20:44.616 INFO  com.jktickets.filter.LoginMemberFilter            :30   [32m                  [0;39m ä¸éœ€è¦ç™»å½•éªŒè¯ï¼š/business/admin/train/queryAll
2023-07-15 22:20:44.617 INFO  com.jktickets.filter.LoginMemberFilter            :30   [32m                  [0;39m ä¸éœ€è¦ç™»å½•éªŒè¯ï¼š/business/admin/trainStation/queryList
2023-07-15 22:21:14.428 INFO  com.jktickets.filter.LoginMemberFilter            :30   [32m                  [0;39m ä¸éœ€è¦ç™»å½•éªŒè¯ï¼š/business/admin/train/queryAll
2023-07-15 22:21:14.429 INFO  com.jktickets.filter.LoginMemberFilter            :30   [32m                  [0;39m ä¸éœ€è¦ç™»å½•éªŒè¯ï¼š/business/admin/trainStation/queryList
2023-07-15 22:21:24.111 INFO  com.jktickets.filter.LoginMemberFilter            :30   [32m                  [0;39m ä¸éœ€è¦ç™»å½•éªŒè¯ï¼š/business/admin/train/queryAll
2023-07-15 22:21:24.115 INFO  com.jktickets.filter.LoginMemberFilter            :30   [32m                  [0;39m ä¸éœ€è¦ç™»å½•éªŒè¯ï¼š/business/admin/trainStation/queryList
2023-07-15 22:21:38.564 INFO  com.jktickets.filter.LoginMemberFilter            :30   [32m                  [0;39m ä¸éœ€è¦ç™»å½•éªŒè¯ï¼š/business/admin/train/queryAll
2023-07-15 22:21:38.567 INFO  com.jktickets.filter.LoginMemberFilter            :30   [32m                  [0;39m ä¸éœ€è¦ç™»å½•éªŒè¯ï¼š/business/admin/station/queryAll
2023-07-15 22:22:15.554 INFO  com.jktickets.filter.LoginMemberFilter            :30   [32m                  [0;39m ä¸éœ€è¦ç™»å½•éªŒè¯ï¼š/business/admin/train/queryAll
2023-07-15 22:22:15.559 INFO  com.jktickets.filter.LoginMemberFilter            :30   [32m                  [0;39m ä¸éœ€è¦ç™»å½•éªŒè¯ï¼š/business/admin/trainStation/queryList
2023-07-15 22:22:20.009 INFO  com.jktickets.filter.LoginMemberFilter            :30   [32m                  [0;39m ä¸éœ€è¦ç™»å½•éªŒè¯ï¼š/business/admin/train/queryAll
2023-07-15 22:22:20.010 INFO  com.jktickets.filter.LoginMemberFilter            :30   [32m                  [0;39m ä¸éœ€è¦ç™»å½•éªŒè¯ï¼š/business/admin/station/queryAll
2023-07-15 22:23:09.812 INFO  com.jktickets.filter.LoginMemberFilter            :30   [32m                  [0;39m ä¸éœ€è¦ç™»å½•éªŒè¯ï¼š/business/admin/trainStation/save
2023-07-15 22:23:09.958 INFO  com.jktickets.filter.LoginMemberFilter            :30   [32m                  [0;39m ä¸éœ€è¦ç™»å½•éªŒè¯ï¼š/business/admin/trainStation/queryList
2023-07-15 23:30:42.542 INFO  com.jktickets.filter.LoginMemberFilter            :30   [32m                  [0;39m ä¸éœ€è¦ç™»å½•éªŒè¯ï¼š/business/admin/trainStation/save
2023-07-15 23:30:42.660 INFO  com.jktickets.filter.LoginMemberFilter            :30   [32m                  [0;39m ä¸éœ€è¦ç™»å½•éªŒè¯ï¼š/business/admin/trainStation/queryList
