2023-07-26 22:51:50.661 INFO  org.hibernate.validator.internal.util.Version     :21   [32m                  [0;39m HV000001: Hibernate Validator 8.0.0.Final
2023-07-26 22:51:50.987 INFO  com.jktickets.GatewayApplication                  :51   [32m                  [0;39m Starting GatewayApplication using Java 17.0.3 with PID 7656 (D:\Project\java\jk-tickets\gateway-service\target\classes started by Administrator in D:\Project\java\jk-tickets)
2023-07-26 22:51:50.988 INFO  com.jktickets.GatewayApplication                  :630  [32m                  [0;39m No active profile set, falling back to 1 default profile: "default"
2023-07-26 22:51:51.181 INFO  o.s.b.d.env.DevToolsPropertyDefaultsPostProcessor :250  [32m                  [0;39m Devtools property defaults active! Set 'spring.devtools.add-properties' to 'false' to disable
2023-07-26 22:51:51.184 INFO  o.s.b.d.env.DevToolsPropertyDefaultsPostProcessor :250  [32m                  [0;39m For additional web related logging consider setting the 'logging.level.web' property to 'DEBUG'
2023-07-26 22:51:55.112 INFO  o.springframework.cloud.context.scope.GenericScope:282  [32m                  [0;39m BeanFactory id=324267dc-ff55-3f4c-bee8-5e2f01045e68
2023-07-26 22:51:59.309 INFO  o.s.c.gateway.route.RouteDefinitionRouteLocator   :88   [32m                  [0;39m Loaded RoutePredicateFactory [After]
2023-07-26 22:51:59.309 INFO  o.s.c.gateway.route.RouteDefinitionRouteLocator   :88   [32m                  [0;39m Loaded RoutePredicateFactory [Before]
2023-07-26 22:51:59.310 INFO  o.s.c.gateway.route.RouteDefinitionRouteLocator   :88   [32m                  [0;39m Loaded RoutePredicateFactory [Between]
2023-07-26 22:51:59.310 INFO  o.s.c.gateway.route.RouteDefinitionRouteLocator   :88   [32m                  [0;39m Loaded RoutePredicateFactory [Cookie]
2023-07-26 22:51:59.310 INFO  o.s.c.gateway.route.RouteDefinitionRouteLocator   :88   [32m                  [0;39m Loaded RoutePredicateFactory [Header]
2023-07-26 22:51:59.311 INFO  o.s.c.gateway.route.RouteDefinitionRouteLocator   :88   [32m                  [0;39m Loaded RoutePredicateFactory [Host]
2023-07-26 22:51:59.311 INFO  o.s.c.gateway.route.RouteDefinitionRouteLocator   :88   [32m                  [0;39m Loaded RoutePredicateFactory [Method]
2023-07-26 22:51:59.311 INFO  o.s.c.gateway.route.RouteDefinitionRouteLocator   :88   [32m                  [0;39m Loaded RoutePredicateFactory [Path]
2023-07-26 22:51:59.312 INFO  o.s.c.gateway.route.RouteDefinitionRouteLocator   :88   [32m                  [0;39m Loaded RoutePredicateFactory [Query]
2023-07-26 22:51:59.312 INFO  o.s.c.gateway.route.RouteDefinitionRouteLocator   :88   [32m                  [0;39m Loaded RoutePredicateFactory [ReadBody]
2023-07-26 22:51:59.312 INFO  o.s.c.gateway.route.RouteDefinitionRouteLocator   :88   [32m                  [0;39m Loaded RoutePredicateFactory [RemoteAddr]
2023-07-26 22:51:59.312 INFO  o.s.c.gateway.route.RouteDefinitionRouteLocator   :88   [32m                  [0;39m Loaded RoutePredicateFactory [XForwardedRemoteAddr]
2023-07-26 22:51:59.312 INFO  o.s.c.gateway.route.RouteDefinitionRouteLocator   :88   [32m                  [0;39m Loaded RoutePredicateFactory [Weight]
2023-07-26 22:51:59.313 INFO  o.s.c.gateway.route.RouteDefinitionRouteLocator   :88   [32m                  [0;39m Loaded RoutePredicateFactory [CloudFoundryRouteService]
2023-07-26 22:51:59.952 INFO  o.s.b.d.autoconfigure.OptionalLiveReloadServer    :59   [32m                  [0;39m LiveReload server is running on port 35729
2023-07-26 22:52:01.495 INFO  o.s.boot.web.embedded.netty.NettyWebServer        :111  [32m                  [0;39m Netty started on port 8000
2023-07-26 22:52:02.445 INFO  com.jktickets.GatewayApplication                  :57   [32m                  [0;39m Started GatewayApplication in 13.846 seconds (process running for 16.198)
2023-07-26 22:52:02.451 INFO  com.jktickets.GatewayApplication                  :22   [32m                  [0;39m å¯åŠ¨æˆåŠŸï¼ï¼
2023-07-26 22:52:02.452 INFO  com.jktickets.GatewayApplication                  :24   [32m                  [0;39m æµ‹è¯•åœ°å€: 	http://127.0.0.1:8000
2023-07-26 22:54:21.594 INFO  com.jktickets.filter.LoginMemberFilter            :30   [32m                  [0;39m ä¸éœ€è¦ç™»å½•éªŒè¯ï¼š/member/member/sendCode
2023-07-26 22:54:23.986 INFO  com.jktickets.filter.LoginMemberFilter            :30   [32m                  [0;39m ä¸éœ€è¦ç™»å½•éªŒè¯ï¼š/member/member/login
2023-07-26 22:54:34.128 INFO  com.jktickets.filter.LoginMemberFilter            :33   [32m                  [0;39m éœ€è¦ç™»å½•éªŒè¯ï¼š/business/station/queryAll
2023-07-26 22:54:34.129 INFO  com.jktickets.filter.LoginMemberFilter            :37   [32m                  [0;39m ä¼šå‘˜ç™»å½•éªŒè¯å¼€å§‹ï¼Œtokenï¼šeyJ0eXAiOiJKV1QiLCJhbGciOiJIUzI1NiJ9.eyJuYmYiOjE2OTAzODMyNjQsIm1vYmlsZSI6IjEzMDAwMDAwMDAwIiwiaWQiOjE2ODA5MzI5MDI3OTc0NDcxNjgsImV4cCI6MTY5MDQ2OTY2NCwiaWF0IjoxNjkwMzgzMjY0fQ.48VDaoJA-5rbFeMUX7MpYb7gwu7gTOW423LQ953khZs
2023-07-26 22:54:34.536 INFO  com.jktickets.utils.JwtUtil                       :48   [32m                  [0;39m JWT tokenæ ¡éªŒç»“æœï¼štrue
2023-07-26 22:54:34.537 INFO  com.jktickets.filter.LoginMemberFilter            :47   [32m                  [0;39m tokenæœ‰æ•ˆï¼Œæ”¾è¡Œè¯¥è¯·æ±‚
2023-07-26 22:54:35.719 INFO  com.jktickets.filter.LoginMemberFilter            :33   [32m                  [0;39m éœ€è¦ç™»å½•éªŒè¯ï¼š/business/station/queryAll
2023-07-26 22:54:35.720 INFO  com.jktickets.filter.LoginMemberFilter            :37   [32m                  [0;39m ä¼šå‘˜ç™»å½•éªŒè¯å¼€å§‹ï¼Œtokenï¼šeyJ0eXAiOiJKV1QiLCJhbGciOiJIUzI1NiJ9.eyJuYmYiOjE2OTAzODMyNjQsIm1vYmlsZSI6IjEzMDAwMDAwMDAwIiwiaWQiOjE2ODA5MzI5MDI3OTc0NDcxNjgsImV4cCI6MTY5MDQ2OTY2NCwiaWF0IjoxNjkwMzgzMjY0fQ.48VDaoJA-5rbFeMUX7MpYb7gwu7gTOW423LQ953khZs
2023-07-26 22:54:35.722 INFO  com.jktickets.utils.JwtUtil                       :48   [32m                  [0;39m JWT tokenæ ¡éªŒç»“æœï¼štrue
2023-07-26 22:54:35.723 INFO  com.jktickets.filter.LoginMemberFilter            :47   [32m                  [0;39m tokenæœ‰æ•ˆï¼Œæ”¾è¡Œè¯¥è¯·æ±‚
2023-07-26 22:54:42.669 INFO  com.jktickets.filter.LoginMemberFilter            :33   [32m                  [0;39m éœ€è¦ç™»å½•éªŒè¯ï¼š/business/dailyTrainTicket/queryList
2023-07-26 22:54:42.670 INFO  com.jktickets.filter.LoginMemberFilter            :37   [32m                  [0;39m ä¼šå‘˜ç™»å½•éªŒè¯å¼€å§‹ï¼Œtokenï¼šeyJ0eXAiOiJKV1QiLCJhbGciOiJIUzI1NiJ9.eyJuYmYiOjE2OTAzODMyNjQsIm1vYmlsZSI6IjEzMDAwMDAwMDAwIiwiaWQiOjE2ODA5MzI5MDI3OTc0NDcxNjgsImV4cCI6MTY5MDQ2OTY2NCwiaWF0IjoxNjkwMzgzMjY0fQ.48VDaoJA-5rbFeMUX7MpYb7gwu7gTOW423LQ953khZs
2023-07-26 22:54:42.671 INFO  com.jktickets.utils.JwtUtil                       :48   [32m                  [0;39m JWT tokenæ ¡éªŒç»“æœï¼štrue
2023-07-26 22:54:42.672 INFO  com.jktickets.filter.LoginMemberFilter            :47   [32m                  [0;39m tokenæœ‰æ•ˆï¼Œæ”¾è¡Œè¯¥è¯·æ±‚
2023-07-26 22:54:49.891 INFO  com.jktickets.filter.LoginMemberFilter            :33   [32m                  [0;39m éœ€è¦ç™»å½•éªŒè¯ï¼š/member/passenger/queryMine
2023-07-26 22:54:49.892 INFO  com.jktickets.filter.LoginMemberFilter            :37   [32m                  [0;39m ä¼šå‘˜ç™»å½•éªŒè¯å¼€å§‹ï¼Œtokenï¼šeyJ0eXAiOiJKV1QiLCJhbGciOiJIUzI1NiJ9.eyJuYmYiOjE2OTAzODMyNjQsIm1vYmlsZSI6IjEzMDAwMDAwMDAwIiwiaWQiOjE2ODA5MzI5MDI3OTc0NDcxNjgsImV4cCI6MTY5MDQ2OTY2NCwiaWF0IjoxNjkwMzgzMjY0fQ.48VDaoJA-5rbFeMUX7MpYb7gwu7gTOW423LQ953khZs
2023-07-26 22:54:49.892 INFO  com.jktickets.utils.JwtUtil                       :48   [32m                  [0;39m JWT tokenæ ¡éªŒç»“æœï¼štrue
2023-07-26 22:54:49.893 INFO  com.jktickets.filter.LoginMemberFilter            :47   [32m                  [0;39m tokenæœ‰æ•ˆï¼Œæ”¾è¡Œè¯¥è¯·æ±‚
2023-07-26 22:55:03.692 INFO  com.jktickets.filter.LoginMemberFilter            :33   [32m                  [0;39m éœ€è¦ç™»å½•éªŒè¯ï¼š/business/confirmOrder/doConfirm
2023-07-26 22:55:03.693 INFO  com.jktickets.filter.LoginMemberFilter            :37   [32m                  [0;39m ä¼šå‘˜ç™»å½•éªŒè¯å¼€å§‹ï¼Œtokenï¼šeyJ0eXAiOiJKV1QiLCJhbGciOiJIUzI1NiJ9.eyJuYmYiOjE2OTAzODMyNjQsIm1vYmlsZSI6IjEzMDAwMDAwMDAwIiwiaWQiOjE2ODA5MzI5MDI3OTc0NDcxNjgsImV4cCI6MTY5MDQ2OTY2NCwiaWF0IjoxNjkwMzgzMjY0fQ.48VDaoJA-5rbFeMUX7MpYb7gwu7gTOW423LQ953khZs
2023-07-26 22:55:03.695 INFO  com.jktickets.utils.JwtUtil                       :48   [32m                  [0;39m JWT tokenæ ¡éªŒç»“æœï¼štrue
2023-07-26 22:55:03.695 INFO  com.jktickets.filter.LoginMemberFilter            :47   [32m                  [0;39m tokenæœ‰æ•ˆï¼Œæ”¾è¡Œè¯¥è¯·æ±‚
2023-07-26 22:59:48.788 INFO  com.jktickets.filter.LoginMemberFilter            :33   [32m                  [0;39m éœ€è¦ç™»å½•éªŒè¯ï¼š/business/confirmOrder/doConfirm
2023-07-26 22:59:48.789 INFO  com.jktickets.filter.LoginMemberFilter            :37   [32m                  [0;39m ä¼šå‘˜ç™»å½•éªŒè¯å¼€å§‹ï¼Œtokenï¼šeyJ0eXAiOiJKV1QiLCJhbGciOiJIUzI1NiJ9.eyJuYmYiOjE2OTAzODMyNjQsIm1vYmlsZSI6IjEzMDAwMDAwMDAwIiwiaWQiOjE2ODA5MzI5MDI3OTc0NDcxNjgsImV4cCI6MTY5MDQ2OTY2NCwiaWF0IjoxNjkwMzgzMjY0fQ.48VDaoJA-5rbFeMUX7MpYb7gwu7gTOW423LQ953khZs
2023-07-26 22:59:48.790 INFO  com.jktickets.utils.JwtUtil                       :48   [32m                  [0;39m JWT tokenæ ¡éªŒç»“æœï¼štrue
2023-07-26 22:59:48.790 INFO  com.jktickets.filter.LoginMemberFilter            :47   [32m                  [0;39m tokenæœ‰æ•ˆï¼Œæ”¾è¡Œè¯¥è¯·æ±‚
2023-07-26 23:02:35.397 INFO  com.jktickets.filter.LoginMemberFilter            :33   [32m                  [0;39m éœ€è¦ç™»å½•éªŒè¯ï¼š/business/confirmOrder/doConfirm
2023-07-26 23:02:35.397 INFO  com.jktickets.filter.LoginMemberFilter            :37   [32m                  [0;39m ä¼šå‘˜ç™»å½•éªŒè¯å¼€å§‹ï¼Œtokenï¼šeyJ0eXAiOiJKV1QiLCJhbGciOiJIUzI1NiJ9.eyJuYmYiOjE2OTAzODMyNjQsIm1vYmlsZSI6IjEzMDAwMDAwMDAwIiwiaWQiOjE2ODA5MzI5MDI3OTc0NDcxNjgsImV4cCI6MTY5MDQ2OTY2NCwiaWF0IjoxNjkwMzgzMjY0fQ.48VDaoJA-5rbFeMUX7MpYb7gwu7gTOW423LQ953khZs
2023-07-26 23:02:35.398 INFO  com.jktickets.utils.JwtUtil                       :48   [32m                  [0;39m JWT tokenæ ¡éªŒç»“æœï¼štrue
2023-07-26 23:02:35.398 INFO  com.jktickets.filter.LoginMemberFilter            :47   [32m                  [0;39m tokenæœ‰æ•ˆï¼Œæ”¾è¡Œè¯¥è¯·æ±‚
2023-07-26 23:12:19.369 INFO  com.jktickets.filter.LoginMemberFilter            :33   [32m                  [0;39m éœ€è¦ç™»å½•éªŒè¯ï¼š/business/confirmOrder/doConfirm
2023-07-26 23:12:19.369 INFO  com.jktickets.filter.LoginMemberFilter            :37   [32m                  [0;39m ä¼šå‘˜ç™»å½•éªŒè¯å¼€å§‹ï¼Œtokenï¼šeyJ0eXAiOiJKV1QiLCJhbGciOiJIUzI1NiJ9.eyJuYmYiOjE2OTAzODMyNjQsIm1vYmlsZSI6IjEzMDAwMDAwMDAwIiwiaWQiOjE2ODA5MzI5MDI3OTc0NDcxNjgsImV4cCI6MTY5MDQ2OTY2NCwiaWF0IjoxNjkwMzgzMjY0fQ.48VDaoJA-5rbFeMUX7MpYb7gwu7gTOW423LQ953khZs
2023-07-26 23:12:19.370 INFO  com.jktickets.utils.JwtUtil                       :48   [32m                  [0;39m JWT tokenæ ¡éªŒç»“æœï¼štrue
2023-07-26 23:12:19.370 INFO  com.jktickets.filter.LoginMemberFilter            :47   [32m                  [0;39m tokenæœ‰æ•ˆï¼Œæ”¾è¡Œè¯¥è¯·æ±‚
2023-07-26 23:20:47.241 INFO  com.jktickets.filter.LoginMemberFilter            :33   [32m                  [0;39m éœ€è¦ç™»å½•éªŒè¯ï¼š/business/confirmOrder/doConfirm
2023-07-26 23:20:47.242 INFO  com.jktickets.filter.LoginMemberFilter            :37   [32m                  [0;39m ä¼šå‘˜ç™»å½•éªŒè¯å¼€å§‹ï¼Œtokenï¼šeyJ0eXAiOiJKV1QiLCJhbGciOiJIUzI1NiJ9.eyJuYmYiOjE2OTAzODMyNjQsIm1vYmlsZSI6IjEzMDAwMDAwMDAwIiwiaWQiOjE2ODA5MzI5MDI3OTc0NDcxNjgsImV4cCI6MTY5MDQ2OTY2NCwiaWF0IjoxNjkwMzgzMjY0fQ.48VDaoJA-5rbFeMUX7MpYb7gwu7gTOW423LQ953khZs
2023-07-26 23:20:47.243 INFO  com.jktickets.utils.JwtUtil                       :48   [32m                  [0;39m JWT tokenæ ¡éªŒç»“æœï¼štrue
2023-07-26 23:20:47.243 INFO  com.jktickets.filter.LoginMemberFilter            :47   [32m                  [0;39m tokenæœ‰æ•ˆï¼Œæ”¾è¡Œè¯¥è¯·æ±‚
2023-07-26 23:23:18.201 INFO  com.jktickets.filter.LoginMemberFilter            :33   [32m                  [0;39m éœ€è¦ç™»å½•éªŒè¯ï¼š/business/confirmOrder/doConfirm
2023-07-26 23:23:18.202 INFO  com.jktickets.filter.LoginMemberFilter            :37   [32m                  [0;39m ä¼šå‘˜ç™»å½•éªŒè¯å¼€å§‹ï¼Œtokenï¼šeyJ0eXAiOiJKV1QiLCJhbGciOiJIUzI1NiJ9.eyJuYmYiOjE2OTAzODMyNjQsIm1vYmlsZSI6IjEzMDAwMDAwMDAwIiwiaWQiOjE2ODA5MzI5MDI3OTc0NDcxNjgsImV4cCI6MTY5MDQ2OTY2NCwiaWF0IjoxNjkwMzgzMjY0fQ.48VDaoJA-5rbFeMUX7MpYb7gwu7gTOW423LQ953khZs
2023-07-26 23:23:18.203 INFO  com.jktickets.utils.JwtUtil                       :48   [32m                  [0;39m JWT tokenæ ¡éªŒç»“æœï¼štrue
2023-07-26 23:23:18.203 INFO  com.jktickets.filter.LoginMemberFilter            :47   [32m                  [0;39m tokenæœ‰æ•ˆï¼Œæ”¾è¡Œè¯¥è¯·æ±‚
