2023-07-24 19:44:59.077 INFO  org.hibernate.validator.internal.util.Version     :21   [32m                  [0;39m HV000001: Hibernate Validator 8.0.0.Final
2023-07-24 19:44:59.147 INFO  com.jktickets.GatewayApplication                  :51   [32m                  [0;39m Starting GatewayApplication using Java 17.0.3 with PID 15096 (D:\Project\java\jk-tickets\gateway-service\target\classes started by Administrator in D:\Project\java\jk-tickets)
2023-07-24 19:44:59.149 INFO  com.jktickets.GatewayApplication                  :630  [32m                  [0;39m No active profile set, falling back to 1 default profile: "default"
2023-07-24 19:44:59.219 INFO  o.s.b.d.env.DevToolsPropertyDefaultsPostProcessor :250  [32m                  [0;39m Devtools property defaults active! Set 'spring.devtools.add-properties' to 'false' to disable
2023-07-24 19:44:59.220 INFO  o.s.b.d.env.DevToolsPropertyDefaultsPostProcessor :250  [32m                  [0;39m For additional web related logging consider setting the 'logging.level.web' property to 'DEBUG'
2023-07-24 19:45:00.345 INFO  o.springframework.cloud.context.scope.GenericScope:282  [32m                  [0;39m BeanFactory id=324267dc-ff55-3f4c-bee8-5e2f01045e68
2023-07-24 19:45:02.180 INFO  o.s.c.gateway.route.RouteDefinitionRouteLocator   :88   [32m                  [0;39m Loaded RoutePredicateFactory [After]
2023-07-24 19:45:02.180 INFO  o.s.c.gateway.route.RouteDefinitionRouteLocator   :88   [32m                  [0;39m Loaded RoutePredicateFactory [Before]
2023-07-24 19:45:02.181 INFO  o.s.c.gateway.route.RouteDefinitionRouteLocator   :88   [32m                  [0;39m Loaded RoutePredicateFactory [Between]
2023-07-24 19:45:02.182 INFO  o.s.c.gateway.route.RouteDefinitionRouteLocator   :88   [32m                  [0;39m Loaded RoutePredicateFactory [Cookie]
2023-07-24 19:45:02.183 INFO  o.s.c.gateway.route.RouteDefinitionRouteLocator   :88   [32m                  [0;39m Loaded RoutePredicateFactory [Header]
2023-07-24 19:45:02.183 INFO  o.s.c.gateway.route.RouteDefinitionRouteLocator   :88   [32m                  [0;39m Loaded RoutePredicateFactory [Host]
2023-07-24 19:45:02.184 INFO  o.s.c.gateway.route.RouteDefinitionRouteLocator   :88   [32m                  [0;39m Loaded RoutePredicateFactory [Method]
2023-07-24 19:45:02.185 INFO  o.s.c.gateway.route.RouteDefinitionRouteLocator   :88   [32m                  [0;39m Loaded RoutePredicateFactory [Path]
2023-07-24 19:45:02.185 INFO  o.s.c.gateway.route.RouteDefinitionRouteLocator   :88   [32m                  [0;39m Loaded RoutePredicateFactory [Query]
2023-07-24 19:45:02.186 INFO  o.s.c.gateway.route.RouteDefinitionRouteLocator   :88   [32m                  [0;39m Loaded RoutePredicateFactory [ReadBody]
2023-07-24 19:45:02.186 INFO  o.s.c.gateway.route.RouteDefinitionRouteLocator   :88   [32m                  [0;39m Loaded RoutePredicateFactory [RemoteAddr]
2023-07-24 19:45:02.187 INFO  o.s.c.gateway.route.RouteDefinitionRouteLocator   :88   [32m                  [0;39m Loaded RoutePredicateFactory [XForwardedRemoteAddr]
2023-07-24 19:45:02.187 INFO  o.s.c.gateway.route.RouteDefinitionRouteLocator   :88   [32m                  [0;39m Loaded RoutePredicateFactory [Weight]
2023-07-24 19:45:02.188 INFO  o.s.c.gateway.route.RouteDefinitionRouteLocator   :88   [32m                  [0;39m Loaded RoutePredicateFactory [CloudFoundryRouteService]
2023-07-24 19:45:02.604 WARN  o.s.b.d.autoconfigure.OptionalLiveReloadServer    :62   [32m                  [0;39m Unable to start LiveReload server
2023-07-24 19:45:03.640 INFO  o.s.boot.web.embedded.netty.NettyWebServer        :111  [32m                  [0;39m Netty started on port 8000
2023-07-24 19:45:05.465 INFO  com.jktickets.GatewayApplication                  :57   [32m                  [0;39m Started GatewayApplication in 7.599 seconds (process running for 9.135)
2023-07-24 19:45:05.471 INFO  com.jktickets.GatewayApplication                  :22   [32m                  [0;39m å¯åŠ¨æˆåŠŸï¼ï¼
2023-07-24 19:45:05.472 INFO  com.jktickets.GatewayApplication                  :24   [32m                  [0;39m æµ‹è¯•åœ°å€: 	http://127.0.0.1:8000
2023-07-24 19:48:13.602 INFO  com.jktickets.filter.LoginMemberFilter            :30   [32m                  [0;39m ä¸éœ€è¦ç™»å½•éªŒè¯ï¼š/member/member/sendCode
2023-07-24 19:48:17.116 INFO  com.jktickets.filter.LoginMemberFilter            :30   [32m                  [0;39m ä¸éœ€è¦ç™»å½•éªŒè¯ï¼š/member/member/login
2023-07-24 19:48:32.155 INFO  com.jktickets.filter.LoginMemberFilter            :33   [32m                  [0;39m éœ€è¦ç™»å½•éªŒè¯ï¼š/business/station/queryAll
2023-07-24 19:48:32.156 INFO  com.jktickets.filter.LoginMemberFilter            :37   [32m                  [0;39m ä¼šå‘˜ç™»å½•éªŒè¯å¼€å§‹ï¼Œtokenï¼šeyJ0eXAiOiJKV1QiLCJhbGciOiJIUzI1NiJ9.eyJuYmYiOjE2OTAxOTkyOTcsIm1vYmlsZSI6IjEzMDAwMDAwMDAwIiwiaWQiOjE2ODA5MzI5MDI3OTc0NDcxNjgsImV4cCI6MTY5MDI4NTY5NywiaWF0IjoxNjkwMTk5Mjk3fQ.baEsqLqH9aAgXrMCKcwnO-Nz-djH3yLl9zjAYh3AIMw
2023-07-24 19:48:32.557 INFO  com.jktickets.utils.JwtUtil                       :48   [32m                  [0;39m JWT tokenæ ¡éªŒç»“æœï¼štrue
2023-07-24 19:48:32.558 INFO  com.jktickets.filter.LoginMemberFilter            :47   [32m                  [0;39m tokenæœ‰æ•ˆï¼Œæ”¾è¡Œè¯¥è¯·æ±‚
2023-07-24 19:48:33.910 INFO  com.jktickets.filter.LoginMemberFilter            :33   [32m                  [0;39m éœ€è¦ç™»å½•éªŒè¯ï¼š/business/station/queryAll
2023-07-24 19:48:33.911 INFO  com.jktickets.filter.LoginMemberFilter            :37   [32m                  [0;39m ä¼šå‘˜ç™»å½•éªŒè¯å¼€å§‹ï¼Œtokenï¼šeyJ0eXAiOiJKV1QiLCJhbGciOiJIUzI1NiJ9.eyJuYmYiOjE2OTAxOTkyOTcsIm1vYmlsZSI6IjEzMDAwMDAwMDAwIiwiaWQiOjE2ODA5MzI5MDI3OTc0NDcxNjgsImV4cCI6MTY5MDI4NTY5NywiaWF0IjoxNjkwMTk5Mjk3fQ.baEsqLqH9aAgXrMCKcwnO-Nz-djH3yLl9zjAYh3AIMw
2023-07-24 19:48:33.912 INFO  com.jktickets.utils.JwtUtil                       :48   [32m                  [0;39m JWT tokenæ ¡éªŒç»“æœï¼štrue
2023-07-24 19:48:33.913 INFO  com.jktickets.filter.LoginMemberFilter            :47   [32m                  [0;39m tokenæœ‰æ•ˆï¼Œæ”¾è¡Œè¯¥è¯·æ±‚
2023-07-24 19:48:39.719 INFO  com.jktickets.filter.LoginMemberFilter            :33   [32m                  [0;39m éœ€è¦ç™»å½•éªŒè¯ï¼š/business/dailyTrainTicket/queryList
2023-07-24 19:48:39.720 INFO  com.jktickets.filter.LoginMemberFilter            :37   [32m                  [0;39m ä¼šå‘˜ç™»å½•éªŒè¯å¼€å§‹ï¼Œtokenï¼šeyJ0eXAiOiJKV1QiLCJhbGciOiJIUzI1NiJ9.eyJuYmYiOjE2OTAxOTkyOTcsIm1vYmlsZSI6IjEzMDAwMDAwMDAwIiwiaWQiOjE2ODA5MzI5MDI3OTc0NDcxNjgsImV4cCI6MTY5MDI4NTY5NywiaWF0IjoxNjkwMTk5Mjk3fQ.baEsqLqH9aAgXrMCKcwnO-Nz-djH3yLl9zjAYh3AIMw
2023-07-24 19:48:39.722 INFO  com.jktickets.utils.JwtUtil                       :48   [32m                  [0;39m JWT tokenæ ¡éªŒç»“æœï¼štrue
2023-07-24 19:48:39.723 INFO  com.jktickets.filter.LoginMemberFilter            :47   [32m                  [0;39m tokenæœ‰æ•ˆï¼Œæ”¾è¡Œè¯¥è¯·æ±‚
2023-07-24 19:48:48.507 INFO  com.jktickets.filter.LoginMemberFilter            :33   [32m                  [0;39m éœ€è¦ç™»å½•éªŒè¯ï¼š/business/dailyTrainTicket/queryList
2023-07-24 19:48:48.508 INFO  com.jktickets.filter.LoginMemberFilter            :37   [32m                  [0;39m ä¼šå‘˜ç™»å½•éªŒè¯å¼€å§‹ï¼Œtokenï¼šeyJ0eXAiOiJKV1QiLCJhbGciOiJIUzI1NiJ9.eyJuYmYiOjE2OTAxOTkyOTcsIm1vYmlsZSI6IjEzMDAwMDAwMDAwIiwiaWQiOjE2ODA5MzI5MDI3OTc0NDcxNjgsImV4cCI6MTY5MDI4NTY5NywiaWF0IjoxNjkwMTk5Mjk3fQ.baEsqLqH9aAgXrMCKcwnO-Nz-djH3yLl9zjAYh3AIMw
2023-07-24 19:48:48.509 INFO  com.jktickets.utils.JwtUtil                       :48   [32m                  [0;39m JWT tokenæ ¡éªŒç»“æœï¼štrue
2023-07-24 19:48:48.509 INFO  com.jktickets.filter.LoginMemberFilter            :47   [32m                  [0;39m tokenæœ‰æ•ˆï¼Œæ”¾è¡Œè¯¥è¯·æ±‚
2023-07-24 19:48:50.232 INFO  com.jktickets.filter.LoginMemberFilter            :33   [32m                  [0;39m éœ€è¦ç™»å½•éªŒè¯ï¼š/member/passenger/queryMine
2023-07-24 19:48:50.233 INFO  com.jktickets.filter.LoginMemberFilter            :37   [32m                  [0;39m ä¼šå‘˜ç™»å½•éªŒè¯å¼€å§‹ï¼Œtokenï¼šeyJ0eXAiOiJKV1QiLCJhbGciOiJIUzI1NiJ9.eyJuYmYiOjE2OTAxOTkyOTcsIm1vYmlsZSI6IjEzMDAwMDAwMDAwIiwiaWQiOjE2ODA5MzI5MDI3OTc0NDcxNjgsImV4cCI6MTY5MDI4NTY5NywiaWF0IjoxNjkwMTk5Mjk3fQ.baEsqLqH9aAgXrMCKcwnO-Nz-djH3yLl9zjAYh3AIMw
2023-07-24 19:48:50.235 INFO  com.jktickets.utils.JwtUtil                       :48   [32m                  [0;39m JWT tokenæ ¡éªŒç»“æœï¼štrue
2023-07-24 19:48:50.235 INFO  com.jktickets.filter.LoginMemberFilter            :47   [32m                  [0;39m tokenæœ‰æ•ˆï¼Œæ”¾è¡Œè¯¥è¯·æ±‚
2023-07-24 19:49:01.591 INFO  com.jktickets.filter.LoginMemberFilter            :33   [32m                  [0;39m éœ€è¦ç™»å½•éªŒè¯ï¼š/business/confirmOrder/doConfirm
2023-07-24 19:49:01.592 INFO  com.jktickets.filter.LoginMemberFilter            :37   [32m                  [0;39m ä¼šå‘˜ç™»å½•éªŒè¯å¼€å§‹ï¼Œtokenï¼šeyJ0eXAiOiJKV1QiLCJhbGciOiJIUzI1NiJ9.eyJuYmYiOjE2OTAxOTkyOTcsIm1vYmlsZSI6IjEzMDAwMDAwMDAwIiwiaWQiOjE2ODA5MzI5MDI3OTc0NDcxNjgsImV4cCI6MTY5MDI4NTY5NywiaWF0IjoxNjkwMTk5Mjk3fQ.baEsqLqH9aAgXrMCKcwnO-Nz-djH3yLl9zjAYh3AIMw
2023-07-24 19:49:01.593 INFO  com.jktickets.utils.JwtUtil                       :48   [32m                  [0;39m JWT tokenæ ¡éªŒç»“æœï¼štrue
2023-07-24 19:49:01.594 INFO  com.jktickets.filter.LoginMemberFilter            :47   [32m                  [0;39m tokenæœ‰æ•ˆï¼Œæ”¾è¡Œè¯¥è¯·æ±‚
2023-07-24 20:05:46.676 INFO  com.jktickets.filter.LoginMemberFilter            :33   [32m                  [0;39m éœ€è¦ç™»å½•éªŒè¯ï¼š/business/confirmOrder/doConfirm
2023-07-24 20:05:46.677 INFO  com.jktickets.filter.LoginMemberFilter            :37   [32m                  [0;39m ä¼šå‘˜ç™»å½•éªŒè¯å¼€å§‹ï¼Œtokenï¼šeyJ0eXAiOiJKV1QiLCJhbGciOiJIUzI1NiJ9.eyJuYmYiOjE2OTAxOTkyOTcsIm1vYmlsZSI6IjEzMDAwMDAwMDAwIiwiaWQiOjE2ODA5MzI5MDI3OTc0NDcxNjgsImV4cCI6MTY5MDI4NTY5NywiaWF0IjoxNjkwMTk5Mjk3fQ.baEsqLqH9aAgXrMCKcwnO-Nz-djH3yLl9zjAYh3AIMw
2023-07-24 20:05:46.677 INFO  com.jktickets.utils.JwtUtil                       :48   [32m                  [0;39m JWT tokenæ ¡éªŒç»“æœï¼štrue
2023-07-24 20:05:46.678 INFO  com.jktickets.filter.LoginMemberFilter            :47   [32m                  [0;39m tokenæœ‰æ•ˆï¼Œæ”¾è¡Œè¯¥è¯·æ±‚
2023-07-24 20:11:48.872 INFO  com.jktickets.filter.LoginMemberFilter            :33   [32m                  [0;39m éœ€è¦ç™»å½•éªŒè¯ï¼š/business/confirmOrder/doConfirm
2023-07-24 20:11:48.873 INFO  com.jktickets.filter.LoginMemberFilter            :37   [32m                  [0;39m ä¼šå‘˜ç™»å½•éªŒè¯å¼€å§‹ï¼Œtokenï¼šeyJ0eXAiOiJKV1QiLCJhbGciOiJIUzI1NiJ9.eyJuYmYiOjE2OTAxOTkyOTcsIm1vYmlsZSI6IjEzMDAwMDAwMDAwIiwiaWQiOjE2ODA5MzI5MDI3OTc0NDcxNjgsImV4cCI6MTY5MDI4NTY5NywiaWF0IjoxNjkwMTk5Mjk3fQ.baEsqLqH9aAgXrMCKcwnO-Nz-djH3yLl9zjAYh3AIMw
2023-07-24 20:11:48.873 INFO  com.jktickets.utils.JwtUtil                       :48   [32m                  [0;39m JWT tokenæ ¡éªŒç»“æœï¼štrue
2023-07-24 20:11:48.874 INFO  com.jktickets.filter.LoginMemberFilter            :47   [32m                  [0;39m tokenæœ‰æ•ˆï¼Œæ”¾è¡Œè¯¥è¯·æ±‚
2023-07-24 20:21:05.521 INFO  com.jktickets.filter.LoginMemberFilter            :33   [32m                  [0;39m éœ€è¦ç™»å½•éªŒè¯ï¼š/business/confirmOrder/doConfirm
2023-07-24 20:21:05.522 INFO  com.jktickets.filter.LoginMemberFilter            :37   [32m                  [0;39m ä¼šå‘˜ç™»å½•éªŒè¯å¼€å§‹ï¼Œtokenï¼šeyJ0eXAiOiJKV1QiLCJhbGciOiJIUzI1NiJ9.eyJuYmYiOjE2OTAxOTkyOTcsIm1vYmlsZSI6IjEzMDAwMDAwMDAwIiwiaWQiOjE2ODA5MzI5MDI3OTc0NDcxNjgsImV4cCI6MTY5MDI4NTY5NywiaWF0IjoxNjkwMTk5Mjk3fQ.baEsqLqH9aAgXrMCKcwnO-Nz-djH3yLl9zjAYh3AIMw
2023-07-24 20:21:05.523 INFO  com.jktickets.utils.JwtUtil                       :48   [32m                  [0;39m JWT tokenæ ¡éªŒç»“æœï¼štrue
2023-07-24 20:21:05.523 INFO  com.jktickets.filter.LoginMemberFilter            :47   [32m                  [0;39m tokenæœ‰æ•ˆï¼Œæ”¾è¡Œè¯¥è¯·æ±‚
2023-07-24 20:23:43.389 INFO  com.jktickets.filter.LoginMemberFilter            :33   [32m                  [0;39m éœ€è¦ç™»å½•éªŒè¯ï¼š/business/confirmOrder/doConfirm
2023-07-24 20:23:43.390 INFO  com.jktickets.filter.LoginMemberFilter            :37   [32m                  [0;39m ä¼šå‘˜ç™»å½•éªŒè¯å¼€å§‹ï¼Œtokenï¼šeyJ0eXAiOiJKV1QiLCJhbGciOiJIUzI1NiJ9.eyJuYmYiOjE2OTAxOTkyOTcsIm1vYmlsZSI6IjEzMDAwMDAwMDAwIiwiaWQiOjE2ODA5MzI5MDI3OTc0NDcxNjgsImV4cCI6MTY5MDI4NTY5NywiaWF0IjoxNjkwMTk5Mjk3fQ.baEsqLqH9aAgXrMCKcwnO-Nz-djH3yLl9zjAYh3AIMw
2023-07-24 20:23:43.391 INFO  com.jktickets.utils.JwtUtil                       :48   [32m                  [0;39m JWT tokenæ ¡éªŒç»“æœï¼štrue
2023-07-24 20:23:43.391 INFO  com.jktickets.filter.LoginMemberFilter            :47   [32m                  [0;39m tokenæœ‰æ•ˆï¼Œæ”¾è¡Œè¯¥è¯·æ±‚
2023-07-24 22:06:25.923 INFO  com.jktickets.filter.LoginMemberFilter            :33   [32m                  [0;39m éœ€è¦ç™»å½•éªŒè¯ï¼š/business/confirmOrder/doConfirm
2023-07-24 22:06:25.927 INFO  com.jktickets.filter.LoginMemberFilter            :37   [32m                  [0;39m ä¼šå‘˜ç™»å½•éªŒè¯å¼€å§‹ï¼Œtokenï¼šeyJ0eXAiOiJKV1QiLCJhbGciOiJIUzI1NiJ9.eyJuYmYiOjE2OTAxOTkyOTcsIm1vYmlsZSI6IjEzMDAwMDAwMDAwIiwiaWQiOjE2ODA5MzI5MDI3OTc0NDcxNjgsImV4cCI6MTY5MDI4NTY5NywiaWF0IjoxNjkwMTk5Mjk3fQ.baEsqLqH9aAgXrMCKcwnO-Nz-djH3yLl9zjAYh3AIMw
2023-07-24 22:06:25.930 INFO  com.jktickets.utils.JwtUtil                       :48   [32m                  [0;39m JWT tokenæ ¡éªŒç»“æœï¼štrue
2023-07-24 22:06:25.931 INFO  com.jktickets.filter.LoginMemberFilter            :47   [32m                  [0;39m tokenæœ‰æ•ˆï¼Œæ”¾è¡Œè¯¥è¯·æ±‚
2023-07-24 22:31:39.445 INFO  com.jktickets.filter.LoginMemberFilter            :33   [32m                  [0;39m éœ€è¦ç™»å½•éªŒè¯ï¼š/business/confirmOrder/doConfirm
2023-07-24 22:31:39.446 INFO  com.jktickets.filter.LoginMemberFilter            :37   [32m                  [0;39m ä¼šå‘˜ç™»å½•éªŒè¯å¼€å§‹ï¼Œtokenï¼šeyJ0eXAiOiJKV1QiLCJhbGciOiJIUzI1NiJ9.eyJuYmYiOjE2OTAxOTkyOTcsIm1vYmlsZSI6IjEzMDAwMDAwMDAwIiwiaWQiOjE2ODA5MzI5MDI3OTc0NDcxNjgsImV4cCI6MTY5MDI4NTY5NywiaWF0IjoxNjkwMTk5Mjk3fQ.baEsqLqH9aAgXrMCKcwnO-Nz-djH3yLl9zjAYh3AIMw
2023-07-24 22:31:39.447 INFO  com.jktickets.utils.JwtUtil                       :48   [32m                  [0;39m JWT tokenæ ¡éªŒç»“æœï¼štrue
2023-07-24 22:31:39.448 INFO  com.jktickets.filter.LoginMemberFilter            :47   [32m                  [0;39m tokenæœ‰æ•ˆï¼Œæ”¾è¡Œè¯¥è¯·æ±‚
