2023-07-23 17:01:07.332 INFO  org.hibernate.validator.internal.util.Version     :21   [32m                  [0;39m HV000001: Hibernate Validator 8.0.0.Final
2023-07-23 17:01:07.405 INFO  com.jktickets.GatewayApplication                  :51   [32m                  [0;39m Starting GatewayApplication using Java 17.0.3 with PID 14700 (D:\Project\java\jk-tickets\gateway-service\target\classes started by Administrator in D:\Project\java\jk-tickets)
2023-07-23 17:01:07.407 INFO  com.jktickets.GatewayApplication                  :630  [32m                  [0;39m No active profile set, falling back to 1 default profile: "default"
2023-07-23 17:01:07.485 INFO  o.s.b.d.env.DevToolsPropertyDefaultsPostProcessor :250  [32m                  [0;39m Devtools property defaults active! Set 'spring.devtools.add-properties' to 'false' to disable
2023-07-23 17:01:07.490 INFO  o.s.b.d.env.DevToolsPropertyDefaultsPostProcessor :250  [32m                  [0;39m For additional web related logging consider setting the 'logging.level.web' property to 'DEBUG'
2023-07-23 17:01:08.635 INFO  o.springframework.cloud.context.scope.GenericScope:282  [32m                  [0;39m BeanFactory id=324267dc-ff55-3f4c-bee8-5e2f01045e68
2023-07-23 17:01:10.595 INFO  o.s.c.gateway.route.RouteDefinitionRouteLocator   :88   [32m                  [0;39m Loaded RoutePredicateFactory [After]
2023-07-23 17:01:10.596 INFO  o.s.c.gateway.route.RouteDefinitionRouteLocator   :88   [32m                  [0;39m Loaded RoutePredicateFactory [Before]
2023-07-23 17:01:10.596 INFO  o.s.c.gateway.route.RouteDefinitionRouteLocator   :88   [32m                  [0;39m Loaded RoutePredicateFactory [Between]
2023-07-23 17:01:10.597 INFO  o.s.c.gateway.route.RouteDefinitionRouteLocator   :88   [32m                  [0;39m Loaded RoutePredicateFactory [Cookie]
2023-07-23 17:01:10.597 INFO  o.s.c.gateway.route.RouteDefinitionRouteLocator   :88   [32m                  [0;39m Loaded RoutePredicateFactory [Header]
2023-07-23 17:01:10.597 INFO  o.s.c.gateway.route.RouteDefinitionRouteLocator   :88   [32m                  [0;39m Loaded RoutePredicateFactory [Host]
2023-07-23 17:01:10.640 INFO  o.s.c.gateway.route.RouteDefinitionRouteLocator   :88   [32m                  [0;39m Loaded RoutePredicateFactory [Method]
2023-07-23 17:01:10.642 INFO  o.s.c.gateway.route.RouteDefinitionRouteLocator   :88   [32m                  [0;39m Loaded RoutePredicateFactory [Path]
2023-07-23 17:01:10.645 INFO  o.s.c.gateway.route.RouteDefinitionRouteLocator   :88   [32m                  [0;39m Loaded RoutePredicateFactory [Query]
2023-07-23 17:01:10.645 INFO  o.s.c.gateway.route.RouteDefinitionRouteLocator   :88   [32m                  [0;39m Loaded RoutePredicateFactory [ReadBody]
2023-07-23 17:01:10.646 INFO  o.s.c.gateway.route.RouteDefinitionRouteLocator   :88   [32m                  [0;39m Loaded RoutePredicateFactory [RemoteAddr]
2023-07-23 17:01:10.646 INFO  o.s.c.gateway.route.RouteDefinitionRouteLocator   :88   [32m                  [0;39m Loaded RoutePredicateFactory [XForwardedRemoteAddr]
2023-07-23 17:01:10.646 INFO  o.s.c.gateway.route.RouteDefinitionRouteLocator   :88   [32m                  [0;39m Loaded RoutePredicateFactory [Weight]
2023-07-23 17:01:10.646 INFO  o.s.c.gateway.route.RouteDefinitionRouteLocator   :88   [32m                  [0;39m Loaded RoutePredicateFactory [CloudFoundryRouteService]
2023-07-23 17:01:11.032 WARN  o.s.b.d.autoconfigure.OptionalLiveReloadServer    :62   [32m                  [0;39m Unable to start LiveReload server
2023-07-23 17:01:11.991 INFO  o.s.boot.web.embedded.netty.NettyWebServer        :111  [32m                  [0;39m Netty started on port 8000
2023-07-23 17:01:13.016 INFO  com.jktickets.GatewayApplication                  :57   [32m                  [0;39m Started GatewayApplication in 6.982 seconds (process running for 7.99)
2023-07-23 17:01:13.021 INFO  com.jktickets.GatewayApplication                  :22   [32m                  [0;39m å¯åŠ¨æˆåŠŸï¼ï¼
2023-07-23 17:01:13.022 INFO  com.jktickets.GatewayApplication                  :24   [32m                  [0;39m æµ‹è¯•åœ°å€: 	http://127.0.0.1:8000
2023-07-23 17:03:15.651 INFO  com.jktickets.filter.LoginMemberFilter            :30   [32m                  [0;39m ä¸éœ€è¦ç™»å½•éªŒè¯ï¼š/member/member/sendCode
2023-07-23 17:03:29.584 INFO  com.jktickets.filter.LoginMemberFilter            :30   [32m                  [0;39m ä¸éœ€è¦ç™»å½•éªŒè¯ï¼š/member/member/login
2023-07-23 17:03:33.007 INFO  com.jktickets.filter.LoginMemberFilter            :33   [32m                  [0;39m éœ€è¦ç™»å½•éªŒè¯ï¼š/business/station/queryAll
2023-07-23 17:03:33.007 INFO  com.jktickets.filter.LoginMemberFilter            :37   [32m                  [0;39m ä¼šå‘˜ç™»å½•éªŒè¯å¼€å§‹ï¼Œtokenï¼šeyJ0eXAiOiJKV1QiLCJhbGciOiJIUzI1NiJ9.eyJuYmYiOjE2OTAxMDMwMDksIm1vYmlsZSI6IjEzMDAwMDAwMDAwIiwiaWQiOjE2ODA5MzI5MDI3OTc0NDcxNjgsImV4cCI6MTY5MDE4OTQwOSwiaWF0IjoxNjkwMTAzMDA5fQ.fao_GuJBlWYVVAUJXk0mq0LUr5zOHVLDoBxO3Z15MBg
2023-07-23 17:03:33.501 INFO  com.jktickets.utils.JwtUtil                       :48   [32m                  [0;39m JWT tokenæ ¡éªŒç»“æœï¼štrue
2023-07-23 17:03:33.502 INFO  com.jktickets.filter.LoginMemberFilter            :47   [32m                  [0;39m tokenæœ‰æ•ˆï¼Œæ”¾è¡Œè¯¥è¯·æ±‚
2023-07-23 17:03:34.551 INFO  com.jktickets.filter.LoginMemberFilter            :33   [32m                  [0;39m éœ€è¦ç™»å½•éªŒè¯ï¼š/business/station/queryAll
2023-07-23 17:03:34.552 INFO  com.jktickets.filter.LoginMemberFilter            :37   [32m                  [0;39m ä¼šå‘˜ç™»å½•éªŒè¯å¼€å§‹ï¼Œtokenï¼šeyJ0eXAiOiJKV1QiLCJhbGciOiJIUzI1NiJ9.eyJuYmYiOjE2OTAxMDMwMDksIm1vYmlsZSI6IjEzMDAwMDAwMDAwIiwiaWQiOjE2ODA5MzI5MDI3OTc0NDcxNjgsImV4cCI6MTY5MDE4OTQwOSwiaWF0IjoxNjkwMTAzMDA5fQ.fao_GuJBlWYVVAUJXk0mq0LUr5zOHVLDoBxO3Z15MBg
2023-07-23 17:03:34.554 INFO  com.jktickets.utils.JwtUtil                       :48   [32m                  [0;39m JWT tokenæ ¡éªŒç»“æœï¼štrue
2023-07-23 17:03:34.555 INFO  com.jktickets.filter.LoginMemberFilter            :47   [32m                  [0;39m tokenæœ‰æ•ˆï¼Œæ”¾è¡Œè¯¥è¯·æ±‚
2023-07-23 17:03:44.252 INFO  com.jktickets.filter.LoginMemberFilter            :33   [32m                  [0;39m éœ€è¦ç™»å½•éªŒè¯ï¼š/business/dailyTrainTicket/queryList
2023-07-23 17:03:44.253 INFO  com.jktickets.filter.LoginMemberFilter            :37   [32m                  [0;39m ä¼šå‘˜ç™»å½•éªŒè¯å¼€å§‹ï¼Œtokenï¼šeyJ0eXAiOiJKV1QiLCJhbGciOiJIUzI1NiJ9.eyJuYmYiOjE2OTAxMDMwMDksIm1vYmlsZSI6IjEzMDAwMDAwMDAwIiwiaWQiOjE2ODA5MzI5MDI3OTc0NDcxNjgsImV4cCI6MTY5MDE4OTQwOSwiaWF0IjoxNjkwMTAzMDA5fQ.fao_GuJBlWYVVAUJXk0mq0LUr5zOHVLDoBxO3Z15MBg
2023-07-23 17:03:44.253 INFO  com.jktickets.utils.JwtUtil                       :48   [32m                  [0;39m JWT tokenæ ¡éªŒç»“æœï¼štrue
2023-07-23 17:03:44.254 INFO  com.jktickets.filter.LoginMemberFilter            :47   [32m                  [0;39m tokenæœ‰æ•ˆï¼Œæ”¾è¡Œè¯¥è¯·æ±‚
2023-07-23 17:03:46.108 INFO  com.jktickets.filter.LoginMemberFilter            :33   [32m                  [0;39m éœ€è¦ç™»å½•éªŒè¯ï¼š/member/passenger/queryMine
2023-07-23 17:03:46.109 INFO  com.jktickets.filter.LoginMemberFilter            :37   [32m                  [0;39m ä¼šå‘˜ç™»å½•éªŒè¯å¼€å§‹ï¼Œtokenï¼šeyJ0eXAiOiJKV1QiLCJhbGciOiJIUzI1NiJ9.eyJuYmYiOjE2OTAxMDMwMDksIm1vYmlsZSI6IjEzMDAwMDAwMDAwIiwiaWQiOjE2ODA5MzI5MDI3OTc0NDcxNjgsImV4cCI6MTY5MDE4OTQwOSwiaWF0IjoxNjkwMTAzMDA5fQ.fao_GuJBlWYVVAUJXk0mq0LUr5zOHVLDoBxO3Z15MBg
2023-07-23 17:03:46.111 INFO  com.jktickets.utils.JwtUtil                       :48   [32m                  [0;39m JWT tokenæ ¡éªŒç»“æœï¼štrue
2023-07-23 17:03:46.111 INFO  com.jktickets.filter.LoginMemberFilter            :47   [32m                  [0;39m tokenæœ‰æ•ˆï¼Œæ”¾è¡Œè¯¥è¯·æ±‚
2023-07-23 17:03:55.805 INFO  com.jktickets.filter.LoginMemberFilter            :33   [32m                  [0;39m éœ€è¦ç™»å½•éªŒè¯ï¼š/business/confirmOrder/doConfirm
2023-07-23 17:03:55.806 INFO  com.jktickets.filter.LoginMemberFilter            :37   [32m                  [0;39m ä¼šå‘˜ç™»å½•éªŒè¯å¼€å§‹ï¼Œtokenï¼šeyJ0eXAiOiJKV1QiLCJhbGciOiJIUzI1NiJ9.eyJuYmYiOjE2OTAxMDMwMDksIm1vYmlsZSI6IjEzMDAwMDAwMDAwIiwiaWQiOjE2ODA5MzI5MDI3OTc0NDcxNjgsImV4cCI6MTY5MDE4OTQwOSwiaWF0IjoxNjkwMTAzMDA5fQ.fao_GuJBlWYVVAUJXk0mq0LUr5zOHVLDoBxO3Z15MBg
2023-07-23 17:03:55.806 INFO  com.jktickets.utils.JwtUtil                       :48   [32m                  [0;39m JWT tokenæ ¡éªŒç»“æœï¼štrue
2023-07-23 17:03:55.807 INFO  com.jktickets.filter.LoginMemberFilter            :47   [32m                  [0;39m tokenæœ‰æ•ˆï¼Œæ”¾è¡Œè¯¥è¯·æ±‚
2023-07-23 17:06:09.933 INFO  com.jktickets.filter.LoginMemberFilter            :33   [32m                  [0;39m éœ€è¦ç™»å½•éªŒè¯ï¼š/business/confirmOrder/doConfirm
2023-07-23 17:06:09.933 INFO  com.jktickets.filter.LoginMemberFilter            :37   [32m                  [0;39m ä¼šå‘˜ç™»å½•éªŒè¯å¼€å§‹ï¼Œtokenï¼šeyJ0eXAiOiJKV1QiLCJhbGciOiJIUzI1NiJ9.eyJuYmYiOjE2OTAxMDMwMDksIm1vYmlsZSI6IjEzMDAwMDAwMDAwIiwiaWQiOjE2ODA5MzI5MDI3OTc0NDcxNjgsImV4cCI6MTY5MDE4OTQwOSwiaWF0IjoxNjkwMTAzMDA5fQ.fao_GuJBlWYVVAUJXk0mq0LUr5zOHVLDoBxO3Z15MBg
2023-07-23 17:06:09.934 INFO  com.jktickets.utils.JwtUtil                       :48   [32m                  [0;39m JWT tokenæ ¡éªŒç»“æœï¼štrue
2023-07-23 17:06:09.935 INFO  com.jktickets.filter.LoginMemberFilter            :47   [32m                  [0;39m tokenæœ‰æ•ˆï¼Œæ”¾è¡Œè¯¥è¯·æ±‚
2023-07-23 17:07:07.227 INFO  com.jktickets.filter.LoginMemberFilter            :33   [32m                  [0;39m éœ€è¦ç™»å½•éªŒè¯ï¼š/business/confirmOrder/doConfirm
2023-07-23 17:07:07.227 INFO  com.jktickets.filter.LoginMemberFilter            :37   [32m                  [0;39m ä¼šå‘˜ç™»å½•éªŒè¯å¼€å§‹ï¼Œtokenï¼šeyJ0eXAiOiJKV1QiLCJhbGciOiJIUzI1NiJ9.eyJuYmYiOjE2OTAxMDMwMDksIm1vYmlsZSI6IjEzMDAwMDAwMDAwIiwiaWQiOjE2ODA5MzI5MDI3OTc0NDcxNjgsImV4cCI6MTY5MDE4OTQwOSwiaWF0IjoxNjkwMTAzMDA5fQ.fao_GuJBlWYVVAUJXk0mq0LUr5zOHVLDoBxO3Z15MBg
2023-07-23 17:07:07.228 INFO  com.jktickets.utils.JwtUtil                       :48   [32m                  [0;39m JWT tokenæ ¡éªŒç»“æœï¼štrue
2023-07-23 17:07:07.229 INFO  com.jktickets.filter.LoginMemberFilter            :47   [32m                  [0;39m tokenæœ‰æ•ˆï¼Œæ”¾è¡Œè¯¥è¯·æ±‚
2023-07-23 17:07:33.292 INFO  com.jktickets.filter.LoginMemberFilter            :33   [32m                  [0;39m éœ€è¦ç™»å½•éªŒè¯ï¼š/business/confirmOrder/doConfirm
2023-07-23 17:07:33.293 INFO  com.jktickets.filter.LoginMemberFilter            :37   [32m                  [0;39m ä¼šå‘˜ç™»å½•éªŒè¯å¼€å§‹ï¼Œtokenï¼šeyJ0eXAiOiJKV1QiLCJhbGciOiJIUzI1NiJ9.eyJuYmYiOjE2OTAxMDMwMDksIm1vYmlsZSI6IjEzMDAwMDAwMDAwIiwiaWQiOjE2ODA5MzI5MDI3OTc0NDcxNjgsImV4cCI6MTY5MDE4OTQwOSwiaWF0IjoxNjkwMTAzMDA5fQ.fao_GuJBlWYVVAUJXk0mq0LUr5zOHVLDoBxO3Z15MBg
2023-07-23 17:07:33.294 INFO  com.jktickets.utils.JwtUtil                       :48   [32m                  [0;39m JWT tokenæ ¡éªŒç»“æœï¼štrue
2023-07-23 17:07:33.294 INFO  com.jktickets.filter.LoginMemberFilter            :47   [32m                  [0;39m tokenæœ‰æ•ˆï¼Œæ”¾è¡Œè¯¥è¯·æ±‚
2023-07-23 17:09:27.797 INFO  com.jktickets.filter.LoginMemberFilter            :33   [32m                  [0;39m éœ€è¦ç™»å½•éªŒè¯ï¼š/business/confirmOrder/doConfirm
2023-07-23 17:09:27.798 INFO  com.jktickets.filter.LoginMemberFilter            :37   [32m                  [0;39m ä¼šå‘˜ç™»å½•éªŒè¯å¼€å§‹ï¼Œtokenï¼šeyJ0eXAiOiJKV1QiLCJhbGciOiJIUzI1NiJ9.eyJuYmYiOjE2OTAxMDMwMDksIm1vYmlsZSI6IjEzMDAwMDAwMDAwIiwiaWQiOjE2ODA5MzI5MDI3OTc0NDcxNjgsImV4cCI6MTY5MDE4OTQwOSwiaWF0IjoxNjkwMTAzMDA5fQ.fao_GuJBlWYVVAUJXk0mq0LUr5zOHVLDoBxO3Z15MBg
2023-07-23 17:09:27.799 INFO  com.jktickets.utils.JwtUtil                       :48   [32m                  [0;39m JWT tokenæ ¡éªŒç»“æœï¼štrue
2023-07-23 17:09:27.799 INFO  com.jktickets.filter.LoginMemberFilter            :47   [32m                  [0;39m tokenæœ‰æ•ˆï¼Œæ”¾è¡Œè¯¥è¯·æ±‚
2023-07-23 17:13:34.015 INFO  com.jktickets.filter.LoginMemberFilter            :33   [32m                  [0;39m éœ€è¦ç™»å½•éªŒè¯ï¼š/business/confirmOrder/doConfirm
2023-07-23 17:13:34.016 INFO  com.jktickets.filter.LoginMemberFilter            :37   [32m                  [0;39m ä¼šå‘˜ç™»å½•éªŒè¯å¼€å§‹ï¼Œtokenï¼šeyJ0eXAiOiJKV1QiLCJhbGciOiJIUzI1NiJ9.eyJuYmYiOjE2OTAxMDMwMDksIm1vYmlsZSI6IjEzMDAwMDAwMDAwIiwiaWQiOjE2ODA5MzI5MDI3OTc0NDcxNjgsImV4cCI6MTY5MDE4OTQwOSwiaWF0IjoxNjkwMTAzMDA5fQ.fao_GuJBlWYVVAUJXk0mq0LUr5zOHVLDoBxO3Z15MBg
2023-07-23 17:13:34.017 INFO  com.jktickets.utils.JwtUtil                       :48   [32m                  [0;39m JWT tokenæ ¡éªŒç»“æœï¼štrue
2023-07-23 17:13:34.017 INFO  com.jktickets.filter.LoginMemberFilter            :47   [32m                  [0;39m tokenæœ‰æ•ˆï¼Œæ”¾è¡Œè¯¥è¯·æ±‚
