2023-08-22 19:35:47.807 WARN  com.alibaba.nacos.client.logging.NacosLogging     :64   [32m                  [0;39m Load Logback Configuration of Nacos fail, message: Could not initialize Logback Nacos logging from classpath:nacos-logback.xml
2023-08-22 19:35:47.821 INFO  org.hibernate.validator.internal.util.Version     :21   [32m                  [0;39m HV000001: Hibernate Validator 8.0.0.Final
2023-08-22 19:35:47.885 WARN  com.alibaba.nacos.client.logging.NacosLogging     :64   [32m                  [0;39m Load Logback Configuration of Nacos fail, message: Could not initialize Logback Nacos logging from classpath:nacos-logback.xml
2023-08-22 19:35:47.918 INFO  o.s.b.d.env.DevToolsPropertyDefaultsPostProcessor :250  [32m                  [0;39m Devtools property defaults active! Set 'spring.devtools.add-properties' to 'false' to disable
2023-08-22 19:35:48.723 WARN  com.alibaba.nacos.client.logging.NacosLogging     :64   [32m                  [0;39m Load Logback Configuration of Nacos fail, message: Could not initialize Logback Nacos logging from classpath:nacos-logback.xml
2023-08-22 19:35:48.742 WARN  com.alibaba.nacos.client.logging.NacosLogging     :64   [32m                  [0;39m Load Logback Configuration of Nacos fail, message: Could not initialize Logback Nacos logging from classpath:nacos-logback.xml
2023-08-22 19:35:48.744 INFO  com.jktickets.GatewayApplication                  :630  [32m                  [0;39m No active profile set, falling back to 1 default profile: "default"
2023-08-22 19:35:49.846 INFO  o.springframework.cloud.context.scope.GenericScope:282  [32m                  [0;39m BeanFactory id=ea6e5f07-ce95-39ee-958f-0cb9fcb8301e
2023-08-22 19:35:49.891 INFO  o.s.c.s.PostProcessorRegistrationDelegate$BeanPostProcessorChecker:409  [32m                  [0;39m Bean 'org.springframework.cloud.client.loadbalancer.reactive.LoadBalancerBeanPostProcessorAutoConfiguration' of type [org.springframework.cloud.client.loadbalancer.reactive.LoadBalancerBeanPostProcessorAutoConfiguration] is not eligible for getting processed by all BeanPostProcessors (for example: not eligible for auto-proxying)
2023-08-22 19:35:49.893 INFO  o.s.c.s.PostProcessorRegistrationDelegate$BeanPostProcessorChecker:409  [32m                  [0;39m Bean 'org.springframework.cloud.client.loadbalancer.reactive.LoadBalancerBeanPostProcessorAutoConfiguration$ReactorDeferringLoadBalancerFilterConfig' of type [org.springframework.cloud.client.loadbalancer.reactive.LoadBalancerBeanPostProcessorAutoConfiguration$ReactorDeferringLoadBalancerFilterConfig] is not eligible for getting processed by all BeanPostProcessors (for example: not eligible for auto-proxying)
2023-08-22 19:35:49.927 INFO  o.s.c.s.PostProcessorRegistrationDelegate$BeanPostProcessorChecker:409  [32m                  [0;39m Bean 'reactorDeferringLoadBalancerExchangeFilterFunction' of type [org.springframework.cloud.client.loadbalancer.reactive.DeferringLoadBalancerExchangeFilterFunction] is not eligible for getting processed by all BeanPostProcessors (for example: not eligible for auto-proxying)
2023-08-22 19:35:52.339 INFO  o.s.c.gateway.route.RouteDefinitionRouteLocator   :88   [32m                  [0;39m Loaded RoutePredicateFactory [After]
2023-08-22 19:35:52.339 INFO  o.s.c.gateway.route.RouteDefinitionRouteLocator   :88   [32m                  [0;39m Loaded RoutePredicateFactory [Before]
2023-08-22 19:35:52.340 INFO  o.s.c.gateway.route.RouteDefinitionRouteLocator   :88   [32m                  [0;39m Loaded RoutePredicateFactory [Between]
2023-08-22 19:35:52.340 INFO  o.s.c.gateway.route.RouteDefinitionRouteLocator   :88   [32m                  [0;39m Loaded RoutePredicateFactory [Cookie]
2023-08-22 19:35:52.341 INFO  o.s.c.gateway.route.RouteDefinitionRouteLocator   :88   [32m                  [0;39m Loaded RoutePredicateFactory [Header]
2023-08-22 19:35:52.341 INFO  o.s.c.gateway.route.RouteDefinitionRouteLocator   :88   [32m                  [0;39m Loaded RoutePredicateFactory [Host]
2023-08-22 19:35:52.341 INFO  o.s.c.gateway.route.RouteDefinitionRouteLocator   :88   [32m                  [0;39m Loaded RoutePredicateFactory [Method]
2023-08-22 19:35:52.341 INFO  o.s.c.gateway.route.RouteDefinitionRouteLocator   :88   [32m                  [0;39m Loaded RoutePredicateFactory [Path]
2023-08-22 19:35:52.342 INFO  o.s.c.gateway.route.RouteDefinitionRouteLocator   :88   [32m                  [0;39m Loaded RoutePredicateFactory [Query]
2023-08-22 19:35:52.342 INFO  o.s.c.gateway.route.RouteDefinitionRouteLocator   :88   [32m                  [0;39m Loaded RoutePredicateFactory [ReadBody]
2023-08-22 19:35:52.342 INFO  o.s.c.gateway.route.RouteDefinitionRouteLocator   :88   [32m                  [0;39m Loaded RoutePredicateFactory [RemoteAddr]
2023-08-22 19:35:52.342 INFO  o.s.c.gateway.route.RouteDefinitionRouteLocator   :88   [32m                  [0;39m Loaded RoutePredicateFactory [XForwardedRemoteAddr]
2023-08-22 19:35:52.342 INFO  o.s.c.gateway.route.RouteDefinitionRouteLocator   :88   [32m                  [0;39m Loaded RoutePredicateFactory [Weight]
2023-08-22 19:35:52.343 INFO  o.s.c.gateway.route.RouteDefinitionRouteLocator   :88   [32m                  [0;39m Loaded RoutePredicateFactory [CloudFoundryRouteService]
2023-08-22 19:35:53.005 WARN  o.s.b.d.autoconfigure.OptionalLiveReloadServer    :62   [32m                  [0;39m Unable to start LiveReload server
2023-08-22 19:35:53.034 WARN  o.s.c.l.c.LoadBalancerCacheAutoConfiguration$LoadBalancerCaffeineWarnLogger:81   [32m                  [0;39m Spring Cloud LoadBalancer is currently working with the default cache. While this cache implementation is useful for development and tests, it's recommended to use Caffeine cache in production.You can switch to using Caffeine cache, by adding it and org.springframework.cache.caffeine.CaffeineCacheManager to the classpath.
2023-08-22 19:35:53.406 INFO  o.s.boot.web.embedded.netty.NettyWebServer        :111  [32m                  [0;39m Netty started on port 8000
2023-08-22 19:35:54.102 WARN  com.alibaba.nacos.client.logging.NacosLogging     :64   [32m                  [0;39m Load Logback Configuration of Nacos fail, message: Could not initialize Logback Nacos logging from classpath:nacos-logback.xml
2023-08-22 19:35:54.103 INFO  com.alibaba.nacos.client.naming                   :62   [32m                  [0;39m initializer namespace from ans.namespace attribute : null
2023-08-22 19:35:54.104 INFO  com.alibaba.nacos.client.naming                   :66   [32m                  [0;39m initializer namespace from ALIBABA_ALIWARE_NAMESPACE attribute :null
2023-08-22 19:35:54.105 INFO  com.alibaba.nacos.client.naming                   :73   [32m                  [0;39m initializer namespace from namespace attribute :null
2023-08-22 19:35:54.130 INFO  com.alibaba.nacos.client.utils.ParamUtil          :87   [32m                  [0;39m [settings] [req-serv] nacos-server port:8848
2023-08-22 19:35:54.131 INFO  com.alibaba.nacos.client.utils.ParamUtil          :98   [32m                  [0;39m [settings] [http-client] connect timeout:1000
2023-08-22 19:35:54.132 INFO  com.alibaba.nacos.client.utils.ParamUtil          :105  [32m                  [0;39m PER_TASK_CONFIG_SIZE: 3000.0
2023-08-22 19:35:54.137 INFO  c.a.n.p.auth.spi.client.ClientAuthPluginManager   :56   [32m                  [0;39m [ClientAuthPluginManager] Load ClientAuthService com.alibaba.nacos.client.auth.impl.NacosClientAuthServiceImpl success.
2023-08-22 19:35:54.137 INFO  c.a.n.p.auth.spi.client.ClientAuthPluginManager   :56   [32m                  [0;39m [ClientAuthPluginManager] Load ClientAuthService com.alibaba.nacos.client.auth.ram.RamClientAuthServiceImpl success.
2023-08-22 19:35:54.141 INFO  c.a.n.client.auth.ram.identify.CredentialWatcher  :165  [32m                  [0;39m null No credential found
2023-08-22 19:35:54.151 INFO  com.alibaba.nacos.common.remote.client            :108  [32m                  [0;39m [RpcClientFactory] create a new rpc client of d7d97fe7-1ec6-48a3-8a53-ff57a71ba462
2023-08-22 19:35:54.174 INFO  com.alibaba.nacos.common.remote.client            :63   [32m                  [0;39m [d7d97fe7-1ec6-48a3-8a53-ff57a71ba462] RpcClient init, ServerListFactory = com.alibaba.nacos.client.naming.core.ServerListManager
2023-08-22 19:35:54.174 INFO  com.alibaba.nacos.common.remote.client            :63   [32m                  [0;39m [d7d97fe7-1ec6-48a3-8a53-ff57a71ba462] Registry connection listener to current client:com.alibaba.nacos.client.naming.remote.gprc.redo.NamingGrpcRedoService
2023-08-22 19:35:54.175 INFO  com.alibaba.nacos.common.remote.client            :63   [32m                  [0;39m [d7d97fe7-1ec6-48a3-8a53-ff57a71ba462] Register server push request handler:com.alibaba.nacos.client.naming.remote.gprc.NamingPushRequestHandler
2023-08-22 19:35:54.179 INFO  com.alibaba.nacos.common.remote.client            :63   [32m                  [0;39m [d7d97fe7-1ec6-48a3-8a53-ff57a71ba462] Try to connect to server on start up, server: {serverIp = '127.0.0.1', server main port = 8848}
2023-08-22 19:35:54.217 INFO  c.a.nacos.common.remote.client.grpc.GrpcClient    :182  [32m                  [0;39m grpc client connection server:127.0.0.1 ip,serverPort:9848,grpcTslConfig:{"sslProvider":"OPENSSL","enableTls":false,"mutualAuthEnable":false,"trustAll":false}
2023-08-22 19:35:55.473 INFO  com.alibaba.nacos.common.remote.client            :63   [32m                  [0;39m [d7d97fe7-1ec6-48a3-8a53-ff57a71ba462] Success to connect to server [127.0.0.1:8848] on start up, connectionId = 1692704155243_127.0.0.1_64361
2023-08-22 19:35:55.474 INFO  com.alibaba.nacos.common.remote.client            :63   [32m                  [0;39m [d7d97fe7-1ec6-48a3-8a53-ff57a71ba462] Notify connected event to listeners.
2023-08-22 19:35:55.475 INFO  com.alibaba.nacos.client.naming                   :78   [32m                  [0;39m Grpc connection connect
2023-08-22 19:35:55.475 INFO  com.alibaba.nacos.common.remote.client            :63   [32m                  [0;39m [d7d97fe7-1ec6-48a3-8a53-ff57a71ba462] Register server push request handler:com.alibaba.nacos.common.remote.client.RpcClient$ConnectResetRequestHandler
2023-08-22 19:35:55.476 INFO  com.alibaba.nacos.common.remote.client            :63   [32m                  [0;39m [d7d97fe7-1ec6-48a3-8a53-ff57a71ba462] Register server push request handler:com.alibaba.nacos.common.remote.client.RpcClient$$Lambda$953/0x0000000801316588
2023-08-22 19:35:55.479 INFO  com.alibaba.nacos.client.naming                   :121  [32m                  [0;39m [REGISTER-SERVICE] train registering service gateway-service with instance Instance{instanceId='null', ip='192.168.0.102', port=8000, weight=1.0, healthy=true, enabled=true, ephemeral=true, clusterName='DEFAULT', serviceName='null', metadata={IPv6=null, preserved.register.source=SPRING_CLOUD}}
2023-08-22 19:35:55.502 INFO  c.a.cloud.nacos.registry.NacosServiceRegistry     :76   [32m                  [0;39m nacos registry, DEFAULT_GROUP gateway-service 192.168.0.102:8000 register finished
2023-08-22 19:35:55.604 INFO  com.jktickets.GatewayApplication                  :57   [32m                  [0;39m Started GatewayApplication in 8.889 seconds (process running for 10.074)
2023-08-22 19:35:55.609 INFO  com.jktickets.GatewayApplication                  :22   [32m                  [0;39m å¯åŠ¨æˆåŠŸï¼ï¼
2023-08-22 19:35:55.609 INFO  com.jktickets.GatewayApplication                  :24   [32m                  [0;39m æµ‹è¯•åœ°å€: 	http://127.0.0.1:8000
2023-08-22 20:03:26.385 INFO  com.jktickets.filter.LoginMemberFilter            :35   [32m                  [0;39m ä¸éœ€è¦ç™»å½•éªŒè¯ï¼š/member/member/sendCode
2023-08-22 20:03:26.451 INFO  com.alibaba.nacos.client.naming                   :167  [32m                  [0;39m [SUBSCRIBE-SERVICE] service:member-service, group:DEFAULT_GROUP, clusters: 
2023-08-22 20:03:26.470 INFO  com.alibaba.nacos.client.naming                   :184  [32m                  [0;39m init new ips(1) service: DEFAULT_GROUP@@member-service -> [{"ip":"192.168.0.102","port":18001,"weight":1.0,"healthy":true,"enabled":true,"ephemeral":true,"clusterName":"DEFAULT","serviceName":"DEFAULT_GROUP@@member-service","metadata":{"preserved.register.source":"SPRING_CLOUD"},"ipDeleteTimeout":30000,"instanceHeartBeatTimeOut":15000,"instanceHeartBeatInterval":5000}]
2023-08-22 20:03:26.480 INFO  com.alibaba.nacos.client.naming                   :169  [32m                  [0;39m current ips:(1) service: DEFAULT_GROUP@@member-service -> [{"ip":"192.168.0.102","port":18001,"weight":1.0,"healthy":true,"enabled":true,"ephemeral":true,"clusterName":"DEFAULT","serviceName":"DEFAULT_GROUP@@member-service","metadata":{"preserved.register.source":"SPRING_CLOUD"},"ipDeleteTimeout":30000,"instanceHeartBeatTimeOut":15000,"instanceHeartBeatInterval":5000}]
2023-08-22 20:03:27.066 INFO  com.alibaba.nacos.common.remote.client            :63   [32m                  [0;39m [d7d97fe7-1ec6-48a3-8a53-ff57a71ba462] Receive server push request, request = NotifySubscriberRequest, requestId = 4
2023-08-22 20:03:27.066 INFO  com.alibaba.nacos.common.remote.client            :63   [32m                  [0;39m [d7d97fe7-1ec6-48a3-8a53-ff57a71ba462] Ack server push request, request = NotifySubscriberRequest, requestId = 4
2023-08-22 20:03:28.856 INFO  com.jktickets.filter.LoginMemberFilter            :35   [32m                  [0;39m ä¸éœ€è¦ç™»å½•éªŒè¯ï¼š/member/member/login
2023-08-22 20:03:58.953 INFO  com.jktickets.filter.LoginMemberFilter            :38   [32m                  [0;39m éœ€è¦ç™»å½•éªŒè¯ï¼š/business/station/queryAll
2023-08-22 20:03:58.954 INFO  com.jktickets.filter.LoginMemberFilter            :42   [32m                  [0;39m ä¼šå‘˜ç™»å½•éªŒè¯å¼€å§‹ï¼Œtokenï¼šeyJ0eXAiOiJKV1QiLCJhbGciOiJIUzI1NiJ9.eyJuYmYiOjE2OTI3MDU4MDksIm1vYmlsZSI6IjEzMDAwMDAwMDAwIiwiaWQiOjE2ODA5MzI5MDI3OTc0NDcxNjgsImV4cCI6MTY5Mjc5MjIwOSwiaWF0IjoxNjkyNzA1ODA5fQ.6j6LB1-JQpjDd1pXQUlfd0NlcDbF5yXCNtp1LDNMXuY
2023-08-22 20:03:59.384 INFO  com.jktickets.utils.JwtUtil                       :48   [32m                  [0;39m JWT tokenæ ¡éªŒç»“æžœï¼štrue
2023-08-22 20:03:59.385 INFO  com.jktickets.filter.LoginMemberFilter            :52   [32m                  [0;39m tokenæœ‰æ•ˆï¼Œæ”¾è¡Œè¯¥è¯·æ±‚
2023-08-22 20:03:59.406 INFO  com.alibaba.nacos.client.naming                   :167  [32m                  [0;39m [SUBSCRIBE-SERVICE] service:business-service, group:DEFAULT_GROUP, clusters: 
2023-08-22 20:03:59.410 INFO  com.alibaba.nacos.client.naming                   :184  [32m                  [0;39m init new ips(1) service: DEFAULT_GROUP@@business-service -> [{"ip":"192.168.0.102","port":8002,"weight":1.0,"healthy":true,"enabled":true,"ephemeral":true,"clusterName":"DEFAULT","serviceName":"DEFAULT_GROUP@@business-service","metadata":{"preserved.register.source":"SPRING_CLOUD"},"ipDeleteTimeout":30000,"instanceHeartBeatTimeOut":15000,"instanceHeartBeatInterval":5000}]
2023-08-22 20:03:59.411 INFO  com.alibaba.nacos.client.naming                   :169  [32m                  [0;39m current ips:(1) service: DEFAULT_GROUP@@business-service -> [{"ip":"192.168.0.102","port":8002,"weight":1.0,"healthy":true,"enabled":true,"ephemeral":true,"clusterName":"DEFAULT","serviceName":"DEFAULT_GROUP@@business-service","metadata":{"preserved.register.source":"SPRING_CLOUD"},"ipDeleteTimeout":30000,"instanceHeartBeatTimeOut":15000,"instanceHeartBeatInterval":5000}]
2023-08-22 20:03:59.981 INFO  com.alibaba.nacos.common.remote.client            :63   [32m                  [0;39m [d7d97fe7-1ec6-48a3-8a53-ff57a71ba462] Receive server push request, request = NotifySubscriberRequest, requestId = 5
2023-08-22 20:03:59.982 INFO  com.alibaba.nacos.common.remote.client            :63   [32m                  [0;39m [d7d97fe7-1ec6-48a3-8a53-ff57a71ba462] Ack server push request, request = NotifySubscriberRequest, requestId = 5
2023-08-22 20:04:00.350 INFO  com.jktickets.filter.LoginMemberFilter            :38   [32m                  [0;39m éœ€è¦ç™»å½•éªŒè¯ï¼š/business/station/queryAll
2023-08-22 20:04:00.351 INFO  com.jktickets.filter.LoginMemberFilter            :42   [32m                  [0;39m ä¼šå‘˜ç™»å½•éªŒè¯å¼€å§‹ï¼Œtokenï¼šeyJ0eXAiOiJKV1QiLCJhbGciOiJIUzI1NiJ9.eyJuYmYiOjE2OTI3MDU4MDksIm1vYmlsZSI6IjEzMDAwMDAwMDAwIiwiaWQiOjE2ODA5MzI5MDI3OTc0NDcxNjgsImV4cCI6MTY5Mjc5MjIwOSwiaWF0IjoxNjkyNzA1ODA5fQ.6j6LB1-JQpjDd1pXQUlfd0NlcDbF5yXCNtp1LDNMXuY
2023-08-22 20:04:00.353 INFO  com.jktickets.utils.JwtUtil                       :48   [32m                  [0;39m JWT tokenæ ¡éªŒç»“æžœï¼štrue
2023-08-22 20:04:00.354 INFO  com.jktickets.filter.LoginMemberFilter            :52   [32m                  [0;39m tokenæœ‰æ•ˆï¼Œæ”¾è¡Œè¯¥è¯·æ±‚
2023-08-22 20:04:08.095 INFO  com.jktickets.filter.LoginMemberFilter            :38   [32m                  [0;39m éœ€è¦ç™»å½•éªŒè¯ï¼š/business/dailyTrainTicket/queryList
2023-08-22 20:04:08.095 INFO  com.jktickets.filter.LoginMemberFilter            :42   [32m                  [0;39m ä¼šå‘˜ç™»å½•éªŒè¯å¼€å§‹ï¼Œtokenï¼šeyJ0eXAiOiJKV1QiLCJhbGciOiJIUzI1NiJ9.eyJuYmYiOjE2OTI3MDU4MDksIm1vYmlsZSI6IjEzMDAwMDAwMDAwIiwiaWQiOjE2ODA5MzI5MDI3OTc0NDcxNjgsImV4cCI6MTY5Mjc5MjIwOSwiaWF0IjoxNjkyNzA1ODA5fQ.6j6LB1-JQpjDd1pXQUlfd0NlcDbF5yXCNtp1LDNMXuY
2023-08-22 20:04:08.097 INFO  com.jktickets.utils.JwtUtil                       :48   [32m                  [0;39m JWT tokenæ ¡éªŒç»“æžœï¼štrue
2023-08-22 20:04:08.097 INFO  com.jktickets.filter.LoginMemberFilter            :52   [32m                  [0;39m tokenæœ‰æ•ˆï¼Œæ”¾è¡Œè¯¥è¯·æ±‚
2023-08-22 20:04:11.055 INFO  com.jktickets.filter.LoginMemberFilter            :38   [32m                  [0;39m éœ€è¦ç™»å½•éªŒè¯ï¼š/member/passenger/queryMine
2023-08-22 20:04:11.056 INFO  com.jktickets.filter.LoginMemberFilter            :42   [32m                  [0;39m ä¼šå‘˜ç™»å½•éªŒè¯å¼€å§‹ï¼Œtokenï¼šeyJ0eXAiOiJKV1QiLCJhbGciOiJIUzI1NiJ9.eyJuYmYiOjE2OTI3MDU4MDksIm1vYmlsZSI6IjEzMDAwMDAwMDAwIiwiaWQiOjE2ODA5MzI5MDI3OTc0NDcxNjgsImV4cCI6MTY5Mjc5MjIwOSwiaWF0IjoxNjkyNzA1ODA5fQ.6j6LB1-JQpjDd1pXQUlfd0NlcDbF5yXCNtp1LDNMXuY
2023-08-22 20:04:11.056 INFO  com.jktickets.utils.JwtUtil                       :48   [32m                  [0;39m JWT tokenæ ¡éªŒç»“æžœï¼štrue
2023-08-22 20:04:11.057 INFO  com.jktickets.filter.LoginMemberFilter            :52   [32m                  [0;39m tokenæœ‰æ•ˆï¼Œæ”¾è¡Œè¯¥è¯·æ±‚
2023-08-22 20:04:17.413 INFO  com.jktickets.filter.LoginMemberFilter            :35   [32m                  [0;39m ä¸éœ€è¦ç™»å½•éªŒè¯ï¼š/business/kaptcha/image-code/lkCWuXyc
2023-08-22 20:04:22.046 INFO  com.jktickets.filter.LoginMemberFilter            :38   [32m                  [0;39m éœ€è¦ç™»å½•éªŒè¯ï¼š/business/confirmOrder/doConfirm
2023-08-22 20:04:22.046 INFO  com.jktickets.filter.LoginMemberFilter            :42   [32m                  [0;39m ä¼šå‘˜ç™»å½•éªŒè¯å¼€å§‹ï¼Œtokenï¼šeyJ0eXAiOiJKV1QiLCJhbGciOiJIUzI1NiJ9.eyJuYmYiOjE2OTI3MDU4MDksIm1vYmlsZSI6IjEzMDAwMDAwMDAwIiwiaWQiOjE2ODA5MzI5MDI3OTc0NDcxNjgsImV4cCI6MTY5Mjc5MjIwOSwiaWF0IjoxNjkyNzA1ODA5fQ.6j6LB1-JQpjDd1pXQUlfd0NlcDbF5yXCNtp1LDNMXuY
2023-08-22 20:04:22.047 INFO  com.jktickets.utils.JwtUtil                       :48   [32m                  [0;39m JWT tokenæ ¡éªŒç»“æžœï¼štrue
2023-08-22 20:04:22.047 INFO  com.jktickets.filter.LoginMemberFilter            :52   [32m                  [0;39m tokenæœ‰æ•ˆï¼Œæ”¾è¡Œè¯¥è¯·æ±‚
2023-08-22 21:27:54.571 INFO  com.alibaba.nacos.common.remote.client            :63   [32m                  [0;39m [d7d97fe7-1ec6-48a3-8a53-ff57a71ba462] Receive server push request, request = ClientDetectionRequest, requestId = 10
2023-08-22 21:27:57.272 INFO  com.alibaba.nacos.common.remote.client            :63   [32m                  [0;39m [d7d97fe7-1ec6-48a3-8a53-ff57a71ba462] Ack server push request, request = ClientDetectionRequest, requestId = 10
2023-08-22 21:27:57.281 ERROR c.a.nacos.common.remote.client.grpc.GrpcClient    :102  [32m                  [0;39m [1692704155243_127.0.0.1_64361]Request stream onCompleted, switch server
2023-08-22 21:27:57.403 INFO  com.alibaba.nacos.common.remote.client            :63   [32m                  [0;39m [d7d97fe7-1ec6-48a3-8a53-ff57a71ba462] Try to reconnect to a new server, server is  not appointed, will choose a random server.
2023-08-22 21:27:57.404 INFO  c.a.nacos.common.remote.client.grpc.GrpcClient    :182  [32m                  [0;39m grpc client connection server:127.0.0.1 ip,serverPort:9848,grpcTslConfig:{"sslProvider":"OPENSSL","enableTls":false,"mutualAuthEnable":false,"trustAll":false}
2023-08-22 21:27:58.261 INFO  com.alibaba.nacos.common.remote.client            :63   [32m                  [0;39m [d7d97fe7-1ec6-48a3-8a53-ff57a71ba462] Success to connect a server [127.0.0.1:8848], connectionId = 1692710877576_127.0.0.1_51633
2023-08-22 21:27:58.261 INFO  com.alibaba.nacos.common.remote.client            :63   [32m                  [0;39m [d7d97fe7-1ec6-48a3-8a53-ff57a71ba462] Abandon prev connection, server is 127.0.0.1:8848, connectionId is 1692704155243_127.0.0.1_64361
2023-08-22 21:27:58.262 INFO  com.alibaba.nacos.common.remote.client            :584  [32m                  [0;39m Close current connection 1692704155243_127.0.0.1_64361
2023-08-22 21:27:58.267 INFO  com.alibaba.nacos.common.remote.client            :63   [32m                  [0;39m [d7d97fe7-1ec6-48a3-8a53-ff57a71ba462] Notify disconnected event to listeners
2023-08-22 21:27:58.267 WARN  com.alibaba.nacos.client.naming                   :84   [32m                  [0;39m Grpc connection disconnect, mark to redo
2023-08-22 21:27:58.268 WARN  com.alibaba.nacos.client.naming                   :91   [32m                  [0;39m mark to redo completed
2023-08-22 21:27:58.268 INFO  com.alibaba.nacos.common.remote.client            :63   [32m                  [0;39m [d7d97fe7-1ec6-48a3-8a53-ff57a71ba462] Notify connected event to listeners.
2023-08-22 21:27:58.269 INFO  com.alibaba.nacos.client.naming                   :78   [32m                  [0;39m Grpc connection connect
2023-08-22 21:27:59.478 INFO  com.alibaba.nacos.client.naming                   :73   [32m                  [0;39m Redo instance operation REGISTER for DEFAULT_GROUP@@gateway-service
2023-08-22 21:27:59.503 INFO  com.alibaba.nacos.client.naming                   :121  [32m                  [0;39m Redo subscriber operation REGISTER for DEFAULT_GROUP@@business-service#
2023-08-22 21:27:59.547 INFO  com.alibaba.nacos.client.naming                   :121  [32m                  [0;39m Redo subscriber operation REGISTER for DEFAULT_GROUP@@member-service#
2023-08-22 21:28:00.088 INFO  com.alibaba.nacos.common.remote.client            :63   [32m                  [0;39m [d7d97fe7-1ec6-48a3-8a53-ff57a71ba462] Receive server push request, request = NotifySubscriberRequest, requestId = 18
2023-08-22 21:28:00.089 INFO  com.alibaba.nacos.common.remote.client            :63   [32m                  [0;39m [d7d97fe7-1ec6-48a3-8a53-ff57a71ba462] Ack server push request, request = NotifySubscriberRequest, requestId = 18
2023-08-22 21:28:00.094 INFO  com.alibaba.nacos.common.remote.client            :63   [32m                  [0;39m [d7d97fe7-1ec6-48a3-8a53-ff57a71ba462] Receive server push request, request = NotifySubscriberRequest, requestId = 19
2023-08-22 21:28:00.095 INFO  com.alibaba.nacos.common.remote.client            :63   [32m                  [0;39m [d7d97fe7-1ec6-48a3-8a53-ff57a71ba462] Ack server push request, request = NotifySubscriberRequest, requestId = 19
2023-08-22 22:01:04.383 INFO  com.alibaba.nacos.common.remote.client            :63   [32m                  [0;39m [d7d97fe7-1ec6-48a3-8a53-ff57a71ba462] Receive server push request, request = NotifySubscriberRequest, requestId = 20
2023-08-22 22:01:04.387 INFO  com.alibaba.nacos.client.naming                   :241  [32m                  [0;39m removed ips(1) service: DEFAULT_GROUP@@business-service -> [{"ip":"192.168.0.102","port":8002,"weight":1.0,"healthy":true,"enabled":true,"ephemeral":true,"clusterName":"DEFAULT","serviceName":"DEFAULT_GROUP@@business-service","metadata":{"preserved.register.source":"SPRING_CLOUD"},"ipDeleteTimeout":30000,"instanceHeartBeatTimeOut":15000,"instanceHeartBeatInterval":5000}]
2023-08-22 22:01:04.388 INFO  com.alibaba.nacos.client.naming                   :169  [32m                  [0;39m current ips:(0) service: DEFAULT_GROUP@@business-service -> []
2023-08-22 22:01:04.390 INFO  com.alibaba.nacos.common.remote.client            :63   [32m                  [0;39m [d7d97fe7-1ec6-48a3-8a53-ff57a71ba462] Ack server push request, request = NotifySubscriberRequest, requestId = 20
2023-08-22 22:03:29.393 INFO  com.alibaba.nacos.common.remote.client            :63   [32m                  [0;39m [d7d97fe7-1ec6-48a3-8a53-ff57a71ba462] Receive server push request, request = NotifySubscriberRequest, requestId = 23
2023-08-22 22:03:29.395 INFO  com.alibaba.nacos.client.naming                   :235  [32m                  [0;39m new ips(1) service: DEFAULT_GROUP@@business-service -> [{"ip":"192.168.0.102","port":8002,"weight":1.0,"healthy":true,"enabled":true,"ephemeral":true,"clusterName":"DEFAULT","serviceName":"DEFAULT_GROUP@@business-service","metadata":{"preserved.register.source":"SPRING_CLOUD"},"ipDeleteTimeout":30000,"instanceHeartBeatTimeOut":15000,"instanceHeartBeatInterval":5000}]
2023-08-22 22:03:29.405 INFO  com.alibaba.nacos.client.naming                   :169  [32m                  [0;39m current ips:(1) service: DEFAULT_GROUP@@business-service -> [{"ip":"192.168.0.102","port":8002,"weight":1.0,"healthy":true,"enabled":true,"ephemeral":true,"clusterName":"DEFAULT","serviceName":"DEFAULT_GROUP@@business-service","metadata":{"preserved.register.source":"SPRING_CLOUD"},"ipDeleteTimeout":30000,"instanceHeartBeatTimeOut":15000,"instanceHeartBeatInterval":5000}]
2023-08-22 22:03:29.408 INFO  com.alibaba.nacos.common.remote.client            :63   [32m                  [0;39m [d7d97fe7-1ec6-48a3-8a53-ff57a71ba462] Ack server push request, request = NotifySubscriberRequest, requestId = 23
2023-08-22 23:09:36.168 INFO  com.alibaba.nacos.common.remote.client            :63   [32m                  [0;39m [d7d97fe7-1ec6-48a3-8a53-ff57a71ba462] Receive server push request, request = NotifySubscriberRequest, requestId = 24
2023-08-22 23:09:36.185 INFO  com.alibaba.nacos.client.naming                   :241  [32m                  [0;39m removed ips(1) service: DEFAULT_GROUP@@business-service -> [{"ip":"192.168.0.102","port":8002,"weight":1.0,"healthy":true,"enabled":true,"ephemeral":true,"clusterName":"DEFAULT","serviceName":"DEFAULT_GROUP@@business-service","metadata":{"preserved.register.source":"SPRING_CLOUD"},"ipDeleteTimeout":30000,"instanceHeartBeatTimeOut":15000,"instanceHeartBeatInterval":5000}]
2023-08-22 23:09:36.186 INFO  com.alibaba.nacos.client.naming                   :169  [32m                  [0;39m current ips:(0) service: DEFAULT_GROUP@@business-service -> []
2023-08-22 23:09:36.189 INFO  com.alibaba.nacos.common.remote.client            :63   [32m                  [0;39m [d7d97fe7-1ec6-48a3-8a53-ff57a71ba462] Ack server push request, request = NotifySubscriberRequest, requestId = 24
