2023-07-17 20:08:33.384 INFO  org.hibernate.validator.internal.util.Version     :21   [32m                  [0;39m HV000001: Hibernate Validator 8.0.0.Final
2023-07-17 20:08:33.448 INFO  com.jktickets.GatewayApplication                  :51   [32m                  [0;39m Starting GatewayApplication using Java 17.0.3 with PID 16360 (D:\Project\java\jk-tickets\gateway-service\target\classes started by Administrator in D:\Project\java\jk-tickets)
2023-07-17 20:08:33.450 INFO  com.jktickets.GatewayApplication                  :630  [32m                  [0;39m No active profile set, falling back to 1 default profile: "default"
2023-07-17 20:08:33.527 INFO  o.s.b.d.env.DevToolsPropertyDefaultsPostProcessor :250  [32m                  [0;39m Devtools property defaults active! Set 'spring.devtools.add-properties' to 'false' to disable
2023-07-17 20:08:33.529 INFO  o.s.b.d.env.DevToolsPropertyDefaultsPostProcessor :250  [32m                  [0;39m For additional web related logging consider setting the 'logging.level.web' property to 'DEBUG'
2023-07-17 20:08:34.622 INFO  o.springframework.cloud.context.scope.GenericScope:282  [32m                  [0;39m BeanFactory id=324267dc-ff55-3f4c-bee8-5e2f01045e68
2023-07-17 20:08:36.368 INFO  o.s.c.gateway.route.RouteDefinitionRouteLocator   :88   [32m                  [0;39m Loaded RoutePredicateFactory [After]
2023-07-17 20:08:36.369 INFO  o.s.c.gateway.route.RouteDefinitionRouteLocator   :88   [32m                  [0;39m Loaded RoutePredicateFactory [Before]
2023-07-17 20:08:36.370 INFO  o.s.c.gateway.route.RouteDefinitionRouteLocator   :88   [32m                  [0;39m Loaded RoutePredicateFactory [Between]
2023-07-17 20:08:36.371 INFO  o.s.c.gateway.route.RouteDefinitionRouteLocator   :88   [32m                  [0;39m Loaded RoutePredicateFactory [Cookie]
2023-07-17 20:08:36.372 INFO  o.s.c.gateway.route.RouteDefinitionRouteLocator   :88   [32m                  [0;39m Loaded RoutePredicateFactory [Header]
2023-07-17 20:08:36.372 INFO  o.s.c.gateway.route.RouteDefinitionRouteLocator   :88   [32m                  [0;39m Loaded RoutePredicateFactory [Host]
2023-07-17 20:08:36.373 INFO  o.s.c.gateway.route.RouteDefinitionRouteLocator   :88   [32m                  [0;39m Loaded RoutePredicateFactory [Method]
2023-07-17 20:08:36.373 INFO  o.s.c.gateway.route.RouteDefinitionRouteLocator   :88   [32m                  [0;39m Loaded RoutePredicateFactory [Path]
2023-07-17 20:08:36.373 INFO  o.s.c.gateway.route.RouteDefinitionRouteLocator   :88   [32m                  [0;39m Loaded RoutePredicateFactory [Query]
2023-07-17 20:08:36.374 INFO  o.s.c.gateway.route.RouteDefinitionRouteLocator   :88   [32m                  [0;39m Loaded RoutePredicateFactory [ReadBody]
2023-07-17 20:08:36.374 INFO  o.s.c.gateway.route.RouteDefinitionRouteLocator   :88   [32m                  [0;39m Loaded RoutePredicateFactory [RemoteAddr]
2023-07-17 20:08:36.377 INFO  o.s.c.gateway.route.RouteDefinitionRouteLocator   :88   [32m                  [0;39m Loaded RoutePredicateFactory [XForwardedRemoteAddr]
2023-07-17 20:08:36.377 INFO  o.s.c.gateway.route.RouteDefinitionRouteLocator   :88   [32m                  [0;39m Loaded RoutePredicateFactory [Weight]
2023-07-17 20:08:36.377 INFO  o.s.c.gateway.route.RouteDefinitionRouteLocator   :88   [32m                  [0;39m Loaded RoutePredicateFactory [CloudFoundryRouteService]
2023-07-17 20:08:36.739 WARN  o.s.b.d.autoconfigure.OptionalLiveReloadServer    :62   [32m                  [0;39m Unable to start LiveReload server
2023-07-17 20:08:37.738 INFO  o.s.boot.web.embedded.netty.NettyWebServer        :111  [32m                  [0;39m Netty started on port 8000
2023-07-17 20:08:38.819 INFO  com.jktickets.GatewayApplication                  :57   [32m                  [0;39m Started GatewayApplication in 6.595 seconds (process running for 7.964)
2023-07-17 20:08:38.826 INFO  com.jktickets.GatewayApplication                  :22   [32m                  [0;39m å¯åŠ¨æˆåŠŸï¼ï¼
2023-07-17 20:08:38.827 INFO  com.jktickets.GatewayApplication                  :24   [32m                  [0;39m æµ‹è¯•åœ°å€: 	http://127.0.0.1:8000
2023-07-17 20:48:08.615 INFO  com.jktickets.filter.LoginMemberFilter            :30   [32m                  [0;39m ä¸éœ€è¦ç™»å½•éªŒè¯ï¼š/batch/admin/job/query
2023-07-17 20:48:11.081 INFO  com.jktickets.filter.LoginMemberFilter            :30   [32m                  [0;39m ä¸éœ€è¦ç™»å½•éªŒè¯ï¼š/business/admin/train/queryAll
2023-07-17 20:48:11.085 INFO  com.jktickets.filter.LoginMemberFilter            :30   [32m                  [0;39m ä¸éœ€è¦ç™»å½•éªŒè¯ï¼š/business/admin/dailyTrainSeat/queryList
2023-07-17 20:48:18.169 INFO  com.jktickets.filter.LoginMemberFilter            :30   [32m                  [0;39m ä¸éœ€è¦ç™»å½•éªŒè¯ï¼š/business/admin/train/queryList
2023-07-17 20:48:20.796 INFO  com.jktickets.filter.LoginMemberFilter            :30   [32m                  [0;39m ä¸éœ€è¦ç™»å½•éªŒè¯ï¼š/business/admin/station/queryAll
2023-07-17 20:48:20.849 INFO  com.jktickets.filter.LoginMemberFilter            :30   [32m                  [0;39m ä¸éœ€è¦ç™»å½•éªŒè¯ï¼š/business/admin/station/queryAll
2023-07-17 21:03:17.166 INFO  com.jktickets.filter.LoginMemberFilter            :30   [32m                  [0;39m ä¸éœ€è¦ç™»å½•éªŒè¯ï¼š/business/admin/train/queryAll
2023-07-17 21:03:17.166 INFO  com.jktickets.filter.LoginMemberFilter            :30   [32m                  [0;39m ä¸éœ€è¦ç™»å½•éªŒè¯ï¼š/business/admin/dailyTrain/queryList
2023-07-17 21:03:33.439 INFO  com.jktickets.filter.LoginMemberFilter            :30   [32m                  [0;39m ä¸éœ€è¦ç™»å½•éªŒè¯ï¼š/business/admin/dailyTrain/genDaily/2023-07-17
2023-07-17 21:03:35.459 INFO  com.jktickets.filter.LoginMemberFilter            :30   [32m                  [0;39m ä¸éœ€è¦ç™»å½•éªŒè¯ï¼š/business/admin/dailyTrain/queryList
2023-07-17 21:03:41.050 INFO  com.jktickets.filter.LoginMemberFilter            :30   [32m                  [0;39m ä¸éœ€è¦ç™»å½•éªŒè¯ï¼š/business/admin/dailyTrainStation/queryList
2023-07-17 21:03:41.051 INFO  com.jktickets.filter.LoginMemberFilter            :30   [32m                  [0;39m ä¸éœ€è¦ç™»å½•éªŒè¯ï¼š/business/admin/train/queryAll
2023-07-17 21:03:43.181 INFO  com.jktickets.filter.LoginMemberFilter            :30   [32m                  [0;39m ä¸éœ€è¦ç™»å½•éªŒè¯ï¼š/business/admin/train/queryAll
2023-07-17 21:03:43.182 INFO  com.jktickets.filter.LoginMemberFilter            :30   [32m                  [0;39m ä¸éœ€è¦ç™»å½•éªŒè¯ï¼š/business/admin/dailyTrainCarriage/queryList
2023-07-17 21:03:44.706 INFO  com.jktickets.filter.LoginMemberFilter            :30   [32m                  [0;39m ä¸éœ€è¦ç™»å½•éªŒè¯ï¼š/business/admin/train/queryAll
2023-07-17 21:03:44.706 INFO  com.jktickets.filter.LoginMemberFilter            :30   [32m                  [0;39m ä¸éœ€è¦ç™»å½•éªŒè¯ï¼š/business/admin/dailyTrainSeat/queryList
2023-07-17 21:03:47.253 INFO  com.jktickets.filter.LoginMemberFilter            :30   [32m                  [0;39m ä¸éœ€è¦ç™»å½•éªŒè¯ï¼š/business/admin/dailyTrainSeat/queryList
2023-07-17 21:03:48.481 INFO  com.jktickets.filter.LoginMemberFilter            :30   [32m                  [0;39m ä¸éœ€è¦ç™»å½•éªŒè¯ï¼š/business/admin/dailyTrainSeat/queryList
2023-07-17 21:03:49.638 INFO  com.jktickets.filter.LoginMemberFilter            :30   [32m                  [0;39m ä¸éœ€è¦ç™»å½•éªŒè¯ï¼š/business/admin/dailyTrainSeat/queryList
2023-07-17 21:03:50.924 INFO  com.jktickets.filter.LoginMemberFilter            :30   [32m                  [0;39m ä¸éœ€è¦ç™»å½•éªŒè¯ï¼š/business/admin/dailyTrainSeat/queryList
2023-07-17 21:03:52.802 INFO  com.jktickets.filter.LoginMemberFilter            :30   [32m                  [0;39m ä¸éœ€è¦ç™»å½•éªŒè¯ï¼š/business/admin/dailyTrainSeat/queryList
2023-07-17 21:03:54.502 INFO  com.jktickets.filter.LoginMemberFilter            :30   [32m                  [0;39m ä¸éœ€è¦ç™»å½•éªŒè¯ï¼š/business/admin/train/queryAll
2023-07-17 21:03:54.503 INFO  com.jktickets.filter.LoginMemberFilter            :30   [32m                  [0;39m ä¸éœ€è¦ç™»å½•éªŒè¯ï¼š/business/admin/dailyTrain/queryList
2023-07-17 21:03:57.081 INFO  com.jktickets.filter.LoginMemberFilter            :30   [32m                  [0;39m ä¸éœ€è¦ç™»å½•éªŒè¯ï¼š/business/admin/dailyTrain/queryList
2023-07-17 21:03:57.881 INFO  com.jktickets.filter.LoginMemberFilter            :30   [32m                  [0;39m ä¸éœ€è¦ç™»å½•éªŒè¯ï¼š/business/admin/dailyTrain/queryList
2023-07-17 21:04:10.787 INFO  com.jktickets.filter.LoginMemberFilter            :30   [32m                  [0;39m ä¸éœ€è¦ç™»å½•éªŒè¯ï¼š/business/admin/train/queryAll
2023-07-17 21:04:10.787 INFO  com.jktickets.filter.LoginMemberFilter            :30   [32m                  [0;39m ä¸éœ€è¦ç™»å½•éªŒè¯ï¼š/business/admin/station/queryAll
2023-07-17 21:04:10.791 INFO  com.jktickets.filter.LoginMemberFilter            :30   [32m                  [0;39m ä¸éœ€è¦ç™»å½•éªŒè¯ï¼š/business/admin/dailyTrainTicket/queryList
2023-07-17 21:04:10.839 INFO  com.jktickets.filter.LoginMemberFilter            :30   [32m                  [0;39m ä¸éœ€è¦ç™»å½•éªŒè¯ï¼š/business/admin/station/queryAll
