2023-08-13 11:35:25.613 WARN  com.alibaba.nacos.client.logging.NacosLogging     :64   [32m                  [0;39m Load Logback Configuration of Nacos fail, message: Could not initialize Logback Nacos logging from classpath:nacos-logback.xml
2023-08-13 11:35:25.626 INFO  org.hibernate.validator.internal.util.Version     :21   [32m                  [0;39m HV000001: Hibernate Validator 8.0.0.Final
2023-08-13 11:35:25.711 WARN  com.alibaba.nacos.client.logging.NacosLogging     :64   [32m                  [0;39m Load Logback Configuration of Nacos fail, message: Could not initialize Logback Nacos logging from classpath:nacos-logback.xml
2023-08-13 11:35:25.752 INFO  o.s.b.d.env.DevToolsPropertyDefaultsPostProcessor :250  [32m                  [0;39m Devtools property defaults active! Set 'spring.devtools.add-properties' to 'false' to disable
2023-08-13 11:35:26.754 WARN  com.alibaba.nacos.client.logging.NacosLogging     :64   [32m                  [0;39m Load Logback Configuration of Nacos fail, message: Could not initialize Logback Nacos logging from classpath:nacos-logback.xml
2023-08-13 11:35:26.772 WARN  com.alibaba.nacos.client.logging.NacosLogging     :64   [32m                  [0;39m Load Logback Configuration of Nacos fail, message: Could not initialize Logback Nacos logging from classpath:nacos-logback.xml
2023-08-13 11:35:26.774 INFO  com.jktickets.GatewayApplication                  :630  [32m                  [0;39m No active profile set, falling back to 1 default profile: "default"
2023-08-13 11:35:27.731 INFO  o.springframework.cloud.context.scope.GenericScope:282  [32m                  [0;39m BeanFactory id=ea6e5f07-ce95-39ee-958f-0cb9fcb8301e
2023-08-13 11:35:27.773 INFO  o.s.c.s.PostProcessorRegistrationDelegate$BeanPostProcessorChecker:409  [32m                  [0;39m Bean 'org.springframework.cloud.client.loadbalancer.reactive.LoadBalancerBeanPostProcessorAutoConfiguration' of type [org.springframework.cloud.client.loadbalancer.reactive.LoadBalancerBeanPostProcessorAutoConfiguration] is not eligible for getting processed by all BeanPostProcessors (for example: not eligible for auto-proxying)
2023-08-13 11:35:27.775 INFO  o.s.c.s.PostProcessorRegistrationDelegate$BeanPostProcessorChecker:409  [32m                  [0;39m Bean 'org.springframework.cloud.client.loadbalancer.reactive.LoadBalancerBeanPostProcessorAutoConfiguration$ReactorDeferringLoadBalancerFilterConfig' of type [org.springframework.cloud.client.loadbalancer.reactive.LoadBalancerBeanPostProcessorAutoConfiguration$ReactorDeferringLoadBalancerFilterConfig] is not eligible for getting processed by all BeanPostProcessors (for example: not eligible for auto-proxying)
2023-08-13 11:35:27.776 INFO  o.s.c.s.PostProcessorRegistrationDelegate$BeanPostProcessorChecker:409  [32m                  [0;39m Bean 'reactorDeferringLoadBalancerExchangeFilterFunction' of type [org.springframework.cloud.client.loadbalancer.reactive.DeferringLoadBalancerExchangeFilterFunction] is not eligible for getting processed by all BeanPostProcessors (for example: not eligible for auto-proxying)
2023-08-13 11:35:30.235 INFO  o.s.c.gateway.route.RouteDefinitionRouteLocator   :88   [32m                  [0;39m Loaded RoutePredicateFactory [After]
2023-08-13 11:35:30.235 INFO  o.s.c.gateway.route.RouteDefinitionRouteLocator   :88   [32m                  [0;39m Loaded RoutePredicateFactory [Before]
2023-08-13 11:35:30.236 INFO  o.s.c.gateway.route.RouteDefinitionRouteLocator   :88   [32m                  [0;39m Loaded RoutePredicateFactory [Between]
2023-08-13 11:35:30.236 INFO  o.s.c.gateway.route.RouteDefinitionRouteLocator   :88   [32m                  [0;39m Loaded RoutePredicateFactory [Cookie]
2023-08-13 11:35:30.236 INFO  o.s.c.gateway.route.RouteDefinitionRouteLocator   :88   [32m                  [0;39m Loaded RoutePredicateFactory [Header]
2023-08-13 11:35:30.237 INFO  o.s.c.gateway.route.RouteDefinitionRouteLocator   :88   [32m                  [0;39m Loaded RoutePredicateFactory [Host]
2023-08-13 11:35:30.237 INFO  o.s.c.gateway.route.RouteDefinitionRouteLocator   :88   [32m                  [0;39m Loaded RoutePredicateFactory [Method]
2023-08-13 11:35:30.237 INFO  o.s.c.gateway.route.RouteDefinitionRouteLocator   :88   [32m                  [0;39m Loaded RoutePredicateFactory [Path]
2023-08-13 11:35:30.238 INFO  o.s.c.gateway.route.RouteDefinitionRouteLocator   :88   [32m                  [0;39m Loaded RoutePredicateFactory [Query]
2023-08-13 11:35:30.238 INFO  o.s.c.gateway.route.RouteDefinitionRouteLocator   :88   [32m                  [0;39m Loaded RoutePredicateFactory [ReadBody]
2023-08-13 11:35:30.238 INFO  o.s.c.gateway.route.RouteDefinitionRouteLocator   :88   [32m                  [0;39m Loaded RoutePredicateFactory [RemoteAddr]
2023-08-13 11:35:30.239 INFO  o.s.c.gateway.route.RouteDefinitionRouteLocator   :88   [32m                  [0;39m Loaded RoutePredicateFactory [XForwardedRemoteAddr]
2023-08-13 11:35:30.239 INFO  o.s.c.gateway.route.RouteDefinitionRouteLocator   :88   [32m                  [0;39m Loaded RoutePredicateFactory [Weight]
2023-08-13 11:35:30.239 INFO  o.s.c.gateway.route.RouteDefinitionRouteLocator   :88   [32m                  [0;39m Loaded RoutePredicateFactory [CloudFoundryRouteService]
2023-08-13 11:35:31.111 INFO  o.s.b.d.autoconfigure.OptionalLiveReloadServer    :59   [32m                  [0;39m LiveReload server is running on port 35729
2023-08-13 11:35:31.143 WARN  o.s.c.l.c.LoadBalancerCacheAutoConfiguration$LoadBalancerCaffeineWarnLogger:81   [32m                  [0;39m Spring Cloud LoadBalancer is currently working with the default cache. While this cache implementation is useful for development and tests, it's recommended to use Caffeine cache in production.You can switch to using Caffeine cache, by adding it and org.springframework.cache.caffeine.CaffeineCacheManager to the classpath.
2023-08-13 11:35:31.558 INFO  o.s.boot.web.embedded.netty.NettyWebServer        :111  [32m                  [0;39m Netty started on port 8000
2023-08-13 11:35:32.499 WARN  com.alibaba.nacos.client.logging.NacosLogging     :64   [32m                  [0;39m Load Logback Configuration of Nacos fail, message: Could not initialize Logback Nacos logging from classpath:nacos-logback.xml
2023-08-13 11:35:32.500 INFO  com.alibaba.nacos.client.naming                   :62   [32m                  [0;39m initializer namespace from ans.namespace attribute : null
2023-08-13 11:35:32.501 INFO  com.alibaba.nacos.client.naming                   :66   [32m                  [0;39m initializer namespace from ALIBABA_ALIWARE_NAMESPACE attribute :null
2023-08-13 11:35:32.503 INFO  com.alibaba.nacos.client.naming                   :73   [32m                  [0;39m initializer namespace from namespace attribute :null
2023-08-13 11:35:32.547 INFO  com.alibaba.nacos.client.utils.ParamUtil          :87   [32m                  [0;39m [settings] [req-serv] nacos-server port:8848
2023-08-13 11:35:32.548 INFO  com.alibaba.nacos.client.utils.ParamUtil          :98   [32m                  [0;39m [settings] [http-client] connect timeout:1000
2023-08-13 11:35:32.550 INFO  com.alibaba.nacos.client.utils.ParamUtil          :105  [32m                  [0;39m PER_TASK_CONFIG_SIZE: 3000.0
2023-08-13 11:35:32.559 INFO  c.a.n.p.auth.spi.client.ClientAuthPluginManager   :56   [32m                  [0;39m [ClientAuthPluginManager] Load ClientAuthService com.alibaba.nacos.client.auth.impl.NacosClientAuthServiceImpl success.
2023-08-13 11:35:32.560 INFO  c.a.n.p.auth.spi.client.ClientAuthPluginManager   :56   [32m                  [0;39m [ClientAuthPluginManager] Load ClientAuthService com.alibaba.nacos.client.auth.ram.RamClientAuthServiceImpl success.
2023-08-13 11:35:32.566 INFO  c.a.n.client.auth.ram.identify.CredentialWatcher  :165  [32m                  [0;39m null No credential found
2023-08-13 11:35:32.583 INFO  com.alibaba.nacos.common.remote.client            :108  [32m                  [0;39m [RpcClientFactory] create a new rpc client of a36c511a-e339-49fe-85c9-48431f229c46
2023-08-13 11:35:32.628 INFO  com.alibaba.nacos.common.remote.client            :63   [32m                  [0;39m [a36c511a-e339-49fe-85c9-48431f229c46] RpcClient init, ServerListFactory = com.alibaba.nacos.client.naming.core.ServerListManager
2023-08-13 11:35:32.628 INFO  com.alibaba.nacos.common.remote.client            :63   [32m                  [0;39m [a36c511a-e339-49fe-85c9-48431f229c46] Registry connection listener to current client:com.alibaba.nacos.client.naming.remote.gprc.redo.NamingGrpcRedoService
2023-08-13 11:35:32.629 INFO  com.alibaba.nacos.common.remote.client            :63   [32m                  [0;39m [a36c511a-e339-49fe-85c9-48431f229c46] Register server push request handler:com.alibaba.nacos.client.naming.remote.gprc.NamingPushRequestHandler
2023-08-13 11:35:32.633 INFO  com.alibaba.nacos.common.remote.client            :63   [32m                  [0;39m [a36c511a-e339-49fe-85c9-48431f229c46] Try to connect to server on start up, server: {serverIp = '127.0.0.1', server main port = 8848}
2023-08-13 11:35:32.862 INFO  c.a.nacos.common.remote.client.grpc.GrpcClient    :182  [32m                  [0;39m grpc client connection server:127.0.0.1 ip,serverPort:9848,grpcTslConfig:{"sslProvider":"OPENSSL","enableTls":false,"mutualAuthEnable":false,"trustAll":false}
2023-08-13 11:35:34.768 INFO  com.alibaba.nacos.common.remote.client            :63   [32m                  [0;39m [a36c511a-e339-49fe-85c9-48431f229c46] Success to connect to server [127.0.0.1:8848] on start up, connectionId = 1691897734506_127.0.0.1_58662
2023-08-13 11:35:34.769 INFO  com.alibaba.nacos.common.remote.client            :63   [32m                  [0;39m [a36c511a-e339-49fe-85c9-48431f229c46] Notify connected event to listeners.
2023-08-13 11:35:34.769 INFO  com.alibaba.nacos.client.naming                   :78   [32m                  [0;39m Grpc connection connect
2023-08-13 11:35:34.769 INFO  com.alibaba.nacos.common.remote.client            :63   [32m                  [0;39m [a36c511a-e339-49fe-85c9-48431f229c46] Register server push request handler:com.alibaba.nacos.common.remote.client.RpcClient$ConnectResetRequestHandler
2023-08-13 11:35:34.770 INFO  com.alibaba.nacos.common.remote.client            :63   [32m                  [0;39m [a36c511a-e339-49fe-85c9-48431f229c46] Register server push request handler:com.alibaba.nacos.common.remote.client.RpcClient$$Lambda$955/0x0000000801314f30
2023-08-13 11:35:34.772 INFO  com.alibaba.nacos.client.naming                   :121  [32m                  [0;39m [REGISTER-SERVICE] train registering service gateway-service with instance Instance{instanceId='null', ip='192.168.0.102', port=8000, weight=1.0, healthy=true, enabled=true, ephemeral=true, clusterName='DEFAULT', serviceName='null', metadata={IPv6=null, preserved.register.source=SPRING_CLOUD}}
2023-08-13 11:35:34.807 INFO  c.a.cloud.nacos.registry.NacosServiceRegistry     :76   [32m                  [0;39m nacos registry, DEFAULT_GROUP gateway-service 192.168.0.102:8000 register finished
2023-08-13 11:35:34.889 INFO  com.jktickets.GatewayApplication                  :57   [32m                  [0;39m Started GatewayApplication in 10.545 seconds (process running for 11.66)
2023-08-13 11:35:34.896 INFO  com.jktickets.GatewayApplication                  :22   [32m                  [0;39m å¯åŠ¨æˆåŠŸï¼ï¼
2023-08-13 11:35:34.897 INFO  com.jktickets.GatewayApplication                  :24   [32m                  [0;39m æµ‹è¯•åœ°å€: 	http://127.0.0.1:8000
2023-08-13 11:40:56.508 INFO  com.jktickets.filter.LoginMemberFilter            :31   [32m                  [0;39m ä¸éœ€è¦ç™»å½•éªŒè¯ï¼š/business/admin/sk-token/queryList
2023-08-13 11:40:56.578 INFO  com.alibaba.nacos.client.naming                   :167  [32m                  [0;39m [SUBSCRIBE-SERVICE] service:business-service, group:DEFAULT_GROUP, clusters: 
2023-08-13 11:40:56.598 INFO  com.alibaba.nacos.client.naming                   :184  [32m                  [0;39m init new ips(1) service: DEFAULT_GROUP@@business-service -> [{"ip":"192.168.0.102","port":8002,"weight":1.0,"healthy":true,"enabled":true,"ephemeral":true,"clusterName":"DEFAULT","serviceName":"DEFAULT_GROUP@@business-service","metadata":{"preserved.register.source":"SPRING_CLOUD"},"ipDeleteTimeout":30000,"instanceHeartBeatTimeOut":15000,"instanceHeartBeatInterval":5000}]
2023-08-13 11:40:56.610 INFO  com.alibaba.nacos.client.naming                   :169  [32m                  [0;39m current ips:(1) service: DEFAULT_GROUP@@business-service -> [{"ip":"192.168.0.102","port":8002,"weight":1.0,"healthy":true,"enabled":true,"ephemeral":true,"clusterName":"DEFAULT","serviceName":"DEFAULT_GROUP@@business-service","metadata":{"preserved.register.source":"SPRING_CLOUD"},"ipDeleteTimeout":30000,"instanceHeartBeatTimeOut":15000,"instanceHeartBeatInterval":5000}]
2023-08-13 11:40:57.116 INFO  com.alibaba.nacos.common.remote.client            :63   [32m                  [0;39m [a36c511a-e339-49fe-85c9-48431f229c46] Receive server push request, request = NotifySubscriberRequest, requestId = 3
2023-08-13 11:40:57.117 INFO  com.alibaba.nacos.common.remote.client            :63   [32m                  [0;39m [a36c511a-e339-49fe-85c9-48431f229c46] Ack server push request, request = NotifySubscriberRequest, requestId = 3
2023-08-13 11:41:09.810 INFO  com.jktickets.filter.LoginMemberFilter            :31   [32m                  [0;39m ä¸éœ€è¦ç™»å½•éªŒè¯ï¼š/business/admin/sk-token/queryList
2023-08-13 11:42:23.682 INFO  com.jktickets.filter.LoginMemberFilter            :31   [32m                  [0;39m ä¸éœ€è¦ç™»å½•éªŒè¯ï¼š/business/admin/sk-token/queryList
2023-08-13 11:42:46.709 INFO  com.jktickets.filter.LoginMemberFilter            :31   [32m                  [0;39m ä¸éœ€è¦ç™»å½•éªŒè¯ï¼š/business/admin/skToken/queryList
2023-08-13 11:42:53.746 INFO  com.jktickets.filter.LoginMemberFilter            :31   [32m                  [0;39m ä¸éœ€è¦ç™»å½•éªŒè¯ï¼š/business/admin/skToken/queryList
2023-08-13 11:43:07.842 INFO  com.jktickets.filter.LoginMemberFilter            :31   [32m                  [0;39m ä¸éœ€è¦ç™»å½•éªŒè¯ï¼š/business/admin/skToken/save
2023-08-13 11:43:08.054 INFO  com.jktickets.filter.LoginMemberFilter            :31   [32m                  [0;39m ä¸éœ€è¦ç™»å½•éªŒè¯ï¼š/business/admin/skToken/queryList
2023-08-13 14:06:05.512 INFO  com.jktickets.filter.LoginMemberFilter            :31   [32m                  [0;39m ä¸éœ€è¦ç™»å½•éªŒè¯ï¼š/business/admin/skToken/queryList
2023-08-13 14:06:46.691 INFO  com.jktickets.filter.LoginMemberFilter            :31   [32m                  [0;39m ä¸éœ€è¦ç™»å½•éªŒè¯ï¼š/business/admin/skToken/queryList
2023-08-13 14:07:02.850 INFO  com.jktickets.filter.LoginMemberFilter            :31   [32m                  [0;39m ä¸éœ€è¦ç™»å½•éªŒè¯ï¼š/business/admin/skToken/queryList
2023-08-13 14:07:11.104 INFO  com.jktickets.filter.LoginMemberFilter            :31   [32m                  [0;39m ä¸éœ€è¦ç™»å½•éªŒè¯ï¼š/business/admin/skToken/queryList
2023-08-13 14:07:25.956 INFO  com.jktickets.filter.LoginMemberFilter            :31   [32m                  [0;39m ä¸éœ€è¦ç™»å½•éªŒè¯ï¼š/business/admin/skToken/queryList
2023-08-13 14:07:30.078 INFO  com.jktickets.filter.LoginMemberFilter            :31   [32m                  [0;39m ä¸éœ€è¦ç™»å½•éªŒè¯ï¼š/business/admin/skToken/queryList
2023-08-13 15:38:59.917 INFO  com.jktickets.filter.LoginMemberFilter            :31   [32m                  [0;39m ä¸éœ€è¦ç™»å½•éªŒè¯ï¼š/business/admin/confirmOrder/queryList
2023-08-13 15:39:05.283 INFO  com.jktickets.filter.LoginMemberFilter            :31   [32m                  [0;39m ä¸éœ€è¦ç™»å½•éªŒè¯ï¼š/business/admin/train/queryAll
2023-08-13 15:39:05.284 INFO  com.jktickets.filter.LoginMemberFilter            :31   [32m                  [0;39m ä¸éœ€è¦ç™»å½•éªŒè¯ï¼š/business/admin/station/queryAll
2023-08-13 15:39:05.287 INFO  com.jktickets.filter.LoginMemberFilter            :31   [32m                  [0;39m ä¸éœ€è¦ç™»å½•éªŒè¯ï¼š/business/admin/dailyTrainTicket/queryList
2023-08-13 15:39:05.407 INFO  com.jktickets.filter.LoginMemberFilter            :31   [32m                  [0;39m ä¸éœ€è¦ç™»å½•éªŒè¯ï¼š/business/admin/station/queryAll
2023-08-13 15:39:06.625 INFO  com.jktickets.filter.LoginMemberFilter            :31   [32m                  [0;39m ä¸éœ€è¦ç™»å½•éªŒè¯ï¼š/business/admin/train/queryAll
2023-08-13 15:39:06.626 INFO  com.jktickets.filter.LoginMemberFilter            :31   [32m                  [0;39m ä¸éœ€è¦ç™»å½•éªŒè¯ï¼š/business/admin/dailyTrain/queryList
2023-08-13 15:39:18.923 INFO  com.jktickets.filter.LoginMemberFilter            :31   [32m                  [0;39m ä¸éœ€è¦ç™»å½•éªŒè¯ï¼š/business/admin/dailyTrain/genDaily/2023-08-13
2023-08-13 15:39:22.063 INFO  com.jktickets.filter.LoginMemberFilter            :31   [32m                  [0;39m ä¸éœ€è¦ç™»å½•éªŒè¯ï¼š/business/admin/dailyTrain/queryList
2023-08-13 15:40:19.170 INFO  com.jktickets.filter.LoginMemberFilter            :31   [32m                  [0;39m ä¸éœ€è¦ç™»å½•éªŒè¯ï¼š/business/admin/skToken/queryList
2023-08-13 15:40:25.360 INFO  com.jktickets.filter.LoginMemberFilter            :31   [32m                  [0;39m ä¸éœ€è¦ç™»å½•éªŒè¯ï¼š/business/admin/skToken/queryList
2023-08-13 15:40:26.086 INFO  com.jktickets.filter.LoginMemberFilter            :31   [32m                  [0;39m ä¸éœ€è¦ç™»å½•éªŒè¯ï¼š/business/admin/skToken/queryList
2023-08-13 15:42:09.316 INFO  com.alibaba.nacos.common.remote.client            :63   [32m                  [0;39m [a36c511a-e339-49fe-85c9-48431f229c46] Receive server push request, request = NotifySubscriberRequest, requestId = 4
2023-08-13 15:42:09.333 INFO  com.alibaba.nacos.client.naming                   :241  [32m                  [0;39m removed ips(1) service: DEFAULT_GROUP@@business-service -> [{"ip":"192.168.0.102","port":8002,"weight":1.0,"healthy":true,"enabled":true,"ephemeral":true,"clusterName":"DEFAULT","serviceName":"DEFAULT_GROUP@@business-service","metadata":{"preserved.register.source":"SPRING_CLOUD"},"ipDeleteTimeout":30000,"instanceHeartBeatTimeOut":15000,"instanceHeartBeatInterval":5000}]
2023-08-13 15:42:09.334 INFO  com.alibaba.nacos.client.naming                   :169  [32m                  [0;39m current ips:(0) service: DEFAULT_GROUP@@business-service -> []
2023-08-13 15:42:09.339 INFO  com.alibaba.nacos.common.remote.client            :63   [32m                  [0;39m [a36c511a-e339-49fe-85c9-48431f229c46] Ack server push request, request = NotifySubscriberRequest, requestId = 4
2023-08-13 15:42:44.387 INFO  com.alibaba.nacos.common.remote.client            :63   [32m                  [0;39m [a36c511a-e339-49fe-85c9-48431f229c46] Receive server push request, request = NotifySubscriberRequest, requestId = 6
2023-08-13 15:42:44.388 INFO  com.alibaba.nacos.client.naming                   :235  [32m                  [0;39m new ips(1) service: DEFAULT_GROUP@@business-service -> [{"ip":"192.168.0.102","port":8002,"weight":1.0,"healthy":true,"enabled":true,"ephemeral":true,"clusterName":"DEFAULT","serviceName":"DEFAULT_GROUP@@business-service","metadata":{"preserved.register.source":"SPRING_CLOUD"},"ipDeleteTimeout":30000,"instanceHeartBeatTimeOut":15000,"instanceHeartBeatInterval":5000}]
2023-08-13 15:42:44.389 INFO  com.alibaba.nacos.client.naming                   :169  [32m                  [0;39m current ips:(1) service: DEFAULT_GROUP@@business-service -> [{"ip":"192.168.0.102","port":8002,"weight":1.0,"healthy":true,"enabled":true,"ephemeral":true,"clusterName":"DEFAULT","serviceName":"DEFAULT_GROUP@@business-service","metadata":{"preserved.register.source":"SPRING_CLOUD"},"ipDeleteTimeout":30000,"instanceHeartBeatTimeOut":15000,"instanceHeartBeatInterval":5000}]
2023-08-13 15:42:44.391 INFO  com.alibaba.nacos.common.remote.client            :63   [32m                  [0;39m [a36c511a-e339-49fe-85c9-48431f229c46] Ack server push request, request = NotifySubscriberRequest, requestId = 6
2023-08-13 15:43:08.836 INFO  com.jktickets.filter.LoginMemberFilter            :31   [32m                  [0;39m ä¸éœ€è¦ç™»å½•éªŒè¯ï¼š/business/admin/confirmOrder/queryList
2023-08-13 15:43:09.574 INFO  com.jktickets.filter.LoginMemberFilter            :31   [32m                  [0;39m ä¸éœ€è¦ç™»å½•éªŒè¯ï¼š/business/admin/train/queryAll
2023-08-13 15:43:09.574 INFO  com.jktickets.filter.LoginMemberFilter            :31   [32m                  [0;39m ä¸éœ€è¦ç™»å½•éªŒè¯ï¼š/business/admin/station/queryAll
2023-08-13 15:43:09.577 INFO  com.jktickets.filter.LoginMemberFilter            :31   [32m                  [0;39m ä¸éœ€è¦ç™»å½•éªŒè¯ï¼š/business/admin/dailyTrainTicket/queryList
2023-08-13 15:43:09.846 INFO  com.jktickets.filter.LoginMemberFilter            :31   [32m                  [0;39m ä¸éœ€è¦ç™»å½•éªŒè¯ï¼š/business/admin/station/queryAll
2023-08-13 15:43:11.472 INFO  com.jktickets.filter.LoginMemberFilter            :31   [32m                  [0;39m ä¸éœ€è¦ç™»å½•éªŒè¯ï¼š/business/admin/train/queryAll
2023-08-13 15:43:11.473 INFO  com.jktickets.filter.LoginMemberFilter            :31   [32m                  [0;39m ä¸éœ€è¦ç™»å½•éªŒè¯ï¼š/business/admin/dailyTrain/queryList
2023-08-13 15:43:18.987 INFO  com.jktickets.filter.LoginMemberFilter            :31   [32m                  [0;39m ä¸éœ€è¦ç™»å½•éªŒè¯ï¼š/business/admin/dailyTrain/genDaily/2023-08-13
2023-08-13 15:43:22.167 INFO  com.jktickets.filter.LoginMemberFilter            :31   [32m                  [0;39m ä¸éœ€è¦ç™»å½•éªŒè¯ï¼š/business/admin/dailyTrain/queryList
2023-08-13 15:43:25.692 INFO  com.jktickets.filter.LoginMemberFilter            :31   [32m                  [0;39m ä¸éœ€è¦ç™»å½•éªŒè¯ï¼š/business/admin/skToken/queryList
2023-08-13 15:44:35.384 INFO  com.jktickets.filter.LoginMemberFilter            :31   [32m                  [0;39m ä¸éœ€è¦ç™»å½•éªŒè¯ï¼š/business/admin/skToken/queryList
2023-08-13 15:44:42.467 INFO  com.jktickets.filter.LoginMemberFilter            :31   [32m                  [0;39m ä¸éœ€è¦ç™»å½•éªŒè¯ï¼š/business/admin/skToken/delete/1690569647734263808
2023-08-13 15:44:42.563 INFO  com.jktickets.filter.LoginMemberFilter            :31   [32m                  [0;39m ä¸éœ€è¦ç™»å½•éªŒè¯ï¼š/business/admin/skToken/queryList
2023-08-13 15:45:02.591 INFO  com.jktickets.filter.LoginMemberFilter            :31   [32m                  [0;39m ä¸éœ€è¦ç™»å½•éªŒè¯ï¼š/business/admin/skToken/queryList
2023-08-13 15:45:07.855 INFO  com.jktickets.filter.LoginMemberFilter            :31   [32m                  [0;39m ä¸éœ€è¦ç™»å½•éªŒè¯ï¼š/business/admin/skToken/queryList
2023-08-13 16:55:43.292 INFO  com.alibaba.nacos.common.remote.client            :63   [32m                  [0;39m [a36c511a-e339-49fe-85c9-48431f229c46] Receive server push request, request = NotifySubscriberRequest, requestId = 7
2023-08-13 16:55:43.302 INFO  com.alibaba.nacos.client.naming                   :241  [32m                  [0;39m removed ips(1) service: DEFAULT_GROUP@@business-service -> [{"ip":"192.168.0.102","port":8002,"weight":1.0,"healthy":true,"enabled":true,"ephemeral":true,"clusterName":"DEFAULT","serviceName":"DEFAULT_GROUP@@business-service","metadata":{"preserved.register.source":"SPRING_CLOUD"},"ipDeleteTimeout":30000,"instanceHeartBeatTimeOut":15000,"instanceHeartBeatInterval":5000}]
2023-08-13 16:55:43.304 INFO  com.alibaba.nacos.client.naming                   :169  [32m                  [0;39m current ips:(0) service: DEFAULT_GROUP@@business-service -> []
2023-08-13 16:55:43.310 INFO  com.alibaba.nacos.common.remote.client            :63   [32m                  [0;39m [a36c511a-e339-49fe-85c9-48431f229c46] Ack server push request, request = NotifySubscriberRequest, requestId = 7
2023-08-13 16:56:14.957 INFO  com.alibaba.nacos.common.remote.client            :63   [32m                  [0;39m [a36c511a-e339-49fe-85c9-48431f229c46] Receive server push request, request = NotifySubscriberRequest, requestId = 9
2023-08-13 16:56:14.958 INFO  com.alibaba.nacos.client.naming                   :235  [32m                  [0;39m new ips(1) service: DEFAULT_GROUP@@business-service -> [{"ip":"192.168.0.102","port":8002,"weight":1.0,"healthy":true,"enabled":true,"ephemeral":true,"clusterName":"DEFAULT","serviceName":"DEFAULT_GROUP@@business-service","metadata":{"preserved.register.source":"SPRING_CLOUD"},"ipDeleteTimeout":30000,"instanceHeartBeatTimeOut":15000,"instanceHeartBeatInterval":5000}]
2023-08-13 16:56:14.958 INFO  com.alibaba.nacos.client.naming                   :169  [32m                  [0;39m current ips:(1) service: DEFAULT_GROUP@@business-service -> [{"ip":"192.168.0.102","port":8002,"weight":1.0,"healthy":true,"enabled":true,"ephemeral":true,"clusterName":"DEFAULT","serviceName":"DEFAULT_GROUP@@business-service","metadata":{"preserved.register.source":"SPRING_CLOUD"},"ipDeleteTimeout":30000,"instanceHeartBeatTimeOut":15000,"instanceHeartBeatInterval":5000}]
2023-08-13 16:56:14.960 INFO  com.alibaba.nacos.common.remote.client            :63   [32m                  [0;39m [a36c511a-e339-49fe-85c9-48431f229c46] Ack server push request, request = NotifySubscriberRequest, requestId = 9
2023-08-13 16:59:26.302 INFO  com.jktickets.filter.LoginMemberFilter            :31   [32m                  [0;39m ä¸éœ€è¦ç™»å½•éªŒè¯ï¼š/member/member/sendCode
2023-08-13 16:59:26.445 INFO  com.alibaba.nacos.client.naming                   :167  [32m                  [0;39m [SUBSCRIBE-SERVICE] service:member-service, group:DEFAULT_GROUP, clusters: 
2023-08-13 16:59:26.451 INFO  com.alibaba.nacos.client.naming                   :184  [32m                  [0;39m init new ips(1) service: DEFAULT_GROUP@@member-service -> [{"ip":"192.168.0.102","port":8001,"weight":1.0,"healthy":true,"enabled":true,"ephemeral":true,"clusterName":"DEFAULT","serviceName":"DEFAULT_GROUP@@member-service","metadata":{"preserved.register.source":"SPRING_CLOUD"},"ipDeleteTimeout":30000,"instanceHeartBeatTimeOut":15000,"instanceHeartBeatInterval":5000}]
2023-08-13 16:59:26.458 INFO  com.alibaba.nacos.client.naming                   :169  [32m                  [0;39m current ips:(1) service: DEFAULT_GROUP@@member-service -> [{"ip":"192.168.0.102","port":8001,"weight":1.0,"healthy":true,"enabled":true,"ephemeral":true,"clusterName":"DEFAULT","serviceName":"DEFAULT_GROUP@@member-service","metadata":{"preserved.register.source":"SPRING_CLOUD"},"ipDeleteTimeout":30000,"instanceHeartBeatTimeOut":15000,"instanceHeartBeatInterval":5000}]
2023-08-13 16:59:26.973 INFO  com.alibaba.nacos.common.remote.client            :63   [32m                  [0;39m [a36c511a-e339-49fe-85c9-48431f229c46] Receive server push request, request = NotifySubscriberRequest, requestId = 10
2023-08-13 16:59:26.974 INFO  com.alibaba.nacos.common.remote.client            :63   [32m                  [0;39m [a36c511a-e339-49fe-85c9-48431f229c46] Ack server push request, request = NotifySubscriberRequest, requestId = 10
2023-08-13 17:00:23.552 INFO  com.jktickets.filter.LoginMemberFilter            :31   [32m                  [0;39m ä¸éœ€è¦ç™»å½•éªŒè¯ï¼š/member/member/sendCode
2023-08-13 17:00:24.843 INFO  com.jktickets.filter.LoginMemberFilter            :31   [32m                  [0;39m ä¸éœ€è¦ç™»å½•éªŒè¯ï¼š/member/member/login
2023-08-13 17:00:53.064 INFO  com.jktickets.filter.LoginMemberFilter            :31   [32m                  [0;39m ä¸éœ€è¦ç™»å½•éªŒè¯ï¼š/member/member/sendCode
2023-08-13 17:01:02.761 INFO  com.jktickets.filter.LoginMemberFilter            :31   [32m                  [0;39m ä¸éœ€è¦ç™»å½•éªŒè¯ï¼š/member/member/sendCode
2023-08-13 17:01:12.705 INFO  com.jktickets.filter.LoginMemberFilter            :31   [32m                  [0;39m ä¸éœ€è¦ç™»å½•éªŒè¯ï¼š/member/member/sendCode
2023-08-13 17:01:20.834 INFO  com.jktickets.filter.LoginMemberFilter            :31   [32m                  [0;39m ä¸éœ€è¦ç™»å½•éªŒè¯ï¼š/member/member/sendCode
2023-08-13 17:05:02.657 INFO  com.alibaba.nacos.common.remote.client            :63   [32m                  [0;39m [a36c511a-e339-49fe-85c9-48431f229c46] Receive server push request, request = NotifySubscriberRequest, requestId = 11
2023-08-13 17:05:02.658 INFO  com.alibaba.nacos.client.naming                   :241  [32m                  [0;39m removed ips(1) service: DEFAULT_GROUP@@member-service -> [{"ip":"192.168.0.102","port":8001,"weight":1.0,"healthy":true,"enabled":true,"ephemeral":true,"clusterName":"DEFAULT","serviceName":"DEFAULT_GROUP@@member-service","metadata":{"preserved.register.source":"SPRING_CLOUD"},"ipDeleteTimeout":30000,"instanceHeartBeatTimeOut":15000,"instanceHeartBeatInterval":5000}]
2023-08-13 17:05:02.658 INFO  com.alibaba.nacos.client.naming                   :169  [32m                  [0;39m current ips:(0) service: DEFAULT_GROUP@@member-service -> []
2023-08-13 17:05:02.660 INFO  com.alibaba.nacos.common.remote.client            :63   [32m                  [0;39m [a36c511a-e339-49fe-85c9-48431f229c46] Ack server push request, request = NotifySubscriberRequest, requestId = 11
2023-08-13 17:05:17.763 INFO  com.alibaba.nacos.common.remote.client            :63   [32m                  [0;39m [a36c511a-e339-49fe-85c9-48431f229c46] Receive server push request, request = NotifySubscriberRequest, requestId = 13
2023-08-13 17:05:17.763 INFO  com.alibaba.nacos.client.naming                   :235  [32m                  [0;39m new ips(1) service: DEFAULT_GROUP@@member-service -> [{"ip":"192.168.0.102","port":8001,"weight":1.0,"healthy":true,"enabled":true,"ephemeral":true,"clusterName":"DEFAULT","serviceName":"DEFAULT_GROUP@@member-service","metadata":{"preserved.register.source":"SPRING_CLOUD"},"ipDeleteTimeout":30000,"instanceHeartBeatTimeOut":15000,"instanceHeartBeatInterval":5000}]
2023-08-13 17:05:17.763 INFO  com.alibaba.nacos.client.naming                   :169  [32m                  [0;39m current ips:(1) service: DEFAULT_GROUP@@member-service -> [{"ip":"192.168.0.102","port":8001,"weight":1.0,"healthy":true,"enabled":true,"ephemeral":true,"clusterName":"DEFAULT","serviceName":"DEFAULT_GROUP@@member-service","metadata":{"preserved.register.source":"SPRING_CLOUD"},"ipDeleteTimeout":30000,"instanceHeartBeatTimeOut":15000,"instanceHeartBeatInterval":5000}]
2023-08-13 17:05:17.764 INFO  com.alibaba.nacos.common.remote.client            :63   [32m                  [0;39m [a36c511a-e339-49fe-85c9-48431f229c46] Ack server push request, request = NotifySubscriberRequest, requestId = 13
2023-08-13 17:05:26.574 INFO  com.jktickets.filter.LoginMemberFilter            :31   [32m                  [0;39m ä¸éœ€è¦ç™»å½•éªŒè¯ï¼š/member/member/sendCode
2023-08-13 17:05:29.285 INFO  com.jktickets.filter.LoginMemberFilter            :31   [32m                  [0;39m ä¸éœ€è¦ç™»å½•éªŒè¯ï¼š/member/member/login
2023-08-13 17:05:33.684 INFO  com.jktickets.filter.LoginMemberFilter            :34   [32m                  [0;39m éœ€è¦ç™»å½•éªŒè¯ï¼š/business/station/queryAll
2023-08-13 17:05:33.685 INFO  com.jktickets.filter.LoginMemberFilter            :38   [32m                  [0;39m ä¼šå‘˜ç™»å½•éªŒè¯å¼€å§‹ï¼Œtokenï¼šeyJ0eXAiOiJKV1QiLCJhbGciOiJIUzI1NiJ9.eyJuYmYiOjE2OTE5MTc1MjksIm1vYmlsZSI6IjEzMDAwMDAwMDAwIiwiaWQiOjE2ODA5MzI5MDI3OTc0NDcxNjgsImV4cCI6MTY5MjAwMzkyOSwiaWF0IjoxNjkxOTE3NTI5fQ.G2do02nMG-gwBxU-EEJAQWhLoFjfwmSpuWEsdDYQw6k
2023-08-13 17:05:34.245 INFO  com.jktickets.utils.JwtUtil                       :48   [32m                  [0;39m JWT tokenæ ¡éªŒç»“æœï¼štrue
2023-08-13 17:05:34.246 INFO  com.jktickets.filter.LoginMemberFilter            :48   [32m                  [0;39m tokenæœ‰æ•ˆï¼Œæ”¾è¡Œè¯¥è¯·æ±‚
2023-08-13 17:05:35.182 INFO  com.jktickets.filter.LoginMemberFilter            :34   [32m                  [0;39m éœ€è¦ç™»å½•éªŒè¯ï¼š/business/station/queryAll
2023-08-13 17:05:35.182 INFO  com.jktickets.filter.LoginMemberFilter            :38   [32m                  [0;39m ä¼šå‘˜ç™»å½•éªŒè¯å¼€å§‹ï¼Œtokenï¼šeyJ0eXAiOiJKV1QiLCJhbGciOiJIUzI1NiJ9.eyJuYmYiOjE2OTE5MTc1MjksIm1vYmlsZSI6IjEzMDAwMDAwMDAwIiwiaWQiOjE2ODA5MzI5MDI3OTc0NDcxNjgsImV4cCI6MTY5MjAwMzkyOSwiaWF0IjoxNjkxOTE3NTI5fQ.G2do02nMG-gwBxU-EEJAQWhLoFjfwmSpuWEsdDYQw6k
2023-08-13 17:05:35.184 INFO  com.jktickets.utils.JwtUtil                       :48   [32m                  [0;39m JWT tokenæ ¡éªŒç»“æœï¼štrue
2023-08-13 17:05:35.184 INFO  com.jktickets.filter.LoginMemberFilter            :48   [32m                  [0;39m tokenæœ‰æ•ˆï¼Œæ”¾è¡Œè¯¥è¯·æ±‚
2023-08-13 17:05:43.048 INFO  com.jktickets.filter.LoginMemberFilter            :34   [32m                  [0;39m éœ€è¦ç™»å½•éªŒè¯ï¼š/business/dailyTrainTicket/queryList
2023-08-13 17:05:43.048 INFO  com.jktickets.filter.LoginMemberFilter            :38   [32m                  [0;39m ä¼šå‘˜ç™»å½•éªŒè¯å¼€å§‹ï¼Œtokenï¼šeyJ0eXAiOiJKV1QiLCJhbGciOiJIUzI1NiJ9.eyJuYmYiOjE2OTE5MTc1MjksIm1vYmlsZSI6IjEzMDAwMDAwMDAwIiwiaWQiOjE2ODA5MzI5MDI3OTc0NDcxNjgsImV4cCI6MTY5MjAwMzkyOSwiaWF0IjoxNjkxOTE3NTI5fQ.G2do02nMG-gwBxU-EEJAQWhLoFjfwmSpuWEsdDYQw6k
2023-08-13 17:05:43.050 INFO  com.jktickets.utils.JwtUtil                       :48   [32m                  [0;39m JWT tokenæ ¡éªŒç»“æœï¼štrue
2023-08-13 17:05:43.051 INFO  com.jktickets.filter.LoginMemberFilter            :48   [32m                  [0;39m tokenæœ‰æ•ˆï¼Œæ”¾è¡Œè¯¥è¯·æ±‚
2023-08-13 17:05:46.460 INFO  com.jktickets.filter.LoginMemberFilter            :34   [32m                  [0;39m éœ€è¦ç™»å½•éªŒè¯ï¼š/member/passenger/queryMine
2023-08-13 17:05:46.460 INFO  com.jktickets.filter.LoginMemberFilter            :38   [32m                  [0;39m ä¼šå‘˜ç™»å½•éªŒè¯å¼€å§‹ï¼Œtokenï¼šeyJ0eXAiOiJKV1QiLCJhbGciOiJIUzI1NiJ9.eyJuYmYiOjE2OTE5MTc1MjksIm1vYmlsZSI6IjEzMDAwMDAwMDAwIiwiaWQiOjE2ODA5MzI5MDI3OTc0NDcxNjgsImV4cCI6MTY5MjAwMzkyOSwiaWF0IjoxNjkxOTE3NTI5fQ.G2do02nMG-gwBxU-EEJAQWhLoFjfwmSpuWEsdDYQw6k
2023-08-13 17:05:46.461 INFO  com.jktickets.utils.JwtUtil                       :48   [32m                  [0;39m JWT tokenæ ¡éªŒç»“æœï¼štrue
2023-08-13 17:05:46.461 INFO  com.jktickets.filter.LoginMemberFilter            :48   [32m                  [0;39m tokenæœ‰æ•ˆï¼Œæ”¾è¡Œè¯¥è¯·æ±‚
2023-08-13 17:05:54.484 INFO  com.jktickets.filter.LoginMemberFilter            :34   [32m                  [0;39m éœ€è¦ç™»å½•éªŒè¯ï¼š/business/confirmOrder/doConfirm
2023-08-13 17:05:54.484 INFO  com.jktickets.filter.LoginMemberFilter            :38   [32m                  [0;39m ä¼šå‘˜ç™»å½•éªŒè¯å¼€å§‹ï¼Œtokenï¼šeyJ0eXAiOiJKV1QiLCJhbGciOiJIUzI1NiJ9.eyJuYmYiOjE2OTE5MTc1MjksIm1vYmlsZSI6IjEzMDAwMDAwMDAwIiwiaWQiOjE2ODA5MzI5MDI3OTc0NDcxNjgsImV4cCI6MTY5MjAwMzkyOSwiaWF0IjoxNjkxOTE3NTI5fQ.G2do02nMG-gwBxU-EEJAQWhLoFjfwmSpuWEsdDYQw6k
2023-08-13 17:05:54.485 INFO  com.jktickets.utils.JwtUtil                       :48   [32m                  [0;39m JWT tokenæ ¡éªŒç»“æœï¼štrue
2023-08-13 17:05:54.486 INFO  com.jktickets.filter.LoginMemberFilter            :48   [32m                  [0;39m tokenæœ‰æ•ˆï¼Œæ”¾è¡Œè¯¥è¯·æ±‚
2023-08-13 17:06:11.182 INFO  com.jktickets.filter.LoginMemberFilter            :31   [32m                  [0;39m ä¸éœ€è¦ç™»å½•éªŒè¯ï¼š/business/admin/skToken/queryList
2023-08-13 17:06:18.517 INFO  com.jktickets.filter.LoginMemberFilter            :31   [32m                  [0;39m ä¸éœ€è¦ç™»å½•éªŒè¯ï¼š/business/admin/skToken/save
2023-08-13 17:06:18.640 INFO  com.jktickets.filter.LoginMemberFilter            :31   [32m                  [0;39m ä¸éœ€è¦ç™»å½•éªŒè¯ï¼š/business/admin/skToken/queryList
2023-08-13 17:06:22.612 INFO  com.jktickets.filter.LoginMemberFilter            :34   [32m                  [0;39m éœ€è¦ç™»å½•éªŒè¯ï¼š/business/confirmOrder/doConfirm
2023-08-13 17:06:22.612 INFO  com.jktickets.filter.LoginMemberFilter            :38   [32m                  [0;39m ä¼šå‘˜ç™»å½•éªŒè¯å¼€å§‹ï¼Œtokenï¼šeyJ0eXAiOiJKV1QiLCJhbGciOiJIUzI1NiJ9.eyJuYmYiOjE2OTE5MTc1MjksIm1vYmlsZSI6IjEzMDAwMDAwMDAwIiwiaWQiOjE2ODA5MzI5MDI3OTc0NDcxNjgsImV4cCI6MTY5MjAwMzkyOSwiaWF0IjoxNjkxOTE3NTI5fQ.G2do02nMG-gwBxU-EEJAQWhLoFjfwmSpuWEsdDYQw6k
2023-08-13 17:06:22.613 INFO  com.jktickets.utils.JwtUtil                       :48   [32m                  [0;39m JWT tokenæ ¡éªŒç»“æœï¼štrue
2023-08-13 17:06:22.613 INFO  com.jktickets.filter.LoginMemberFilter            :48   [32m                  [0;39m tokenæœ‰æ•ˆï¼Œæ”¾è¡Œè¯¥è¯·æ±‚
2023-08-13 17:10:17.151 INFO  com.jktickets.filter.LoginMemberFilter            :31   [32m                  [0;39m ä¸éœ€è¦ç™»å½•éªŒè¯ï¼š/business/admin/skToken/save
2023-08-13 17:10:17.290 INFO  com.jktickets.filter.LoginMemberFilter            :31   [32m                  [0;39m ä¸éœ€è¦ç™»å½•éªŒè¯ï¼š/business/admin/skToken/queryList
2023-08-13 17:10:19.396 INFO  com.jktickets.filter.LoginMemberFilter            :34   [32m                  [0;39m éœ€è¦ç™»å½•éªŒè¯ï¼š/business/confirmOrder/doConfirm
2023-08-13 17:10:19.397 INFO  com.jktickets.filter.LoginMemberFilter            :38   [32m                  [0;39m ä¼šå‘˜ç™»å½•éªŒè¯å¼€å§‹ï¼Œtokenï¼šeyJ0eXAiOiJKV1QiLCJhbGciOiJIUzI1NiJ9.eyJuYmYiOjE2OTE5MTc1MjksIm1vYmlsZSI6IjEzMDAwMDAwMDAwIiwiaWQiOjE2ODA5MzI5MDI3OTc0NDcxNjgsImV4cCI6MTY5MjAwMzkyOSwiaWF0IjoxNjkxOTE3NTI5fQ.G2do02nMG-gwBxU-EEJAQWhLoFjfwmSpuWEsdDYQw6k
2023-08-13 17:10:19.397 INFO  com.jktickets.utils.JwtUtil                       :48   [32m                  [0;39m JWT tokenæ ¡éªŒç»“æœï¼štrue
2023-08-13 17:10:19.397 INFO  com.jktickets.filter.LoginMemberFilter            :48   [32m                  [0;39m tokenæœ‰æ•ˆï¼Œæ”¾è¡Œè¯¥è¯·æ±‚
2023-08-13 17:10:22.295 INFO  com.jktickets.filter.LoginMemberFilter            :34   [32m                  [0;39m éœ€è¦ç™»å½•éªŒè¯ï¼š/business/confirmOrder/doConfirm
2023-08-13 17:10:22.296 INFO  com.jktickets.filter.LoginMemberFilter            :38   [32m                  [0;39m ä¼šå‘˜ç™»å½•éªŒè¯å¼€å§‹ï¼Œtokenï¼šeyJ0eXAiOiJKV1QiLCJhbGciOiJIUzI1NiJ9.eyJuYmYiOjE2OTE5MTc1MjksIm1vYmlsZSI6IjEzMDAwMDAwMDAwIiwiaWQiOjE2ODA5MzI5MDI3OTc0NDcxNjgsImV4cCI6MTY5MjAwMzkyOSwiaWF0IjoxNjkxOTE3NTI5fQ.G2do02nMG-gwBxU-EEJAQWhLoFjfwmSpuWEsdDYQw6k
2023-08-13 17:10:22.297 INFO  com.jktickets.utils.JwtUtil                       :48   [32m                  [0;39m JWT tokenæ ¡éªŒç»“æœï¼štrue
2023-08-13 17:10:22.297 INFO  com.jktickets.filter.LoginMemberFilter            :48   [32m                  [0;39m tokenæœ‰æ•ˆï¼Œæ”¾è¡Œè¯¥è¯·æ±‚
2023-08-13 18:38:50.424 INFO  com.alibaba.nacos.common.remote.client            :63   [32m                  [0;39m [a36c511a-e339-49fe-85c9-48431f229c46] Receive server push request, request = ClientDetectionRequest, requestId = 18
2023-08-13 18:38:50.446 INFO  com.alibaba.nacos.common.remote.client            :63   [32m                  [0;39m [a36c511a-e339-49fe-85c9-48431f229c46] Ack server push request, request = ClientDetectionRequest, requestId = 18
2023-08-13 19:12:31.146 INFO  com.alibaba.nacos.common.remote.client            :63   [32m                  [0;39m [a36c511a-e339-49fe-85c9-48431f229c46] Receive server push request, request = NotifySubscriberRequest, requestId = 24
2023-08-13 19:12:31.147 INFO  com.alibaba.nacos.client.naming                   :241  [32m                  [0;39m removed ips(1) service: DEFAULT_GROUP@@business-service -> [{"ip":"192.168.0.102","port":8002,"weight":1.0,"healthy":true,"enabled":true,"ephemeral":true,"clusterName":"DEFAULT","serviceName":"DEFAULT_GROUP@@business-service","metadata":{"preserved.register.source":"SPRING_CLOUD"},"ipDeleteTimeout":30000,"instanceHeartBeatTimeOut":15000,"instanceHeartBeatInterval":5000}]
2023-08-13 19:12:31.148 INFO  com.alibaba.nacos.client.naming                   :169  [32m                  [0;39m current ips:(0) service: DEFAULT_GROUP@@business-service -> []
2023-08-13 19:12:31.149 INFO  com.alibaba.nacos.common.remote.client            :63   [32m                  [0;39m [a36c511a-e339-49fe-85c9-48431f229c46] Ack server push request, request = NotifySubscriberRequest, requestId = 24
2023-08-13 19:12:34.858 INFO  com.alibaba.nacos.common.remote.client            :63   [32m                  [0;39m [a36c511a-e339-49fe-85c9-48431f229c46] Receive server push request, request = NotifySubscriberRequest, requestId = 25
2023-08-13 19:12:34.858 INFO  com.alibaba.nacos.client.naming                   :241  [32m                  [0;39m removed ips(1) service: DEFAULT_GROUP@@member-service -> [{"ip":"192.168.0.102","port":8001,"weight":1.0,"healthy":true,"enabled":true,"ephemeral":true,"clusterName":"DEFAULT","serviceName":"DEFAULT_GROUP@@member-service","metadata":{"preserved.register.source":"SPRING_CLOUD"},"ipDeleteTimeout":30000,"instanceHeartBeatTimeOut":15000,"instanceHeartBeatInterval":5000}]
2023-08-13 19:12:34.858 INFO  com.alibaba.nacos.client.naming                   :169  [32m                  [0;39m current ips:(0) service: DEFAULT_GROUP@@member-service -> []
2023-08-13 19:12:34.860 INFO  com.alibaba.nacos.common.remote.client            :63   [32m                  [0;39m [a36c511a-e339-49fe-85c9-48431f229c46] Ack server push request, request = NotifySubscriberRequest, requestId = 25
2023-08-13 19:12:39.996 INFO  com.alibaba.nacos.common.remote.client            :63   [32m                  [0;39m [a36c511a-e339-49fe-85c9-48431f229c46] Receive server push request, request = NotifySubscriberRequest, requestId = 26
2023-08-13 19:12:39.997 INFO  com.alibaba.nacos.client.naming                   :235  [32m                  [0;39m new ips(1) service: DEFAULT_GROUP@@member-service -> [{"ip":"192.168.0.102","port":8001,"weight":1.0,"healthy":true,"enabled":true,"ephemeral":true,"clusterName":"DEFAULT","serviceName":"DEFAULT_GROUP@@member-service","metadata":{"preserved.register.source":"SPRING_CLOUD"},"ipDeleteTimeout":30000,"instanceHeartBeatTimeOut":15000,"instanceHeartBeatInterval":5000}]
2023-08-13 19:12:39.997 INFO  com.alibaba.nacos.client.naming                   :169  [32m                  [0;39m current ips:(1) service: DEFAULT_GROUP@@member-service -> [{"ip":"192.168.0.102","port":8001,"weight":1.0,"healthy":true,"enabled":true,"ephemeral":true,"clusterName":"DEFAULT","serviceName":"DEFAULT_GROUP@@member-service","metadata":{"preserved.register.source":"SPRING_CLOUD"},"ipDeleteTimeout":30000,"instanceHeartBeatTimeOut":15000,"instanceHeartBeatInterval":5000}]
2023-08-13 19:12:39.998 INFO  com.alibaba.nacos.common.remote.client            :63   [32m                  [0;39m [a36c511a-e339-49fe-85c9-48431f229c46] Ack server push request, request = NotifySubscriberRequest, requestId = 26
2023-08-13 19:12:40.757 INFO  com.alibaba.nacos.common.remote.client            :63   [32m                  [0;39m [a36c511a-e339-49fe-85c9-48431f229c46] Receive server push request, request = NotifySubscriberRequest, requestId = 27
2023-08-13 19:12:40.757 INFO  com.alibaba.nacos.client.naming                   :241  [32m                  [0;39m removed ips(1) service: DEFAULT_GROUP@@member-service -> [{"ip":"192.168.0.102","port":8001,"weight":1.0,"healthy":true,"enabled":true,"ephemeral":true,"clusterName":"DEFAULT","serviceName":"DEFAULT_GROUP@@member-service","metadata":{"preserved.register.source":"SPRING_CLOUD"},"ipDeleteTimeout":30000,"instanceHeartBeatTimeOut":15000,"instanceHeartBeatInterval":5000}]
2023-08-13 19:12:40.758 INFO  com.alibaba.nacos.client.naming                   :169  [32m                  [0;39m current ips:(0) service: DEFAULT_GROUP@@member-service -> []
2023-08-13 19:12:40.759 INFO  com.alibaba.nacos.common.remote.client            :63   [32m                  [0;39m [a36c511a-e339-49fe-85c9-48431f229c46] Ack server push request, request = NotifySubscriberRequest, requestId = 27
2023-08-13 19:12:45.144 INFO  com.alibaba.nacos.common.remote.client            :63   [32m                  [0;39m [a36c511a-e339-49fe-85c9-48431f229c46] Receive server push request, request = NotifySubscriberRequest, requestId = 28
2023-08-13 19:12:45.145 INFO  com.alibaba.nacos.client.naming                   :235  [32m                  [0;39m new ips(1) service: DEFAULT_GROUP@@member-service -> [{"ip":"192.168.0.102","port":8001,"weight":1.0,"healthy":true,"enabled":true,"ephemeral":true,"clusterName":"DEFAULT","serviceName":"DEFAULT_GROUP@@member-service","metadata":{"preserved.register.source":"SPRING_CLOUD"},"ipDeleteTimeout":30000,"instanceHeartBeatTimeOut":15000,"instanceHeartBeatInterval":5000}]
2023-08-13 19:12:45.145 INFO  com.alibaba.nacos.client.naming                   :169  [32m                  [0;39m current ips:(1) service: DEFAULT_GROUP@@member-service -> [{"ip":"192.168.0.102","port":8001,"weight":1.0,"healthy":true,"enabled":true,"ephemeral":true,"clusterName":"DEFAULT","serviceName":"DEFAULT_GROUP@@member-service","metadata":{"preserved.register.source":"SPRING_CLOUD"},"ipDeleteTimeout":30000,"instanceHeartBeatTimeOut":15000,"instanceHeartBeatInterval":5000}]
2023-08-13 19:12:45.146 INFO  com.alibaba.nacos.common.remote.client            :63   [32m                  [0;39m [a36c511a-e339-49fe-85c9-48431f229c46] Ack server push request, request = NotifySubscriberRequest, requestId = 28
2023-08-13 19:12:54.450 INFO  com.alibaba.nacos.common.remote.client            :63   [32m                  [0;39m [a36c511a-e339-49fe-85c9-48431f229c46] Receive server push request, request = NotifySubscriberRequest, requestId = 30
2023-08-13 19:12:54.451 INFO  com.alibaba.nacos.client.naming                   :235  [32m                  [0;39m new ips(1) service: DEFAULT_GROUP@@business-service -> [{"ip":"192.168.0.102","port":8002,"weight":1.0,"healthy":true,"enabled":true,"ephemeral":true,"clusterName":"DEFAULT","serviceName":"DEFAULT_GROUP@@business-service","metadata":{"preserved.register.source":"SPRING_CLOUD"},"ipDeleteTimeout":30000,"instanceHeartBeatTimeOut":15000,"instanceHeartBeatInterval":5000}]
2023-08-13 19:12:54.454 INFO  com.alibaba.nacos.client.naming                   :169  [32m                  [0;39m current ips:(1) service: DEFAULT_GROUP@@business-service -> [{"ip":"192.168.0.102","port":8002,"weight":1.0,"healthy":true,"enabled":true,"ephemeral":true,"clusterName":"DEFAULT","serviceName":"DEFAULT_GROUP@@business-service","metadata":{"preserved.register.source":"SPRING_CLOUD"},"ipDeleteTimeout":30000,"instanceHeartBeatTimeOut":15000,"instanceHeartBeatInterval":5000}]
2023-08-13 19:12:54.455 INFO  com.alibaba.nacos.common.remote.client            :63   [32m                  [0;39m [a36c511a-e339-49fe-85c9-48431f229c46] Ack server push request, request = NotifySubscriberRequest, requestId = 30
2023-08-13 19:13:20.636 INFO  com.jktickets.filter.LoginMemberFilter            :34   [32m                  [0;39m éœ€è¦ç™»å½•éªŒè¯ï¼š/business/confirmOrder/doConfirm
2023-08-13 19:13:20.637 INFO  com.jktickets.filter.LoginMemberFilter            :38   [32m                  [0;39m ä¼šå‘˜ç™»å½•éªŒè¯å¼€å§‹ï¼Œtokenï¼šeyJ0eXAiOiJKV1QiLCJhbGciOiJIUzI1NiJ9.eyJuYmYiOjE2OTE5MTc1MjksIm1vYmlsZSI6IjEzMDAwMDAwMDAwIiwiaWQiOjE2ODA5MzI5MDI3OTc0NDcxNjgsImV4cCI6MTY5MjAwMzkyOSwiaWF0IjoxNjkxOTE3NTI5fQ.G2do02nMG-gwBxU-EEJAQWhLoFjfwmSpuWEsdDYQw6k
2023-08-13 19:13:20.639 INFO  com.jktickets.utils.JwtUtil                       :48   [32m                  [0;39m JWT tokenæ ¡éªŒç»“æœï¼štrue
2023-08-13 19:13:20.640 INFO  com.jktickets.filter.LoginMemberFilter            :48   [32m                  [0;39m tokenæœ‰æ•ˆï¼Œæ”¾è¡Œè¯¥è¯·æ±‚
2023-08-13 19:13:22.513 INFO  com.jktickets.filter.LoginMemberFilter            :34   [32m                  [0;39m éœ€è¦ç™»å½•éªŒè¯ï¼š/business/confirmOrder/doConfirm
2023-08-13 19:13:22.514 INFO  com.jktickets.filter.LoginMemberFilter            :38   [32m                  [0;39m ä¼šå‘˜ç™»å½•éªŒè¯å¼€å§‹ï¼Œtokenï¼šeyJ0eXAiOiJKV1QiLCJhbGciOiJIUzI1NiJ9.eyJuYmYiOjE2OTE5MTc1MjksIm1vYmlsZSI6IjEzMDAwMDAwMDAwIiwiaWQiOjE2ODA5MzI5MDI3OTc0NDcxNjgsImV4cCI6MTY5MjAwMzkyOSwiaWF0IjoxNjkxOTE3NTI5fQ.G2do02nMG-gwBxU-EEJAQWhLoFjfwmSpuWEsdDYQw6k
2023-08-13 19:13:22.514 INFO  com.jktickets.utils.JwtUtil                       :48   [32m                  [0;39m JWT tokenæ ¡éªŒç»“æœï¼štrue
2023-08-13 19:13:22.515 INFO  com.jktickets.filter.LoginMemberFilter            :48   [32m                  [0;39m tokenæœ‰æ•ˆï¼Œæ”¾è¡Œè¯¥è¯·æ±‚
2023-08-13 19:13:32.319 INFO  com.jktickets.filter.LoginMemberFilter            :31   [32m                  [0;39m ä¸éœ€è¦ç™»å½•éªŒè¯ï¼š/business/admin/skToken/save
2023-08-13 19:13:32.515 INFO  com.jktickets.filter.LoginMemberFilter            :31   [32m                  [0;39m ä¸éœ€è¦ç™»å½•éªŒè¯ï¼š/business/admin/skToken/queryList
2023-08-13 19:13:36.545 INFO  com.jktickets.filter.LoginMemberFilter            :34   [32m                  [0;39m éœ€è¦ç™»å½•éªŒè¯ï¼š/business/confirmOrder/doConfirm
2023-08-13 19:13:36.546 INFO  com.jktickets.filter.LoginMemberFilter            :38   [32m                  [0;39m ä¼šå‘˜ç™»å½•éªŒè¯å¼€å§‹ï¼Œtokenï¼šeyJ0eXAiOiJKV1QiLCJhbGciOiJIUzI1NiJ9.eyJuYmYiOjE2OTE5MTc1MjksIm1vYmlsZSI6IjEzMDAwMDAwMDAwIiwiaWQiOjE2ODA5MzI5MDI3OTc0NDcxNjgsImV4cCI6MTY5MjAwMzkyOSwiaWF0IjoxNjkxOTE3NTI5fQ.G2do02nMG-gwBxU-EEJAQWhLoFjfwmSpuWEsdDYQw6k
2023-08-13 19:13:36.547 INFO  com.jktickets.utils.JwtUtil                       :48   [32m                  [0;39m JWT tokenæ ¡éªŒç»“æœï¼štrue
2023-08-13 19:13:36.547 INFO  com.jktickets.filter.LoginMemberFilter            :48   [32m                  [0;39m tokenæœ‰æ•ˆï¼Œæ”¾è¡Œè¯¥è¯·æ±‚
2023-08-13 19:13:36.996 INFO  com.jktickets.filter.LoginMemberFilter            :34   [32m                  [0;39m éœ€è¦ç™»å½•éªŒè¯ï¼š/business/confirmOrder/doConfirm
2023-08-13 19:13:36.997 INFO  com.jktickets.filter.LoginMemberFilter            :38   [32m                  [0;39m ä¼šå‘˜ç™»å½•éªŒè¯å¼€å§‹ï¼Œtokenï¼šeyJ0eXAiOiJKV1QiLCJhbGciOiJIUzI1NiJ9.eyJuYmYiOjE2OTE5MTc1MjksIm1vYmlsZSI6IjEzMDAwMDAwMDAwIiwiaWQiOjE2ODA5MzI5MDI3OTc0NDcxNjgsImV4cCI6MTY5MjAwMzkyOSwiaWF0IjoxNjkxOTE3NTI5fQ.G2do02nMG-gwBxU-EEJAQWhLoFjfwmSpuWEsdDYQw6k
2023-08-13 19:13:36.998 INFO  com.jktickets.utils.JwtUtil                       :48   [32m                  [0;39m JWT tokenæ ¡éªŒç»“æœï¼štrue
2023-08-13 19:13:36.999 INFO  com.jktickets.filter.LoginMemberFilter            :48   [32m                  [0;39m tokenæœ‰æ•ˆï¼Œæ”¾è¡Œè¯¥è¯·æ±‚
2023-08-13 19:13:43.540 INFO  com.jktickets.filter.LoginMemberFilter            :34   [32m                  [0;39m éœ€è¦ç™»å½•éªŒè¯ï¼š/business/confirmOrder/doConfirm
2023-08-13 19:13:43.540 INFO  com.jktickets.filter.LoginMemberFilter            :38   [32m                  [0;39m ä¼šå‘˜ç™»å½•éªŒè¯å¼€å§‹ï¼Œtokenï¼šeyJ0eXAiOiJKV1QiLCJhbGciOiJIUzI1NiJ9.eyJuYmYiOjE2OTE5MTc1MjksIm1vYmlsZSI6IjEzMDAwMDAwMDAwIiwiaWQiOjE2ODA5MzI5MDI3OTc0NDcxNjgsImV4cCI6MTY5MjAwMzkyOSwiaWF0IjoxNjkxOTE3NTI5fQ.G2do02nMG-gwBxU-EEJAQWhLoFjfwmSpuWEsdDYQw6k
2023-08-13 19:13:43.542 INFO  com.jktickets.utils.JwtUtil                       :48   [32m                  [0;39m JWT tokenæ ¡éªŒç»“æœï¼štrue
2023-08-13 19:13:43.542 INFO  com.jktickets.filter.LoginMemberFilter            :48   [32m                  [0;39m tokenæœ‰æ•ˆï¼Œæ”¾è¡Œè¯¥è¯·æ±‚
2023-08-13 19:13:44.666 INFO  com.jktickets.filter.LoginMemberFilter            :34   [32m                  [0;39m éœ€è¦ç™»å½•éªŒè¯ï¼š/business/confirmOrder/doConfirm
2023-08-13 19:13:44.666 INFO  com.jktickets.filter.LoginMemberFilter            :38   [32m                  [0;39m ä¼šå‘˜ç™»å½•éªŒè¯å¼€å§‹ï¼Œtokenï¼šeyJ0eXAiOiJKV1QiLCJhbGciOiJIUzI1NiJ9.eyJuYmYiOjE2OTE5MTc1MjksIm1vYmlsZSI6IjEzMDAwMDAwMDAwIiwiaWQiOjE2ODA5MzI5MDI3OTc0NDcxNjgsImV4cCI6MTY5MjAwMzkyOSwiaWF0IjoxNjkxOTE3NTI5fQ.G2do02nMG-gwBxU-EEJAQWhLoFjfwmSpuWEsdDYQw6k
2023-08-13 19:13:44.667 INFO  com.jktickets.utils.JwtUtil                       :48   [32m                  [0;39m JWT tokenæ ¡éªŒç»“æœï¼štrue
2023-08-13 19:13:44.667 INFO  com.jktickets.filter.LoginMemberFilter            :48   [32m                  [0;39m tokenæœ‰æ•ˆï¼Œæ”¾è¡Œè¯¥è¯·æ±‚
2023-08-13 19:14:36.849 INFO  com.jktickets.filter.LoginMemberFilter            :34   [32m                  [0;39m éœ€è¦ç™»å½•éªŒè¯ï¼š/business/confirmOrder/doConfirm
2023-08-13 19:14:36.850 INFO  com.jktickets.filter.LoginMemberFilter            :38   [32m                  [0;39m ä¼šå‘˜ç™»å½•éªŒè¯å¼€å§‹ï¼Œtokenï¼šeyJ0eXAiOiJKV1QiLCJhbGciOiJIUzI1NiJ9.eyJuYmYiOjE2OTE5MTc1MjksIm1vYmlsZSI6IjEzMDAwMDAwMDAwIiwiaWQiOjE2ODA5MzI5MDI3OTc0NDcxNjgsImV4cCI6MTY5MjAwMzkyOSwiaWF0IjoxNjkxOTE3NTI5fQ.G2do02nMG-gwBxU-EEJAQWhLoFjfwmSpuWEsdDYQw6k
2023-08-13 19:14:36.851 INFO  com.jktickets.utils.JwtUtil                       :48   [32m                  [0;39m JWT tokenæ ¡éªŒç»“æœï¼štrue
2023-08-13 19:14:36.851 INFO  com.jktickets.filter.LoginMemberFilter            :48   [32m                  [0;39m tokenæœ‰æ•ˆï¼Œæ”¾è¡Œè¯¥è¯·æ±‚
2023-08-13 19:14:37.020 INFO  com.jktickets.filter.LoginMemberFilter            :34   [32m                  [0;39m éœ€è¦ç™»å½•éªŒè¯ï¼š/business/confirmOrder/doConfirm
2023-08-13 19:14:37.021 INFO  com.jktickets.filter.LoginMemberFilter            :38   [32m                  [0;39m ä¼šå‘˜ç™»å½•éªŒè¯å¼€å§‹ï¼Œtokenï¼šeyJ0eXAiOiJKV1QiLCJhbGciOiJIUzI1NiJ9.eyJuYmYiOjE2OTE5MTc1MjksIm1vYmlsZSI6IjEzMDAwMDAwMDAwIiwiaWQiOjE2ODA5MzI5MDI3OTc0NDcxNjgsImV4cCI6MTY5MjAwMzkyOSwiaWF0IjoxNjkxOTE3NTI5fQ.G2do02nMG-gwBxU-EEJAQWhLoFjfwmSpuWEsdDYQw6k
2023-08-13 19:14:37.022 INFO  com.jktickets.utils.JwtUtil                       :48   [32m                  [0;39m JWT tokenæ ¡éªŒç»“æœï¼štrue
2023-08-13 19:14:37.022 INFO  com.jktickets.filter.LoginMemberFilter            :48   [32m                  [0;39m tokenæœ‰æ•ˆï¼Œæ”¾è¡Œè¯¥è¯·æ±‚
2023-08-13 19:14:37.200 INFO  com.jktickets.filter.LoginMemberFilter            :34   [32m                  [0;39m éœ€è¦ç™»å½•éªŒè¯ï¼š/business/confirmOrder/doConfirm
2023-08-13 19:14:37.200 INFO  com.jktickets.filter.LoginMemberFilter            :38   [32m                  [0;39m ä¼šå‘˜ç™»å½•éªŒè¯å¼€å§‹ï¼Œtokenï¼šeyJ0eXAiOiJKV1QiLCJhbGciOiJIUzI1NiJ9.eyJuYmYiOjE2OTE5MTc1MjksIm1vYmlsZSI6IjEzMDAwMDAwMDAwIiwiaWQiOjE2ODA5MzI5MDI3OTc0NDcxNjgsImV4cCI6MTY5MjAwMzkyOSwiaWF0IjoxNjkxOTE3NTI5fQ.G2do02nMG-gwBxU-EEJAQWhLoFjfwmSpuWEsdDYQw6k
2023-08-13 19:14:37.201 INFO  com.jktickets.utils.JwtUtil                       :48   [32m                  [0;39m JWT tokenæ ¡éªŒç»“æœï¼štrue
2023-08-13 19:14:37.201 INFO  com.jktickets.filter.LoginMemberFilter            :48   [32m                  [0;39m tokenæœ‰æ•ˆï¼Œæ”¾è¡Œè¯¥è¯·æ±‚
2023-08-13 19:14:37.348 INFO  com.jktickets.filter.LoginMemberFilter            :34   [32m                  [0;39m éœ€è¦ç™»å½•éªŒè¯ï¼š/business/confirmOrder/doConfirm
2023-08-13 19:14:37.348 INFO  com.jktickets.filter.LoginMemberFilter            :38   [32m                  [0;39m ä¼šå‘˜ç™»å½•éªŒè¯å¼€å§‹ï¼Œtokenï¼šeyJ0eXAiOiJKV1QiLCJhbGciOiJIUzI1NiJ9.eyJuYmYiOjE2OTE5MTc1MjksIm1vYmlsZSI6IjEzMDAwMDAwMDAwIiwiaWQiOjE2ODA5MzI5MDI3OTc0NDcxNjgsImV4cCI6MTY5MjAwMzkyOSwiaWF0IjoxNjkxOTE3NTI5fQ.G2do02nMG-gwBxU-EEJAQWhLoFjfwmSpuWEsdDYQw6k
2023-08-13 19:14:37.349 INFO  com.jktickets.utils.JwtUtil                       :48   [32m                  [0;39m JWT tokenæ ¡éªŒç»“æœï¼štrue
2023-08-13 19:14:37.350 INFO  com.jktickets.filter.LoginMemberFilter            :48   [32m                  [0;39m tokenæœ‰æ•ˆï¼Œæ”¾è¡Œè¯¥è¯·æ±‚
2023-08-13 19:14:37.522 INFO  com.jktickets.filter.LoginMemberFilter            :34   [32m                  [0;39m éœ€è¦ç™»å½•éªŒè¯ï¼š/business/confirmOrder/doConfirm
2023-08-13 19:14:37.522 INFO  com.jktickets.filter.LoginMemberFilter            :38   [32m                  [0;39m ä¼šå‘˜ç™»å½•éªŒè¯å¼€å§‹ï¼Œtokenï¼šeyJ0eXAiOiJKV1QiLCJhbGciOiJIUzI1NiJ9.eyJuYmYiOjE2OTE5MTc1MjksIm1vYmlsZSI6IjEzMDAwMDAwMDAwIiwiaWQiOjE2ODA5MzI5MDI3OTc0NDcxNjgsImV4cCI6MTY5MjAwMzkyOSwiaWF0IjoxNjkxOTE3NTI5fQ.G2do02nMG-gwBxU-EEJAQWhLoFjfwmSpuWEsdDYQw6k
2023-08-13 19:14:37.523 INFO  com.jktickets.utils.JwtUtil                       :48   [32m                  [0;39m JWT tokenæ ¡éªŒç»“æœï¼štrue
2023-08-13 19:14:37.523 INFO  com.jktickets.filter.LoginMemberFilter            :48   [32m                  [0;39m tokenæœ‰æ•ˆï¼Œæ”¾è¡Œè¯¥è¯·æ±‚
2023-08-13 19:14:52.826 INFO  com.jktickets.filter.LoginMemberFilter            :34   [32m                  [0;39m éœ€è¦ç™»å½•éªŒè¯ï¼š/business/confirmOrder/doConfirm
2023-08-13 19:14:52.826 INFO  com.jktickets.filter.LoginMemberFilter            :38   [32m                  [0;39m ä¼šå‘˜ç™»å½•éªŒè¯å¼€å§‹ï¼Œtokenï¼šeyJ0eXAiOiJKV1QiLCJhbGciOiJIUzI1NiJ9.eyJuYmYiOjE2OTE5MTc1MjksIm1vYmlsZSI6IjEzMDAwMDAwMDAwIiwiaWQiOjE2ODA5MzI5MDI3OTc0NDcxNjgsImV4cCI6MTY5MjAwMzkyOSwiaWF0IjoxNjkxOTE3NTI5fQ.G2do02nMG-gwBxU-EEJAQWhLoFjfwmSpuWEsdDYQw6k
2023-08-13 19:14:52.827 INFO  com.jktickets.utils.JwtUtil                       :48   [32m                  [0;39m JWT tokenæ ¡éªŒç»“æœï¼štrue
2023-08-13 19:14:52.828 INFO  com.jktickets.filter.LoginMemberFilter            :48   [32m                  [0;39m tokenæœ‰æ•ˆï¼Œæ”¾è¡Œè¯¥è¯·æ±‚
2023-08-13 19:14:53.132 INFO  com.jktickets.filter.LoginMemberFilter            :34   [32m                  [0;39m éœ€è¦ç™»å½•éªŒè¯ï¼š/business/confirmOrder/doConfirm
2023-08-13 19:14:53.132 INFO  com.jktickets.filter.LoginMemberFilter            :38   [32m                  [0;39m ä¼šå‘˜ç™»å½•éªŒè¯å¼€å§‹ï¼Œtokenï¼šeyJ0eXAiOiJKV1QiLCJhbGciOiJIUzI1NiJ9.eyJuYmYiOjE2OTE5MTc1MjksIm1vYmlsZSI6IjEzMDAwMDAwMDAwIiwiaWQiOjE2ODA5MzI5MDI3OTc0NDcxNjgsImV4cCI6MTY5MjAwMzkyOSwiaWF0IjoxNjkxOTE3NTI5fQ.G2do02nMG-gwBxU-EEJAQWhLoFjfwmSpuWEsdDYQw6k
2023-08-13 19:14:53.133 INFO  com.jktickets.utils.JwtUtil                       :48   [32m                  [0;39m JWT tokenæ ¡éªŒç»“æœï¼štrue
2023-08-13 19:14:53.133 INFO  com.jktickets.filter.LoginMemberFilter            :48   [32m                  [0;39m tokenæœ‰æ•ˆï¼Œæ”¾è¡Œè¯¥è¯·æ±‚
2023-08-13 19:16:04.461 INFO  com.alibaba.nacos.common.remote.client            :63   [32m                  [0;39m [a36c511a-e339-49fe-85c9-48431f229c46] Receive server push request, request = NotifySubscriberRequest, requestId = 32
2023-08-13 19:16:04.462 INFO  com.alibaba.nacos.client.naming                   :241  [32m                  [0;39m removed ips(1) service: DEFAULT_GROUP@@business-service -> [{"ip":"192.168.0.102","port":8002,"weight":1.0,"healthy":true,"enabled":true,"ephemeral":true,"clusterName":"DEFAULT","serviceName":"DEFAULT_GROUP@@business-service","metadata":{"preserved.register.source":"SPRING_CLOUD"},"ipDeleteTimeout":30000,"instanceHeartBeatTimeOut":15000,"instanceHeartBeatInterval":5000}]
2023-08-13 19:16:04.462 INFO  com.alibaba.nacos.client.naming                   :169  [32m                  [0;39m current ips:(0) service: DEFAULT_GROUP@@business-service -> []
2023-08-13 19:16:04.464 INFO  com.alibaba.nacos.common.remote.client            :63   [32m                  [0;39m [a36c511a-e339-49fe-85c9-48431f229c46] Ack server push request, request = NotifySubscriberRequest, requestId = 32
2023-08-13 19:16:25.726 INFO  com.alibaba.nacos.common.remote.client            :63   [32m                  [0;39m [a36c511a-e339-49fe-85c9-48431f229c46] Receive server push request, request = NotifySubscriberRequest, requestId = 34
2023-08-13 19:16:25.726 INFO  com.alibaba.nacos.client.naming                   :235  [32m                  [0;39m new ips(1) service: DEFAULT_GROUP@@business-service -> [{"ip":"192.168.0.102","port":8002,"weight":1.0,"healthy":true,"enabled":true,"ephemeral":true,"clusterName":"DEFAULT","serviceName":"DEFAULT_GROUP@@business-service","metadata":{"preserved.register.source":"SPRING_CLOUD"},"ipDeleteTimeout":30000,"instanceHeartBeatTimeOut":15000,"instanceHeartBeatInterval":5000}]
2023-08-13 19:16:25.726 INFO  com.alibaba.nacos.client.naming                   :169  [32m                  [0;39m current ips:(1) service: DEFAULT_GROUP@@business-service -> [{"ip":"192.168.0.102","port":8002,"weight":1.0,"healthy":true,"enabled":true,"ephemeral":true,"clusterName":"DEFAULT","serviceName":"DEFAULT_GROUP@@business-service","metadata":{"preserved.register.source":"SPRING_CLOUD"},"ipDeleteTimeout":30000,"instanceHeartBeatTimeOut":15000,"instanceHeartBeatInterval":5000}]
2023-08-13 19:16:25.727 INFO  com.alibaba.nacos.common.remote.client            :63   [32m                  [0;39m [a36c511a-e339-49fe-85c9-48431f229c46] Ack server push request, request = NotifySubscriberRequest, requestId = 34
2023-08-13 19:16:33.771 INFO  com.jktickets.filter.LoginMemberFilter            :34   [32m                  [0;39m éœ€è¦ç™»å½•éªŒè¯ï¼š/business/confirmOrder/doConfirm
2023-08-13 19:16:33.772 INFO  com.jktickets.filter.LoginMemberFilter            :38   [32m                  [0;39m ä¼šå‘˜ç™»å½•éªŒè¯å¼€å§‹ï¼Œtokenï¼šeyJ0eXAiOiJKV1QiLCJhbGciOiJIUzI1NiJ9.eyJuYmYiOjE2OTE5MTc1MjksIm1vYmlsZSI6IjEzMDAwMDAwMDAwIiwiaWQiOjE2ODA5MzI5MDI3OTc0NDcxNjgsImV4cCI6MTY5MjAwMzkyOSwiaWF0IjoxNjkxOTE3NTI5fQ.G2do02nMG-gwBxU-EEJAQWhLoFjfwmSpuWEsdDYQw6k
2023-08-13 19:16:33.773 INFO  com.jktickets.utils.JwtUtil                       :48   [32m                  [0;39m JWT tokenæ ¡éªŒç»“æœï¼štrue
2023-08-13 19:16:33.773 INFO  com.jktickets.filter.LoginMemberFilter            :48   [32m                  [0;39m tokenæœ‰æ•ˆï¼Œæ”¾è¡Œè¯¥è¯·æ±‚
2023-08-13 19:16:34.483 INFO  com.jktickets.filter.LoginMemberFilter            :34   [32m                  [0;39m éœ€è¦ç™»å½•éªŒè¯ï¼š/business/confirmOrder/doConfirm
2023-08-13 19:16:34.483 INFO  com.jktickets.filter.LoginMemberFilter            :38   [32m                  [0;39m ä¼šå‘˜ç™»å½•éªŒè¯å¼€å§‹ï¼Œtokenï¼šeyJ0eXAiOiJKV1QiLCJhbGciOiJIUzI1NiJ9.eyJuYmYiOjE2OTE5MTc1MjksIm1vYmlsZSI6IjEzMDAwMDAwMDAwIiwiaWQiOjE2ODA5MzI5MDI3OTc0NDcxNjgsImV4cCI6MTY5MjAwMzkyOSwiaWF0IjoxNjkxOTE3NTI5fQ.G2do02nMG-gwBxU-EEJAQWhLoFjfwmSpuWEsdDYQw6k
2023-08-13 19:16:34.484 INFO  com.jktickets.utils.JwtUtil                       :48   [32m                  [0;39m JWT tokenæ ¡éªŒç»“æœï¼štrue
2023-08-13 19:16:34.484 INFO  com.jktickets.filter.LoginMemberFilter            :48   [32m                  [0;39m tokenæœ‰æ•ˆï¼Œæ”¾è¡Œè¯¥è¯·æ±‚
2023-08-13 19:16:44.611 INFO  com.jktickets.filter.LoginMemberFilter            :34   [32m                  [0;39m éœ€è¦ç™»å½•éªŒè¯ï¼š/business/confirmOrder/doConfirm
2023-08-13 19:16:44.612 INFO  com.jktickets.filter.LoginMemberFilter            :38   [32m                  [0;39m ä¼šå‘˜ç™»å½•éªŒè¯å¼€å§‹ï¼Œtokenï¼šeyJ0eXAiOiJKV1QiLCJhbGciOiJIUzI1NiJ9.eyJuYmYiOjE2OTE5MTc1MjksIm1vYmlsZSI6IjEzMDAwMDAwMDAwIiwiaWQiOjE2ODA5MzI5MDI3OTc0NDcxNjgsImV4cCI6MTY5MjAwMzkyOSwiaWF0IjoxNjkxOTE3NTI5fQ.G2do02nMG-gwBxU-EEJAQWhLoFjfwmSpuWEsdDYQw6k
2023-08-13 19:16:44.613 INFO  com.jktickets.utils.JwtUtil                       :48   [32m                  [0;39m JWT tokenæ ¡éªŒç»“æœï¼štrue
2023-08-13 19:16:44.613 INFO  com.jktickets.filter.LoginMemberFilter            :48   [32m                  [0;39m tokenæœ‰æ•ˆï¼Œæ”¾è¡Œè¯¥è¯·æ±‚
2023-08-13 19:16:44.748 INFO  com.jktickets.filter.LoginMemberFilter            :34   [32m                  [0;39m éœ€è¦ç™»å½•éªŒè¯ï¼š/business/confirmOrder/doConfirm
2023-08-13 19:16:44.748 INFO  com.jktickets.filter.LoginMemberFilter            :38   [32m                  [0;39m ä¼šå‘˜ç™»å½•éªŒè¯å¼€å§‹ï¼Œtokenï¼šeyJ0eXAiOiJKV1QiLCJhbGciOiJIUzI1NiJ9.eyJuYmYiOjE2OTE5MTc1MjksIm1vYmlsZSI6IjEzMDAwMDAwMDAwIiwiaWQiOjE2ODA5MzI5MDI3OTc0NDcxNjgsImV4cCI6MTY5MjAwMzkyOSwiaWF0IjoxNjkxOTE3NTI5fQ.G2do02nMG-gwBxU-EEJAQWhLoFjfwmSpuWEsdDYQw6k
2023-08-13 19:16:44.749 INFO  com.jktickets.utils.JwtUtil                       :48   [32m                  [0;39m JWT tokenæ ¡éªŒç»“æœï¼štrue
2023-08-13 19:16:44.750 INFO  com.jktickets.filter.LoginMemberFilter            :48   [32m                  [0;39m tokenæœ‰æ•ˆï¼Œæ”¾è¡Œè¯¥è¯·æ±‚
2023-08-13 19:16:44.901 INFO  com.jktickets.filter.LoginMemberFilter            :34   [32m                  [0;39m éœ€è¦ç™»å½•éªŒè¯ï¼š/business/confirmOrder/doConfirm
2023-08-13 19:16:44.902 INFO  com.jktickets.filter.LoginMemberFilter            :38   [32m                  [0;39m ä¼šå‘˜ç™»å½•éªŒè¯å¼€å§‹ï¼Œtokenï¼šeyJ0eXAiOiJKV1QiLCJhbGciOiJIUzI1NiJ9.eyJuYmYiOjE2OTE5MTc1MjksIm1vYmlsZSI6IjEzMDAwMDAwMDAwIiwiaWQiOjE2ODA5MzI5MDI3OTc0NDcxNjgsImV4cCI6MTY5MjAwMzkyOSwiaWF0IjoxNjkxOTE3NTI5fQ.G2do02nMG-gwBxU-EEJAQWhLoFjfwmSpuWEsdDYQw6k
2023-08-13 19:16:44.903 INFO  com.jktickets.utils.JwtUtil                       :48   [32m                  [0;39m JWT tokenæ ¡éªŒç»“æœï¼štrue
2023-08-13 19:16:44.904 INFO  com.jktickets.filter.LoginMemberFilter            :48   [32m                  [0;39m tokenæœ‰æ•ˆï¼Œæ”¾è¡Œè¯¥è¯·æ±‚
2023-08-13 19:16:45.029 INFO  com.jktickets.filter.LoginMemberFilter            :34   [32m                  [0;39m éœ€è¦ç™»å½•éªŒè¯ï¼š/business/confirmOrder/doConfirm
2023-08-13 19:16:45.030 INFO  com.jktickets.filter.LoginMemberFilter            :38   [32m                  [0;39m ä¼šå‘˜ç™»å½•éªŒè¯å¼€å§‹ï¼Œtokenï¼šeyJ0eXAiOiJKV1QiLCJhbGciOiJIUzI1NiJ9.eyJuYmYiOjE2OTE5MTc1MjksIm1vYmlsZSI6IjEzMDAwMDAwMDAwIiwiaWQiOjE2ODA5MzI5MDI3OTc0NDcxNjgsImV4cCI6MTY5MjAwMzkyOSwiaWF0IjoxNjkxOTE3NTI5fQ.G2do02nMG-gwBxU-EEJAQWhLoFjfwmSpuWEsdDYQw6k
2023-08-13 19:16:45.031 INFO  com.jktickets.utils.JwtUtil                       :48   [32m                  [0;39m JWT tokenæ ¡éªŒç»“æœï¼štrue
2023-08-13 19:16:45.031 INFO  com.jktickets.filter.LoginMemberFilter            :48   [32m                  [0;39m tokenæœ‰æ•ˆï¼Œæ”¾è¡Œè¯¥è¯·æ±‚
2023-08-13 21:36:08.590 INFO  com.alibaba.nacos.common.remote.client            :63   [32m                  [0;39m [a36c511a-e339-49fe-85c9-48431f229c46] Receive server push request, request = NotifySubscriberRequest, requestId = 43
2023-08-13 21:36:08.591 INFO  com.alibaba.nacos.client.naming                   :241  [32m                  [0;39m removed ips(1) service: DEFAULT_GROUP@@business-service -> [{"ip":"192.168.0.102","port":8002,"weight":1.0,"healthy":true,"enabled":true,"ephemeral":true,"clusterName":"DEFAULT","serviceName":"DEFAULT_GROUP@@business-service","metadata":{"preserved.register.source":"SPRING_CLOUD"},"ipDeleteTimeout":30000,"instanceHeartBeatTimeOut":15000,"instanceHeartBeatInterval":5000}]
2023-08-13 21:36:08.592 INFO  com.alibaba.nacos.client.naming                   :169  [32m                  [0;39m current ips:(0) service: DEFAULT_GROUP@@business-service -> []
2023-08-13 21:36:08.593 INFO  com.alibaba.nacos.common.remote.client            :63   [32m                  [0;39m [a36c511a-e339-49fe-85c9-48431f229c46] Ack server push request, request = NotifySubscriberRequest, requestId = 43
2023-08-13 21:36:30.112 INFO  com.alibaba.nacos.common.remote.client            :63   [32m                  [0;39m [a36c511a-e339-49fe-85c9-48431f229c46] Receive server push request, request = NotifySubscriberRequest, requestId = 45
2023-08-13 21:36:30.113 INFO  com.alibaba.nacos.client.naming                   :235  [32m                  [0;39m new ips(1) service: DEFAULT_GROUP@@business-service -> [{"ip":"192.168.0.102","port":8002,"weight":1.0,"healthy":true,"enabled":true,"ephemeral":true,"clusterName":"DEFAULT","serviceName":"DEFAULT_GROUP@@business-service","metadata":{"preserved.register.source":"SPRING_CLOUD"},"ipDeleteTimeout":30000,"instanceHeartBeatTimeOut":15000,"instanceHeartBeatInterval":5000}]
2023-08-13 21:36:30.114 INFO  com.alibaba.nacos.client.naming                   :169  [32m                  [0;39m current ips:(1) service: DEFAULT_GROUP@@business-service -> [{"ip":"192.168.0.102","port":8002,"weight":1.0,"healthy":true,"enabled":true,"ephemeral":true,"clusterName":"DEFAULT","serviceName":"DEFAULT_GROUP@@business-service","metadata":{"preserved.register.source":"SPRING_CLOUD"},"ipDeleteTimeout":30000,"instanceHeartBeatTimeOut":15000,"instanceHeartBeatInterval":5000}]
2023-08-13 21:36:30.118 INFO  com.alibaba.nacos.common.remote.client            :63   [32m                  [0;39m [a36c511a-e339-49fe-85c9-48431f229c46] Ack server push request, request = NotifySubscriberRequest, requestId = 45
2023-08-13 21:36:35.595 INFO  com.jktickets.filter.LoginMemberFilter            :34   [32m                  [0;39m éœ€è¦ç™»å½•éªŒè¯ï¼š/business/confirmOrder/doConfirm
2023-08-13 21:36:35.595 INFO  com.jktickets.filter.LoginMemberFilter            :38   [32m                  [0;39m ä¼šå‘˜ç™»å½•éªŒè¯å¼€å§‹ï¼Œtokenï¼šeyJ0eXAiOiJKV1QiLCJhbGciOiJIUzI1NiJ9.eyJuYmYiOjE2OTE5MTc1MjksIm1vYmlsZSI6IjEzMDAwMDAwMDAwIiwiaWQiOjE2ODA5MzI5MDI3OTc0NDcxNjgsImV4cCI6MTY5MjAwMzkyOSwiaWF0IjoxNjkxOTE3NTI5fQ.G2do02nMG-gwBxU-EEJAQWhLoFjfwmSpuWEsdDYQw6k
2023-08-13 21:36:35.596 INFO  com.jktickets.utils.JwtUtil                       :48   [32m                  [0;39m JWT tokenæ ¡éªŒç»“æœï¼štrue
2023-08-13 21:36:35.597 INFO  com.jktickets.filter.LoginMemberFilter            :48   [32m                  [0;39m tokenæœ‰æ•ˆï¼Œæ”¾è¡Œè¯¥è¯·æ±‚
2023-08-13 21:36:40.021 INFO  com.jktickets.filter.LoginMemberFilter            :34   [32m                  [0;39m éœ€è¦ç™»å½•éªŒè¯ï¼š/business/confirmOrder/doConfirm
2023-08-13 21:36:40.022 INFO  com.jktickets.filter.LoginMemberFilter            :38   [32m                  [0;39m ä¼šå‘˜ç™»å½•éªŒè¯å¼€å§‹ï¼Œtokenï¼šeyJ0eXAiOiJKV1QiLCJhbGciOiJIUzI1NiJ9.eyJuYmYiOjE2OTE5MTc1MjksIm1vYmlsZSI6IjEzMDAwMDAwMDAwIiwiaWQiOjE2ODA5MzI5MDI3OTc0NDcxNjgsImV4cCI6MTY5MjAwMzkyOSwiaWF0IjoxNjkxOTE3NTI5fQ.G2do02nMG-gwBxU-EEJAQWhLoFjfwmSpuWEsdDYQw6k
2023-08-13 21:36:40.022 INFO  com.jktickets.utils.JwtUtil                       :48   [32m                  [0;39m JWT tokenæ ¡éªŒç»“æœï¼štrue
2023-08-13 21:36:40.023 INFO  com.jktickets.filter.LoginMemberFilter            :48   [32m                  [0;39m tokenæœ‰æ•ˆï¼Œæ”¾è¡Œè¯¥è¯·æ±‚
2023-08-13 21:37:14.351 INFO  com.alibaba.nacos.common.remote.client            :63   [32m                  [0;39m [a36c511a-e339-49fe-85c9-48431f229c46] Receive server push request, request = NotifySubscriberRequest, requestId = 47
2023-08-13 21:37:14.351 INFO  com.alibaba.nacos.client.naming                   :241  [32m                  [0;39m removed ips(1) service: DEFAULT_GROUP@@business-service -> [{"ip":"192.168.0.102","port":8002,"weight":1.0,"healthy":true,"enabled":true,"ephemeral":true,"clusterName":"DEFAULT","serviceName":"DEFAULT_GROUP@@business-service","metadata":{"preserved.register.source":"SPRING_CLOUD"},"ipDeleteTimeout":30000,"instanceHeartBeatTimeOut":15000,"instanceHeartBeatInterval":5000}]
2023-08-13 21:37:14.352 INFO  com.alibaba.nacos.client.naming                   :169  [32m                  [0;39m current ips:(0) service: DEFAULT_GROUP@@business-service -> []
2023-08-13 21:37:14.353 INFO  com.alibaba.nacos.common.remote.client            :63   [32m                  [0;39m [a36c511a-e339-49fe-85c9-48431f229c46] Ack server push request, request = NotifySubscriberRequest, requestId = 47
2023-08-13 21:37:51.796 INFO  com.alibaba.nacos.common.remote.client            :63   [32m                  [0;39m [a36c511a-e339-49fe-85c9-48431f229c46] Receive server push request, request = NotifySubscriberRequest, requestId = 50
2023-08-13 21:37:51.796 INFO  com.alibaba.nacos.client.naming                   :235  [32m                  [0;39m new ips(1) service: DEFAULT_GROUP@@business-service -> [{"ip":"192.168.0.102","port":8002,"weight":1.0,"healthy":true,"enabled":true,"ephemeral":true,"clusterName":"DEFAULT","serviceName":"DEFAULT_GROUP@@business-service","metadata":{"preserved.register.source":"SPRING_CLOUD"},"ipDeleteTimeout":30000,"instanceHeartBeatTimeOut":15000,"instanceHeartBeatInterval":5000}]
2023-08-13 21:37:51.796 INFO  com.alibaba.nacos.client.naming                   :169  [32m                  [0;39m current ips:(1) service: DEFAULT_GROUP@@business-service -> [{"ip":"192.168.0.102","port":8002,"weight":1.0,"healthy":true,"enabled":true,"ephemeral":true,"clusterName":"DEFAULT","serviceName":"DEFAULT_GROUP@@business-service","metadata":{"preserved.register.source":"SPRING_CLOUD"},"ipDeleteTimeout":30000,"instanceHeartBeatTimeOut":15000,"instanceHeartBeatInterval":5000}]
2023-08-13 21:37:51.798 INFO  com.alibaba.nacos.common.remote.client            :63   [32m                  [0;39m [a36c511a-e339-49fe-85c9-48431f229c46] Ack server push request, request = NotifySubscriberRequest, requestId = 50
2023-08-13 21:38:18.821 INFO  com.jktickets.filter.LoginMemberFilter            :34   [32m                  [0;39m éœ€è¦ç™»å½•éªŒè¯ï¼š/business/confirmOrder/doConfirm
2023-08-13 21:38:18.821 INFO  com.jktickets.filter.LoginMemberFilter            :38   [32m                  [0;39m ä¼šå‘˜ç™»å½•éªŒè¯å¼€å§‹ï¼Œtokenï¼šeyJ0eXAiOiJKV1QiLCJhbGciOiJIUzI1NiJ9.eyJuYmYiOjE2OTE5MTc1MjksIm1vYmlsZSI6IjEzMDAwMDAwMDAwIiwiaWQiOjE2ODA5MzI5MDI3OTc0NDcxNjgsImV4cCI6MTY5MjAwMzkyOSwiaWF0IjoxNjkxOTE3NTI5fQ.G2do02nMG-gwBxU-EEJAQWhLoFjfwmSpuWEsdDYQw6k
2023-08-13 21:38:18.822 INFO  com.jktickets.utils.JwtUtil                       :48   [32m                  [0;39m JWT tokenæ ¡éªŒç»“æœï¼štrue
2023-08-13 21:38:18.822 INFO  com.jktickets.filter.LoginMemberFilter            :48   [32m                  [0;39m tokenæœ‰æ•ˆï¼Œæ”¾è¡Œè¯¥è¯·æ±‚
2023-08-13 23:10:35.354 INFO  com.alibaba.nacos.common.remote.client            :63   [32m                  [0;39m [a36c511a-e339-49fe-85c9-48431f229c46] Receive server push request, request = NotifySubscriberRequest, requestId = 52
2023-08-13 23:10:35.364 INFO  com.alibaba.nacos.client.naming                   :241  [32m                  [0;39m removed ips(1) service: DEFAULT_GROUP@@business-service -> [{"ip":"192.168.0.102","port":8002,"weight":1.0,"healthy":true,"enabled":true,"ephemeral":true,"clusterName":"DEFAULT","serviceName":"DEFAULT_GROUP@@business-service","metadata":{"preserved.register.source":"SPRING_CLOUD"},"ipDeleteTimeout":30000,"instanceHeartBeatTimeOut":15000,"instanceHeartBeatInterval":5000}]
2023-08-13 23:10:35.365 INFO  com.alibaba.nacos.client.naming                   :169  [32m                  [0;39m current ips:(0) service: DEFAULT_GROUP@@business-service -> []
2023-08-13 23:10:35.369 INFO  com.alibaba.nacos.common.remote.client            :63   [32m                  [0;39m [a36c511a-e339-49fe-85c9-48431f229c46] Ack server push request, request = NotifySubscriberRequest, requestId = 52
2023-08-13 23:10:35.732 INFO  com.alibaba.nacos.common.remote.client            :63   [32m                  [0;39m [a36c511a-e339-49fe-85c9-48431f229c46] Receive server push request, request = NotifySubscriberRequest, requestId = 53
2023-08-13 23:10:35.732 INFO  com.alibaba.nacos.client.naming                   :241  [32m                  [0;39m removed ips(1) service: DEFAULT_GROUP@@member-service -> [{"ip":"192.168.0.102","port":8001,"weight":1.0,"healthy":true,"enabled":true,"ephemeral":true,"clusterName":"DEFAULT","serviceName":"DEFAULT_GROUP@@member-service","metadata":{"preserved.register.source":"SPRING_CLOUD"},"ipDeleteTimeout":30000,"instanceHeartBeatTimeOut":15000,"instanceHeartBeatInterval":5000}]
2023-08-13 23:10:35.732 INFO  com.alibaba.nacos.client.naming                   :169  [32m                  [0;39m current ips:(0) service: DEFAULT_GROUP@@member-service -> []
2023-08-13 23:10:35.733 INFO  com.alibaba.nacos.common.remote.client            :63   [32m                  [0;39m [a36c511a-e339-49fe-85c9-48431f229c46] Ack server push request, request = NotifySubscriberRequest, requestId = 53
